ARM GAS  C:\Users\DELL\AppData\Local\Temp\cc0cR0pX.s 			page 1


   1              		.cpu cortex-m33
   2              		.arch armv8-m.main
   3              		.fpu fpv5-sp-d16
   4              		.arch_extension dsp
   5              		.eabi_attribute 27, 1
   6              		.eabi_attribute 28, 1
   7              		.eabi_attribute 20, 1
   8              		.eabi_attribute 21, 1
   9              		.eabi_attribute 23, 3
  10              		.eabi_attribute 24, 1
  11              		.eabi_attribute 25, 1
  12              		.eabi_attribute 26, 1
  13              		.eabi_attribute 30, 1
  14              		.eabi_attribute 34, 1
  15              		.eabi_attribute 18, 4
  16              		.file	"ads1115.c"
  17              		.text
  18              	.Ltext0:
  19              		.cfi_sections	.debug_frame
  20              		.file 1 "SynaptiX_FDK/components/modules/ads1115/ads1115.c"
  21              		.section	.text.sx_i2c_mem_write,"ax",%progbits
  22              		.align	1
  23              		.syntax unified
  24              		.thumb
  25              		.thumb_func
  27              	sx_i2c_mem_write:
  28              	.LVL0:
  29              	.LFB6:
  30              		.file 2 "SynaptiX_FDK/components/peripherals/i2c/sx_i2c.h"
   1:SynaptiX_FDK/components/peripherals/i2c/sx_i2c.h **** #ifndef SX_I2C_H
   2:SynaptiX_FDK/components/peripherals/i2c/sx_i2c.h **** #define SX_I2C_H
   3:SynaptiX_FDK/components/peripherals/i2c/sx_i2c.h **** #ifdef __cplusplus
   4:SynaptiX_FDK/components/peripherals/i2c/sx_i2c.h **** extern "C" {
   5:SynaptiX_FDK/components/peripherals/i2c/sx_i2c.h **** #endif
   6:SynaptiX_FDK/components/peripherals/i2c/sx_i2c.h **** 
   7:SynaptiX_FDK/components/peripherals/i2c/sx_i2c.h **** #include <stdint.h>
   8:SynaptiX_FDK/components/peripherals/i2c/sx_i2c.h **** 
   9:SynaptiX_FDK/components/peripherals/i2c/sx_i2c.h **** typedef struct sx_i2c sx_i2c_t;
  10:SynaptiX_FDK/components/peripherals/i2c/sx_i2c.h **** 
  11:SynaptiX_FDK/components/peripherals/i2c/sx_i2c.h **** typedef struct sx_i2c_ops{
  12:SynaptiX_FDK/components/peripherals/i2c/sx_i2c.h ****     int (*write)(sx_i2c_t *i2c, uint16_t dev_addr, const uint8_t *data, uint32_t len);
  13:SynaptiX_FDK/components/peripherals/i2c/sx_i2c.h ****     int (*read)(sx_i2c_t *i2c, uint16_t dev_addr, uint8_t *data, uint32_t len);
  14:SynaptiX_FDK/components/peripherals/i2c/sx_i2c.h ****     int (*mem_write)(sx_i2c_t *i2c, uint16_t dev_addr, uint16_t mem_addr, uint16_t mem_addr_size, c
  15:SynaptiX_FDK/components/peripherals/i2c/sx_i2c.h ****     int (*mem_read)(sx_i2c_t *i2c, uint16_t dev_addr, uint16_t mem_addr, uint16_t mem_addr_size, ui
  16:SynaptiX_FDK/components/peripherals/i2c/sx_i2c.h ****     int (*is_device_ready)(sx_i2c_t *i2c, uint16_t dev_addr, uint8_t num_trial, uint32_t timeout);
  17:SynaptiX_FDK/components/peripherals/i2c/sx_i2c.h **** } sx_i2c_ops_t;
  18:SynaptiX_FDK/components/peripherals/i2c/sx_i2c.h **** 
  19:SynaptiX_FDK/components/peripherals/i2c/sx_i2c.h **** struct sx_i2c{
  20:SynaptiX_FDK/components/peripherals/i2c/sx_i2c.h ****     sx_i2c_ops_t *ops;
  21:SynaptiX_FDK/components/peripherals/i2c/sx_i2c.h ****     void *pDriver;
  22:SynaptiX_FDK/components/peripherals/i2c/sx_i2c.h **** };
  23:SynaptiX_FDK/components/peripherals/i2c/sx_i2c.h **** 
  24:SynaptiX_FDK/components/peripherals/i2c/sx_i2c.h **** static inline void sx_i2c_init(sx_i2c_t *i2c, sx_i2c_ops_t *ops, void *pDriver){
  25:SynaptiX_FDK/components/peripherals/i2c/sx_i2c.h ****     i2c->ops = ops;
  26:SynaptiX_FDK/components/peripherals/i2c/sx_i2c.h ****     i2c->pDriver = pDriver;
  27:SynaptiX_FDK/components/peripherals/i2c/sx_i2c.h **** }
  28:SynaptiX_FDK/components/peripherals/i2c/sx_i2c.h **** 
ARM GAS  C:\Users\DELL\AppData\Local\Temp\cc0cR0pX.s 			page 2


  29:SynaptiX_FDK/components/peripherals/i2c/sx_i2c.h **** static inline int sx_i2c_write(sx_i2c_t *i2c, uint16_t dev_addr, const uint8_t *data, uint32_t len)
  30:SynaptiX_FDK/components/peripherals/i2c/sx_i2c.h ****     if(i2c->ops && i2c->ops->write)
  31:SynaptiX_FDK/components/peripherals/i2c/sx_i2c.h ****         return i2c->ops->write(i2c, dev_addr, data, len);
  32:SynaptiX_FDK/components/peripherals/i2c/sx_i2c.h ****     return -1;
  33:SynaptiX_FDK/components/peripherals/i2c/sx_i2c.h **** }
  34:SynaptiX_FDK/components/peripherals/i2c/sx_i2c.h **** 
  35:SynaptiX_FDK/components/peripherals/i2c/sx_i2c.h **** static inline int sx_i2c_read(sx_i2c_t *i2c, uint16_t dev_addr, uint8_t *data, uint32_t len){
  36:SynaptiX_FDK/components/peripherals/i2c/sx_i2c.h ****     if(i2c->ops && i2c->ops->read)
  37:SynaptiX_FDK/components/peripherals/i2c/sx_i2c.h ****         return i2c->ops->read(i2c, dev_addr, data, len);
  38:SynaptiX_FDK/components/peripherals/i2c/sx_i2c.h ****     return -1;
  39:SynaptiX_FDK/components/peripherals/i2c/sx_i2c.h **** }
  40:SynaptiX_FDK/components/peripherals/i2c/sx_i2c.h **** 
  41:SynaptiX_FDK/components/peripherals/i2c/sx_i2c.h **** static inline int sx_i2c_mem_write(sx_i2c_t *i2c, uint16_t dev_addr, uint16_t mem_addr, uint16_t me
  31              		.loc 2 41 147 view -0
  32              		.cfi_startproc
  33              		@ args = 8, pretend = 0, frame = 0
  34              		@ frame_needed = 0, uses_anonymous_args = 0
  35              		.loc 2 41 147 is_stmt 0 view .LVU1
  36 0000 30B5     		push	{r4, r5, lr}
  37              	.LCFI0:
  38              		.cfi_def_cfa_offset 12
  39              		.cfi_offset 4, -12
  40              		.cfi_offset 5, -8
  41              		.cfi_offset 14, -4
  42 0002 83B0     		sub	sp, sp, #12
  43              	.LCFI1:
  44              		.cfi_def_cfa_offset 24
  42:SynaptiX_FDK/components/peripherals/i2c/sx_i2c.h ****     if(i2c->ops && i2c->ops->mem_write)
  45              		.loc 2 42 5 is_stmt 1 view .LVU2
  46              		.loc 2 42 11 is_stmt 0 view .LVU3
  47 0004 0468     		ldr	r4, [r0]
  48              		.loc 2 42 7 view .LVU4
  49 0006 44B1     		cbz	r4, .L3
  50              		.loc 2 42 28 discriminator 1 view .LVU5
  51 0008 A468     		ldr	r4, [r4, #8]
  52              		.loc 2 42 17 discriminator 1 view .LVU6
  53 000a 4CB1     		cbz	r4, .L4
  43:SynaptiX_FDK/components/peripherals/i2c/sx_i2c.h ****         return i2c->ops->mem_write(i2c, dev_addr, mem_addr, mem_addr_size, data, len);
  54              		.loc 2 43 9 is_stmt 1 view .LVU7
  55              		.loc 2 43 16 is_stmt 0 view .LVU8
  56 000c 079D     		ldr	r5, [sp, #28]
  57 000e 0195     		str	r5, [sp, #4]
  58 0010 069D     		ldr	r5, [sp, #24]
  59 0012 0095     		str	r5, [sp]
  60 0014 A047     		blx	r4
  61              	.LVL1:
  62              	.L1:
  44:SynaptiX_FDK/components/peripherals/i2c/sx_i2c.h ****     return -1;
  45:SynaptiX_FDK/components/peripherals/i2c/sx_i2c.h **** }
  63              		.loc 2 45 1 view .LVU9
  64 0016 03B0     		add	sp, sp, #12
  65              	.LCFI2:
  66              		.cfi_remember_state
  67              		.cfi_def_cfa_offset 12
  68              		@ sp needed
  69 0018 30BD     		pop	{r4, r5, pc}
  70              	.LVL2:
ARM GAS  C:\Users\DELL\AppData\Local\Temp\cc0cR0pX.s 			page 3


  71              	.L3:
  72              	.LCFI3:
  73              		.cfi_restore_state
  44:SynaptiX_FDK/components/peripherals/i2c/sx_i2c.h ****     return -1;
  74              		.loc 2 44 12 view .LVU10
  75 001a 4FF0FF30 		mov	r0, #-1
  76              	.LVL3:
  44:SynaptiX_FDK/components/peripherals/i2c/sx_i2c.h ****     return -1;
  77              		.loc 2 44 12 view .LVU11
  78 001e FAE7     		b	.L1
  79              	.LVL4:
  80              	.L4:
  44:SynaptiX_FDK/components/peripherals/i2c/sx_i2c.h ****     return -1;
  81              		.loc 2 44 12 view .LVU12
  82 0020 4FF0FF30 		mov	r0, #-1
  83              	.LVL5:
  44:SynaptiX_FDK/components/peripherals/i2c/sx_i2c.h ****     return -1;
  84              		.loc 2 44 12 view .LVU13
  85 0024 F7E7     		b	.L1
  86              		.cfi_endproc
  87              	.LFE6:
  89              		.section	.text.sx_i2c_mem_read,"ax",%progbits
  90              		.align	1
  91              		.syntax unified
  92              		.thumb
  93              		.thumb_func
  95              	sx_i2c_mem_read:
  96              	.LVL6:
  97              	.LFB7:
  46:SynaptiX_FDK/components/peripherals/i2c/sx_i2c.h **** 
  47:SynaptiX_FDK/components/peripherals/i2c/sx_i2c.h **** static inline int sx_i2c_mem_read(sx_i2c_t *i2c, uint16_t dev_addr, uint16_t mem_addr, uint16_t mem
  98              		.loc 2 47 140 is_stmt 1 view -0
  99              		.cfi_startproc
 100              		@ args = 8, pretend = 0, frame = 0
 101              		@ frame_needed = 0, uses_anonymous_args = 0
 102              		.loc 2 47 140 is_stmt 0 view .LVU15
 103 0000 30B5     		push	{r4, r5, lr}
 104              	.LCFI4:
 105              		.cfi_def_cfa_offset 12
 106              		.cfi_offset 4, -12
 107              		.cfi_offset 5, -8
 108              		.cfi_offset 14, -4
 109 0002 83B0     		sub	sp, sp, #12
 110              	.LCFI5:
 111              		.cfi_def_cfa_offset 24
  48:SynaptiX_FDK/components/peripherals/i2c/sx_i2c.h ****     if(i2c->ops && i2c->ops->mem_read)
 112              		.loc 2 48 5 is_stmt 1 view .LVU16
 113              		.loc 2 48 11 is_stmt 0 view .LVU17
 114 0004 0468     		ldr	r4, [r0]
 115              		.loc 2 48 7 view .LVU18
 116 0006 44B1     		cbz	r4, .L8
 117              		.loc 2 48 28 discriminator 1 view .LVU19
 118 0008 E468     		ldr	r4, [r4, #12]
 119              		.loc 2 48 17 discriminator 1 view .LVU20
 120 000a 4CB1     		cbz	r4, .L9
  49:SynaptiX_FDK/components/peripherals/i2c/sx_i2c.h ****         return i2c->ops->mem_read(i2c, dev_addr, mem_addr, mem_addr_size, data, len);
 121              		.loc 2 49 9 is_stmt 1 view .LVU21
ARM GAS  C:\Users\DELL\AppData\Local\Temp\cc0cR0pX.s 			page 4


 122              		.loc 2 49 16 is_stmt 0 view .LVU22
 123 000c 079D     		ldr	r5, [sp, #28]
 124 000e 0195     		str	r5, [sp, #4]
 125 0010 069D     		ldr	r5, [sp, #24]
 126 0012 0095     		str	r5, [sp]
 127 0014 A047     		blx	r4
 128              	.LVL7:
 129              	.L6:
  50:SynaptiX_FDK/components/peripherals/i2c/sx_i2c.h ****     return -1;
  51:SynaptiX_FDK/components/peripherals/i2c/sx_i2c.h **** }
 130              		.loc 2 51 1 view .LVU23
 131 0016 03B0     		add	sp, sp, #12
 132              	.LCFI6:
 133              		.cfi_remember_state
 134              		.cfi_def_cfa_offset 12
 135              		@ sp needed
 136 0018 30BD     		pop	{r4, r5, pc}
 137              	.LVL8:
 138              	.L8:
 139              	.LCFI7:
 140              		.cfi_restore_state
  50:SynaptiX_FDK/components/peripherals/i2c/sx_i2c.h ****     return -1;
 141              		.loc 2 50 12 view .LVU24
 142 001a 4FF0FF30 		mov	r0, #-1
 143              	.LVL9:
  50:SynaptiX_FDK/components/peripherals/i2c/sx_i2c.h ****     return -1;
 144              		.loc 2 50 12 view .LVU25
 145 001e FAE7     		b	.L6
 146              	.LVL10:
 147              	.L9:
  50:SynaptiX_FDK/components/peripherals/i2c/sx_i2c.h ****     return -1;
 148              		.loc 2 50 12 view .LVU26
 149 0020 4FF0FF30 		mov	r0, #-1
 150              	.LVL11:
  50:SynaptiX_FDK/components/peripherals/i2c/sx_i2c.h ****     return -1;
 151              		.loc 2 50 12 view .LVU27
 152 0024 F7E7     		b	.L6
 153              		.cfi_endproc
 154              	.LFE7:
 156              		.section	.text.sx_i2c_is_device_ready,"ax",%progbits
 157              		.align	1
 158              		.syntax unified
 159              		.thumb
 160              		.thumb_func
 162              	sx_i2c_is_device_ready:
 163              	.LVL12:
 164              	.LFB8:
  52:SynaptiX_FDK/components/peripherals/i2c/sx_i2c.h **** 
  53:SynaptiX_FDK/components/peripherals/i2c/sx_i2c.h **** static inline int sx_i2c_is_device_ready(sx_i2c_t *i2c, uint16_t dev_addr, uint8_t num_trial, uint3
 165              		.loc 2 53 112 is_stmt 1 view -0
 166              		.cfi_startproc
 167              		@ args = 0, pretend = 0, frame = 0
 168              		@ frame_needed = 0, uses_anonymous_args = 0
 169              		.loc 2 53 112 is_stmt 0 view .LVU29
 170 0000 10B5     		push	{r4, lr}
 171              	.LCFI8:
 172              		.cfi_def_cfa_offset 8
ARM GAS  C:\Users\DELL\AppData\Local\Temp\cc0cR0pX.s 			page 5


 173              		.cfi_offset 4, -8
 174              		.cfi_offset 14, -4
  54:SynaptiX_FDK/components/peripherals/i2c/sx_i2c.h ****     if(i2c->ops && i2c->ops->is_device_ready)
 175              		.loc 2 54 5 is_stmt 1 view .LVU30
 176              		.loc 2 54 11 is_stmt 0 view .LVU31
 177 0002 0468     		ldr	r4, [r0]
 178              		.loc 2 54 7 view .LVU32
 179 0004 1CB1     		cbz	r4, .L13
 180              		.loc 2 54 28 discriminator 1 view .LVU33
 181 0006 2469     		ldr	r4, [r4, #16]
 182              		.loc 2 54 17 discriminator 1 view .LVU34
 183 0008 24B1     		cbz	r4, .L14
  55:SynaptiX_FDK/components/peripherals/i2c/sx_i2c.h ****         return i2c->ops->is_device_ready(i2c, dev_addr, num_trial, timeout);
 184              		.loc 2 55 9 is_stmt 1 view .LVU35
 185              		.loc 2 55 16 is_stmt 0 view .LVU36
 186 000a A047     		blx	r4
 187              	.LVL13:
 188              	.L11:
  56:SynaptiX_FDK/components/peripherals/i2c/sx_i2c.h ****     return -1;
  57:SynaptiX_FDK/components/peripherals/i2c/sx_i2c.h **** }
 189              		.loc 2 57 1 view .LVU37
 190 000c 10BD     		pop	{r4, pc}
 191              	.LVL14:
 192              	.L13:
  56:SynaptiX_FDK/components/peripherals/i2c/sx_i2c.h ****     return -1;
 193              		.loc 2 56 12 view .LVU38
 194 000e 4FF0FF30 		mov	r0, #-1
 195              	.LVL15:
  56:SynaptiX_FDK/components/peripherals/i2c/sx_i2c.h ****     return -1;
 196              		.loc 2 56 12 view .LVU39
 197 0012 FBE7     		b	.L11
 198              	.LVL16:
 199              	.L14:
  56:SynaptiX_FDK/components/peripherals/i2c/sx_i2c.h ****     return -1;
 200              		.loc 2 56 12 view .LVU40
 201 0014 4FF0FF30 		mov	r0, #-1
 202              	.LVL17:
  56:SynaptiX_FDK/components/peripherals/i2c/sx_i2c.h ****     return -1;
 203              		.loc 2 56 12 view .LVU41
 204 0018 F8E7     		b	.L11
 205              		.cfi_endproc
 206              	.LFE8:
 208              		.section	.text.ads1115_volt_coef_for_pga,"ax",%progbits
 209              		.align	1
 210              		.syntax unified
 211              		.thumb
 212              		.thumb_func
 214              	ads1115_volt_coef_for_pga:
 215              	.LVL18:
 216              	.LFB10:
   1:SynaptiX_FDK/components/modules/ads1115/ads1115.c **** #include "ads1115.h"
   2:SynaptiX_FDK/components/modules/ads1115/ads1115.c **** #include "sx_delay.h"
   3:SynaptiX_FDK/components/modules/ads1115/ads1115.c **** 
   4:SynaptiX_FDK/components/modules/ads1115/ads1115.c **** /* Voltage-per-LSB coefficient (mV) for each PGA setting, straight from the
   5:SynaptiX_FDK/components/modules/ads1115/ads1115.c ****  * TI datasheet's Full-Scale-Range / 32768 table. Same values and mapping
   6:SynaptiX_FDK/components/modules/ads1115/ads1115.c ****  * as the reference WS_v0 driver. */
   7:SynaptiX_FDK/components/modules/ads1115/ads1115.c **** static float ads1115_volt_coef_for_pga(uint16_t pga)
ARM GAS  C:\Users\DELL\AppData\Local\Temp\cc0cR0pX.s 			page 6


   8:SynaptiX_FDK/components/modules/ads1115/ads1115.c **** {
 217              		.loc 1 8 1 is_stmt 1 view -0
 218              		.cfi_startproc
 219              		@ args = 0, pretend = 0, frame = 0
 220              		@ frame_needed = 0, uses_anonymous_args = 0
 221              		@ link register save eliminated.
   9:SynaptiX_FDK/components/modules/ads1115/ads1115.c ****     switch (pga) {
 222              		.loc 1 9 5 view .LVU43
 223 0000 0E28     		cmp	r0, #14
 224 0002 18D8     		bhi	.L17
 225 0004 DFE800F0 		tbb	[pc, r0]
 226              	.L19:
 227 0008 08       		.byte	(.L24-.L19)/2
 228 0009 17       		.byte	(.L17-.L19)/2
 229 000a 1A       		.byte	(.L25-.L19)/2
 230 000b 17       		.byte	(.L17-.L19)/2
 231 000c 0B       		.byte	(.L22-.L19)/2
 232 000d 17       		.byte	(.L17-.L19)/2
 233 000e 0E       		.byte	(.L21-.L19)/2
 234 000f 17       		.byte	(.L17-.L19)/2
 235 0010 11       		.byte	(.L20-.L19)/2
 236 0011 17       		.byte	(.L17-.L19)/2
 237 0012 17       		.byte	(.L17-.L19)/2
 238 0013 17       		.byte	(.L17-.L19)/2
 239 0014 17       		.byte	(.L17-.L19)/2
 240 0015 17       		.byte	(.L17-.L19)/2
 241 0016 14       		.byte	(.L18-.L19)/2
 242 0017 00       		.p2align 1
 243              	.L24:
 244 0018 B4EE080A 		vmov.f32	s0, #1.875e-1
 245 001c 7047     		bx	lr
 246              	.L22:
  10:SynaptiX_FDK/components/modules/ads1115/ads1115.c ****     case ADS1115_PGA_TWOTHIRDS: return 0.1875f;
  11:SynaptiX_FDK/components/modules/ads1115/ads1115.c ****     case ADS1115_PGA_ONE:       return 0.125f;
  12:SynaptiX_FDK/components/modules/ads1115/ads1115.c ****     case ADS1115_PGA_TWO:       return 0.0625f;
 247              		.loc 1 12 33 view .LVU44
 248              		.loc 1 12 40 is_stmt 0 view .LVU45
 249 001e 9FED090A 		vldr.32	s0, .L26
 250 0022 7047     		bx	lr
 251              	.L21:
  13:SynaptiX_FDK/components/modules/ads1115/ads1115.c ****     case ADS1115_PGA_FOUR:      return 0.03125f;
 252              		.loc 1 13 33 is_stmt 1 view .LVU46
 253              		.loc 1 13 40 is_stmt 0 view .LVU47
 254 0024 9FED080A 		vldr.32	s0, .L26+4
 255 0028 7047     		bx	lr
 256              	.L20:
  14:SynaptiX_FDK/components/modules/ads1115/ads1115.c ****     case ADS1115_PGA_EIGHT:     return 0.015625f;
 257              		.loc 1 14 33 is_stmt 1 view .LVU48
 258              		.loc 1 14 40 is_stmt 0 view .LVU49
 259 002a 9FED080A 		vldr.32	s0, .L26+8
 260 002e 7047     		bx	lr
 261              	.L18:
  15:SynaptiX_FDK/components/modules/ads1115/ads1115.c ****     case ADS1115_PGA_SIXTEEN:   return 0.0078125f;
 262              		.loc 1 15 33 is_stmt 1 view .LVU50
 263              		.loc 1 15 40 is_stmt 0 view .LVU51
 264 0030 9FED070A 		vldr.32	s0, .L26+12
 265 0034 7047     		bx	lr
ARM GAS  C:\Users\DELL\AppData\Local\Temp\cc0cR0pX.s 			page 7


 266              	.L17:
  16:SynaptiX_FDK/components/modules/ads1115/ads1115.c ****     default:                    return 0.0625f; /* falls back to PGA_TWO's coefficient */
 267              		.loc 1 16 33 is_stmt 1 view .LVU52
 268              		.loc 1 16 40 is_stmt 0 view .LVU53
 269 0036 9FED030A 		vldr.32	s0, .L26
 270 003a 7047     		bx	lr
 271              	.L25:
  11:SynaptiX_FDK/components/modules/ads1115/ads1115.c ****     case ADS1115_PGA_TWO:       return 0.0625f;
 272              		.loc 1 11 40 view .LVU54
 273 003c B4EE000A 		vmov.f32	s0, #1.25e-1
  17:SynaptiX_FDK/components/modules/ads1115/ads1115.c ****     }
  18:SynaptiX_FDK/components/modules/ads1115/ads1115.c **** }
 274              		.loc 1 18 1 view .LVU55
 275 0040 7047     		bx	lr
 276              	.L27:
 277 0042 00BF     		.align	2
 278              	.L26:
 279 0044 0000803D 		.word	1031798784
 280 0048 0000003D 		.word	1023410176
 281 004c 0000803C 		.word	1015021568
 282 0050 0000003C 		.word	1006632960
 283              		.cfi_endproc
 284              	.LFE10:
 286              		.section	.text.ADS1115_Init,"ax",%progbits
 287              		.align	1
 288              		.global	ADS1115_Init
 289              		.syntax unified
 290              		.thumb
 291              		.thumb_func
 293              	ADS1115_Init:
 294              	.LVL19:
 295              	.LFB11:
  19:SynaptiX_FDK/components/modules/ads1115/ads1115.c **** 
  20:SynaptiX_FDK/components/modules/ads1115/ads1115.c **** ADS1115_STATUS_T ADS1115_Init(ADS1115_T *ads1115, sx_i2c_t *i2c, uint16_t setDataRate, uint16_t set
  21:SynaptiX_FDK/components/modules/ads1115/ads1115.c **** {
 296              		.loc 1 21 1 is_stmt 1 view -0
 297              		.cfi_startproc
 298              		@ args = 0, pretend = 0, frame = 0
 299              		@ frame_needed = 0, uses_anonymous_args = 0
  22:SynaptiX_FDK/components/modules/ads1115/ads1115.c ****     if (ads1115 == NULL || i2c == NULL) return ADS1115_ERR;
 300              		.loc 1 22 5 view .LVU57
 301              		.loc 1 22 8 is_stmt 0 view .LVU58
 302 0000 A8B1     		cbz	r0, .L30
  21:SynaptiX_FDK/components/modules/ads1115/ads1115.c ****     if (ads1115 == NULL || i2c == NULL) return ADS1115_ERR;
 303              		.loc 1 21 1 view .LVU59
 304 0002 38B5     		push	{r3, r4, r5, lr}
 305              	.LCFI9:
 306              		.cfi_def_cfa_offset 16
 307              		.cfi_offset 3, -16
 308              		.cfi_offset 4, -12
 309              		.cfi_offset 5, -8
 310              		.cfi_offset 14, -4
 311 0004 0C46     		mov	r4, r1
 312 0006 0546     		mov	r5, r0
 313              		.loc 1 22 25 discriminator 2 view .LVU60
 314 0008 99B1     		cbz	r1, .L31
  23:SynaptiX_FDK/components/modules/ads1115/ads1115.c **** 
ARM GAS  C:\Users\DELL\AppData\Local\Temp\cc0cR0pX.s 			page 8


  24:SynaptiX_FDK/components/modules/ads1115/ads1115.c ****     ads1115->i2c = i2c;
 315              		.loc 1 24 5 is_stmt 1 view .LVU61
 316              		.loc 1 24 18 is_stmt 0 view .LVU62
 317 000a 0160     		str	r1, [r0]
  25:SynaptiX_FDK/components/modules/ads1115/ads1115.c ****     ads1115->dataRate = setDataRate;
 318              		.loc 1 25 5 is_stmt 1 view .LVU63
 319              		.loc 1 25 23 is_stmt 0 view .LVU64
 320 000c 8280     		strh	r2, [r0, #4]	@ movhi
  26:SynaptiX_FDK/components/modules/ads1115/ads1115.c ****     ads1115->pga = setPGA;
 321              		.loc 1 26 5 is_stmt 1 view .LVU65
 322              		.loc 1 26 18 is_stmt 0 view .LVU66
 323 000e C380     		strh	r3, [r0, #6]	@ movhi
  27:SynaptiX_FDK/components/modules/ads1115/ads1115.c ****     ads1115->voltCoef = ads1115_volt_coef_for_pga(setPGA);
 324              		.loc 1 27 5 is_stmt 1 view .LVU67
 325              		.loc 1 27 25 is_stmt 0 view .LVU68
 326 0010 1846     		mov	r0, r3
 327              	.LVL20:
 328              		.loc 1 27 25 view .LVU69
 329 0012 FFF7FEFF 		bl	ads1115_volt_coef_for_pga
 330              	.LVL21:
 331              		.loc 1 27 23 discriminator 1 view .LVU70
 332 0016 85ED020A 		vstr.32	s0, [r5, #8]
  28:SynaptiX_FDK/components/modules/ads1115/ads1115.c **** 
  29:SynaptiX_FDK/components/modules/ads1115/ads1115.c ****     return sx_i2c_is_device_ready(i2c, ADS1115_DEVICE_ADDR, 5, 10) == 0
 333              		.loc 1 29 5 is_stmt 1 view .LVU71
 334              		.loc 1 29 12 is_stmt 0 view .LVU72
 335 001a 0A23     		movs	r3, #10
 336 001c 0522     		movs	r2, #5
 337 001e 9021     		movs	r1, #144
 338 0020 2046     		mov	r0, r4
 339 0022 FFF7FEFF 		bl	sx_i2c_is_device_ready
 340              	.LVL22:
  30:SynaptiX_FDK/components/modules/ads1115/ads1115.c ****                ? ADS1115_OK
  31:SynaptiX_FDK/components/modules/ads1115/ads1115.c ****                : ADS1115_ERR;
 341              		.loc 1 31 16 view .LVU73
 342 0026 0038     		subs	r0, r0, #0
 343 0028 18BF     		it	ne
 344 002a 0120     		movne	r0, #1
 345              	.L29:
  32:SynaptiX_FDK/components/modules/ads1115/ads1115.c **** }
 346              		.loc 1 32 1 view .LVU74
 347 002c 38BD     		pop	{r3, r4, r5, pc}
 348              	.LVL23:
 349              	.L30:
 350              	.LCFI10:
 351              		.cfi_def_cfa_offset 0
 352              		.cfi_restore 3
 353              		.cfi_restore 4
 354              		.cfi_restore 5
 355              		.cfi_restore 14
  22:SynaptiX_FDK/components/modules/ads1115/ads1115.c **** 
 356              		.loc 1 22 48 discriminator 3 view .LVU75
 357 002e 0120     		movs	r0, #1
 358              	.LVL24:
 359              		.loc 1 32 1 view .LVU76
 360 0030 7047     		bx	lr
 361              	.LVL25:
ARM GAS  C:\Users\DELL\AppData\Local\Temp\cc0cR0pX.s 			page 9


 362              	.L31:
 363              	.LCFI11:
 364              		.cfi_def_cfa_offset 16
 365              		.cfi_offset 3, -16
 366              		.cfi_offset 4, -12
 367              		.cfi_offset 5, -8
 368              		.cfi_offset 14, -4
  22:SynaptiX_FDK/components/modules/ads1115/ads1115.c **** 
 369              		.loc 1 22 48 discriminator 3 view .LVU77
 370 0032 0120     		movs	r0, #1
 371              	.LVL26:
  22:SynaptiX_FDK/components/modules/ads1115/ads1115.c **** 
 372              		.loc 1 22 48 discriminator 3 view .LVU78
 373 0034 FAE7     		b	.L29
 374              		.cfi_endproc
 375              	.LFE11:
 377              		.section	.text.ADS1115_readSingleEnded,"ax",%progbits
 378              		.align	1
 379              		.global	ADS1115_readSingleEnded
 380              		.syntax unified
 381              		.thumb
 382              		.thumb_func
 384              	ADS1115_readSingleEnded:
 385              	.LVL27:
 386              	.LFB12:
  33:SynaptiX_FDK/components/modules/ads1115/ads1115.c **** 
  34:SynaptiX_FDK/components/modules/ads1115/ads1115.c **** ADS1115_STATUS_T ADS1115_readSingleEnded(ADS1115_T *ads1115, uint16_t muxPort, float *voltage)
  35:SynaptiX_FDK/components/modules/ads1115/ads1115.c **** {
 387              		.loc 1 35 1 is_stmt 1 view -0
 388              		.cfi_startproc
 389              		@ args = 0, pretend = 0, frame = 16
 390              		@ frame_needed = 0, uses_anonymous_args = 0
  36:SynaptiX_FDK/components/modules/ads1115/ads1115.c ****     if (ads1115 == NULL || voltage == NULL) return ADS1115_ERR;
 391              		.loc 1 36 5 view .LVU80
 392              		.loc 1 36 8 is_stmt 0 view .LVU81
 393 0000 0028     		cmp	r0, #0
 394 0002 53D0     		beq	.L40
  35:SynaptiX_FDK/components/modules/ads1115/ads1115.c ****     if (ads1115 == NULL || voltage == NULL) return ADS1115_ERR;
 395              		.loc 1 35 1 view .LVU82
 396 0004 70B5     		push	{r4, r5, r6, lr}
 397              	.LCFI12:
 398              		.cfi_def_cfa_offset 16
 399              		.cfi_offset 4, -16
 400              		.cfi_offset 5, -12
 401              		.cfi_offset 6, -8
 402              		.cfi_offset 14, -4
 403 0006 86B0     		sub	sp, sp, #24
 404              	.LCFI13:
 405              		.cfi_def_cfa_offset 40
 406 0008 1646     		mov	r6, r2
 407 000a 0546     		mov	r5, r0
 408              		.loc 1 36 25 discriminator 2 view .LVU83
 409 000c 002A     		cmp	r2, #0
 410 000e 4FD0     		beq	.L41
  37:SynaptiX_FDK/components/modules/ads1115/ads1115.c **** 
  38:SynaptiX_FDK/components/modules/ads1115/ads1115.c ****     uint8_t config[2];
 411              		.loc 1 38 5 is_stmt 1 view .LVU84
ARM GAS  C:\Users\DELL\AppData\Local\Temp\cc0cR0pX.s 			page 10


  39:SynaptiX_FDK/components/modules/ads1115/ads1115.c ****     config[0] = ADS1115_OS | muxPort | ads1115->pga | ADS1115_MODE;
 412              		.loc 1 39 5 view .LVU85
 413              		.loc 1 39 47 is_stmt 0 view .LVU86
 414 0010 C388     		ldrh	r3, [r0, #6]
 415              		.loc 1 39 15 view .LVU87
 416 0012 0B43     		orrs	r3, r3, r1
 417 0014 63F07E03 		orn	r3, r3, #126
 418 0018 8DF81430 		strb	r3, [sp, #20]
  40:SynaptiX_FDK/components/modules/ads1115/ads1115.c ****     config[1] = ads1115->dataRate | ADS1115_COMP_MODE | ADS1115_COMP_POL | ADS1115_COMP_LAT | ADS11
 419              		.loc 1 40 5 is_stmt 1 view .LVU88
 420              		.loc 1 40 24 is_stmt 0 view .LVU89
 421 001c 8388     		ldrh	r3, [r0, #4]
 422              		.loc 1 40 15 view .LVU90
 423 001e 43F00303 		orr	r3, r3, #3
 424 0022 8DF81530 		strb	r3, [sp, #21]
  41:SynaptiX_FDK/components/modules/ads1115/ads1115.c **** 
  42:SynaptiX_FDK/components/modules/ads1115/ads1115.c ****     /* Kick off a single-shot conversion on the requested mux channel. */
  43:SynaptiX_FDK/components/modules/ads1115/ads1115.c ****     if (sx_i2c_mem_write(ads1115->i2c, ADS1115_DEVICE_ADDR, ADS1115_CONFIG_REG, 1, config, 2) != 0)
 425              		.loc 1 43 5 is_stmt 1 view .LVU91
 426              		.loc 1 43 9 is_stmt 0 view .LVU92
 427 0026 0223     		movs	r3, #2
 428 0028 0193     		str	r3, [sp, #4]
 429 002a 05AB     		add	r3, sp, #20
 430 002c 0093     		str	r3, [sp]
 431 002e 0123     		movs	r3, #1
 432 0030 1A46     		mov	r2, r3
 433              	.LVL28:
 434              		.loc 1 43 9 view .LVU93
 435 0032 9021     		movs	r1, #144
 436              	.LVL29:
 437              		.loc 1 43 9 view .LVU94
 438 0034 0068     		ldr	r0, [r0]
 439              	.LVL30:
 440              		.loc 1 43 9 view .LVU95
 441 0036 FFF7FEFF 		bl	sx_i2c_mem_write
 442              	.LVL31:
 443              		.loc 1 43 8 discriminator 1 view .LVU96
 444 003a 0028     		cmp	r0, #0
 445 003c 3BD1     		bne	.L42
  44:SynaptiX_FDK/components/modules/ads1115/ads1115.c ****         return ADS1115_ERR;
  45:SynaptiX_FDK/components/modules/ads1115/ads1115.c ****     }
  46:SynaptiX_FDK/components/modules/ads1115/ads1115.c **** 
  47:SynaptiX_FDK/components/modules/ads1115/ads1115.c ****     /* Poll the OS bit (config register, MSB of byte 0) until the ADC
  48:SynaptiX_FDK/components/modules/ads1115/ads1115.c ****      * reports the conversion is done. Per datasheet: OS reads 0 while a
  49:SynaptiX_FDK/components/modules/ads1115/ads1115.c ****      * conversion is in progress and 1 once it completes. */
  50:SynaptiX_FDK/components/modules/ads1115/ads1115.c ****     uint16_t attempts = 0;
 446              		.loc 1 50 14 view .LVU97
 447 003e 0024     		movs	r4, #0
 448 0040 02E0     		b	.L39
 449              	.LVL32:
 450              	.L50:
  51:SynaptiX_FDK/components/modules/ads1115/ads1115.c ****     uint8_t status[2];
  52:SynaptiX_FDK/components/modules/ads1115/ads1115.c ****     for (;;) {
  53:SynaptiX_FDK/components/modules/ads1115/ads1115.c ****         if (sx_i2c_mem_read(ads1115->i2c, ADS1115_DEVICE_ADDR, ADS1115_CONFIG_REG, 1, status, 2) !=
  54:SynaptiX_FDK/components/modules/ads1115/ads1115.c ****             return ADS1115_ERR;
  55:SynaptiX_FDK/components/modules/ads1115/ads1115.c ****         }
  56:SynaptiX_FDK/components/modules/ads1115/ads1115.c ****         if (status[0] & ADS1115_OS) {
ARM GAS  C:\Users\DELL\AppData\Local\Temp\cc0cR0pX.s 			page 11


  57:SynaptiX_FDK/components/modules/ads1115/ads1115.c ****             break;
  58:SynaptiX_FDK/components/modules/ads1115/ads1115.c ****         }
  59:SynaptiX_FDK/components/modules/ads1115/ads1115.c ****         if (++attempts >= ADS1115_MAX_POLL_ATTEMPTS) {
  60:SynaptiX_FDK/components/modules/ads1115/ads1115.c ****             return ADS1115_ERR_TIMEOUT;
  61:SynaptiX_FDK/components/modules/ads1115/ads1115.c ****         }
  62:SynaptiX_FDK/components/modules/ads1115/ads1115.c ****         sx_delay_ms(1);
 451              		.loc 1 62 9 is_stmt 1 view .LVU98
 452 0042 0120     		movs	r0, #1
 453 0044 FFF7FEFF 		bl	sx_delay_ms
 454              	.LVL33:
  52:SynaptiX_FDK/components/modules/ads1115/ads1115.c ****         if (sx_i2c_mem_read(ads1115->i2c, ADS1115_DEVICE_ADDR, ADS1115_CONFIG_REG, 1, status, 2) !=
 455              		.loc 1 52 5 view .LVU99
 456              	.L39:
  51:SynaptiX_FDK/components/modules/ads1115/ads1115.c ****     uint8_t status[2];
 457              		.loc 1 51 5 view .LVU100
  52:SynaptiX_FDK/components/modules/ads1115/ads1115.c ****         if (sx_i2c_mem_read(ads1115->i2c, ADS1115_DEVICE_ADDR, ADS1115_CONFIG_REG, 1, status, 2) !=
 458              		.loc 1 52 5 view .LVU101
  53:SynaptiX_FDK/components/modules/ads1115/ads1115.c ****             return ADS1115_ERR;
 459              		.loc 1 53 9 view .LVU102
  53:SynaptiX_FDK/components/modules/ads1115/ads1115.c ****             return ADS1115_ERR;
 460              		.loc 1 53 13 is_stmt 0 view .LVU103
 461 0048 0223     		movs	r3, #2
 462 004a 0193     		str	r3, [sp, #4]
 463 004c 04AB     		add	r3, sp, #16
 464 004e 0093     		str	r3, [sp]
 465 0050 0123     		movs	r3, #1
 466 0052 1A46     		mov	r2, r3
 467 0054 9021     		movs	r1, #144
 468 0056 2868     		ldr	r0, [r5]
 469 0058 FFF7FEFF 		bl	sx_i2c_mem_read
 470              	.LVL34:
  53:SynaptiX_FDK/components/modules/ads1115/ads1115.c ****             return ADS1115_ERR;
 471              		.loc 1 53 12 discriminator 1 view .LVU104
 472 005c 68BB     		cbnz	r0, .L43
  56:SynaptiX_FDK/components/modules/ads1115/ads1115.c ****             break;
 473              		.loc 1 56 9 is_stmt 1 view .LVU105
  56:SynaptiX_FDK/components/modules/ads1115/ads1115.c ****             break;
 474              		.loc 1 56 13 is_stmt 0 view .LVU106
 475 005e 9DF91030 		ldrsb	r3, [sp, #16]
  56:SynaptiX_FDK/components/modules/ads1115/ads1115.c ****             break;
 476              		.loc 1 56 12 view .LVU107
 477 0062 002B     		cmp	r3, #0
 478 0064 05DB     		blt	.L38
  59:SynaptiX_FDK/components/modules/ads1115/ads1115.c ****             return ADS1115_ERR_TIMEOUT;
 479              		.loc 1 59 9 is_stmt 1 view .LVU108
  59:SynaptiX_FDK/components/modules/ads1115/ads1115.c ****             return ADS1115_ERR_TIMEOUT;
 480              		.loc 1 59 12 is_stmt 0 view .LVU109
 481 0066 0134     		adds	r4, r4, #1
 482              	.LVL35:
  59:SynaptiX_FDK/components/modules/ads1115/ads1115.c ****             return ADS1115_ERR_TIMEOUT;
 483              		.loc 1 59 12 view .LVU110
 484 0068 A4B2     		uxth	r4, r4
 485              	.LVL36:
  59:SynaptiX_FDK/components/modules/ads1115/ads1115.c ****             return ADS1115_ERR_TIMEOUT;
 486              		.loc 1 59 12 view .LVU111
 487 006a 632C     		cmp	r4, #99
 488 006c E9D9     		bls	.L50
ARM GAS  C:\Users\DELL\AppData\Local\Temp\cc0cR0pX.s 			page 12


  60:SynaptiX_FDK/components/modules/ads1115/ads1115.c ****         }
 489              		.loc 1 60 20 view .LVU112
 490 006e 0220     		movs	r0, #2
 491 0070 1FE0     		b	.L37
 492              	.L38:
  63:SynaptiX_FDK/components/modules/ads1115/ads1115.c ****     }
  64:SynaptiX_FDK/components/modules/ads1115/ads1115.c **** 
  65:SynaptiX_FDK/components/modules/ads1115/ads1115.c ****     uint8_t raw[2];
 493              		.loc 1 65 5 is_stmt 1 view .LVU113
  66:SynaptiX_FDK/components/modules/ads1115/ads1115.c ****     if (sx_i2c_mem_read(ads1115->i2c, ADS1115_DEVICE_ADDR, ADS1115_CONVER_REG, 1, raw, 2) != 0) {
 494              		.loc 1 66 5 view .LVU114
 495              		.loc 1 66 9 is_stmt 0 view .LVU115
 496 0072 0223     		movs	r3, #2
 497 0074 0193     		str	r3, [sp, #4]
 498 0076 03AB     		add	r3, sp, #12
 499 0078 0093     		str	r3, [sp]
 500 007a 0123     		movs	r3, #1
 501 007c 0022     		movs	r2, #0
 502 007e 9021     		movs	r1, #144
 503 0080 2868     		ldr	r0, [r5]
 504 0082 FFF7FEFF 		bl	sx_i2c_mem_read
 505              	.LVL37:
 506              		.loc 1 66 8 discriminator 1 view .LVU116
 507 0086 D0B9     		cbnz	r0, .L45
  67:SynaptiX_FDK/components/modules/ads1115/ads1115.c ****         return ADS1115_ERR;
  68:SynaptiX_FDK/components/modules/ads1115/ads1115.c ****     }
  69:SynaptiX_FDK/components/modules/ads1115/ads1115.c **** 
  70:SynaptiX_FDK/components/modules/ads1115/ads1115.c ****     int16_t raw_value = (int16_t)((raw[0] << 8) | raw[1]);
 508              		.loc 1 70 5 is_stmt 1 view .LVU117
 509              		.loc 1 70 39 is_stmt 0 view .LVU118
 510 0088 9DF80C30 		ldrb	r3, [sp, #12]	@ zero_extendqisi2
 511              		.loc 1 70 25 view .LVU119
 512 008c 1B02     		lsls	r3, r3, #8
 513 008e 1BB2     		sxth	r3, r3
 514              		.loc 1 70 54 view .LVU120
 515 0090 9DF80D20 		ldrb	r2, [sp, #13]	@ zero_extendqisi2
 516              		.loc 1 70 13 view .LVU121
 517 0094 1343     		orrs	r3, r3, r2
 518 0096 07EE903A 		vmov	s15, r3	@ int
 519              	.LVL38:
  71:SynaptiX_FDK/components/modules/ads1115/ads1115.c ****     *voltage = (float)raw_value * ads1115->voltCoef;
 520              		.loc 1 71 5 is_stmt 1 view .LVU122
 521              		.loc 1 71 16 is_stmt 0 view .LVU123
 522 009a F8EEE77A 		vcvt.f32.s32	s15, s15
 523              	.LVL39:
 524              		.loc 1 71 42 view .LVU124
 525 009e 95ED027A 		vldr.32	s14, [r5, #8]
 526              		.loc 1 71 33 view .LVU125
 527 00a2 67EE877A 		vmul.f32	s15, s15, s14
 528              		.loc 1 71 14 view .LVU126
 529 00a6 C6ED007A 		vstr.32	s15, [r6]
  72:SynaptiX_FDK/components/modules/ads1115/ads1115.c **** 
  73:SynaptiX_FDK/components/modules/ads1115/ads1115.c ****     return ADS1115_OK;
 530              		.loc 1 73 5 is_stmt 1 view .LVU127
 531              		.loc 1 73 12 is_stmt 0 view .LVU128
 532 00aa 02E0     		b	.L37
 533              	.LVL40:
ARM GAS  C:\Users\DELL\AppData\Local\Temp\cc0cR0pX.s 			page 13


 534              	.L40:
 535              	.LCFI14:
 536              		.cfi_def_cfa_offset 0
 537              		.cfi_restore 4
 538              		.cfi_restore 5
 539              		.cfi_restore 6
 540              		.cfi_restore 14
  36:SynaptiX_FDK/components/modules/ads1115/ads1115.c **** 
 541              		.loc 1 36 52 discriminator 3 view .LVU129
 542 00ac 0120     		movs	r0, #1
 543              	.LVL41:
  74:SynaptiX_FDK/components/modules/ads1115/ads1115.c **** }...
 544              		.loc 1 74 1 view .LVU130
 545 00ae 7047     		bx	lr
 546              	.LVL42:
 547              	.L41:
 548              	.LCFI15:
 549              		.cfi_def_cfa_offset 40
 550              		.cfi_offset 4, -16
 551              		.cfi_offset 5, -12
 552              		.cfi_offset 6, -8
 553              		.cfi_offset 14, -4
  36:SynaptiX_FDK/components/modules/ads1115/ads1115.c **** 
 554              		.loc 1 36 52 discriminator 3 view .LVU131
 555 00b0 0120     		movs	r0, #1
 556              	.LVL43:
 557              	.L37:
 558              		.loc 1 74 1 view .LVU132
 559 00b2 06B0     		add	sp, sp, #24
 560              	.LCFI16:
 561              		.cfi_remember_state
 562              		.cfi_def_cfa_offset 16
 563              		@ sp needed
 564 00b4 70BD     		pop	{r4, r5, r6, pc}
 565              	.LVL44:
 566              	.L42:
 567              	.LCFI17:
 568              		.cfi_restore_state
  44:SynaptiX_FDK/components/modules/ads1115/ads1115.c ****         return ADS1115_ERR;
 569              		.loc 1 44 16 view .LVU133
 570 00b6 0120     		movs	r0, #1
 571 00b8 FBE7     		b	.L37
 572              	.LVL45:
 573              	.L43:
  54:SynaptiX_FDK/components/modules/ads1115/ads1115.c ****             return ADS1115_ERR;
 574              		.loc 1 54 20 view .LVU134
 575 00ba 0120     		movs	r0, #1
 576 00bc F9E7     		b	.L37
 577              	.L45:
  67:SynaptiX_FDK/components/modules/ads1115/ads1115.c ****         return ADS1115_ERR;
 578              		.loc 1 67 16 view .LVU135
 579 00be 0120     		movs	r0, #1
 580 00c0 F7E7     		b	.L37
 581              		.cfi_endproc
 582              	.LFE12:
 584              		.text
 585              	.Letext0:
ARM GAS  C:\Users\DELL\AppData\Local\Temp\cc0cR0pX.s 			page 14


 586              		.file 3 "D:\\stm32cubeclt\\STM32CubeCLT_1.21.0\\GNU-tools-for-STM32\\bin\\../lib/gcc/arm-none-eabi
 587              		.file 4 "D:\\stm32cubeclt\\STM32CubeCLT_1.21.0\\GNU-tools-for-STM32\\bin\\../lib/gcc/arm-none-eabi
 588              		.file 5 "SynaptiX_FDK/components/modules/ads1115/ads1115.h"
 589              		.file 6 "SynaptiX_FDK/utils/delay/sx_delay.h"
ARM GAS  C:\Users\DELL\AppData\Local\Temp\cc0cR0pX.s 			page 15


DEFINED SYMBOLS
                            *ABS*:00000000 ads1115.c
C:\Users\DELL\AppData\Local\Temp\cc0cR0pX.s:22     .text.sx_i2c_mem_write:00000000 $t
C:\Users\DELL\AppData\Local\Temp\cc0cR0pX.s:27     .text.sx_i2c_mem_write:00000000 sx_i2c_mem_write
C:\Users\DELL\AppData\Local\Temp\cc0cR0pX.s:90     .text.sx_i2c_mem_read:00000000 $t
C:\Users\DELL\AppData\Local\Temp\cc0cR0pX.s:95     .text.sx_i2c_mem_read:00000000 sx_i2c_mem_read
C:\Users\DELL\AppData\Local\Temp\cc0cR0pX.s:157    .text.sx_i2c_is_device_ready:00000000 $t
C:\Users\DELL\AppData\Local\Temp\cc0cR0pX.s:162    .text.sx_i2c_is_device_ready:00000000 sx_i2c_is_device_ready
C:\Users\DELL\AppData\Local\Temp\cc0cR0pX.s:209    .text.ads1115_volt_coef_for_pga:00000000 $t
C:\Users\DELL\AppData\Local\Temp\cc0cR0pX.s:214    .text.ads1115_volt_coef_for_pga:00000000 ads1115_volt_coef_for_pga
C:\Users\DELL\AppData\Local\Temp\cc0cR0pX.s:227    .text.ads1115_volt_coef_for_pga:00000008 $d
C:\Users\DELL\AppData\Local\Temp\cc0cR0pX.s:279    .text.ads1115_volt_coef_for_pga:00000044 $d
C:\Users\DELL\AppData\Local\Temp\cc0cR0pX.s:287    .text.ADS1115_Init:00000000 $t
C:\Users\DELL\AppData\Local\Temp\cc0cR0pX.s:293    .text.ADS1115_Init:00000000 ADS1115_Init
C:\Users\DELL\AppData\Local\Temp\cc0cR0pX.s:378    .text.ADS1115_readSingleEnded:00000000 $t
C:\Users\DELL\AppData\Local\Temp\cc0cR0pX.s:384    .text.ADS1115_readSingleEnded:00000000 ADS1115_readSingleEnded
C:\Users\DELL\AppData\Local\Temp\cc0cR0pX.s:242    .text.ads1115_volt_coef_for_pga:00000017 $d
C:\Users\DELL\AppData\Local\Temp\cc0cR0pX.s:242    .text.ads1115_volt_coef_for_pga:00000018 $t

UNDEFINED SYMBOLS
sx_delay_ms
