ARM GAS  C:\Users\DELL\AppData\Local\Temp\ccZuCyDA.s 			page 1


   1              		.cpu cortex-m33
   2              		.arch armv8-m.main
   3              		.fpu fpv5-sp-d16
   4              		.arch_extension dsp
   5              		.eabi_attribute 27, 1
   6              		.eabi_attribute 28, 1
   7              		.eabi_attribute 20, 1
   8              		.eabi_attribute 21, 1
   9              		.eabi_attribute 23, 3
  10              		.eabi_attribute 24, 1
  11              		.eabi_attribute 25, 1
  12              		.eabi_attribute 26, 1
  13              		.eabi_attribute 30, 1
  14              		.eabi_attribute 34, 1
  15              		.eabi_attribute 18, 4
  16              		.file	"icache.c"
  17              		.text
  18              	.Ltext0:
  19              		.cfi_sections	.debug_frame
  20              		.file 1 "Core/Src/icache.c"
  21              		.section	.text.MX_ICACHE_Init,"ax",%progbits
  22              		.align	1
  23              		.global	MX_ICACHE_Init
  24              		.syntax unified
  25              		.thumb
  26              		.thumb_func
  28              	MX_ICACHE_Init:
  29              	.LFB297:
   1:Core/Src/icache.c **** /* USER CODE BEGIN Header */
   2:Core/Src/icache.c **** /**
   3:Core/Src/icache.c ****   ******************************************************************************
   4:Core/Src/icache.c ****   * @file    icache.c
   5:Core/Src/icache.c ****   * @brief   This file provides code for the configuration
   6:Core/Src/icache.c ****   *          of the ICACHE instances.
   7:Core/Src/icache.c ****   ******************************************************************************
   8:Core/Src/icache.c ****   * @attention
   9:Core/Src/icache.c ****   *
  10:Core/Src/icache.c ****   * Copyright (c) 2026 STMicroelectronics.
  11:Core/Src/icache.c ****   * All rights reserved.
  12:Core/Src/icache.c ****   *
  13:Core/Src/icache.c ****   * This software is licensed under terms that can be found in the LICENSE file
  14:Core/Src/icache.c ****   * in the root directory of this software component.
  15:Core/Src/icache.c ****   * If no LICENSE file comes with this software, it is provided AS-IS.
  16:Core/Src/icache.c ****   *
  17:Core/Src/icache.c ****   ******************************************************************************
  18:Core/Src/icache.c ****   */
  19:Core/Src/icache.c **** /* USER CODE END Header */
  20:Core/Src/icache.c **** /* Includes ------------------------------------------------------------------*/
  21:Core/Src/icache.c **** #include "icache.h"
  22:Core/Src/icache.c **** 
  23:Core/Src/icache.c **** /* USER CODE BEGIN 0 */
  24:Core/Src/icache.c **** 
  25:Core/Src/icache.c **** /* USER CODE END 0 */
  26:Core/Src/icache.c **** 
  27:Core/Src/icache.c **** /* ICACHE init function */
  28:Core/Src/icache.c **** void MX_ICACHE_Init(void)
  29:Core/Src/icache.c **** {
ARM GAS  C:\Users\DELL\AppData\Local\Temp\ccZuCyDA.s 			page 2


  30              		.loc 1 29 1 view -0
  31              		.cfi_startproc
  32              		@ args = 0, pretend = 0, frame = 0
  33              		@ frame_needed = 0, uses_anonymous_args = 0
  34              		@ link register save eliminated.
  30:Core/Src/icache.c **** 
  31:Core/Src/icache.c ****   /* USER CODE BEGIN ICACHE_Init 0 */
  32:Core/Src/icache.c **** 
  33:Core/Src/icache.c ****   /* USER CODE END ICACHE_Init 0 */
  34:Core/Src/icache.c **** 
  35:Core/Src/icache.c ****   /* USER CODE BEGIN ICACHE_Init 1 */
  36:Core/Src/icache.c **** 
  37:Core/Src/icache.c ****   /* USER CODE END ICACHE_Init 1 */
  38:Core/Src/icache.c ****   /* USER CODE BEGIN ICACHE_Init 2 */
  39:Core/Src/icache.c **** 
  40:Core/Src/icache.c ****   /* USER CODE END ICACHE_Init 2 */
  41:Core/Src/icache.c **** 
  42:Core/Src/icache.c **** }
  35              		.loc 1 42 1 view .LVU1
  36 0000 7047     		bx	lr
  37              		.cfi_endproc
  38              	.LFE297:
  40              		.text
  41              	.Letext0:
  42              		.file 2 "D:\\stm32cubeclt\\STM32CubeCLT_1.21.0\\GNU-tools-for-STM32\\bin\\../lib/gcc/arm-none-eabi
  43              		.file 3 "D:\\stm32cubeclt\\STM32CubeCLT_1.21.0\\GNU-tools-for-STM32\\bin\\../lib/gcc/arm-none-eabi
  44              		.file 4 "Drivers/STM32H5xx_HAL_Driver/Inc/stm32h5xx_ll_lptim.h"
ARM GAS  C:\Users\DELL\AppData\Local\Temp\ccZuCyDA.s 			page 3


DEFINED SYMBOLS
                            *ABS*:00000000 icache.c
C:\Users\DELL\AppData\Local\Temp\ccZuCyDA.s:22     .text.MX_ICACHE_Init:00000000 $t
C:\Users\DELL\AppData\Local\Temp\ccZuCyDA.s:28     .text.MX_ICACHE_Init:00000000 MX_ICACHE_Init

NO UNDEFINED SYMBOLS
