ARM GAS  C:\Users\DELL\AppData\Local\Temp\cc1Crmkk.s 			page 1


   1              		.cpu cortex-m33
   2              		.arch armv8-m.main
   3              		.fpu fpv5-sp-d16
   4              		.arch_extension dsp
   5              		.eabi_attribute 27, 1
   6              		.eabi_attribute 28, 1
   7              		.eabi_attribute 20, 1
   8              		.eabi_attribute 21, 1
   9              		.eabi_attribute 23, 3
  10              		.eabi_attribute 24, 1
  11              		.eabi_attribute 25, 1
  12              		.eabi_attribute 26, 1
  13              		.eabi_attribute 30, 1
  14              		.eabi_attribute 34, 1
  15              		.eabi_attribute 18, 4
  16              		.file	"stm32h5xx_hal_i2c_ex.c"
  17              		.text
  18              	.Ltext0:
  19              		.cfi_sections	.debug_frame
  20              		.file 1 "Drivers/STM32H5xx_HAL_Driver/Src/stm32h5xx_hal_i2c_ex.c"
  21              		.section	.text.HAL_I2CEx_ConfigAnalogFilter,"ax",%progbits
  22              		.align	1
  23              		.global	HAL_I2CEx_ConfigAnalogFilter
  24              		.syntax unified
  25              		.thumb
  26              		.thumb_func
  28              	HAL_I2CEx_ConfigAnalogFilter:
  29              	.LVL0:
  30              	.LFB297:
   1:Drivers/STM32H5xx_HAL_Driver/Src/stm32h5xx_hal_i2c_ex.c **** /**
   2:Drivers/STM32H5xx_HAL_Driver/Src/stm32h5xx_hal_i2c_ex.c ****   ******************************************************************************
   3:Drivers/STM32H5xx_HAL_Driver/Src/stm32h5xx_hal_i2c_ex.c ****   * @file    stm32h5xx_hal_i2c_ex.c
   4:Drivers/STM32H5xx_HAL_Driver/Src/stm32h5xx_hal_i2c_ex.c ****   * @author  MCD Application Team
   5:Drivers/STM32H5xx_HAL_Driver/Src/stm32h5xx_hal_i2c_ex.c ****   * @brief   I2C Extended HAL module driver.
   6:Drivers/STM32H5xx_HAL_Driver/Src/stm32h5xx_hal_i2c_ex.c ****   *          This file provides firmware functions to manage the following
   7:Drivers/STM32H5xx_HAL_Driver/Src/stm32h5xx_hal_i2c_ex.c ****   *          functionalities of I2C Extended peripheral:
   8:Drivers/STM32H5xx_HAL_Driver/Src/stm32h5xx_hal_i2c_ex.c ****   *           + Filter Mode Functions
   9:Drivers/STM32H5xx_HAL_Driver/Src/stm32h5xx_hal_i2c_ex.c ****   *           + WakeUp Mode Functions
  10:Drivers/STM32H5xx_HAL_Driver/Src/stm32h5xx_hal_i2c_ex.c ****   *           + FastModePlus Functions
  11:Drivers/STM32H5xx_HAL_Driver/Src/stm32h5xx_hal_i2c_ex.c ****   *
  12:Drivers/STM32H5xx_HAL_Driver/Src/stm32h5xx_hal_i2c_ex.c ****   ******************************************************************************
  13:Drivers/STM32H5xx_HAL_Driver/Src/stm32h5xx_hal_i2c_ex.c ****   * @attention
  14:Drivers/STM32H5xx_HAL_Driver/Src/stm32h5xx_hal_i2c_ex.c ****   *
  15:Drivers/STM32H5xx_HAL_Driver/Src/stm32h5xx_hal_i2c_ex.c ****   * Copyright (c) 2023 STMicroelectronics.
  16:Drivers/STM32H5xx_HAL_Driver/Src/stm32h5xx_hal_i2c_ex.c ****   * All rights reserved.
  17:Drivers/STM32H5xx_HAL_Driver/Src/stm32h5xx_hal_i2c_ex.c ****   *
  18:Drivers/STM32H5xx_HAL_Driver/Src/stm32h5xx_hal_i2c_ex.c ****   * This software is licensed under terms that can be found in the LICENSE file
  19:Drivers/STM32H5xx_HAL_Driver/Src/stm32h5xx_hal_i2c_ex.c ****   * in the root directory of this software component.
  20:Drivers/STM32H5xx_HAL_Driver/Src/stm32h5xx_hal_i2c_ex.c ****   * If no LICENSE file comes with this software, it is provided AS-IS.
  21:Drivers/STM32H5xx_HAL_Driver/Src/stm32h5xx_hal_i2c_ex.c ****   *
  22:Drivers/STM32H5xx_HAL_Driver/Src/stm32h5xx_hal_i2c_ex.c ****   ******************************************************************************
  23:Drivers/STM32H5xx_HAL_Driver/Src/stm32h5xx_hal_i2c_ex.c ****   @verbatim
  24:Drivers/STM32H5xx_HAL_Driver/Src/stm32h5xx_hal_i2c_ex.c ****   ==============================================================================
  25:Drivers/STM32H5xx_HAL_Driver/Src/stm32h5xx_hal_i2c_ex.c ****                ##### I2C peripheral Extended features  #####
  26:Drivers/STM32H5xx_HAL_Driver/Src/stm32h5xx_hal_i2c_ex.c ****   ==============================================================================
  27:Drivers/STM32H5xx_HAL_Driver/Src/stm32h5xx_hal_i2c_ex.c **** 
  28:Drivers/STM32H5xx_HAL_Driver/Src/stm32h5xx_hal_i2c_ex.c ****   [..] Comparing to other previous devices, the I2C interface for STM32H5xx
ARM GAS  C:\Users\DELL\AppData\Local\Temp\cc1Crmkk.s 			page 2


  29:Drivers/STM32H5xx_HAL_Driver/Src/stm32h5xx_hal_i2c_ex.c ****        devices contains the following additional features
  30:Drivers/STM32H5xx_HAL_Driver/Src/stm32h5xx_hal_i2c_ex.c **** 
  31:Drivers/STM32H5xx_HAL_Driver/Src/stm32h5xx_hal_i2c_ex.c ****        (+) Possibility to disable or enable Analog Noise Filter
  32:Drivers/STM32H5xx_HAL_Driver/Src/stm32h5xx_hal_i2c_ex.c ****        (+) Use of a configured Digital Noise Filter
  33:Drivers/STM32H5xx_HAL_Driver/Src/stm32h5xx_hal_i2c_ex.c ****        (+) Disable or enable wakeup from Stop mode(s)
  34:Drivers/STM32H5xx_HAL_Driver/Src/stm32h5xx_hal_i2c_ex.c ****        (+) Disable or enable Fast Mode Plus
  35:Drivers/STM32H5xx_HAL_Driver/Src/stm32h5xx_hal_i2c_ex.c **** 
  36:Drivers/STM32H5xx_HAL_Driver/Src/stm32h5xx_hal_i2c_ex.c ****                      ##### How to use this driver #####
  37:Drivers/STM32H5xx_HAL_Driver/Src/stm32h5xx_hal_i2c_ex.c ****   ==============================================================================
  38:Drivers/STM32H5xx_HAL_Driver/Src/stm32h5xx_hal_i2c_ex.c ****   [..] This driver provides functions to configure Noise Filter and Wake Up Feature
  39:Drivers/STM32H5xx_HAL_Driver/Src/stm32h5xx_hal_i2c_ex.c ****     (#) Configure I2C Analog noise filter using the function HAL_I2CEx_ConfigAnalogFilter()
  40:Drivers/STM32H5xx_HAL_Driver/Src/stm32h5xx_hal_i2c_ex.c ****     (#) Configure I2C Digital noise filter using the function HAL_I2CEx_ConfigDigitalFilter()
  41:Drivers/STM32H5xx_HAL_Driver/Src/stm32h5xx_hal_i2c_ex.c ****     (#) Configure the enable or disable of I2C Wake Up Mode using the functions :
  42:Drivers/STM32H5xx_HAL_Driver/Src/stm32h5xx_hal_i2c_ex.c ****           (++) HAL_I2CEx_EnableWakeUp()
  43:Drivers/STM32H5xx_HAL_Driver/Src/stm32h5xx_hal_i2c_ex.c ****           (++) HAL_I2CEx_DisableWakeUp()
  44:Drivers/STM32H5xx_HAL_Driver/Src/stm32h5xx_hal_i2c_ex.c ****     (#) Configure the enable or disable of fast mode plus driving capability using the functions :
  45:Drivers/STM32H5xx_HAL_Driver/Src/stm32h5xx_hal_i2c_ex.c ****           (++) HAL_I2CEx_ConfigFastModePlus()
  46:Drivers/STM32H5xx_HAL_Driver/Src/stm32h5xx_hal_i2c_ex.c ****   @endverbatim
  47:Drivers/STM32H5xx_HAL_Driver/Src/stm32h5xx_hal_i2c_ex.c ****   */
  48:Drivers/STM32H5xx_HAL_Driver/Src/stm32h5xx_hal_i2c_ex.c **** 
  49:Drivers/STM32H5xx_HAL_Driver/Src/stm32h5xx_hal_i2c_ex.c **** /* Includes ------------------------------------------------------------------*/
  50:Drivers/STM32H5xx_HAL_Driver/Src/stm32h5xx_hal_i2c_ex.c **** #include "stm32h5xx_hal.h"
  51:Drivers/STM32H5xx_HAL_Driver/Src/stm32h5xx_hal_i2c_ex.c **** 
  52:Drivers/STM32H5xx_HAL_Driver/Src/stm32h5xx_hal_i2c_ex.c **** /** @addtogroup STM32H5xx_HAL_Driver
  53:Drivers/STM32H5xx_HAL_Driver/Src/stm32h5xx_hal_i2c_ex.c ****   * @{
  54:Drivers/STM32H5xx_HAL_Driver/Src/stm32h5xx_hal_i2c_ex.c ****   */
  55:Drivers/STM32H5xx_HAL_Driver/Src/stm32h5xx_hal_i2c_ex.c **** 
  56:Drivers/STM32H5xx_HAL_Driver/Src/stm32h5xx_hal_i2c_ex.c **** /** @defgroup I2CEx I2CEx
  57:Drivers/STM32H5xx_HAL_Driver/Src/stm32h5xx_hal_i2c_ex.c ****   * @brief I2C Extended HAL module driver
  58:Drivers/STM32H5xx_HAL_Driver/Src/stm32h5xx_hal_i2c_ex.c ****   * @{
  59:Drivers/STM32H5xx_HAL_Driver/Src/stm32h5xx_hal_i2c_ex.c ****   */
  60:Drivers/STM32H5xx_HAL_Driver/Src/stm32h5xx_hal_i2c_ex.c **** 
  61:Drivers/STM32H5xx_HAL_Driver/Src/stm32h5xx_hal_i2c_ex.c **** #ifdef HAL_I2C_MODULE_ENABLED
  62:Drivers/STM32H5xx_HAL_Driver/Src/stm32h5xx_hal_i2c_ex.c **** 
  63:Drivers/STM32H5xx_HAL_Driver/Src/stm32h5xx_hal_i2c_ex.c **** /* Private typedef -----------------------------------------------------------*/
  64:Drivers/STM32H5xx_HAL_Driver/Src/stm32h5xx_hal_i2c_ex.c **** /* Private define ------------------------------------------------------------*/
  65:Drivers/STM32H5xx_HAL_Driver/Src/stm32h5xx_hal_i2c_ex.c **** /* Private macro -------------------------------------------------------------*/
  66:Drivers/STM32H5xx_HAL_Driver/Src/stm32h5xx_hal_i2c_ex.c **** /* Private variables ---------------------------------------------------------*/
  67:Drivers/STM32H5xx_HAL_Driver/Src/stm32h5xx_hal_i2c_ex.c **** /* Private function prototypes -----------------------------------------------*/
  68:Drivers/STM32H5xx_HAL_Driver/Src/stm32h5xx_hal_i2c_ex.c **** /* Private functions ---------------------------------------------------------*/
  69:Drivers/STM32H5xx_HAL_Driver/Src/stm32h5xx_hal_i2c_ex.c **** 
  70:Drivers/STM32H5xx_HAL_Driver/Src/stm32h5xx_hal_i2c_ex.c **** /** @defgroup I2CEx_Exported_Functions I2C Extended Exported Functions
  71:Drivers/STM32H5xx_HAL_Driver/Src/stm32h5xx_hal_i2c_ex.c ****   * @{
  72:Drivers/STM32H5xx_HAL_Driver/Src/stm32h5xx_hal_i2c_ex.c ****   */
  73:Drivers/STM32H5xx_HAL_Driver/Src/stm32h5xx_hal_i2c_ex.c **** 
  74:Drivers/STM32H5xx_HAL_Driver/Src/stm32h5xx_hal_i2c_ex.c **** /** @defgroup I2CEx_Exported_Functions_Group1 Filter Mode Functions
  75:Drivers/STM32H5xx_HAL_Driver/Src/stm32h5xx_hal_i2c_ex.c ****   * @brief    Filter Mode Functions
  76:Drivers/STM32H5xx_HAL_Driver/Src/stm32h5xx_hal_i2c_ex.c ****   *
  77:Drivers/STM32H5xx_HAL_Driver/Src/stm32h5xx_hal_i2c_ex.c **** @verbatim
  78:Drivers/STM32H5xx_HAL_Driver/Src/stm32h5xx_hal_i2c_ex.c ****  ===============================================================================
  79:Drivers/STM32H5xx_HAL_Driver/Src/stm32h5xx_hal_i2c_ex.c ****                       ##### Filter Mode Functions #####
  80:Drivers/STM32H5xx_HAL_Driver/Src/stm32h5xx_hal_i2c_ex.c ****  ===============================================================================
  81:Drivers/STM32H5xx_HAL_Driver/Src/stm32h5xx_hal_i2c_ex.c ****     [..] This section provides functions allowing to:
  82:Drivers/STM32H5xx_HAL_Driver/Src/stm32h5xx_hal_i2c_ex.c ****       (+) Configure Noise Filters
  83:Drivers/STM32H5xx_HAL_Driver/Src/stm32h5xx_hal_i2c_ex.c **** 
  84:Drivers/STM32H5xx_HAL_Driver/Src/stm32h5xx_hal_i2c_ex.c **** @endverbatim
  85:Drivers/STM32H5xx_HAL_Driver/Src/stm32h5xx_hal_i2c_ex.c ****   * @{
ARM GAS  C:\Users\DELL\AppData\Local\Temp\cc1Crmkk.s 			page 3


  86:Drivers/STM32H5xx_HAL_Driver/Src/stm32h5xx_hal_i2c_ex.c ****   */
  87:Drivers/STM32H5xx_HAL_Driver/Src/stm32h5xx_hal_i2c_ex.c **** 
  88:Drivers/STM32H5xx_HAL_Driver/Src/stm32h5xx_hal_i2c_ex.c **** /**
  89:Drivers/STM32H5xx_HAL_Driver/Src/stm32h5xx_hal_i2c_ex.c ****   * @brief  Configure I2C Analog noise filter.
  90:Drivers/STM32H5xx_HAL_Driver/Src/stm32h5xx_hal_i2c_ex.c ****   * @param  hi2c Pointer to a I2C_HandleTypeDef structure that contains
  91:Drivers/STM32H5xx_HAL_Driver/Src/stm32h5xx_hal_i2c_ex.c ****   *                the configuration information for the specified I2Cx peripheral.
  92:Drivers/STM32H5xx_HAL_Driver/Src/stm32h5xx_hal_i2c_ex.c ****   * @param  AnalogFilter New state of the Analog filter.
  93:Drivers/STM32H5xx_HAL_Driver/Src/stm32h5xx_hal_i2c_ex.c ****   * @retval HAL status
  94:Drivers/STM32H5xx_HAL_Driver/Src/stm32h5xx_hal_i2c_ex.c ****   */
  95:Drivers/STM32H5xx_HAL_Driver/Src/stm32h5xx_hal_i2c_ex.c **** HAL_StatusTypeDef HAL_I2CEx_ConfigAnalogFilter(I2C_HandleTypeDef *hi2c, uint32_t AnalogFilter)
  96:Drivers/STM32H5xx_HAL_Driver/Src/stm32h5xx_hal_i2c_ex.c **** {
  31              		.loc 1 96 1 view -0
  32              		.cfi_startproc
  33              		@ args = 0, pretend = 0, frame = 0
  34              		@ frame_needed = 0, uses_anonymous_args = 0
  35              		@ link register save eliminated.
  36              		.loc 1 96 1 is_stmt 0 view .LVU1
  37 0000 0346     		mov	r3, r0
  97:Drivers/STM32H5xx_HAL_Driver/Src/stm32h5xx_hal_i2c_ex.c ****   /* Check the parameters */
  98:Drivers/STM32H5xx_HAL_Driver/Src/stm32h5xx_hal_i2c_ex.c ****   assert_param(IS_I2C_ALL_INSTANCE(hi2c->Instance));
  38              		.loc 1 98 3 is_stmt 1 view .LVU2
  99:Drivers/STM32H5xx_HAL_Driver/Src/stm32h5xx_hal_i2c_ex.c ****   assert_param(IS_I2C_ANALOG_FILTER(AnalogFilter));
  39              		.loc 1 99 3 view .LVU3
 100:Drivers/STM32H5xx_HAL_Driver/Src/stm32h5xx_hal_i2c_ex.c **** 
 101:Drivers/STM32H5xx_HAL_Driver/Src/stm32h5xx_hal_i2c_ex.c ****   if (hi2c->State == HAL_I2C_STATE_READY)
  40              		.loc 1 101 3 view .LVU4
  41              		.loc 1 101 11 is_stmt 0 view .LVU5
  42 0002 90F84120 		ldrb	r2, [r0, #65]	@ zero_extendqisi2
  43              		.loc 1 101 6 view .LVU6
  44 0006 202A     		cmp	r2, #32
  45 0008 23D1     		bne	.L3
 102:Drivers/STM32H5xx_HAL_Driver/Src/stm32h5xx_hal_i2c_ex.c ****   {
 103:Drivers/STM32H5xx_HAL_Driver/Src/stm32h5xx_hal_i2c_ex.c ****     /* Process Locked */
 104:Drivers/STM32H5xx_HAL_Driver/Src/stm32h5xx_hal_i2c_ex.c ****     __HAL_LOCK(hi2c);
  46              		.loc 1 104 5 is_stmt 1 view .LVU7
  47              		.loc 1 104 5 view .LVU8
  48 000a 90F84020 		ldrb	r2, [r0, #64]	@ zero_extendqisi2
  49 000e 012A     		cmp	r2, #1
  50 0010 21D0     		beq	.L4
  51              		.loc 1 104 5 discriminator 2 view .LVU9
  52 0012 0122     		movs	r2, #1
  53 0014 80F84020 		strb	r2, [r0, #64]
  54              		.loc 1 104 5 view .LVU10
 105:Drivers/STM32H5xx_HAL_Driver/Src/stm32h5xx_hal_i2c_ex.c **** 
 106:Drivers/STM32H5xx_HAL_Driver/Src/stm32h5xx_hal_i2c_ex.c ****     hi2c->State = HAL_I2C_STATE_BUSY;
  55              		.loc 1 106 5 view .LVU11
  56              		.loc 1 106 17 is_stmt 0 view .LVU12
  57 0018 2422     		movs	r2, #36
  58 001a 80F84120 		strb	r2, [r0, #65]
 107:Drivers/STM32H5xx_HAL_Driver/Src/stm32h5xx_hal_i2c_ex.c **** 
 108:Drivers/STM32H5xx_HAL_Driver/Src/stm32h5xx_hal_i2c_ex.c ****     /* Disable the selected I2C peripheral */
 109:Drivers/STM32H5xx_HAL_Driver/Src/stm32h5xx_hal_i2c_ex.c ****     __HAL_I2C_DISABLE(hi2c);
  59              		.loc 1 109 5 is_stmt 1 view .LVU13
  60 001e 0068     		ldr	r0, [r0]
  61              	.LVL1:
  62              		.loc 1 109 5 is_stmt 0 view .LVU14
  63 0020 0268     		ldr	r2, [r0]
ARM GAS  C:\Users\DELL\AppData\Local\Temp\cc1Crmkk.s 			page 4


  64 0022 22F00102 		bic	r2, r2, #1
  65 0026 0260     		str	r2, [r0]
 110:Drivers/STM32H5xx_HAL_Driver/Src/stm32h5xx_hal_i2c_ex.c **** 
 111:Drivers/STM32H5xx_HAL_Driver/Src/stm32h5xx_hal_i2c_ex.c ****     /* Reset I2Cx ANOFF bit */
 112:Drivers/STM32H5xx_HAL_Driver/Src/stm32h5xx_hal_i2c_ex.c ****     hi2c->Instance->CR1 &= ~(I2C_CR1_ANFOFF);
  66              		.loc 1 112 5 is_stmt 1 view .LVU15
  67              		.loc 1 112 9 is_stmt 0 view .LVU16
  68 0028 1868     		ldr	r0, [r3]
  69              		.loc 1 112 19 view .LVU17
  70 002a 0268     		ldr	r2, [r0]
  71              		.loc 1 112 25 view .LVU18
  72 002c 22F48052 		bic	r2, r2, #4096
  73 0030 0260     		str	r2, [r0]
 113:Drivers/STM32H5xx_HAL_Driver/Src/stm32h5xx_hal_i2c_ex.c **** 
 114:Drivers/STM32H5xx_HAL_Driver/Src/stm32h5xx_hal_i2c_ex.c ****     /* Set analog filter bit*/
 115:Drivers/STM32H5xx_HAL_Driver/Src/stm32h5xx_hal_i2c_ex.c ****     hi2c->Instance->CR1 |= AnalogFilter;
  74              		.loc 1 115 5 is_stmt 1 view .LVU19
  75              		.loc 1 115 9 is_stmt 0 view .LVU20
  76 0032 1868     		ldr	r0, [r3]
  77              		.loc 1 115 19 view .LVU21
  78 0034 0268     		ldr	r2, [r0]
  79              		.loc 1 115 25 view .LVU22
  80 0036 0A43     		orrs	r2, r2, r1
  81 0038 0260     		str	r2, [r0]
 116:Drivers/STM32H5xx_HAL_Driver/Src/stm32h5xx_hal_i2c_ex.c **** 
 117:Drivers/STM32H5xx_HAL_Driver/Src/stm32h5xx_hal_i2c_ex.c ****     __HAL_I2C_ENABLE(hi2c);
  82              		.loc 1 117 5 is_stmt 1 view .LVU23
  83 003a 1968     		ldr	r1, [r3]
  84              	.LVL2:
  85              		.loc 1 117 5 is_stmt 0 view .LVU24
  86 003c 0A68     		ldr	r2, [r1]
  87 003e 42F00102 		orr	r2, r2, #1
  88 0042 0A60     		str	r2, [r1]
 118:Drivers/STM32H5xx_HAL_Driver/Src/stm32h5xx_hal_i2c_ex.c **** 
 119:Drivers/STM32H5xx_HAL_Driver/Src/stm32h5xx_hal_i2c_ex.c ****     hi2c->State = HAL_I2C_STATE_READY;
  89              		.loc 1 119 5 is_stmt 1 view .LVU25
  90              		.loc 1 119 17 is_stmt 0 view .LVU26
  91 0044 2022     		movs	r2, #32
  92 0046 83F84120 		strb	r2, [r3, #65]
 120:Drivers/STM32H5xx_HAL_Driver/Src/stm32h5xx_hal_i2c_ex.c **** 
 121:Drivers/STM32H5xx_HAL_Driver/Src/stm32h5xx_hal_i2c_ex.c ****     /* Process Unlocked */
 122:Drivers/STM32H5xx_HAL_Driver/Src/stm32h5xx_hal_i2c_ex.c ****     __HAL_UNLOCK(hi2c);
  93              		.loc 1 122 5 is_stmt 1 view .LVU27
  94              		.loc 1 122 5 view .LVU28
  95 004a 0020     		movs	r0, #0
  96 004c 83F84000 		strb	r0, [r3, #64]
  97              		.loc 1 122 5 view .LVU29
 123:Drivers/STM32H5xx_HAL_Driver/Src/stm32h5xx_hal_i2c_ex.c **** 
 124:Drivers/STM32H5xx_HAL_Driver/Src/stm32h5xx_hal_i2c_ex.c ****     return HAL_OK;
  98              		.loc 1 124 5 view .LVU30
  99              		.loc 1 124 12 is_stmt 0 view .LVU31
 100 0050 7047     		bx	lr
 101              	.LVL3:
 102              	.L3:
 125:Drivers/STM32H5xx_HAL_Driver/Src/stm32h5xx_hal_i2c_ex.c ****   }
 126:Drivers/STM32H5xx_HAL_Driver/Src/stm32h5xx_hal_i2c_ex.c ****   else
 127:Drivers/STM32H5xx_HAL_Driver/Src/stm32h5xx_hal_i2c_ex.c ****   {
ARM GAS  C:\Users\DELL\AppData\Local\Temp\cc1Crmkk.s 			page 5


 128:Drivers/STM32H5xx_HAL_Driver/Src/stm32h5xx_hal_i2c_ex.c ****     return HAL_BUSY;
 103              		.loc 1 128 12 view .LVU32
 104 0052 0220     		movs	r0, #2
 105              	.LVL4:
 106              		.loc 1 128 12 view .LVU33
 107 0054 7047     		bx	lr
 108              	.LVL5:
 109              	.L4:
 104:Drivers/STM32H5xx_HAL_Driver/Src/stm32h5xx_hal_i2c_ex.c **** 
 110              		.loc 1 104 5 discriminator 1 view .LVU34
 111 0056 0220     		movs	r0, #2
 112              	.LVL6:
 129:Drivers/STM32H5xx_HAL_Driver/Src/stm32h5xx_hal_i2c_ex.c ****   }
 130:Drivers/STM32H5xx_HAL_Driver/Src/stm32h5xx_hal_i2c_ex.c **** }
 113              		.loc 1 130 1 view .LVU35
 114 0058 7047     		bx	lr
 115              		.cfi_endproc
 116              	.LFE297:
 118              		.section	.text.HAL_I2CEx_ConfigDigitalFilter,"ax",%progbits
 119              		.align	1
 120              		.global	HAL_I2CEx_ConfigDigitalFilter
 121              		.syntax unified
 122              		.thumb
 123              		.thumb_func
 125              	HAL_I2CEx_ConfigDigitalFilter:
 126              	.LVL7:
 127              	.LFB298:
 131:Drivers/STM32H5xx_HAL_Driver/Src/stm32h5xx_hal_i2c_ex.c **** 
 132:Drivers/STM32H5xx_HAL_Driver/Src/stm32h5xx_hal_i2c_ex.c **** /**
 133:Drivers/STM32H5xx_HAL_Driver/Src/stm32h5xx_hal_i2c_ex.c ****   * @brief  Configure I2C Digital noise filter.
 134:Drivers/STM32H5xx_HAL_Driver/Src/stm32h5xx_hal_i2c_ex.c ****   * @param  hi2c Pointer to a I2C_HandleTypeDef structure that contains
 135:Drivers/STM32H5xx_HAL_Driver/Src/stm32h5xx_hal_i2c_ex.c ****   *                the configuration information for the specified I2Cx peripheral.
 136:Drivers/STM32H5xx_HAL_Driver/Src/stm32h5xx_hal_i2c_ex.c ****   * @param  DigitalFilter Coefficient of digital noise filter between Min_Data=0x00 and Max_Data=0x
 137:Drivers/STM32H5xx_HAL_Driver/Src/stm32h5xx_hal_i2c_ex.c ****   * @retval HAL status
 138:Drivers/STM32H5xx_HAL_Driver/Src/stm32h5xx_hal_i2c_ex.c ****   */
 139:Drivers/STM32H5xx_HAL_Driver/Src/stm32h5xx_hal_i2c_ex.c **** HAL_StatusTypeDef HAL_I2CEx_ConfigDigitalFilter(I2C_HandleTypeDef *hi2c, uint32_t DigitalFilter)
 140:Drivers/STM32H5xx_HAL_Driver/Src/stm32h5xx_hal_i2c_ex.c **** {
 128              		.loc 1 140 1 is_stmt 1 view -0
 129              		.cfi_startproc
 130              		@ args = 0, pretend = 0, frame = 0
 131              		@ frame_needed = 0, uses_anonymous_args = 0
 132              		@ link register save eliminated.
 133              		.loc 1 140 1 is_stmt 0 view .LVU37
 134 0000 0346     		mov	r3, r0
 141:Drivers/STM32H5xx_HAL_Driver/Src/stm32h5xx_hal_i2c_ex.c ****   uint32_t tmpreg;
 135              		.loc 1 141 3 is_stmt 1 view .LVU38
 142:Drivers/STM32H5xx_HAL_Driver/Src/stm32h5xx_hal_i2c_ex.c **** 
 143:Drivers/STM32H5xx_HAL_Driver/Src/stm32h5xx_hal_i2c_ex.c ****   /* Check the parameters */
 144:Drivers/STM32H5xx_HAL_Driver/Src/stm32h5xx_hal_i2c_ex.c ****   assert_param(IS_I2C_ALL_INSTANCE(hi2c->Instance));
 136              		.loc 1 144 3 view .LVU39
 145:Drivers/STM32H5xx_HAL_Driver/Src/stm32h5xx_hal_i2c_ex.c ****   assert_param(IS_I2C_DIGITAL_FILTER(DigitalFilter));
 137              		.loc 1 145 3 view .LVU40
 146:Drivers/STM32H5xx_HAL_Driver/Src/stm32h5xx_hal_i2c_ex.c **** 
 147:Drivers/STM32H5xx_HAL_Driver/Src/stm32h5xx_hal_i2c_ex.c ****   if (hi2c->State == HAL_I2C_STATE_READY)
 138              		.loc 1 147 3 view .LVU41
 139              		.loc 1 147 11 is_stmt 0 view .LVU42
 140 0002 90F84120 		ldrb	r2, [r0, #65]	@ zero_extendqisi2
ARM GAS  C:\Users\DELL\AppData\Local\Temp\cc1Crmkk.s 			page 6


 141              		.loc 1 147 6 view .LVU43
 142 0006 202A     		cmp	r2, #32
 143 0008 21D1     		bne	.L7
 148:Drivers/STM32H5xx_HAL_Driver/Src/stm32h5xx_hal_i2c_ex.c ****   {
 149:Drivers/STM32H5xx_HAL_Driver/Src/stm32h5xx_hal_i2c_ex.c ****     /* Process Locked */
 150:Drivers/STM32H5xx_HAL_Driver/Src/stm32h5xx_hal_i2c_ex.c ****     __HAL_LOCK(hi2c);
 144              		.loc 1 150 5 is_stmt 1 view .LVU44
 145              		.loc 1 150 5 view .LVU45
 146 000a 90F84020 		ldrb	r2, [r0, #64]	@ zero_extendqisi2
 147 000e 012A     		cmp	r2, #1
 148 0010 1FD0     		beq	.L8
 149              		.loc 1 150 5 discriminator 2 view .LVU46
 150 0012 0122     		movs	r2, #1
 151 0014 80F84020 		strb	r2, [r0, #64]
 152              		.loc 1 150 5 view .LVU47
 151:Drivers/STM32H5xx_HAL_Driver/Src/stm32h5xx_hal_i2c_ex.c **** 
 152:Drivers/STM32H5xx_HAL_Driver/Src/stm32h5xx_hal_i2c_ex.c ****     hi2c->State = HAL_I2C_STATE_BUSY;
 153              		.loc 1 152 5 view .LVU48
 154              		.loc 1 152 17 is_stmt 0 view .LVU49
 155 0018 2422     		movs	r2, #36
 156 001a 80F84120 		strb	r2, [r0, #65]
 153:Drivers/STM32H5xx_HAL_Driver/Src/stm32h5xx_hal_i2c_ex.c **** 
 154:Drivers/STM32H5xx_HAL_Driver/Src/stm32h5xx_hal_i2c_ex.c ****     /* Disable the selected I2C peripheral */
 155:Drivers/STM32H5xx_HAL_Driver/Src/stm32h5xx_hal_i2c_ex.c ****     __HAL_I2C_DISABLE(hi2c);
 157              		.loc 1 155 5 is_stmt 1 view .LVU50
 158 001e 0068     		ldr	r0, [r0]
 159              	.LVL8:
 160              		.loc 1 155 5 is_stmt 0 view .LVU51
 161 0020 0268     		ldr	r2, [r0]
 162 0022 22F00102 		bic	r2, r2, #1
 163 0026 0260     		str	r2, [r0]
 156:Drivers/STM32H5xx_HAL_Driver/Src/stm32h5xx_hal_i2c_ex.c **** 
 157:Drivers/STM32H5xx_HAL_Driver/Src/stm32h5xx_hal_i2c_ex.c ****     /* Get the old register value */
 158:Drivers/STM32H5xx_HAL_Driver/Src/stm32h5xx_hal_i2c_ex.c ****     tmpreg = hi2c->Instance->CR1;
 164              		.loc 1 158 5 is_stmt 1 view .LVU52
 165              		.loc 1 158 18 is_stmt 0 view .LVU53
 166 0028 1868     		ldr	r0, [r3]
 167              		.loc 1 158 12 view .LVU54
 168 002a 0268     		ldr	r2, [r0]
 169              	.LVL9:
 159:Drivers/STM32H5xx_HAL_Driver/Src/stm32h5xx_hal_i2c_ex.c **** 
 160:Drivers/STM32H5xx_HAL_Driver/Src/stm32h5xx_hal_i2c_ex.c ****     /* Reset I2Cx DNF bits [11:8] */
 161:Drivers/STM32H5xx_HAL_Driver/Src/stm32h5xx_hal_i2c_ex.c ****     tmpreg &= ~(I2C_CR1_DNF);
 170              		.loc 1 161 5 is_stmt 1 view .LVU55
 171              		.loc 1 161 12 is_stmt 0 view .LVU56
 172 002c 22F47062 		bic	r2, r2, #3840
 173              	.LVL10:
 162:Drivers/STM32H5xx_HAL_Driver/Src/stm32h5xx_hal_i2c_ex.c **** 
 163:Drivers/STM32H5xx_HAL_Driver/Src/stm32h5xx_hal_i2c_ex.c ****     /* Set I2Cx DNF coefficient */
 164:Drivers/STM32H5xx_HAL_Driver/Src/stm32h5xx_hal_i2c_ex.c ****     tmpreg |= DigitalFilter << 8U;
 174              		.loc 1 164 5 is_stmt 1 view .LVU57
 175              		.loc 1 164 12 is_stmt 0 view .LVU58
 176 0030 42EA0122 		orr	r2, r2, r1, lsl #8
 177              	.LVL11:
 165:Drivers/STM32H5xx_HAL_Driver/Src/stm32h5xx_hal_i2c_ex.c **** 
 166:Drivers/STM32H5xx_HAL_Driver/Src/stm32h5xx_hal_i2c_ex.c ****     /* Store the new register value */
 167:Drivers/STM32H5xx_HAL_Driver/Src/stm32h5xx_hal_i2c_ex.c ****     hi2c->Instance->CR1 = tmpreg;
ARM GAS  C:\Users\DELL\AppData\Local\Temp\cc1Crmkk.s 			page 7


 178              		.loc 1 167 5 is_stmt 1 view .LVU59
 179              		.loc 1 167 25 is_stmt 0 view .LVU60
 180 0034 0260     		str	r2, [r0]
 168:Drivers/STM32H5xx_HAL_Driver/Src/stm32h5xx_hal_i2c_ex.c **** 
 169:Drivers/STM32H5xx_HAL_Driver/Src/stm32h5xx_hal_i2c_ex.c ****     __HAL_I2C_ENABLE(hi2c);
 181              		.loc 1 169 5 is_stmt 1 view .LVU61
 182 0036 1968     		ldr	r1, [r3]
 183              	.LVL12:
 184              		.loc 1 169 5 is_stmt 0 view .LVU62
 185 0038 0A68     		ldr	r2, [r1]
 186              	.LVL13:
 187              		.loc 1 169 5 view .LVU63
 188 003a 42F00102 		orr	r2, r2, #1
 189 003e 0A60     		str	r2, [r1]
 190              	.LVL14:
 170:Drivers/STM32H5xx_HAL_Driver/Src/stm32h5xx_hal_i2c_ex.c **** 
 171:Drivers/STM32H5xx_HAL_Driver/Src/stm32h5xx_hal_i2c_ex.c ****     hi2c->State = HAL_I2C_STATE_READY;
 191              		.loc 1 171 5 is_stmt 1 view .LVU64
 192              		.loc 1 171 17 is_stmt 0 view .LVU65
 193 0040 2022     		movs	r2, #32
 194 0042 83F84120 		strb	r2, [r3, #65]
 172:Drivers/STM32H5xx_HAL_Driver/Src/stm32h5xx_hal_i2c_ex.c **** 
 173:Drivers/STM32H5xx_HAL_Driver/Src/stm32h5xx_hal_i2c_ex.c ****     /* Process Unlocked */
 174:Drivers/STM32H5xx_HAL_Driver/Src/stm32h5xx_hal_i2c_ex.c ****     __HAL_UNLOCK(hi2c);
 195              		.loc 1 174 5 is_stmt 1 view .LVU66
 196              		.loc 1 174 5 view .LVU67
 197 0046 0020     		movs	r0, #0
 198 0048 83F84000 		strb	r0, [r3, #64]
 199              		.loc 1 174 5 view .LVU68
 175:Drivers/STM32H5xx_HAL_Driver/Src/stm32h5xx_hal_i2c_ex.c **** 
 176:Drivers/STM32H5xx_HAL_Driver/Src/stm32h5xx_hal_i2c_ex.c ****     return HAL_OK;
 200              		.loc 1 176 5 view .LVU69
 201              		.loc 1 176 12 is_stmt 0 view .LVU70
 202 004c 7047     		bx	lr
 203              	.LVL15:
 204              	.L7:
 177:Drivers/STM32H5xx_HAL_Driver/Src/stm32h5xx_hal_i2c_ex.c ****   }
 178:Drivers/STM32H5xx_HAL_Driver/Src/stm32h5xx_hal_i2c_ex.c ****   else
 179:Drivers/STM32H5xx_HAL_Driver/Src/stm32h5xx_hal_i2c_ex.c ****   {
 180:Drivers/STM32H5xx_HAL_Driver/Src/stm32h5xx_hal_i2c_ex.c ****     return HAL_BUSY;
 205              		.loc 1 180 12 view .LVU71
 206 004e 0220     		movs	r0, #2
 207              	.LVL16:
 208              		.loc 1 180 12 view .LVU72
 209 0050 7047     		bx	lr
 210              	.LVL17:
 211              	.L8:
 150:Drivers/STM32H5xx_HAL_Driver/Src/stm32h5xx_hal_i2c_ex.c **** 
 212              		.loc 1 150 5 discriminator 1 view .LVU73
 213 0052 0220     		movs	r0, #2
 214              	.LVL18:
 181:Drivers/STM32H5xx_HAL_Driver/Src/stm32h5xx_hal_i2c_ex.c ****   }
 182:Drivers/STM32H5xx_HAL_Driver/Src/stm32h5xx_hal_i2c_ex.c **** }
 215              		.loc 1 182 1 view .LVU74
 216 0054 7047     		bx	lr
 217              		.cfi_endproc
 218              	.LFE298:
ARM GAS  C:\Users\DELL\AppData\Local\Temp\cc1Crmkk.s 			page 8


 220              		.section	.text.HAL_I2CEx_EnableWakeUp,"ax",%progbits
 221              		.align	1
 222              		.global	HAL_I2CEx_EnableWakeUp
 223              		.syntax unified
 224              		.thumb
 225              		.thumb_func
 227              	HAL_I2CEx_EnableWakeUp:
 228              	.LVL19:
 229              	.LFB299:
 183:Drivers/STM32H5xx_HAL_Driver/Src/stm32h5xx_hal_i2c_ex.c **** /**
 184:Drivers/STM32H5xx_HAL_Driver/Src/stm32h5xx_hal_i2c_ex.c ****   * @}
 185:Drivers/STM32H5xx_HAL_Driver/Src/stm32h5xx_hal_i2c_ex.c ****   */
 186:Drivers/STM32H5xx_HAL_Driver/Src/stm32h5xx_hal_i2c_ex.c **** 
 187:Drivers/STM32H5xx_HAL_Driver/Src/stm32h5xx_hal_i2c_ex.c **** /** @defgroup I2CEx_Exported_Functions_Group2 WakeUp Mode Functions
 188:Drivers/STM32H5xx_HAL_Driver/Src/stm32h5xx_hal_i2c_ex.c ****   * @brief    WakeUp Mode Functions
 189:Drivers/STM32H5xx_HAL_Driver/Src/stm32h5xx_hal_i2c_ex.c ****   *
 190:Drivers/STM32H5xx_HAL_Driver/Src/stm32h5xx_hal_i2c_ex.c **** @verbatim
 191:Drivers/STM32H5xx_HAL_Driver/Src/stm32h5xx_hal_i2c_ex.c ****  ===============================================================================
 192:Drivers/STM32H5xx_HAL_Driver/Src/stm32h5xx_hal_i2c_ex.c ****                       ##### WakeUp Mode Functions #####
 193:Drivers/STM32H5xx_HAL_Driver/Src/stm32h5xx_hal_i2c_ex.c ****  ===============================================================================
 194:Drivers/STM32H5xx_HAL_Driver/Src/stm32h5xx_hal_i2c_ex.c ****     [..] This section provides functions allowing to:
 195:Drivers/STM32H5xx_HAL_Driver/Src/stm32h5xx_hal_i2c_ex.c ****       (+) Configure Wake Up Feature
 196:Drivers/STM32H5xx_HAL_Driver/Src/stm32h5xx_hal_i2c_ex.c **** 
 197:Drivers/STM32H5xx_HAL_Driver/Src/stm32h5xx_hal_i2c_ex.c **** @endverbatim
 198:Drivers/STM32H5xx_HAL_Driver/Src/stm32h5xx_hal_i2c_ex.c ****   * @{
 199:Drivers/STM32H5xx_HAL_Driver/Src/stm32h5xx_hal_i2c_ex.c ****   */
 200:Drivers/STM32H5xx_HAL_Driver/Src/stm32h5xx_hal_i2c_ex.c **** 
 201:Drivers/STM32H5xx_HAL_Driver/Src/stm32h5xx_hal_i2c_ex.c **** /**
 202:Drivers/STM32H5xx_HAL_Driver/Src/stm32h5xx_hal_i2c_ex.c ****   * @brief  Enable I2C wakeup from Stop mode(s).
 203:Drivers/STM32H5xx_HAL_Driver/Src/stm32h5xx_hal_i2c_ex.c ****   * @param  hi2c Pointer to a I2C_HandleTypeDef structure that contains
 204:Drivers/STM32H5xx_HAL_Driver/Src/stm32h5xx_hal_i2c_ex.c ****   *                the configuration information for the specified I2Cx peripheral.
 205:Drivers/STM32H5xx_HAL_Driver/Src/stm32h5xx_hal_i2c_ex.c ****   * @retval HAL status
 206:Drivers/STM32H5xx_HAL_Driver/Src/stm32h5xx_hal_i2c_ex.c ****   */
 207:Drivers/STM32H5xx_HAL_Driver/Src/stm32h5xx_hal_i2c_ex.c **** HAL_StatusTypeDef HAL_I2CEx_EnableWakeUp(I2C_HandleTypeDef *hi2c)
 208:Drivers/STM32H5xx_HAL_Driver/Src/stm32h5xx_hal_i2c_ex.c **** {
 230              		.loc 1 208 1 is_stmt 1 view -0
 231              		.cfi_startproc
 232              		@ args = 0, pretend = 0, frame = 0
 233              		@ frame_needed = 0, uses_anonymous_args = 0
 234              		@ link register save eliminated.
 235              		.loc 1 208 1 is_stmt 0 view .LVU76
 236 0000 0346     		mov	r3, r0
 209:Drivers/STM32H5xx_HAL_Driver/Src/stm32h5xx_hal_i2c_ex.c ****   /* Check the parameters */
 210:Drivers/STM32H5xx_HAL_Driver/Src/stm32h5xx_hal_i2c_ex.c ****   assert_param(IS_I2C_WAKEUP_FROMSTOP_INSTANCE(hi2c->Instance));
 237              		.loc 1 210 3 is_stmt 1 view .LVU77
 211:Drivers/STM32H5xx_HAL_Driver/Src/stm32h5xx_hal_i2c_ex.c **** 
 212:Drivers/STM32H5xx_HAL_Driver/Src/stm32h5xx_hal_i2c_ex.c ****   if (hi2c->State == HAL_I2C_STATE_READY)
 238              		.loc 1 212 3 view .LVU78
 239              		.loc 1 212 11 is_stmt 0 view .LVU79
 240 0002 90F84120 		ldrb	r2, [r0, #65]	@ zero_extendqisi2
 241              		.loc 1 212 6 view .LVU80
 242 0006 202A     		cmp	r2, #32
 243 0008 1FD1     		bne	.L11
 213:Drivers/STM32H5xx_HAL_Driver/Src/stm32h5xx_hal_i2c_ex.c ****   {
 214:Drivers/STM32H5xx_HAL_Driver/Src/stm32h5xx_hal_i2c_ex.c ****     /* Process Locked */
 215:Drivers/STM32H5xx_HAL_Driver/Src/stm32h5xx_hal_i2c_ex.c ****     __HAL_LOCK(hi2c);
 244              		.loc 1 215 5 is_stmt 1 view .LVU81
ARM GAS  C:\Users\DELL\AppData\Local\Temp\cc1Crmkk.s 			page 9


 245              		.loc 1 215 5 view .LVU82
 246 000a 90F84020 		ldrb	r2, [r0, #64]	@ zero_extendqisi2
 247 000e 012A     		cmp	r2, #1
 248 0010 1DD0     		beq	.L12
 249              		.loc 1 215 5 discriminator 2 view .LVU83
 250 0012 0122     		movs	r2, #1
 251 0014 80F84020 		strb	r2, [r0, #64]
 252              		.loc 1 215 5 view .LVU84
 216:Drivers/STM32H5xx_HAL_Driver/Src/stm32h5xx_hal_i2c_ex.c **** 
 217:Drivers/STM32H5xx_HAL_Driver/Src/stm32h5xx_hal_i2c_ex.c ****     hi2c->State = HAL_I2C_STATE_BUSY;
 253              		.loc 1 217 5 view .LVU85
 254              		.loc 1 217 17 is_stmt 0 view .LVU86
 255 0018 2422     		movs	r2, #36
 256 001a 80F84120 		strb	r2, [r0, #65]
 218:Drivers/STM32H5xx_HAL_Driver/Src/stm32h5xx_hal_i2c_ex.c **** 
 219:Drivers/STM32H5xx_HAL_Driver/Src/stm32h5xx_hal_i2c_ex.c ****     /* Disable the selected I2C peripheral */
 220:Drivers/STM32H5xx_HAL_Driver/Src/stm32h5xx_hal_i2c_ex.c ****     __HAL_I2C_DISABLE(hi2c);
 257              		.loc 1 220 5 is_stmt 1 view .LVU87
 258 001e 0168     		ldr	r1, [r0]
 259 0020 0A68     		ldr	r2, [r1]
 260 0022 22F00102 		bic	r2, r2, #1
 261 0026 0A60     		str	r2, [r1]
 221:Drivers/STM32H5xx_HAL_Driver/Src/stm32h5xx_hal_i2c_ex.c **** 
 222:Drivers/STM32H5xx_HAL_Driver/Src/stm32h5xx_hal_i2c_ex.c ****     /* Enable wakeup from stop mode */
 223:Drivers/STM32H5xx_HAL_Driver/Src/stm32h5xx_hal_i2c_ex.c ****     hi2c->Instance->CR1 |= I2C_CR1_WUPEN;
 262              		.loc 1 223 5 view .LVU88
 263              		.loc 1 223 9 is_stmt 0 view .LVU89
 264 0028 0168     		ldr	r1, [r0]
 265              		.loc 1 223 19 view .LVU90
 266 002a 0A68     		ldr	r2, [r1]
 267              		.loc 1 223 25 view .LVU91
 268 002c 42F48022 		orr	r2, r2, #262144
 269 0030 0A60     		str	r2, [r1]
 224:Drivers/STM32H5xx_HAL_Driver/Src/stm32h5xx_hal_i2c_ex.c **** 
 225:Drivers/STM32H5xx_HAL_Driver/Src/stm32h5xx_hal_i2c_ex.c ****     __HAL_I2C_ENABLE(hi2c);
 270              		.loc 1 225 5 is_stmt 1 view .LVU92
 271 0032 0168     		ldr	r1, [r0]
 272 0034 0A68     		ldr	r2, [r1]
 273 0036 42F00102 		orr	r2, r2, #1
 274 003a 0A60     		str	r2, [r1]
 226:Drivers/STM32H5xx_HAL_Driver/Src/stm32h5xx_hal_i2c_ex.c **** 
 227:Drivers/STM32H5xx_HAL_Driver/Src/stm32h5xx_hal_i2c_ex.c ****     hi2c->State = HAL_I2C_STATE_READY;
 275              		.loc 1 227 5 view .LVU93
 276              		.loc 1 227 17 is_stmt 0 view .LVU94
 277 003c 2022     		movs	r2, #32
 278 003e 80F84120 		strb	r2, [r0, #65]
 228:Drivers/STM32H5xx_HAL_Driver/Src/stm32h5xx_hal_i2c_ex.c **** 
 229:Drivers/STM32H5xx_HAL_Driver/Src/stm32h5xx_hal_i2c_ex.c ****     /* Process Unlocked */
 230:Drivers/STM32H5xx_HAL_Driver/Src/stm32h5xx_hal_i2c_ex.c ****     __HAL_UNLOCK(hi2c);
 279              		.loc 1 230 5 is_stmt 1 view .LVU95
 280              		.loc 1 230 5 view .LVU96
 281 0042 0020     		movs	r0, #0
 282              	.LVL20:
 283              		.loc 1 230 5 is_stmt 0 view .LVU97
 284 0044 83F84000 		strb	r0, [r3, #64]
 285              		.loc 1 230 5 is_stmt 1 view .LVU98
 231:Drivers/STM32H5xx_HAL_Driver/Src/stm32h5xx_hal_i2c_ex.c **** 
ARM GAS  C:\Users\DELL\AppData\Local\Temp\cc1Crmkk.s 			page 10


 232:Drivers/STM32H5xx_HAL_Driver/Src/stm32h5xx_hal_i2c_ex.c ****     return HAL_OK;
 286              		.loc 1 232 5 view .LVU99
 287              		.loc 1 232 12 is_stmt 0 view .LVU100
 288 0048 7047     		bx	lr
 289              	.LVL21:
 290              	.L11:
 233:Drivers/STM32H5xx_HAL_Driver/Src/stm32h5xx_hal_i2c_ex.c ****   }
 234:Drivers/STM32H5xx_HAL_Driver/Src/stm32h5xx_hal_i2c_ex.c ****   else
 235:Drivers/STM32H5xx_HAL_Driver/Src/stm32h5xx_hal_i2c_ex.c ****   {
 236:Drivers/STM32H5xx_HAL_Driver/Src/stm32h5xx_hal_i2c_ex.c ****     return HAL_BUSY;
 291              		.loc 1 236 12 view .LVU101
 292 004a 0220     		movs	r0, #2
 293              	.LVL22:
 294              		.loc 1 236 12 view .LVU102
 295 004c 7047     		bx	lr
 296              	.LVL23:
 297              	.L12:
 215:Drivers/STM32H5xx_HAL_Driver/Src/stm32h5xx_hal_i2c_ex.c **** 
 298              		.loc 1 215 5 discriminator 1 view .LVU103
 299 004e 0220     		movs	r0, #2
 300              	.LVL24:
 237:Drivers/STM32H5xx_HAL_Driver/Src/stm32h5xx_hal_i2c_ex.c ****   }
 238:Drivers/STM32H5xx_HAL_Driver/Src/stm32h5xx_hal_i2c_ex.c **** }
 301              		.loc 1 238 1 view .LVU104
 302 0050 7047     		bx	lr
 303              		.cfi_endproc
 304              	.LFE299:
 306              		.section	.text.HAL_I2CEx_DisableWakeUp,"ax",%progbits
 307              		.align	1
 308              		.global	HAL_I2CEx_DisableWakeUp
 309              		.syntax unified
 310              		.thumb
 311              		.thumb_func
 313              	HAL_I2CEx_DisableWakeUp:
 314              	.LVL25:
 315              	.LFB300:
 239:Drivers/STM32H5xx_HAL_Driver/Src/stm32h5xx_hal_i2c_ex.c **** 
 240:Drivers/STM32H5xx_HAL_Driver/Src/stm32h5xx_hal_i2c_ex.c **** /**
 241:Drivers/STM32H5xx_HAL_Driver/Src/stm32h5xx_hal_i2c_ex.c ****   * @brief  Disable I2C wakeup from Stop mode(s).
 242:Drivers/STM32H5xx_HAL_Driver/Src/stm32h5xx_hal_i2c_ex.c ****   * @param  hi2c Pointer to a I2C_HandleTypeDef structure that contains
 243:Drivers/STM32H5xx_HAL_Driver/Src/stm32h5xx_hal_i2c_ex.c ****   *                the configuration information for the specified I2Cx peripheral.
 244:Drivers/STM32H5xx_HAL_Driver/Src/stm32h5xx_hal_i2c_ex.c ****   * @retval HAL status
 245:Drivers/STM32H5xx_HAL_Driver/Src/stm32h5xx_hal_i2c_ex.c ****   */
 246:Drivers/STM32H5xx_HAL_Driver/Src/stm32h5xx_hal_i2c_ex.c **** HAL_StatusTypeDef HAL_I2CEx_DisableWakeUp(I2C_HandleTypeDef *hi2c)
 247:Drivers/STM32H5xx_HAL_Driver/Src/stm32h5xx_hal_i2c_ex.c **** {
 316              		.loc 1 247 1 is_stmt 1 view -0
 317              		.cfi_startproc
 318              		@ args = 0, pretend = 0, frame = 0
 319              		@ frame_needed = 0, uses_anonymous_args = 0
 320              		@ link register save eliminated.
 321              		.loc 1 247 1 is_stmt 0 view .LVU106
 322 0000 0346     		mov	r3, r0
 248:Drivers/STM32H5xx_HAL_Driver/Src/stm32h5xx_hal_i2c_ex.c ****   /* Check the parameters */
 249:Drivers/STM32H5xx_HAL_Driver/Src/stm32h5xx_hal_i2c_ex.c ****   assert_param(IS_I2C_WAKEUP_FROMSTOP_INSTANCE(hi2c->Instance));
 323              		.loc 1 249 3 is_stmt 1 view .LVU107
 250:Drivers/STM32H5xx_HAL_Driver/Src/stm32h5xx_hal_i2c_ex.c **** 
 251:Drivers/STM32H5xx_HAL_Driver/Src/stm32h5xx_hal_i2c_ex.c ****   if (hi2c->State == HAL_I2C_STATE_READY)
ARM GAS  C:\Users\DELL\AppData\Local\Temp\cc1Crmkk.s 			page 11


 324              		.loc 1 251 3 view .LVU108
 325              		.loc 1 251 11 is_stmt 0 view .LVU109
 326 0002 90F84120 		ldrb	r2, [r0, #65]	@ zero_extendqisi2
 327              		.loc 1 251 6 view .LVU110
 328 0006 202A     		cmp	r2, #32
 329 0008 1FD1     		bne	.L15
 252:Drivers/STM32H5xx_HAL_Driver/Src/stm32h5xx_hal_i2c_ex.c ****   {
 253:Drivers/STM32H5xx_HAL_Driver/Src/stm32h5xx_hal_i2c_ex.c ****     /* Process Locked */
 254:Drivers/STM32H5xx_HAL_Driver/Src/stm32h5xx_hal_i2c_ex.c ****     __HAL_LOCK(hi2c);
 330              		.loc 1 254 5 is_stmt 1 view .LVU111
 331              		.loc 1 254 5 view .LVU112
 332 000a 90F84020 		ldrb	r2, [r0, #64]	@ zero_extendqisi2
 333 000e 012A     		cmp	r2, #1
 334 0010 1DD0     		beq	.L16
 335              		.loc 1 254 5 discriminator 2 view .LVU113
 336 0012 0122     		movs	r2, #1
 337 0014 80F84020 		strb	r2, [r0, #64]
 338              		.loc 1 254 5 view .LVU114
 255:Drivers/STM32H5xx_HAL_Driver/Src/stm32h5xx_hal_i2c_ex.c **** 
 256:Drivers/STM32H5xx_HAL_Driver/Src/stm32h5xx_hal_i2c_ex.c ****     hi2c->State = HAL_I2C_STATE_BUSY;
 339              		.loc 1 256 5 view .LVU115
 340              		.loc 1 256 17 is_stmt 0 view .LVU116
 341 0018 2422     		movs	r2, #36
 342 001a 80F84120 		strb	r2, [r0, #65]
 257:Drivers/STM32H5xx_HAL_Driver/Src/stm32h5xx_hal_i2c_ex.c **** 
 258:Drivers/STM32H5xx_HAL_Driver/Src/stm32h5xx_hal_i2c_ex.c ****     /* Disable the selected I2C peripheral */
 259:Drivers/STM32H5xx_HAL_Driver/Src/stm32h5xx_hal_i2c_ex.c ****     __HAL_I2C_DISABLE(hi2c);
 343              		.loc 1 259 5 is_stmt 1 view .LVU117
 344 001e 0168     		ldr	r1, [r0]
 345 0020 0A68     		ldr	r2, [r1]
 346 0022 22F00102 		bic	r2, r2, #1
 347 0026 0A60     		str	r2, [r1]
 260:Drivers/STM32H5xx_HAL_Driver/Src/stm32h5xx_hal_i2c_ex.c **** 
 261:Drivers/STM32H5xx_HAL_Driver/Src/stm32h5xx_hal_i2c_ex.c ****     /* Enable wakeup from stop mode */
 262:Drivers/STM32H5xx_HAL_Driver/Src/stm32h5xx_hal_i2c_ex.c ****     hi2c->Instance->CR1 &= ~(I2C_CR1_WUPEN);
 348              		.loc 1 262 5 view .LVU118
 349              		.loc 1 262 9 is_stmt 0 view .LVU119
 350 0028 0168     		ldr	r1, [r0]
 351              		.loc 1 262 19 view .LVU120
 352 002a 0A68     		ldr	r2, [r1]
 353              		.loc 1 262 25 view .LVU121
 354 002c 22F48022 		bic	r2, r2, #262144
 355 0030 0A60     		str	r2, [r1]
 263:Drivers/STM32H5xx_HAL_Driver/Src/stm32h5xx_hal_i2c_ex.c **** 
 264:Drivers/STM32H5xx_HAL_Driver/Src/stm32h5xx_hal_i2c_ex.c ****     __HAL_I2C_ENABLE(hi2c);
 356              		.loc 1 264 5 is_stmt 1 view .LVU122
 357 0032 0168     		ldr	r1, [r0]
 358 0034 0A68     		ldr	r2, [r1]
 359 0036 42F00102 		orr	r2, r2, #1
 360 003a 0A60     		str	r2, [r1]
 265:Drivers/STM32H5xx_HAL_Driver/Src/stm32h5xx_hal_i2c_ex.c **** 
 266:Drivers/STM32H5xx_HAL_Driver/Src/stm32h5xx_hal_i2c_ex.c ****     hi2c->State = HAL_I2C_STATE_READY;
 361              		.loc 1 266 5 view .LVU123
 362              		.loc 1 266 17 is_stmt 0 view .LVU124
 363 003c 2022     		movs	r2, #32
 364 003e 80F84120 		strb	r2, [r0, #65]
 267:Drivers/STM32H5xx_HAL_Driver/Src/stm32h5xx_hal_i2c_ex.c **** 
ARM GAS  C:\Users\DELL\AppData\Local\Temp\cc1Crmkk.s 			page 12


 268:Drivers/STM32H5xx_HAL_Driver/Src/stm32h5xx_hal_i2c_ex.c ****     /* Process Unlocked */
 269:Drivers/STM32H5xx_HAL_Driver/Src/stm32h5xx_hal_i2c_ex.c ****     __HAL_UNLOCK(hi2c);
 365              		.loc 1 269 5 is_stmt 1 view .LVU125
 366              		.loc 1 269 5 view .LVU126
 367 0042 0020     		movs	r0, #0
 368              	.LVL26:
 369              		.loc 1 269 5 is_stmt 0 view .LVU127
 370 0044 83F84000 		strb	r0, [r3, #64]
 371              		.loc 1 269 5 is_stmt 1 view .LVU128
 270:Drivers/STM32H5xx_HAL_Driver/Src/stm32h5xx_hal_i2c_ex.c **** 
 271:Drivers/STM32H5xx_HAL_Driver/Src/stm32h5xx_hal_i2c_ex.c ****     return HAL_OK;
 372              		.loc 1 271 5 view .LVU129
 373              		.loc 1 271 12 is_stmt 0 view .LVU130
 374 0048 7047     		bx	lr
 375              	.LVL27:
 376              	.L15:
 272:Drivers/STM32H5xx_HAL_Driver/Src/stm32h5xx_hal_i2c_ex.c ****   }
 273:Drivers/STM32H5xx_HAL_Driver/Src/stm32h5xx_hal_i2c_ex.c ****   else
 274:Drivers/STM32H5xx_HAL_Driver/Src/stm32h5xx_hal_i2c_ex.c ****   {
 275:Drivers/STM32H5xx_HAL_Driver/Src/stm32h5xx_hal_i2c_ex.c ****     return HAL_BUSY;
 377              		.loc 1 275 12 view .LVU131
 378 004a 0220     		movs	r0, #2
 379              	.LVL28:
 380              		.loc 1 275 12 view .LVU132
 381 004c 7047     		bx	lr
 382              	.LVL29:
 383              	.L16:
 254:Drivers/STM32H5xx_HAL_Driver/Src/stm32h5xx_hal_i2c_ex.c **** 
 384              		.loc 1 254 5 discriminator 1 view .LVU133
 385 004e 0220     		movs	r0, #2
 386              	.LVL30:
 276:Drivers/STM32H5xx_HAL_Driver/Src/stm32h5xx_hal_i2c_ex.c ****   }
 277:Drivers/STM32H5xx_HAL_Driver/Src/stm32h5xx_hal_i2c_ex.c **** }
 387              		.loc 1 277 1 view .LVU134
 388 0050 7047     		bx	lr
 389              		.cfi_endproc
 390              	.LFE300:
 392              		.section	.text.HAL_I2CEx_ConfigFastModePlus,"ax",%progbits
 393              		.align	1
 394              		.global	HAL_I2CEx_ConfigFastModePlus
 395              		.syntax unified
 396              		.thumb
 397              		.thumb_func
 399              	HAL_I2CEx_ConfigFastModePlus:
 400              	.LVL31:
 401              	.LFB301:
 278:Drivers/STM32H5xx_HAL_Driver/Src/stm32h5xx_hal_i2c_ex.c **** /**
 279:Drivers/STM32H5xx_HAL_Driver/Src/stm32h5xx_hal_i2c_ex.c ****   * @}
 280:Drivers/STM32H5xx_HAL_Driver/Src/stm32h5xx_hal_i2c_ex.c ****   */
 281:Drivers/STM32H5xx_HAL_Driver/Src/stm32h5xx_hal_i2c_ex.c **** 
 282:Drivers/STM32H5xx_HAL_Driver/Src/stm32h5xx_hal_i2c_ex.c **** /** @defgroup I2CEx_Exported_Functions_Group3 Fast Mode Plus Functions
 283:Drivers/STM32H5xx_HAL_Driver/Src/stm32h5xx_hal_i2c_ex.c ****   * @brief    Fast Mode Plus Functions
 284:Drivers/STM32H5xx_HAL_Driver/Src/stm32h5xx_hal_i2c_ex.c ****   *
 285:Drivers/STM32H5xx_HAL_Driver/Src/stm32h5xx_hal_i2c_ex.c **** @verbatim
 286:Drivers/STM32H5xx_HAL_Driver/Src/stm32h5xx_hal_i2c_ex.c ****  ===============================================================================
 287:Drivers/STM32H5xx_HAL_Driver/Src/stm32h5xx_hal_i2c_ex.c ****                       ##### Fast Mode Plus Functions #####
 288:Drivers/STM32H5xx_HAL_Driver/Src/stm32h5xx_hal_i2c_ex.c ****  ===============================================================================
ARM GAS  C:\Users\DELL\AppData\Local\Temp\cc1Crmkk.s 			page 13


 289:Drivers/STM32H5xx_HAL_Driver/Src/stm32h5xx_hal_i2c_ex.c ****     [..] This section provides functions allowing to:
 290:Drivers/STM32H5xx_HAL_Driver/Src/stm32h5xx_hal_i2c_ex.c ****       (+) Configure Fast Mode Plus
 291:Drivers/STM32H5xx_HAL_Driver/Src/stm32h5xx_hal_i2c_ex.c **** 
 292:Drivers/STM32H5xx_HAL_Driver/Src/stm32h5xx_hal_i2c_ex.c **** @endverbatim
 293:Drivers/STM32H5xx_HAL_Driver/Src/stm32h5xx_hal_i2c_ex.c ****   * @{
 294:Drivers/STM32H5xx_HAL_Driver/Src/stm32h5xx_hal_i2c_ex.c ****   */
 295:Drivers/STM32H5xx_HAL_Driver/Src/stm32h5xx_hal_i2c_ex.c **** 
 296:Drivers/STM32H5xx_HAL_Driver/Src/stm32h5xx_hal_i2c_ex.c **** /**
 297:Drivers/STM32H5xx_HAL_Driver/Src/stm32h5xx_hal_i2c_ex.c ****   * @brief  Configure I2C Fast Mode Plus.
 298:Drivers/STM32H5xx_HAL_Driver/Src/stm32h5xx_hal_i2c_ex.c ****   * @param  hi2c Pointer to a I2C_HandleTypeDef structure that contains
 299:Drivers/STM32H5xx_HAL_Driver/Src/stm32h5xx_hal_i2c_ex.c ****   *                the configuration information for the specified I2Cx peripheral.
 300:Drivers/STM32H5xx_HAL_Driver/Src/stm32h5xx_hal_i2c_ex.c ****   * @param  FastModePlus New state of the Fast Mode Plus.
 301:Drivers/STM32H5xx_HAL_Driver/Src/stm32h5xx_hal_i2c_ex.c ****   * @retval HAL status
 302:Drivers/STM32H5xx_HAL_Driver/Src/stm32h5xx_hal_i2c_ex.c ****   */
 303:Drivers/STM32H5xx_HAL_Driver/Src/stm32h5xx_hal_i2c_ex.c **** HAL_StatusTypeDef HAL_I2CEx_ConfigFastModePlus(I2C_HandleTypeDef *hi2c, uint32_t FastModePlus)
 304:Drivers/STM32H5xx_HAL_Driver/Src/stm32h5xx_hal_i2c_ex.c **** {
 402              		.loc 1 304 1 is_stmt 1 view -0
 403              		.cfi_startproc
 404              		@ args = 0, pretend = 0, frame = 0
 405              		@ frame_needed = 0, uses_anonymous_args = 0
 406              		@ link register save eliminated.
 407              		.loc 1 304 1 is_stmt 0 view .LVU136
 408 0000 0346     		mov	r3, r0
 305:Drivers/STM32H5xx_HAL_Driver/Src/stm32h5xx_hal_i2c_ex.c ****   /* Check the parameters */
 306:Drivers/STM32H5xx_HAL_Driver/Src/stm32h5xx_hal_i2c_ex.c ****   assert_param(IS_I2C_ALL_INSTANCE(hi2c->Instance));
 409              		.loc 1 306 3 is_stmt 1 view .LVU137
 307:Drivers/STM32H5xx_HAL_Driver/Src/stm32h5xx_hal_i2c_ex.c ****   assert_param(IS_I2C_FASTMODEPLUS(FastModePlus));
 410              		.loc 1 307 3 view .LVU138
 308:Drivers/STM32H5xx_HAL_Driver/Src/stm32h5xx_hal_i2c_ex.c **** 
 309:Drivers/STM32H5xx_HAL_Driver/Src/stm32h5xx_hal_i2c_ex.c ****   if (hi2c->State == HAL_I2C_STATE_READY)
 411              		.loc 1 309 3 view .LVU139
 412              		.loc 1 309 11 is_stmt 0 view .LVU140
 413 0002 90F84120 		ldrb	r2, [r0, #65]	@ zero_extendqisi2
 414              		.loc 1 309 6 view .LVU141
 415 0006 202A     		cmp	r2, #32
 416 0008 26D1     		bne	.L21
 310:Drivers/STM32H5xx_HAL_Driver/Src/stm32h5xx_hal_i2c_ex.c ****   {
 311:Drivers/STM32H5xx_HAL_Driver/Src/stm32h5xx_hal_i2c_ex.c ****     /* Process Locked */
 312:Drivers/STM32H5xx_HAL_Driver/Src/stm32h5xx_hal_i2c_ex.c ****     __HAL_LOCK(hi2c);
 417              		.loc 1 312 5 is_stmt 1 view .LVU142
 418              		.loc 1 312 5 view .LVU143
 419 000a 90F84020 		ldrb	r2, [r0, #64]	@ zero_extendqisi2
 420 000e 012A     		cmp	r2, #1
 421 0010 24D0     		beq	.L22
 422              		.loc 1 312 5 discriminator 2 view .LVU144
 423 0012 0122     		movs	r2, #1
 424 0014 80F84020 		strb	r2, [r0, #64]
 425              		.loc 1 312 5 view .LVU145
 313:Drivers/STM32H5xx_HAL_Driver/Src/stm32h5xx_hal_i2c_ex.c **** 
 314:Drivers/STM32H5xx_HAL_Driver/Src/stm32h5xx_hal_i2c_ex.c ****     hi2c->State = HAL_I2C_STATE_BUSY;
 426              		.loc 1 314 5 view .LVU146
 427              		.loc 1 314 17 is_stmt 0 view .LVU147
 428 0018 2422     		movs	r2, #36
 429 001a 80F84120 		strb	r2, [r0, #65]
 315:Drivers/STM32H5xx_HAL_Driver/Src/stm32h5xx_hal_i2c_ex.c **** 
 316:Drivers/STM32H5xx_HAL_Driver/Src/stm32h5xx_hal_i2c_ex.c ****     /* Disable the selected I2C peripheral */
 317:Drivers/STM32H5xx_HAL_Driver/Src/stm32h5xx_hal_i2c_ex.c ****     __HAL_I2C_DISABLE(hi2c);
ARM GAS  C:\Users\DELL\AppData\Local\Temp\cc1Crmkk.s 			page 14


 430              		.loc 1 317 5 is_stmt 1 view .LVU148
 431 001e 0068     		ldr	r0, [r0]
 432              	.LVL32:
 433              		.loc 1 317 5 is_stmt 0 view .LVU149
 434 0020 0268     		ldr	r2, [r0]
 435 0022 22F00102 		bic	r2, r2, #1
 436 0026 0260     		str	r2, [r0]
 318:Drivers/STM32H5xx_HAL_Driver/Src/stm32h5xx_hal_i2c_ex.c **** 
 319:Drivers/STM32H5xx_HAL_Driver/Src/stm32h5xx_hal_i2c_ex.c ****     if (FastModePlus == I2C_FASTMODEPLUS_ENABLE)
 437              		.loc 1 319 5 is_stmt 1 view .LVU150
 438              		.loc 1 319 8 is_stmt 0 view .LVU151
 439 0028 81B9     		cbnz	r1, .L19
 320:Drivers/STM32H5xx_HAL_Driver/Src/stm32h5xx_hal_i2c_ex.c ****     {
 321:Drivers/STM32H5xx_HAL_Driver/Src/stm32h5xx_hal_i2c_ex.c ****       /* Set I2Cx FMP bit */
 322:Drivers/STM32H5xx_HAL_Driver/Src/stm32h5xx_hal_i2c_ex.c ****       hi2c->Instance->CR1 |= (I2C_CR1_FMP);
 440              		.loc 1 322 7 is_stmt 1 view .LVU152
 441              		.loc 1 322 11 is_stmt 0 view .LVU153
 442 002a 1968     		ldr	r1, [r3]
 443              	.LVL33:
 444              		.loc 1 322 21 view .LVU154
 445 002c 0A68     		ldr	r2, [r1]
 446              		.loc 1 322 27 view .LVU155
 447 002e 42F08072 		orr	r2, r2, #16777216
 448 0032 0A60     		str	r2, [r1]
 449              	.L20:
 323:Drivers/STM32H5xx_HAL_Driver/Src/stm32h5xx_hal_i2c_ex.c ****     }
 324:Drivers/STM32H5xx_HAL_Driver/Src/stm32h5xx_hal_i2c_ex.c ****     else
 325:Drivers/STM32H5xx_HAL_Driver/Src/stm32h5xx_hal_i2c_ex.c ****     {
 326:Drivers/STM32H5xx_HAL_Driver/Src/stm32h5xx_hal_i2c_ex.c ****       /* Reset I2Cx FMP bit */
 327:Drivers/STM32H5xx_HAL_Driver/Src/stm32h5xx_hal_i2c_ex.c ****       hi2c->Instance->CR1 &= ~(I2C_CR1_FMP);
 328:Drivers/STM32H5xx_HAL_Driver/Src/stm32h5xx_hal_i2c_ex.c ****     }
 329:Drivers/STM32H5xx_HAL_Driver/Src/stm32h5xx_hal_i2c_ex.c **** 
 330:Drivers/STM32H5xx_HAL_Driver/Src/stm32h5xx_hal_i2c_ex.c ****     __HAL_I2C_ENABLE(hi2c);
 450              		.loc 1 330 5 is_stmt 1 view .LVU156
 451 0034 1968     		ldr	r1, [r3]
 452 0036 0A68     		ldr	r2, [r1]
 453 0038 42F00102 		orr	r2, r2, #1
 454 003c 0A60     		str	r2, [r1]
 331:Drivers/STM32H5xx_HAL_Driver/Src/stm32h5xx_hal_i2c_ex.c **** 
 332:Drivers/STM32H5xx_HAL_Driver/Src/stm32h5xx_hal_i2c_ex.c ****     hi2c->State = HAL_I2C_STATE_READY;
 455              		.loc 1 332 5 view .LVU157
 456              		.loc 1 332 17 is_stmt 0 view .LVU158
 457 003e 2022     		movs	r2, #32
 458 0040 83F84120 		strb	r2, [r3, #65]
 333:Drivers/STM32H5xx_HAL_Driver/Src/stm32h5xx_hal_i2c_ex.c **** 
 334:Drivers/STM32H5xx_HAL_Driver/Src/stm32h5xx_hal_i2c_ex.c ****     /* Process Unlocked */
 335:Drivers/STM32H5xx_HAL_Driver/Src/stm32h5xx_hal_i2c_ex.c ****     __HAL_UNLOCK(hi2c);
 459              		.loc 1 335 5 is_stmt 1 view .LVU159
 460              		.loc 1 335 5 view .LVU160
 461 0044 0020     		movs	r0, #0
 462 0046 83F84000 		strb	r0, [r3, #64]
 463              		.loc 1 335 5 view .LVU161
 336:Drivers/STM32H5xx_HAL_Driver/Src/stm32h5xx_hal_i2c_ex.c **** 
 337:Drivers/STM32H5xx_HAL_Driver/Src/stm32h5xx_hal_i2c_ex.c ****     return HAL_OK;
 464              		.loc 1 337 5 view .LVU162
 465              		.loc 1 337 12 is_stmt 0 view .LVU163
 466 004a 7047     		bx	lr
ARM GAS  C:\Users\DELL\AppData\Local\Temp\cc1Crmkk.s 			page 15


 467              	.LVL34:
 468              	.L19:
 327:Drivers/STM32H5xx_HAL_Driver/Src/stm32h5xx_hal_i2c_ex.c ****     }
 469              		.loc 1 327 7 is_stmt 1 view .LVU164
 327:Drivers/STM32H5xx_HAL_Driver/Src/stm32h5xx_hal_i2c_ex.c ****     }
 470              		.loc 1 327 11 is_stmt 0 view .LVU165
 471 004c 1968     		ldr	r1, [r3]
 472              	.LVL35:
 327:Drivers/STM32H5xx_HAL_Driver/Src/stm32h5xx_hal_i2c_ex.c ****     }
 473              		.loc 1 327 21 view .LVU166
 474 004e 0A68     		ldr	r2, [r1]
 327:Drivers/STM32H5xx_HAL_Driver/Src/stm32h5xx_hal_i2c_ex.c ****     }
 475              		.loc 1 327 27 view .LVU167
 476 0050 22F08072 		bic	r2, r2, #16777216
 477 0054 0A60     		str	r2, [r1]
 478 0056 EDE7     		b	.L20
 479              	.LVL36:
 480              	.L21:
 338:Drivers/STM32H5xx_HAL_Driver/Src/stm32h5xx_hal_i2c_ex.c ****   }
 339:Drivers/STM32H5xx_HAL_Driver/Src/stm32h5xx_hal_i2c_ex.c ****   else
 340:Drivers/STM32H5xx_HAL_Driver/Src/stm32h5xx_hal_i2c_ex.c ****   {
 341:Drivers/STM32H5xx_HAL_Driver/Src/stm32h5xx_hal_i2c_ex.c ****     return HAL_BUSY;
 481              		.loc 1 341 12 view .LVU168
 482 0058 0220     		movs	r0, #2
 483              	.LVL37:
 484              		.loc 1 341 12 view .LVU169
 485 005a 7047     		bx	lr
 486              	.LVL38:
 487              	.L22:
 312:Drivers/STM32H5xx_HAL_Driver/Src/stm32h5xx_hal_i2c_ex.c **** 
 488              		.loc 1 312 5 discriminator 1 view .LVU170
 489 005c 0220     		movs	r0, #2
 490              	.LVL39:
 342:Drivers/STM32H5xx_HAL_Driver/Src/stm32h5xx_hal_i2c_ex.c ****   }
 343:Drivers/STM32H5xx_HAL_Driver/Src/stm32h5xx_hal_i2c_ex.c **** }
 491              		.loc 1 343 1 view .LVU171
 492 005e 7047     		bx	lr
 493              		.cfi_endproc
 494              	.LFE301:
 496              		.text
 497              	.Letext0:
 498              		.file 2 "D:\\stm32cubeclt\\STM32CubeCLT_1.21.0\\GNU-tools-for-STM32\\bin\\../lib/gcc/arm-none-eabi
 499              		.file 3 "D:\\stm32cubeclt\\STM32CubeCLT_1.21.0\\GNU-tools-for-STM32\\bin\\../lib/gcc/arm-none-eabi
 500              		.file 4 "Drivers/CMSIS/Device/ST/STM32H5xx/Include/stm32h563xx.h"
 501              		.file 5 "Drivers/STM32H5xx_HAL_Driver/Inc/stm32h5xx_hal_def.h"
 502              		.file 6 "Drivers/STM32H5xx_HAL_Driver/Inc/stm32h5xx_hal_dma.h"
 503              		.file 7 "Drivers/STM32H5xx_HAL_Driver/Inc/stm32h5xx_hal_dma_ex.h"
 504              		.file 8 "Drivers/STM32H5xx_HAL_Driver/Inc/stm32h5xx_hal_i2c.h"
 505              		.file 9 "Drivers/STM32H5xx_HAL_Driver/Inc/stm32h5xx_ll_lptim.h"
ARM GAS  C:\Users\DELL\AppData\Local\Temp\cc1Crmkk.s 			page 16


DEFINED SYMBOLS
                            *ABS*:00000000 stm32h5xx_hal_i2c_ex.c
C:\Users\DELL\AppData\Local\Temp\cc1Crmkk.s:22     .text.HAL_I2CEx_ConfigAnalogFilter:00000000 $t
C:\Users\DELL\AppData\Local\Temp\cc1Crmkk.s:28     .text.HAL_I2CEx_ConfigAnalogFilter:00000000 HAL_I2CEx_ConfigAnalogFilter
C:\Users\DELL\AppData\Local\Temp\cc1Crmkk.s:119    .text.HAL_I2CEx_ConfigDigitalFilter:00000000 $t
C:\Users\DELL\AppData\Local\Temp\cc1Crmkk.s:125    .text.HAL_I2CEx_ConfigDigitalFilter:00000000 HAL_I2CEx_ConfigDigitalFilter
C:\Users\DELL\AppData\Local\Temp\cc1Crmkk.s:221    .text.HAL_I2CEx_EnableWakeUp:00000000 $t
C:\Users\DELL\AppData\Local\Temp\cc1Crmkk.s:227    .text.HAL_I2CEx_EnableWakeUp:00000000 HAL_I2CEx_EnableWakeUp
C:\Users\DELL\AppData\Local\Temp\cc1Crmkk.s:307    .text.HAL_I2CEx_DisableWakeUp:00000000 $t
C:\Users\DELL\AppData\Local\Temp\cc1Crmkk.s:313    .text.HAL_I2CEx_DisableWakeUp:00000000 HAL_I2CEx_DisableWakeUp
C:\Users\DELL\AppData\Local\Temp\cc1Crmkk.s:393    .text.HAL_I2CEx_ConfigFastModePlus:00000000 $t
C:\Users\DELL\AppData\Local\Temp\cc1Crmkk.s:399    .text.HAL_I2CEx_ConfigFastModePlus:00000000 HAL_I2CEx_ConfigFastModePlus

NO UNDEFINED SYMBOLS
