ARM GAS  C:\Users\DELL\AppData\Local\Temp\ccucYuQ7.s 			page 1


   1              		.cpu cortex-m33
   2              		.arch armv8-m.main
   3              		.fpu fpv5-sp-d16
   4              		.arch_extension dsp
   5              		.eabi_attribute 27, 1
   6              		.eabi_attribute 28, 1
   7              		.eabi_attribute 20, 1
   8              		.eabi_attribute 21, 1
   9              		.eabi_attribute 23, 3
  10              		.eabi_attribute 24, 1
  11              		.eabi_attribute 25, 1
  12              		.eabi_attribute 26, 1
  13              		.eabi_attribute 30, 1
  14              		.eabi_attribute 34, 1
  15              		.eabi_attribute 18, 4
  16              		.file	"stm32h5xx_hal_msp.c"
  17              		.text
  18              	.Ltext0:
  19              		.cfi_sections	.debug_frame
  20              		.file 1 "Core/Src/stm32h5xx_hal_msp.c"
  21              		.section	.text.HAL_MspInit,"ax",%progbits
  22              		.align	1
  23              		.global	HAL_MspInit
  24              		.syntax unified
  25              		.thumb
  26              		.thumb_func
  28              	HAL_MspInit:
  29              	.LFB297:
   1:Core/Src/stm32h5xx_hal_msp.c **** /* USER CODE BEGIN Header */
   2:Core/Src/stm32h5xx_hal_msp.c **** /**
   3:Core/Src/stm32h5xx_hal_msp.c ****   ******************************************************************************
   4:Core/Src/stm32h5xx_hal_msp.c ****   * @file         stm32h5xx_hal_msp.c
   5:Core/Src/stm32h5xx_hal_msp.c ****   * @brief        This file provides code for the MSP Initialization
   6:Core/Src/stm32h5xx_hal_msp.c ****   *               and de-Initialization codes.
   7:Core/Src/stm32h5xx_hal_msp.c ****   ******************************************************************************
   8:Core/Src/stm32h5xx_hal_msp.c ****   * @attention
   9:Core/Src/stm32h5xx_hal_msp.c ****   *
  10:Core/Src/stm32h5xx_hal_msp.c ****   * Copyright (c) 2026 STMicroelectronics.
  11:Core/Src/stm32h5xx_hal_msp.c ****   * All rights reserved.
  12:Core/Src/stm32h5xx_hal_msp.c ****   *
  13:Core/Src/stm32h5xx_hal_msp.c ****   * This software is licensed under terms that can be found in the LICENSE file
  14:Core/Src/stm32h5xx_hal_msp.c ****   * in the root directory of this software component.
  15:Core/Src/stm32h5xx_hal_msp.c ****   * If no LICENSE file comes with this software, it is provided AS-IS.
  16:Core/Src/stm32h5xx_hal_msp.c ****   *
  17:Core/Src/stm32h5xx_hal_msp.c ****   ******************************************************************************
  18:Core/Src/stm32h5xx_hal_msp.c ****   */
  19:Core/Src/stm32h5xx_hal_msp.c **** /* USER CODE END Header */
  20:Core/Src/stm32h5xx_hal_msp.c **** 
  21:Core/Src/stm32h5xx_hal_msp.c **** /* Includes ------------------------------------------------------------------*/
  22:Core/Src/stm32h5xx_hal_msp.c **** #include "main.h"
  23:Core/Src/stm32h5xx_hal_msp.c **** /* USER CODE BEGIN Includes */
  24:Core/Src/stm32h5xx_hal_msp.c **** 
  25:Core/Src/stm32h5xx_hal_msp.c **** /* USER CODE END Includes */
  26:Core/Src/stm32h5xx_hal_msp.c **** 
  27:Core/Src/stm32h5xx_hal_msp.c **** /* Private typedef -----------------------------------------------------------*/
  28:Core/Src/stm32h5xx_hal_msp.c **** /* USER CODE BEGIN TD */
  29:Core/Src/stm32h5xx_hal_msp.c **** 
ARM GAS  C:\Users\DELL\AppData\Local\Temp\ccucYuQ7.s 			page 2


  30:Core/Src/stm32h5xx_hal_msp.c **** /* USER CODE END TD */
  31:Core/Src/stm32h5xx_hal_msp.c **** 
  32:Core/Src/stm32h5xx_hal_msp.c **** /* Private define ------------------------------------------------------------*/
  33:Core/Src/stm32h5xx_hal_msp.c **** /* USER CODE BEGIN Define */
  34:Core/Src/stm32h5xx_hal_msp.c **** 
  35:Core/Src/stm32h5xx_hal_msp.c **** /* USER CODE END Define */
  36:Core/Src/stm32h5xx_hal_msp.c **** 
  37:Core/Src/stm32h5xx_hal_msp.c **** /* Private macro -------------------------------------------------------------*/
  38:Core/Src/stm32h5xx_hal_msp.c **** /* USER CODE BEGIN Macro */
  39:Core/Src/stm32h5xx_hal_msp.c **** 
  40:Core/Src/stm32h5xx_hal_msp.c **** /* USER CODE END Macro */
  41:Core/Src/stm32h5xx_hal_msp.c **** 
  42:Core/Src/stm32h5xx_hal_msp.c **** /* Private variables ---------------------------------------------------------*/
  43:Core/Src/stm32h5xx_hal_msp.c **** /* USER CODE BEGIN PV */
  44:Core/Src/stm32h5xx_hal_msp.c **** 
  45:Core/Src/stm32h5xx_hal_msp.c **** /* USER CODE END PV */
  46:Core/Src/stm32h5xx_hal_msp.c **** 
  47:Core/Src/stm32h5xx_hal_msp.c **** /* Private function prototypes -----------------------------------------------*/
  48:Core/Src/stm32h5xx_hal_msp.c **** /* USER CODE BEGIN PFP */
  49:Core/Src/stm32h5xx_hal_msp.c **** 
  50:Core/Src/stm32h5xx_hal_msp.c **** /* USER CODE END PFP */
  51:Core/Src/stm32h5xx_hal_msp.c **** 
  52:Core/Src/stm32h5xx_hal_msp.c **** /* External functions --------------------------------------------------------*/
  53:Core/Src/stm32h5xx_hal_msp.c **** /* USER CODE BEGIN ExternalFunctions */
  54:Core/Src/stm32h5xx_hal_msp.c **** 
  55:Core/Src/stm32h5xx_hal_msp.c **** /* USER CODE END ExternalFunctions */
  56:Core/Src/stm32h5xx_hal_msp.c **** 
  57:Core/Src/stm32h5xx_hal_msp.c **** /* USER CODE BEGIN 0 */
  58:Core/Src/stm32h5xx_hal_msp.c **** 
  59:Core/Src/stm32h5xx_hal_msp.c **** /* USER CODE END 0 */
  60:Core/Src/stm32h5xx_hal_msp.c **** /**
  61:Core/Src/stm32h5xx_hal_msp.c ****   * Initializes the Global MSP.
  62:Core/Src/stm32h5xx_hal_msp.c ****   */
  63:Core/Src/stm32h5xx_hal_msp.c **** void HAL_MspInit(void)
  64:Core/Src/stm32h5xx_hal_msp.c **** {
  30              		.loc 1 64 1 view -0
  31              		.cfi_startproc
  32              		@ args = 0, pretend = 0, frame = 0
  33              		@ frame_needed = 0, uses_anonymous_args = 0
  34              		@ link register save eliminated.
  65:Core/Src/stm32h5xx_hal_msp.c **** 
  66:Core/Src/stm32h5xx_hal_msp.c ****   /* USER CODE BEGIN MspInit 0 */
  67:Core/Src/stm32h5xx_hal_msp.c **** 
  68:Core/Src/stm32h5xx_hal_msp.c ****   /* USER CODE END MspInit 0 */
  69:Core/Src/stm32h5xx_hal_msp.c **** 
  70:Core/Src/stm32h5xx_hal_msp.c ****   /* System interrupt init*/
  71:Core/Src/stm32h5xx_hal_msp.c **** 
  72:Core/Src/stm32h5xx_hal_msp.c ****   /* USER CODE BEGIN MspInit 1 */
  73:Core/Src/stm32h5xx_hal_msp.c **** 
  74:Core/Src/stm32h5xx_hal_msp.c ****   /* USER CODE END MspInit 1 */
  75:Core/Src/stm32h5xx_hal_msp.c **** }
  35              		.loc 1 75 1 view .LVU1
  36 0000 7047     		bx	lr
  37              		.cfi_endproc
  38              	.LFE297:
  40              		.text
  41              	.Letext0:
ARM GAS  C:\Users\DELL\AppData\Local\Temp\ccucYuQ7.s 			page 3


  42              		.file 2 "D:\\stm32cubeclt\\STM32CubeCLT_1.21.0\\GNU-tools-for-STM32\\bin\\../lib/gcc/arm-none-eabi
  43              		.file 3 "D:\\stm32cubeclt\\STM32CubeCLT_1.21.0\\GNU-tools-for-STM32\\bin\\../lib/gcc/arm-none-eabi
  44              		.file 4 "Drivers/STM32H5xx_HAL_Driver/Inc/stm32h5xx_ll_lptim.h"
ARM GAS  C:\Users\DELL\AppData\Local\Temp\ccucYuQ7.s 			page 4


DEFINED SYMBOLS
                            *ABS*:00000000 stm32h5xx_hal_msp.c
C:\Users\DELL\AppData\Local\Temp\ccucYuQ7.s:22     .text.HAL_MspInit:00000000 $t
C:\Users\DELL\AppData\Local\Temp\ccucYuQ7.s:28     .text.HAL_MspInit:00000000 HAL_MspInit

NO UNDEFINED SYMBOLS
