ARM GAS  C:\Users\DELL\AppData\Local\Temp\ccGN1ZBx.s 			page 1


   1              		.cpu cortex-m33
   2              		.arch armv8-m.main
   3              		.fpu fpv5-sp-d16
   4              		.arch_extension dsp
   5              		.eabi_attribute 27, 1
   6              		.eabi_attribute 28, 1
   7              		.eabi_attribute 20, 1
   8              		.eabi_attribute 21, 1
   9              		.eabi_attribute 23, 3
  10              		.eabi_attribute 24, 1
  11              		.eabi_attribute 25, 1
  12              		.eabi_attribute 26, 1
  13              		.eabi_attribute 30, 1
  14              		.eabi_attribute 34, 1
  15              		.eabi_attribute 18, 4
  16              		.file	"stm32h5xx_hal_spi_ex.c"
  17              		.text
  18              	.Ltext0:
  19              		.cfi_sections	.debug_frame
  20              		.file 1 "Drivers/STM32H5xx_HAL_Driver/Src/stm32h5xx_hal_spi_ex.c"
  21              		.section	.text.HAL_SPIEx_FlushRxFifo,"ax",%progbits
  22              		.align	1
  23              		.global	HAL_SPIEx_FlushRxFifo
  24              		.syntax unified
  25              		.thumb
  26              		.thumb_func
  28              	HAL_SPIEx_FlushRxFifo:
  29              	.LVL0:
  30              	.LFB297:
   1:Drivers/STM32H5xx_HAL_Driver/Src/stm32h5xx_hal_spi_ex.c **** /**
   2:Drivers/STM32H5xx_HAL_Driver/Src/stm32h5xx_hal_spi_ex.c ****   ******************************************************************************
   3:Drivers/STM32H5xx_HAL_Driver/Src/stm32h5xx_hal_spi_ex.c ****   * @file    stm32h5xx_hal_spi_ex.c
   4:Drivers/STM32H5xx_HAL_Driver/Src/stm32h5xx_hal_spi_ex.c ****   * @author  MCD Application Team
   5:Drivers/STM32H5xx_HAL_Driver/Src/stm32h5xx_hal_spi_ex.c ****   * @brief   Extended SPI HAL module driver.
   6:Drivers/STM32H5xx_HAL_Driver/Src/stm32h5xx_hal_spi_ex.c ****   *          This file provides firmware functions to manage the following
   7:Drivers/STM32H5xx_HAL_Driver/Src/stm32h5xx_hal_spi_ex.c ****   *          SPI peripheral extended functionalities :
   8:Drivers/STM32H5xx_HAL_Driver/Src/stm32h5xx_hal_spi_ex.c ****   *           + IO operation functions
   9:Drivers/STM32H5xx_HAL_Driver/Src/stm32h5xx_hal_spi_ex.c ****   *           + Peripheral Control functions
  10:Drivers/STM32H5xx_HAL_Driver/Src/stm32h5xx_hal_spi_ex.c ****   *
  11:Drivers/STM32H5xx_HAL_Driver/Src/stm32h5xx_hal_spi_ex.c ****   ******************************************************************************
  12:Drivers/STM32H5xx_HAL_Driver/Src/stm32h5xx_hal_spi_ex.c ****   * @attention
  13:Drivers/STM32H5xx_HAL_Driver/Src/stm32h5xx_hal_spi_ex.c ****   *
  14:Drivers/STM32H5xx_HAL_Driver/Src/stm32h5xx_hal_spi_ex.c ****   * Copyright (c) 2023 STMicroelectronics.
  15:Drivers/STM32H5xx_HAL_Driver/Src/stm32h5xx_hal_spi_ex.c ****   * All rights reserved.
  16:Drivers/STM32H5xx_HAL_Driver/Src/stm32h5xx_hal_spi_ex.c ****   *
  17:Drivers/STM32H5xx_HAL_Driver/Src/stm32h5xx_hal_spi_ex.c ****   * This software is licensed under terms that can be found in the LICENSE file
  18:Drivers/STM32H5xx_HAL_Driver/Src/stm32h5xx_hal_spi_ex.c ****   * in the root directory of this software component.
  19:Drivers/STM32H5xx_HAL_Driver/Src/stm32h5xx_hal_spi_ex.c ****   * If no LICENSE file comes with this software, it is provided AS-IS.
  20:Drivers/STM32H5xx_HAL_Driver/Src/stm32h5xx_hal_spi_ex.c ****   *
  21:Drivers/STM32H5xx_HAL_Driver/Src/stm32h5xx_hal_spi_ex.c ****   ******************************************************************************
  22:Drivers/STM32H5xx_HAL_Driver/Src/stm32h5xx_hal_spi_ex.c ****   */
  23:Drivers/STM32H5xx_HAL_Driver/Src/stm32h5xx_hal_spi_ex.c **** 
  24:Drivers/STM32H5xx_HAL_Driver/Src/stm32h5xx_hal_spi_ex.c **** /* Includes ------------------------------------------------------------------*/
  25:Drivers/STM32H5xx_HAL_Driver/Src/stm32h5xx_hal_spi_ex.c **** #include "stm32h5xx_hal.h"
  26:Drivers/STM32H5xx_HAL_Driver/Src/stm32h5xx_hal_spi_ex.c **** 
  27:Drivers/STM32H5xx_HAL_Driver/Src/stm32h5xx_hal_spi_ex.c **** /** @addtogroup STM32H5xx_HAL_Driver
  28:Drivers/STM32H5xx_HAL_Driver/Src/stm32h5xx_hal_spi_ex.c ****   * @{
ARM GAS  C:\Users\DELL\AppData\Local\Temp\ccGN1ZBx.s 			page 2


  29:Drivers/STM32H5xx_HAL_Driver/Src/stm32h5xx_hal_spi_ex.c ****   */
  30:Drivers/STM32H5xx_HAL_Driver/Src/stm32h5xx_hal_spi_ex.c **** 
  31:Drivers/STM32H5xx_HAL_Driver/Src/stm32h5xx_hal_spi_ex.c **** /** @defgroup SPIEx SPIEx
  32:Drivers/STM32H5xx_HAL_Driver/Src/stm32h5xx_hal_spi_ex.c ****   * @brief SPI Extended HAL module driver
  33:Drivers/STM32H5xx_HAL_Driver/Src/stm32h5xx_hal_spi_ex.c ****   * @{
  34:Drivers/STM32H5xx_HAL_Driver/Src/stm32h5xx_hal_spi_ex.c ****   */
  35:Drivers/STM32H5xx_HAL_Driver/Src/stm32h5xx_hal_spi_ex.c **** #ifdef HAL_SPI_MODULE_ENABLED
  36:Drivers/STM32H5xx_HAL_Driver/Src/stm32h5xx_hal_spi_ex.c **** 
  37:Drivers/STM32H5xx_HAL_Driver/Src/stm32h5xx_hal_spi_ex.c **** /* Private typedef -----------------------------------------------------------*/
  38:Drivers/STM32H5xx_HAL_Driver/Src/stm32h5xx_hal_spi_ex.c **** /* Private defines -----------------------------------------------------------*/
  39:Drivers/STM32H5xx_HAL_Driver/Src/stm32h5xx_hal_spi_ex.c **** /* Private macros ------------------------------------------------------------*/
  40:Drivers/STM32H5xx_HAL_Driver/Src/stm32h5xx_hal_spi_ex.c **** /* Private variables ---------------------------------------------------------*/
  41:Drivers/STM32H5xx_HAL_Driver/Src/stm32h5xx_hal_spi_ex.c **** /* Private function prototypes -----------------------------------------------*/
  42:Drivers/STM32H5xx_HAL_Driver/Src/stm32h5xx_hal_spi_ex.c **** /* Exported functions --------------------------------------------------------*/
  43:Drivers/STM32H5xx_HAL_Driver/Src/stm32h5xx_hal_spi_ex.c **** 
  44:Drivers/STM32H5xx_HAL_Driver/Src/stm32h5xx_hal_spi_ex.c **** /** @defgroup SPIEx_Exported_Functions SPIEx Exported Functions
  45:Drivers/STM32H5xx_HAL_Driver/Src/stm32h5xx_hal_spi_ex.c ****   * @{
  46:Drivers/STM32H5xx_HAL_Driver/Src/stm32h5xx_hal_spi_ex.c ****   */
  47:Drivers/STM32H5xx_HAL_Driver/Src/stm32h5xx_hal_spi_ex.c **** 
  48:Drivers/STM32H5xx_HAL_Driver/Src/stm32h5xx_hal_spi_ex.c **** /** @defgroup SPIEx_Exported_Functions_Group1 IO operation functions
  49:Drivers/STM32H5xx_HAL_Driver/Src/stm32h5xx_hal_spi_ex.c ****   *  @brief   Data transfers functions
  50:Drivers/STM32H5xx_HAL_Driver/Src/stm32h5xx_hal_spi_ex.c ****   *
  51:Drivers/STM32H5xx_HAL_Driver/Src/stm32h5xx_hal_spi_ex.c **** @verbatim
  52:Drivers/STM32H5xx_HAL_Driver/Src/stm32h5xx_hal_spi_ex.c ****   ==============================================================================
  53:Drivers/STM32H5xx_HAL_Driver/Src/stm32h5xx_hal_spi_ex.c ****                       ##### IO operation functions #####
  54:Drivers/STM32H5xx_HAL_Driver/Src/stm32h5xx_hal_spi_ex.c ****  ===============================================================================
  55:Drivers/STM32H5xx_HAL_Driver/Src/stm32h5xx_hal_spi_ex.c ****  [..]
  56:Drivers/STM32H5xx_HAL_Driver/Src/stm32h5xx_hal_spi_ex.c ****     This subsection provides a set of extended functions to manage the SPI
  57:Drivers/STM32H5xx_HAL_Driver/Src/stm32h5xx_hal_spi_ex.c ****     data transfers.
  58:Drivers/STM32H5xx_HAL_Driver/Src/stm32h5xx_hal_spi_ex.c **** 
  59:Drivers/STM32H5xx_HAL_Driver/Src/stm32h5xx_hal_spi_ex.c ****     (#) SPIEx function:
  60:Drivers/STM32H5xx_HAL_Driver/Src/stm32h5xx_hal_spi_ex.c ****         (++) HAL_SPIEx_FlushRxFifo()
  61:Drivers/STM32H5xx_HAL_Driver/Src/stm32h5xx_hal_spi_ex.c ****         (++) HAL_SPIEx_EnableLockConfiguration()
  62:Drivers/STM32H5xx_HAL_Driver/Src/stm32h5xx_hal_spi_ex.c ****         (++) HAL_SPIEx_ConfigureUnderrun()
  63:Drivers/STM32H5xx_HAL_Driver/Src/stm32h5xx_hal_spi_ex.c **** 
  64:Drivers/STM32H5xx_HAL_Driver/Src/stm32h5xx_hal_spi_ex.c **** @endverbatim
  65:Drivers/STM32H5xx_HAL_Driver/Src/stm32h5xx_hal_spi_ex.c ****   * @{
  66:Drivers/STM32H5xx_HAL_Driver/Src/stm32h5xx_hal_spi_ex.c ****   */
  67:Drivers/STM32H5xx_HAL_Driver/Src/stm32h5xx_hal_spi_ex.c **** 
  68:Drivers/STM32H5xx_HAL_Driver/Src/stm32h5xx_hal_spi_ex.c **** /**
  69:Drivers/STM32H5xx_HAL_Driver/Src/stm32h5xx_hal_spi_ex.c ****   * @brief Flush the RX fifo.
  70:Drivers/STM32H5xx_HAL_Driver/Src/stm32h5xx_hal_spi_ex.c ****   * @param  hspi: pointer to a SPI_HandleTypeDef structure that contains
  71:Drivers/STM32H5xx_HAL_Driver/Src/stm32h5xx_hal_spi_ex.c ****   *               the configuration information for the specified SPI module.
  72:Drivers/STM32H5xx_HAL_Driver/Src/stm32h5xx_hal_spi_ex.c ****   * @retval HAL status
  73:Drivers/STM32H5xx_HAL_Driver/Src/stm32h5xx_hal_spi_ex.c ****   */
  74:Drivers/STM32H5xx_HAL_Driver/Src/stm32h5xx_hal_spi_ex.c **** HAL_StatusTypeDef HAL_SPIEx_FlushRxFifo(const SPI_HandleTypeDef *hspi)
  75:Drivers/STM32H5xx_HAL_Driver/Src/stm32h5xx_hal_spi_ex.c **** {
  31              		.loc 1 75 1 view -0
  32              		.cfi_startproc
  33              		@ args = 0, pretend = 0, frame = 8
  34              		@ frame_needed = 0, uses_anonymous_args = 0
  35              		@ link register save eliminated.
  76:Drivers/STM32H5xx_HAL_Driver/Src/stm32h5xx_hal_spi_ex.c ****   uint8_t  count  = 0;
  36              		.loc 1 76 3 view .LVU1
  77:Drivers/STM32H5xx_HAL_Driver/Src/stm32h5xx_hal_spi_ex.c ****   uint32_t itflag = hspi->Instance->SR;
  37              		.loc 1 77 3 view .LVU2
  38              		.loc 1 77 25 is_stmt 0 view .LVU3
ARM GAS  C:\Users\DELL\AppData\Local\Temp\ccGN1ZBx.s 			page 3


  39 0000 0368     		ldr	r3, [r0]
  40              		.loc 1 77 12 view .LVU4
  41 0002 5869     		ldr	r0, [r3, #20]
  42              	.LVL1:
  78:Drivers/STM32H5xx_HAL_Driver/Src/stm32h5xx_hal_spi_ex.c ****   __IO uint32_t tmpreg;
  43              		.loc 1 78 3 is_stmt 1 view .LVU5
  79:Drivers/STM32H5xx_HAL_Driver/Src/stm32h5xx_hal_spi_ex.c **** 
  80:Drivers/STM32H5xx_HAL_Driver/Src/stm32h5xx_hal_spi_ex.c ****   while (((hspi->Instance->SR & SPI_FLAG_FRLVL) !=  SPI_RX_FIFO_0PACKET) || ((itflag & SPI_FLAG_RXW
  44              		.loc 1 80 3 view .LVU6
  76:Drivers/STM32H5xx_HAL_Driver/Src/stm32h5xx_hal_spi_ex.c ****   uint32_t itflag = hspi->Instance->SR;
  45              		.loc 1 76 12 is_stmt 0 view .LVU7
  46 0004 0022     		movs	r2, #0
  47              	.LVL2:
  48              		.loc 1 80 74 is_stmt 1 view .LVU8
  49              		.loc 1 80 26 is_stmt 0 view .LVU9
  50 0006 5969     		ldr	r1, [r3, #20]
  51              		.loc 1 80 74 view .LVU10
  52 0008 11F4C04F 		tst	r1, #24576
  53 000c 02D1     		bne	.L13
  54              		.loc 1 80 74 discriminator 1 view .LVU11
  55 000e 10F4004F 		tst	r0, #32768
  56 0012 2CD0     		beq	.L14
  57              	.L13:
  75:Drivers/STM32H5xx_HAL_Driver/Src/stm32h5xx_hal_spi_ex.c ****   uint8_t  count  = 0;
  58              		.loc 1 75 1 view .LVU12
  59 0014 82B0     		sub	sp, sp, #8
  60              	.LCFI0:
  61              		.cfi_def_cfa_offset 8
  62              	.L6:
  81:Drivers/STM32H5xx_HAL_Driver/Src/stm32h5xx_hal_spi_ex.c ****   {
  82:Drivers/STM32H5xx_HAL_Driver/Src/stm32h5xx_hal_spi_ex.c ****     count += (uint8_t)4UL;
  63              		.loc 1 82 5 is_stmt 1 view .LVU13
  64              		.loc 1 82 11 is_stmt 0 view .LVU14
  65 0016 0432     		adds	r2, r2, #4
  66              	.LVL3:
  67              		.loc 1 82 11 view .LVU15
  68 0018 D2B2     		uxtb	r2, r2
  69              	.LVL4:
  83:Drivers/STM32H5xx_HAL_Driver/Src/stm32h5xx_hal_spi_ex.c ****     tmpreg = hspi->Instance->RXDR;
  70              		.loc 1 83 5 is_stmt 1 view .LVU16
  71              		.loc 1 83 28 is_stmt 0 view .LVU17
  72 001a 196B     		ldr	r1, [r3, #48]
  73              		.loc 1 83 12 view .LVU18
  74 001c 0191     		str	r1, [sp, #4]
  84:Drivers/STM32H5xx_HAL_Driver/Src/stm32h5xx_hal_spi_ex.c ****     UNUSED(tmpreg); /* To avoid GCC warning */
  75              		.loc 1 84 5 is_stmt 1 view .LVU19
  76 001e 0199     		ldr	r1, [sp, #4]
  85:Drivers/STM32H5xx_HAL_Driver/Src/stm32h5xx_hal_spi_ex.c **** 
  86:Drivers/STM32H5xx_HAL_Driver/Src/stm32h5xx_hal_spi_ex.c ****     if (IS_SPI_FULL_INSTANCE(hspi->Instance))
  77              		.loc 1 86 5 view .LVU20
  78              		.loc 1 86 8 is_stmt 0 view .LVU21
  79 0020 1449     		ldr	r1, .L16
  80 0022 8B42     		cmp	r3, r1
  81 0024 15D0     		beq	.L3
  82              		.loc 1 86 9 discriminator 1 view .LVU22
  83 0026 01F18051 		add	r1, r1, #268435456
  84 002a 8B42     		cmp	r3, r1
ARM GAS  C:\Users\DELL\AppData\Local\Temp\ccGN1ZBx.s 			page 4


  85 002c 11D0     		beq	.L3
  86              		.loc 1 86 9 discriminator 2 view .LVU23
  87 002e 1249     		ldr	r1, .L16+4
  88 0030 8B42     		cmp	r3, r1
  89 0032 0ED0     		beq	.L3
  90              		.loc 1 86 9 discriminator 3 view .LVU24
  91 0034 01F18051 		add	r1, r1, #268435456
  92 0038 8B42     		cmp	r3, r1
  93 003a 0AD0     		beq	.L3
  94              		.loc 1 86 9 discriminator 4 view .LVU25
  95 003c 0F49     		ldr	r1, .L16+8
  96 003e 8B42     		cmp	r3, r1
  97 0040 07D0     		beq	.L3
  98              		.loc 1 86 9 discriminator 5 view .LVU26
  99 0042 01F18051 		add	r1, r1, #268435456
 100 0046 8B42     		cmp	r3, r1
 101 0048 03D0     		beq	.L3
  87:Drivers/STM32H5xx_HAL_Driver/Src/stm32h5xx_hal_spi_ex.c ****     {
  88:Drivers/STM32H5xx_HAL_Driver/Src/stm32h5xx_hal_spi_ex.c ****       if (count > SPI_HIGHEND_FIFO_SIZE)
  89:Drivers/STM32H5xx_HAL_Driver/Src/stm32h5xx_hal_spi_ex.c ****       {
  90:Drivers/STM32H5xx_HAL_Driver/Src/stm32h5xx_hal_spi_ex.c ****         return HAL_TIMEOUT;
  91:Drivers/STM32H5xx_HAL_Driver/Src/stm32h5xx_hal_spi_ex.c ****       }
  92:Drivers/STM32H5xx_HAL_Driver/Src/stm32h5xx_hal_spi_ex.c ****     }
  93:Drivers/STM32H5xx_HAL_Driver/Src/stm32h5xx_hal_spi_ex.c ****     else
  94:Drivers/STM32H5xx_HAL_Driver/Src/stm32h5xx_hal_spi_ex.c ****     {
  95:Drivers/STM32H5xx_HAL_Driver/Src/stm32h5xx_hal_spi_ex.c ****       if (count > SPI_LOWEND_FIFO_SIZE)
 102              		.loc 1 95 7 is_stmt 1 view .LVU27
 103              		.loc 1 95 10 is_stmt 0 view .LVU28
 104 004a 082A     		cmp	r2, #8
 105 004c 03D9     		bls	.L2
  96:Drivers/STM32H5xx_HAL_Driver/Src/stm32h5xx_hal_spi_ex.c ****       {
  97:Drivers/STM32H5xx_HAL_Driver/Src/stm32h5xx_hal_spi_ex.c ****         return HAL_TIMEOUT;
 106              		.loc 1 97 16 view .LVU29
 107 004e 0320     		movs	r0, #3
 108              	.LVL5:
 109              		.loc 1 97 16 view .LVU30
 110 0050 0BE0     		b	.L5
 111              	.LVL6:
 112              	.L3:
  88:Drivers/STM32H5xx_HAL_Driver/Src/stm32h5xx_hal_spi_ex.c ****       {
 113              		.loc 1 88 7 is_stmt 1 view .LVU31
  88:Drivers/STM32H5xx_HAL_Driver/Src/stm32h5xx_hal_spi_ex.c ****       {
 114              		.loc 1 88 10 is_stmt 0 view .LVU32
 115 0052 102A     		cmp	r2, #16
 116 0054 08D8     		bhi	.L15
 117              	.L2:
  80:Drivers/STM32H5xx_HAL_Driver/Src/stm32h5xx_hal_spi_ex.c ****   {
 118              		.loc 1 80 74 is_stmt 1 view .LVU33
  80:Drivers/STM32H5xx_HAL_Driver/Src/stm32h5xx_hal_spi_ex.c ****   {
 119              		.loc 1 80 26 is_stmt 0 view .LVU34
 120 0056 5969     		ldr	r1, [r3, #20]
  80:Drivers/STM32H5xx_HAL_Driver/Src/stm32h5xx_hal_spi_ex.c ****   {
 121              		.loc 1 80 74 view .LVU35
 122 0058 11F4C04F 		tst	r1, #24576
 123 005c DBD1     		bne	.L6
  80:Drivers/STM32H5xx_HAL_Driver/Src/stm32h5xx_hal_spi_ex.c ****   {
 124              		.loc 1 80 74 discriminator 1 view .LVU36
ARM GAS  C:\Users\DELL\AppData\Local\Temp\ccGN1ZBx.s 			page 5


 125 005e 10F4004F 		tst	r0, #32768
 126 0062 D8D1     		bne	.L6
  98:Drivers/STM32H5xx_HAL_Driver/Src/stm32h5xx_hal_spi_ex.c ****       }
  99:Drivers/STM32H5xx_HAL_Driver/Src/stm32h5xx_hal_spi_ex.c ****     }
 100:Drivers/STM32H5xx_HAL_Driver/Src/stm32h5xx_hal_spi_ex.c ****   }
 101:Drivers/STM32H5xx_HAL_Driver/Src/stm32h5xx_hal_spi_ex.c ****   return HAL_OK;
 127              		.loc 1 101 10 view .LVU37
 128 0064 0020     		movs	r0, #0
 129              	.LVL7:
 130              		.loc 1 101 10 view .LVU38
 131 0066 00E0     		b	.L5
 132              	.LVL8:
 133              	.L15:
  90:Drivers/STM32H5xx_HAL_Driver/Src/stm32h5xx_hal_spi_ex.c ****       }
 134              		.loc 1 90 16 view .LVU39
 135 0068 0320     		movs	r0, #3
 136              	.LVL9:
 137              	.L5:
 102:Drivers/STM32H5xx_HAL_Driver/Src/stm32h5xx_hal_spi_ex.c **** }
 138              		.loc 1 102 1 view .LVU40
 139 006a 02B0     		add	sp, sp, #8
 140              	.LCFI1:
 141              		.cfi_def_cfa_offset 0
 142              		@ sp needed
 143 006c 7047     		bx	lr
 144              	.LVL10:
 145              	.L14:
 101:Drivers/STM32H5xx_HAL_Driver/Src/stm32h5xx_hal_spi_ex.c **** }
 146              		.loc 1 101 10 view .LVU41
 147 006e 0020     		movs	r0, #0
 148              	.LVL11:
 149              		.loc 1 102 1 view .LVU42
 150 0070 7047     		bx	lr
 151              	.L17:
 152 0072 00BF     		.align	2
 153              	.L16:
 154 0074 00300140 		.word	1073819648
 155 0078 00380040 		.word	1073756160
 156 007c 003C0040 		.word	1073757184
 157              		.cfi_endproc
 158              	.LFE297:
 160              		.section	.text.HAL_SPIEx_EnableLockConfiguration,"ax",%progbits
 161              		.align	1
 162              		.global	HAL_SPIEx_EnableLockConfiguration
 163              		.syntax unified
 164              		.thumb
 165              		.thumb_func
 167              	HAL_SPIEx_EnableLockConfiguration:
 168              	.LVL12:
 169              	.LFB298:
 103:Drivers/STM32H5xx_HAL_Driver/Src/stm32h5xx_hal_spi_ex.c **** 
 104:Drivers/STM32H5xx_HAL_Driver/Src/stm32h5xx_hal_spi_ex.c **** 
 105:Drivers/STM32H5xx_HAL_Driver/Src/stm32h5xx_hal_spi_ex.c **** /**
 106:Drivers/STM32H5xx_HAL_Driver/Src/stm32h5xx_hal_spi_ex.c ****   * @brief  Enable the Lock for the AF configuration of associated IOs
 107:Drivers/STM32H5xx_HAL_Driver/Src/stm32h5xx_hal_spi_ex.c ****   *         and write protect the Content of Configuration register 2
 108:Drivers/STM32H5xx_HAL_Driver/Src/stm32h5xx_hal_spi_ex.c ****   *         when SPI is enabled
 109:Drivers/STM32H5xx_HAL_Driver/Src/stm32h5xx_hal_spi_ex.c ****   * @param  hspi: pointer to a SPI_HandleTypeDef structure that contains
ARM GAS  C:\Users\DELL\AppData\Local\Temp\ccGN1ZBx.s 			page 6


 110:Drivers/STM32H5xx_HAL_Driver/Src/stm32h5xx_hal_spi_ex.c ****   *               the configuration information for SPI module.
 111:Drivers/STM32H5xx_HAL_Driver/Src/stm32h5xx_hal_spi_ex.c ****   * @retval None
 112:Drivers/STM32H5xx_HAL_Driver/Src/stm32h5xx_hal_spi_ex.c ****   */
 113:Drivers/STM32H5xx_HAL_Driver/Src/stm32h5xx_hal_spi_ex.c **** HAL_StatusTypeDef HAL_SPIEx_EnableLockConfiguration(SPI_HandleTypeDef *hspi)
 114:Drivers/STM32H5xx_HAL_Driver/Src/stm32h5xx_hal_spi_ex.c **** {
 170              		.loc 1 114 1 is_stmt 1 view -0
 171              		.cfi_startproc
 172              		@ args = 0, pretend = 0, frame = 0
 173              		@ frame_needed = 0, uses_anonymous_args = 0
 174              		@ link register save eliminated.
 175              		.loc 1 114 1 is_stmt 0 view .LVU44
 176 0000 0346     		mov	r3, r0
 115:Drivers/STM32H5xx_HAL_Driver/Src/stm32h5xx_hal_spi_ex.c ****   HAL_StatusTypeDef errorcode = HAL_OK;
 177              		.loc 1 115 3 is_stmt 1 view .LVU45
 178              	.LVL13:
 116:Drivers/STM32H5xx_HAL_Driver/Src/stm32h5xx_hal_spi_ex.c **** 
 117:Drivers/STM32H5xx_HAL_Driver/Src/stm32h5xx_hal_spi_ex.c ****   /* Process Locked */
 118:Drivers/STM32H5xx_HAL_Driver/Src/stm32h5xx_hal_spi_ex.c ****   __HAL_LOCK(hspi);
 179              		.loc 1 118 3 view .LVU46
 180              		.loc 1 118 3 view .LVU47
 181 0002 90F88820 		ldrb	r2, [r0, #136]	@ zero_extendqisi2
 182 0006 012A     		cmp	r2, #1
 183 0008 2DD0     		beq	.L23
 184              		.loc 1 118 3 discriminator 2 view .LVU48
 185 000a 0122     		movs	r2, #1
 186 000c 80F88820 		strb	r2, [r0, #136]
 187              		.loc 1 118 3 view .LVU49
 119:Drivers/STM32H5xx_HAL_Driver/Src/stm32h5xx_hal_spi_ex.c **** 
 120:Drivers/STM32H5xx_HAL_Driver/Src/stm32h5xx_hal_spi_ex.c ****   if (hspi->State != HAL_SPI_STATE_READY)
 188              		.loc 1 120 3 view .LVU50
 189              		.loc 1 120 11 is_stmt 0 view .LVU51
 190 0010 90F88920 		ldrb	r2, [r0, #137]	@ zero_extendqisi2
 191              		.loc 1 120 6 view .LVU52
 192 0014 012A     		cmp	r2, #1
 193 0016 0FD1     		bne	.L24
 121:Drivers/STM32H5xx_HAL_Driver/Src/stm32h5xx_hal_spi_ex.c ****   {
 122:Drivers/STM32H5xx_HAL_Driver/Src/stm32h5xx_hal_spi_ex.c ****     errorcode = HAL_BUSY;
 123:Drivers/STM32H5xx_HAL_Driver/Src/stm32h5xx_hal_spi_ex.c ****     hspi->State = HAL_SPI_STATE_READY;
 124:Drivers/STM32H5xx_HAL_Driver/Src/stm32h5xx_hal_spi_ex.c ****     /* Process Unlocked */
 125:Drivers/STM32H5xx_HAL_Driver/Src/stm32h5xx_hal_spi_ex.c ****     __HAL_UNLOCK(hspi);
 126:Drivers/STM32H5xx_HAL_Driver/Src/stm32h5xx_hal_spi_ex.c ****     return errorcode;
 127:Drivers/STM32H5xx_HAL_Driver/Src/stm32h5xx_hal_spi_ex.c ****   }
 128:Drivers/STM32H5xx_HAL_Driver/Src/stm32h5xx_hal_spi_ex.c **** 
 129:Drivers/STM32H5xx_HAL_Driver/Src/stm32h5xx_hal_spi_ex.c ****   /* Check if the SPI is disabled to edit IOLOCK bit */
 130:Drivers/STM32H5xx_HAL_Driver/Src/stm32h5xx_hal_spi_ex.c ****   if ((hspi->Instance->CR1 & SPI_CR1_SPE) != SPI_CR1_SPE)
 194              		.loc 1 130 3 is_stmt 1 view .LVU53
 195              		.loc 1 130 12 is_stmt 0 view .LVU54
 196 0018 0268     		ldr	r2, [r0]
 197              		.loc 1 130 22 view .LVU55
 198 001a 1168     		ldr	r1, [r2]
 199              		.loc 1 130 6 view .LVU56
 200 001c 11F0010F 		tst	r1, #1
 201 0020 12D1     		bne	.L21
 131:Drivers/STM32H5xx_HAL_Driver/Src/stm32h5xx_hal_spi_ex.c ****   {
 132:Drivers/STM32H5xx_HAL_Driver/Src/stm32h5xx_hal_spi_ex.c ****     SET_BIT(hspi->Instance->CR1, SPI_CR1_IOLOCK);
 202              		.loc 1 132 5 is_stmt 1 view .LVU57
 203 0022 1168     		ldr	r1, [r2]
ARM GAS  C:\Users\DELL\AppData\Local\Temp\ccGN1ZBx.s 			page 7


 204 0024 41F48031 		orr	r1, r1, #65536
 205 0028 1160     		str	r1, [r2]
 206              	.L22:
 133:Drivers/STM32H5xx_HAL_Driver/Src/stm32h5xx_hal_spi_ex.c ****   }
 134:Drivers/STM32H5xx_HAL_Driver/Src/stm32h5xx_hal_spi_ex.c ****   else
 135:Drivers/STM32H5xx_HAL_Driver/Src/stm32h5xx_hal_spi_ex.c ****   {
 136:Drivers/STM32H5xx_HAL_Driver/Src/stm32h5xx_hal_spi_ex.c ****     /* Disable SPI peripheral */
 137:Drivers/STM32H5xx_HAL_Driver/Src/stm32h5xx_hal_spi_ex.c ****     __HAL_SPI_DISABLE(hspi);
 138:Drivers/STM32H5xx_HAL_Driver/Src/stm32h5xx_hal_spi_ex.c **** 
 139:Drivers/STM32H5xx_HAL_Driver/Src/stm32h5xx_hal_spi_ex.c ****     SET_BIT(hspi->Instance->CR1, SPI_CR1_IOLOCK);
 140:Drivers/STM32H5xx_HAL_Driver/Src/stm32h5xx_hal_spi_ex.c **** 
 141:Drivers/STM32H5xx_HAL_Driver/Src/stm32h5xx_hal_spi_ex.c ****     /* Enable SPI peripheral */
 142:Drivers/STM32H5xx_HAL_Driver/Src/stm32h5xx_hal_spi_ex.c ****     __HAL_SPI_ENABLE(hspi);
 143:Drivers/STM32H5xx_HAL_Driver/Src/stm32h5xx_hal_spi_ex.c ****   }
 144:Drivers/STM32H5xx_HAL_Driver/Src/stm32h5xx_hal_spi_ex.c **** 
 145:Drivers/STM32H5xx_HAL_Driver/Src/stm32h5xx_hal_spi_ex.c ****   hspi->State = HAL_SPI_STATE_READY;
 207              		.loc 1 145 3 view .LVU58
 208              		.loc 1 145 15 is_stmt 0 view .LVU59
 209 002a 0122     		movs	r2, #1
 210 002c 83F88920 		strb	r2, [r3, #137]
 146:Drivers/STM32H5xx_HAL_Driver/Src/stm32h5xx_hal_spi_ex.c ****   /* Process Unlocked */
 147:Drivers/STM32H5xx_HAL_Driver/Src/stm32h5xx_hal_spi_ex.c ****   __HAL_UNLOCK(hspi);
 211              		.loc 1 147 3 is_stmt 1 view .LVU60
 212              		.loc 1 147 3 view .LVU61
 213 0030 0020     		movs	r0, #0
 214              	.LVL14:
 215              		.loc 1 147 3 is_stmt 0 view .LVU62
 216 0032 83F88800 		strb	r0, [r3, #136]
 217              		.loc 1 147 3 is_stmt 1 view .LVU63
 148:Drivers/STM32H5xx_HAL_Driver/Src/stm32h5xx_hal_spi_ex.c ****   return errorcode;
 218              		.loc 1 148 3 view .LVU64
 219              		.loc 1 148 10 is_stmt 0 view .LVU65
 220 0036 7047     		bx	lr
 221              	.LVL15:
 222              	.L24:
 122:Drivers/STM32H5xx_HAL_Driver/Src/stm32h5xx_hal_spi_ex.c ****     hspi->State = HAL_SPI_STATE_READY;
 223              		.loc 1 122 5 is_stmt 1 view .LVU66
 123:Drivers/STM32H5xx_HAL_Driver/Src/stm32h5xx_hal_spi_ex.c ****     /* Process Unlocked */
 224              		.loc 1 123 5 view .LVU67
 123:Drivers/STM32H5xx_HAL_Driver/Src/stm32h5xx_hal_spi_ex.c ****     /* Process Unlocked */
 225              		.loc 1 123 17 is_stmt 0 view .LVU68
 226 0038 0122     		movs	r2, #1
 227 003a 80F88920 		strb	r2, [r0, #137]
 125:Drivers/STM32H5xx_HAL_Driver/Src/stm32h5xx_hal_spi_ex.c ****     return errorcode;
 228              		.loc 1 125 5 is_stmt 1 view .LVU69
 125:Drivers/STM32H5xx_HAL_Driver/Src/stm32h5xx_hal_spi_ex.c ****     return errorcode;
 229              		.loc 1 125 5 view .LVU70
 230 003e 0022     		movs	r2, #0
 231 0040 80F88820 		strb	r2, [r0, #136]
 125:Drivers/STM32H5xx_HAL_Driver/Src/stm32h5xx_hal_spi_ex.c ****     return errorcode;
 232              		.loc 1 125 5 view .LVU71
 126:Drivers/STM32H5xx_HAL_Driver/Src/stm32h5xx_hal_spi_ex.c ****   }
 233              		.loc 1 126 5 view .LVU72
 126:Drivers/STM32H5xx_HAL_Driver/Src/stm32h5xx_hal_spi_ex.c ****   }
 234              		.loc 1 126 12 is_stmt 0 view .LVU73
 235 0044 0220     		movs	r0, #2
 236              	.LVL16:
ARM GAS  C:\Users\DELL\AppData\Local\Temp\ccGN1ZBx.s 			page 8


 126:Drivers/STM32H5xx_HAL_Driver/Src/stm32h5xx_hal_spi_ex.c ****   }
 237              		.loc 1 126 12 view .LVU74
 238 0046 7047     		bx	lr
 239              	.LVL17:
 240              	.L21:
 137:Drivers/STM32H5xx_HAL_Driver/Src/stm32h5xx_hal_spi_ex.c **** 
 241              		.loc 1 137 5 is_stmt 1 view .LVU75
 242 0048 1168     		ldr	r1, [r2]
 243 004a 21F00101 		bic	r1, r1, #1
 244 004e 1160     		str	r1, [r2]
 139:Drivers/STM32H5xx_HAL_Driver/Src/stm32h5xx_hal_spi_ex.c **** 
 245              		.loc 1 139 5 view .LVU76
 246 0050 0168     		ldr	r1, [r0]
 247 0052 0A68     		ldr	r2, [r1]
 248 0054 42F48032 		orr	r2, r2, #65536
 249 0058 0A60     		str	r2, [r1]
 142:Drivers/STM32H5xx_HAL_Driver/Src/stm32h5xx_hal_spi_ex.c ****   }
 250              		.loc 1 142 5 view .LVU77
 251 005a 0168     		ldr	r1, [r0]
 252 005c 0A68     		ldr	r2, [r1]
 253 005e 42F00102 		orr	r2, r2, #1
 254 0062 0A60     		str	r2, [r1]
 255 0064 E1E7     		b	.L22
 256              	.L23:
 118:Drivers/STM32H5xx_HAL_Driver/Src/stm32h5xx_hal_spi_ex.c **** 
 257              		.loc 1 118 3 is_stmt 0 discriminator 1 view .LVU78
 258 0066 0220     		movs	r0, #2
 259              	.LVL18:
 149:Drivers/STM32H5xx_HAL_Driver/Src/stm32h5xx_hal_spi_ex.c **** }
 260              		.loc 1 149 1 view .LVU79
 261 0068 7047     		bx	lr
 262              		.cfi_endproc
 263              	.LFE298:
 265              		.section	.text.HAL_SPIEx_ConfigureUnderrun,"ax",%progbits
 266              		.align	1
 267              		.global	HAL_SPIEx_ConfigureUnderrun
 268              		.syntax unified
 269              		.thumb
 270              		.thumb_func
 272              	HAL_SPIEx_ConfigureUnderrun:
 273              	.LVL19:
 274              	.LFB299:
 150:Drivers/STM32H5xx_HAL_Driver/Src/stm32h5xx_hal_spi_ex.c **** 
 151:Drivers/STM32H5xx_HAL_Driver/Src/stm32h5xx_hal_spi_ex.c **** /**
 152:Drivers/STM32H5xx_HAL_Driver/Src/stm32h5xx_hal_spi_ex.c ****   * @brief  Configure the UNDERRUN condition and behavior of slave transmitter.
 153:Drivers/STM32H5xx_HAL_Driver/Src/stm32h5xx_hal_spi_ex.c ****   * @param  hspi: pointer to a SPI_HandleTypeDef structure that contains
 154:Drivers/STM32H5xx_HAL_Driver/Src/stm32h5xx_hal_spi_ex.c ****   *               the configuration information for SPI module.
 155:Drivers/STM32H5xx_HAL_Driver/Src/stm32h5xx_hal_spi_ex.c ****   * @param  UnderrunDetection : Detection of underrun condition at slave transmitter
 156:Drivers/STM32H5xx_HAL_Driver/Src/stm32h5xx_hal_spi_ex.c ****   *                             This parameter is not supported in this SPI version.
 157:Drivers/STM32H5xx_HAL_Driver/Src/stm32h5xx_hal_spi_ex.c ****   *                             It is kept in order to not break the compatibility.
 158:Drivers/STM32H5xx_HAL_Driver/Src/stm32h5xx_hal_spi_ex.c ****   * @param  UnderrunBehaviour : Behavior of slave transmitter at underrun condition
 159:Drivers/STM32H5xx_HAL_Driver/Src/stm32h5xx_hal_spi_ex.c ****   *                             This parameter can be a value of @ref SPI_Underrun_Behaviour.
 160:Drivers/STM32H5xx_HAL_Driver/Src/stm32h5xx_hal_spi_ex.c ****   * @retval None
 161:Drivers/STM32H5xx_HAL_Driver/Src/stm32h5xx_hal_spi_ex.c ****   */
 162:Drivers/STM32H5xx_HAL_Driver/Src/stm32h5xx_hal_spi_ex.c **** HAL_StatusTypeDef HAL_SPIEx_ConfigureUnderrun(SPI_HandleTypeDef *hspi, uint32_t UnderrunDetection,
 163:Drivers/STM32H5xx_HAL_Driver/Src/stm32h5xx_hal_spi_ex.c ****                                               uint32_t UnderrunBehaviour)
 164:Drivers/STM32H5xx_HAL_Driver/Src/stm32h5xx_hal_spi_ex.c **** {
ARM GAS  C:\Users\DELL\AppData\Local\Temp\ccGN1ZBx.s 			page 9


 275              		.loc 1 164 1 is_stmt 1 view -0
 276              		.cfi_startproc
 277              		@ args = 0, pretend = 0, frame = 0
 278              		@ frame_needed = 0, uses_anonymous_args = 0
 279              		@ link register save eliminated.
 165:Drivers/STM32H5xx_HAL_Driver/Src/stm32h5xx_hal_spi_ex.c ****   /* Prevent unused argument(s) compilation warning */
 166:Drivers/STM32H5xx_HAL_Driver/Src/stm32h5xx_hal_spi_ex.c ****   UNUSED(UnderrunDetection);
 280              		.loc 1 166 3 view .LVU81
 167:Drivers/STM32H5xx_HAL_Driver/Src/stm32h5xx_hal_spi_ex.c **** 
 168:Drivers/STM32H5xx_HAL_Driver/Src/stm32h5xx_hal_spi_ex.c ****   HAL_StatusTypeDef errorcode = HAL_OK;
 281              		.loc 1 168 3 view .LVU82
 169:Drivers/STM32H5xx_HAL_Driver/Src/stm32h5xx_hal_spi_ex.c **** 
 170:Drivers/STM32H5xx_HAL_Driver/Src/stm32h5xx_hal_spi_ex.c ****   /* Process Locked */
 171:Drivers/STM32H5xx_HAL_Driver/Src/stm32h5xx_hal_spi_ex.c ****   __HAL_LOCK(hspi);
 282              		.loc 1 171 3 view .LVU83
 283              		.loc 1 171 3 view .LVU84
 284 0000 90F88830 		ldrb	r3, [r0, #136]	@ zero_extendqisi2
 285 0004 012B     		cmp	r3, #1
 286 0006 32D0     		beq	.L31
 287              		.loc 1 171 3 discriminator 2 view .LVU85
 288 0008 0123     		movs	r3, #1
 289 000a 80F88830 		strb	r3, [r0, #136]
 290              		.loc 1 171 3 view .LVU86
 172:Drivers/STM32H5xx_HAL_Driver/Src/stm32h5xx_hal_spi_ex.c **** 
 173:Drivers/STM32H5xx_HAL_Driver/Src/stm32h5xx_hal_spi_ex.c ****   /* Check State and Insure that Underrun configuration is managed only by Salve */
 174:Drivers/STM32H5xx_HAL_Driver/Src/stm32h5xx_hal_spi_ex.c ****   if ((hspi->State != HAL_SPI_STATE_READY) || (hspi->Init.Mode != SPI_MODE_SLAVE))
 291              		.loc 1 174 3 view .LVU87
 292              		.loc 1 174 12 is_stmt 0 view .LVU88
 293 000e 90F88930 		ldrb	r3, [r0, #137]	@ zero_extendqisi2
 294              		.loc 1 174 6 view .LVU89
 295 0012 012B     		cmp	r3, #1
 296 0014 13D1     		bne	.L27
 297              		.loc 1 174 58 discriminator 1 view .LVU90
 298 0016 4368     		ldr	r3, [r0, #4]
 299              		.loc 1 174 44 discriminator 1 view .LVU91
 300 0018 8BB9     		cbnz	r3, .L27
 175:Drivers/STM32H5xx_HAL_Driver/Src/stm32h5xx_hal_spi_ex.c ****   {
 176:Drivers/STM32H5xx_HAL_Driver/Src/stm32h5xx_hal_spi_ex.c ****     errorcode = HAL_BUSY;
 177:Drivers/STM32H5xx_HAL_Driver/Src/stm32h5xx_hal_spi_ex.c ****     hspi->State = HAL_SPI_STATE_READY;
 178:Drivers/STM32H5xx_HAL_Driver/Src/stm32h5xx_hal_spi_ex.c ****     /* Process Unlocked */
 179:Drivers/STM32H5xx_HAL_Driver/Src/stm32h5xx_hal_spi_ex.c ****     __HAL_UNLOCK(hspi);
 180:Drivers/STM32H5xx_HAL_Driver/Src/stm32h5xx_hal_spi_ex.c ****     return errorcode;
 181:Drivers/STM32H5xx_HAL_Driver/Src/stm32h5xx_hal_spi_ex.c ****   }
 182:Drivers/STM32H5xx_HAL_Driver/Src/stm32h5xx_hal_spi_ex.c **** 
 183:Drivers/STM32H5xx_HAL_Driver/Src/stm32h5xx_hal_spi_ex.c ****   /* Check the parameters */
 184:Drivers/STM32H5xx_HAL_Driver/Src/stm32h5xx_hal_spi_ex.c ****   assert_param(IS_SPI_UNDERRUN_BEHAVIOUR(UnderrunBehaviour));
 301              		.loc 1 184 3 is_stmt 1 view .LVU92
 185:Drivers/STM32H5xx_HAL_Driver/Src/stm32h5xx_hal_spi_ex.c **** 
 186:Drivers/STM32H5xx_HAL_Driver/Src/stm32h5xx_hal_spi_ex.c ****   /* Check if the SPI is disabled to edit CFG1 register */
 187:Drivers/STM32H5xx_HAL_Driver/Src/stm32h5xx_hal_spi_ex.c ****   if ((hspi->Instance->CR1 & SPI_CR1_SPE) != SPI_CR1_SPE)
 302              		.loc 1 187 3 view .LVU93
 303              		.loc 1 187 12 is_stmt 0 view .LVU94
 304 001a 0368     		ldr	r3, [r0]
 305              		.loc 1 187 22 view .LVU95
 306 001c 1968     		ldr	r1, [r3]
 307              	.LVL20:
 308              		.loc 1 187 6 view .LVU96
ARM GAS  C:\Users\DELL\AppData\Local\Temp\ccGN1ZBx.s 			page 10


 309 001e 11F0010F 		tst	r1, #1
 310 0022 14D1     		bne	.L29
 188:Drivers/STM32H5xx_HAL_Driver/Src/stm32h5xx_hal_spi_ex.c ****   {
 189:Drivers/STM32H5xx_HAL_Driver/Src/stm32h5xx_hal_spi_ex.c ****     /* Configure Underrun fields */
 190:Drivers/STM32H5xx_HAL_Driver/Src/stm32h5xx_hal_spi_ex.c ****     MODIFY_REG(hspi->Instance->CFG1, SPI_CFG1_UDRCFG, UnderrunBehaviour);
 311              		.loc 1 190 5 is_stmt 1 view .LVU97
 312 0024 9968     		ldr	r1, [r3, #8]
 313 0026 21F40071 		bic	r1, r1, #512
 314 002a 0A43     		orrs	r2, r2, r1
 315              	.LVL21:
 316              		.loc 1 190 5 is_stmt 0 view .LVU98
 317 002c 9A60     		str	r2, [r3, #8]
 318              	.L30:
 191:Drivers/STM32H5xx_HAL_Driver/Src/stm32h5xx_hal_spi_ex.c ****   }
 192:Drivers/STM32H5xx_HAL_Driver/Src/stm32h5xx_hal_spi_ex.c ****   else
 193:Drivers/STM32H5xx_HAL_Driver/Src/stm32h5xx_hal_spi_ex.c ****   {
 194:Drivers/STM32H5xx_HAL_Driver/Src/stm32h5xx_hal_spi_ex.c ****     /* Disable SPI peripheral */
 195:Drivers/STM32H5xx_HAL_Driver/Src/stm32h5xx_hal_spi_ex.c ****     __HAL_SPI_DISABLE(hspi);
 196:Drivers/STM32H5xx_HAL_Driver/Src/stm32h5xx_hal_spi_ex.c **** 
 197:Drivers/STM32H5xx_HAL_Driver/Src/stm32h5xx_hal_spi_ex.c ****     /* Configure Underrun fields */
 198:Drivers/STM32H5xx_HAL_Driver/Src/stm32h5xx_hal_spi_ex.c ****     MODIFY_REG(hspi->Instance->CFG1, SPI_CFG1_UDRCFG, UnderrunBehaviour);
 199:Drivers/STM32H5xx_HAL_Driver/Src/stm32h5xx_hal_spi_ex.c **** 
 200:Drivers/STM32H5xx_HAL_Driver/Src/stm32h5xx_hal_spi_ex.c ****     /* Enable SPI peripheral */
 201:Drivers/STM32H5xx_HAL_Driver/Src/stm32h5xx_hal_spi_ex.c ****     __HAL_SPI_ENABLE(hspi);
 202:Drivers/STM32H5xx_HAL_Driver/Src/stm32h5xx_hal_spi_ex.c ****   }
 203:Drivers/STM32H5xx_HAL_Driver/Src/stm32h5xx_hal_spi_ex.c **** 
 204:Drivers/STM32H5xx_HAL_Driver/Src/stm32h5xx_hal_spi_ex.c **** 
 205:Drivers/STM32H5xx_HAL_Driver/Src/stm32h5xx_hal_spi_ex.c ****   hspi->State = HAL_SPI_STATE_READY;
 319              		.loc 1 205 3 is_stmt 1 view .LVU99
 320              		.loc 1 205 15 is_stmt 0 view .LVU100
 321 002e 0123     		movs	r3, #1
 322 0030 80F88930 		strb	r3, [r0, #137]
 206:Drivers/STM32H5xx_HAL_Driver/Src/stm32h5xx_hal_spi_ex.c ****   /* Process Unlocked */
 207:Drivers/STM32H5xx_HAL_Driver/Src/stm32h5xx_hal_spi_ex.c ****   __HAL_UNLOCK(hspi);
 323              		.loc 1 207 3 is_stmt 1 view .LVU101
 324              		.loc 1 207 3 view .LVU102
 325 0034 0023     		movs	r3, #0
 326 0036 80F88830 		strb	r3, [r0, #136]
 327              		.loc 1 207 3 view .LVU103
 208:Drivers/STM32H5xx_HAL_Driver/Src/stm32h5xx_hal_spi_ex.c ****   return errorcode;
 328              		.loc 1 208 3 view .LVU104
 329              		.loc 1 208 10 is_stmt 0 view .LVU105
 330 003a 1846     		mov	r0, r3
 331              	.LVL22:
 332              		.loc 1 208 10 view .LVU106
 333 003c 7047     		bx	lr
 334              	.LVL23:
 335              	.L27:
 176:Drivers/STM32H5xx_HAL_Driver/Src/stm32h5xx_hal_spi_ex.c ****     hspi->State = HAL_SPI_STATE_READY;
 336              		.loc 1 176 5 is_stmt 1 view .LVU107
 177:Drivers/STM32H5xx_HAL_Driver/Src/stm32h5xx_hal_spi_ex.c ****     /* Process Unlocked */
 337              		.loc 1 177 5 view .LVU108
 177:Drivers/STM32H5xx_HAL_Driver/Src/stm32h5xx_hal_spi_ex.c ****     /* Process Unlocked */
 338              		.loc 1 177 17 is_stmt 0 view .LVU109
 339 003e 0123     		movs	r3, #1
 340 0040 80F88930 		strb	r3, [r0, #137]
 179:Drivers/STM32H5xx_HAL_Driver/Src/stm32h5xx_hal_spi_ex.c ****     return errorcode;
ARM GAS  C:\Users\DELL\AppData\Local\Temp\ccGN1ZBx.s 			page 11


 341              		.loc 1 179 5 is_stmt 1 view .LVU110
 179:Drivers/STM32H5xx_HAL_Driver/Src/stm32h5xx_hal_spi_ex.c ****     return errorcode;
 342              		.loc 1 179 5 view .LVU111
 343 0044 0023     		movs	r3, #0
 344 0046 80F88830 		strb	r3, [r0, #136]
 179:Drivers/STM32H5xx_HAL_Driver/Src/stm32h5xx_hal_spi_ex.c ****     return errorcode;
 345              		.loc 1 179 5 view .LVU112
 180:Drivers/STM32H5xx_HAL_Driver/Src/stm32h5xx_hal_spi_ex.c ****   }
 346              		.loc 1 180 5 view .LVU113
 180:Drivers/STM32H5xx_HAL_Driver/Src/stm32h5xx_hal_spi_ex.c ****   }
 347              		.loc 1 180 12 is_stmt 0 view .LVU114
 348 004a 0220     		movs	r0, #2
 349              	.LVL24:
 180:Drivers/STM32H5xx_HAL_Driver/Src/stm32h5xx_hal_spi_ex.c ****   }
 350              		.loc 1 180 12 view .LVU115
 351 004c 7047     		bx	lr
 352              	.LVL25:
 353              	.L29:
 195:Drivers/STM32H5xx_HAL_Driver/Src/stm32h5xx_hal_spi_ex.c **** 
 354              		.loc 1 195 5 is_stmt 1 view .LVU116
 355 004e 1968     		ldr	r1, [r3]
 356 0050 21F00101 		bic	r1, r1, #1
 357 0054 1960     		str	r1, [r3]
 198:Drivers/STM32H5xx_HAL_Driver/Src/stm32h5xx_hal_spi_ex.c **** 
 358              		.loc 1 198 5 view .LVU117
 359 0056 0168     		ldr	r1, [r0]
 360 0058 8B68     		ldr	r3, [r1, #8]
 361 005a 23F40073 		bic	r3, r3, #512
 362 005e 1343     		orrs	r3, r3, r2
 363 0060 8B60     		str	r3, [r1, #8]
 201:Drivers/STM32H5xx_HAL_Driver/Src/stm32h5xx_hal_spi_ex.c ****   }
 364              		.loc 1 201 5 view .LVU118
 365 0062 0268     		ldr	r2, [r0]
 366              	.LVL26:
 201:Drivers/STM32H5xx_HAL_Driver/Src/stm32h5xx_hal_spi_ex.c ****   }
 367              		.loc 1 201 5 is_stmt 0 view .LVU119
 368 0064 1368     		ldr	r3, [r2]
 369 0066 43F00103 		orr	r3, r3, #1
 370 006a 1360     		str	r3, [r2]
 371 006c DFE7     		b	.L30
 372              	.LVL27:
 373              	.L31:
 171:Drivers/STM32H5xx_HAL_Driver/Src/stm32h5xx_hal_spi_ex.c **** 
 374              		.loc 1 171 3 discriminator 1 view .LVU120
 375 006e 0220     		movs	r0, #2
 376              	.LVL28:
 209:Drivers/STM32H5xx_HAL_Driver/Src/stm32h5xx_hal_spi_ex.c **** }
 377              		.loc 1 209 1 view .LVU121
 378 0070 7047     		bx	lr
 379              		.cfi_endproc
 380              	.LFE299:
 382              		.text
 383              	.Letext0:
 384              		.file 2 "D:\\stm32cubeclt\\STM32CubeCLT_1.21.0\\GNU-tools-for-STM32\\bin\\../lib/gcc/arm-none-eabi
 385              		.file 3 "D:\\stm32cubeclt\\STM32CubeCLT_1.21.0\\GNU-tools-for-STM32\\bin\\../lib/gcc/arm-none-eabi
 386              		.file 4 "Drivers/CMSIS/Device/ST/STM32H5xx/Include/stm32h563xx.h"
 387              		.file 5 "Drivers/STM32H5xx_HAL_Driver/Inc/stm32h5xx_hal_def.h"
ARM GAS  C:\Users\DELL\AppData\Local\Temp\ccGN1ZBx.s 			page 12


 388              		.file 6 "Drivers/STM32H5xx_HAL_Driver/Inc/stm32h5xx_hal_dma.h"
 389              		.file 7 "Drivers/STM32H5xx_HAL_Driver/Inc/stm32h5xx_hal_dma_ex.h"
 390              		.file 8 "Drivers/STM32H5xx_HAL_Driver/Inc/stm32h5xx_ll_lptim.h"
 391              		.file 9 "Drivers/STM32H5xx_HAL_Driver/Inc/stm32h5xx_hal_spi.h"
ARM GAS  C:\Users\DELL\AppData\Local\Temp\ccGN1ZBx.s 			page 13


DEFINED SYMBOLS
                            *ABS*:00000000 stm32h5xx_hal_spi_ex.c
C:\Users\DELL\AppData\Local\Temp\ccGN1ZBx.s:22     .text.HAL_SPIEx_FlushRxFifo:00000000 $t
C:\Users\DELL\AppData\Local\Temp\ccGN1ZBx.s:28     .text.HAL_SPIEx_FlushRxFifo:00000000 HAL_SPIEx_FlushRxFifo
C:\Users\DELL\AppData\Local\Temp\ccGN1ZBx.s:154    .text.HAL_SPIEx_FlushRxFifo:00000074 $d
C:\Users\DELL\AppData\Local\Temp\ccGN1ZBx.s:161    .text.HAL_SPIEx_EnableLockConfiguration:00000000 $t
C:\Users\DELL\AppData\Local\Temp\ccGN1ZBx.s:167    .text.HAL_SPIEx_EnableLockConfiguration:00000000 HAL_SPIEx_EnableLockConfiguration
C:\Users\DELL\AppData\Local\Temp\ccGN1ZBx.s:266    .text.HAL_SPIEx_ConfigureUnderrun:00000000 $t
C:\Users\DELL\AppData\Local\Temp\ccGN1ZBx.s:272    .text.HAL_SPIEx_ConfigureUnderrun:00000000 HAL_SPIEx_ConfigureUnderrun

NO UNDEFINED SYMBOLS
