ARM GAS  C:\Users\DELL\AppData\Local\Temp\ccDIjahM.s 			page 1


   1              		.cpu cortex-m33
   2              		.arch armv8-m.main
   3              		.fpu fpv5-sp-d16
   4              		.arch_extension dsp
   5              		.eabi_attribute 27, 1
   6              		.eabi_attribute 28, 1
   7              		.eabi_attribute 20, 1
   8              		.eabi_attribute 21, 1
   9              		.eabi_attribute 23, 3
  10              		.eabi_attribute 24, 1
  11              		.eabi_attribute 25, 1
  12              		.eabi_attribute 26, 1
  13              		.eabi_attribute 30, 1
  14              		.eabi_attribute 34, 1
  15              		.eabi_attribute 18, 4
  16              		.file	"sx_diskio.c"
  17              		.text
  18              	.Ltext0:
  19              		.cfi_sections	.debug_frame
  20              		.file 1 "SynaptiX_FDK/services/sx_fatfs/sx_diskio.c"
  21              		.section	.text._cache_load,"ax",%progbits
  22              		.align	1
  23              		.syntax unified
  24              		.thumb
  25              		.thumb_func
  27              	_cache_load:
  28              	.LVL0:
  29              	.LFB337:
   1:SynaptiX_FDK/services/sx_fatfs/sx_diskio.c **** #include "sx_diskio.h"
   2:SynaptiX_FDK/services/sx_fatfs/sx_diskio.c **** #include "sx_board.h"
   3:SynaptiX_FDK/services/sx_fatfs/sx_diskio.c **** #include "sx_flash.h"
   4:SynaptiX_FDK/services/sx_fatfs/sx_diskio.c **** #include <string.h>
   5:SynaptiX_FDK/services/sx_fatfs/sx_diskio.c **** #include "logger.h"
   6:SynaptiX_FDK/services/sx_fatfs/sx_diskio.c **** #include "sx_delay.h"
   7:SynaptiX_FDK/services/sx_fatfs/sx_diskio.c **** 
   8:SynaptiX_FDK/services/sx_fatfs/sx_diskio.c **** #define FLASH_STORAGE_BASE      0x081C0000UL
   9:SynaptiX_FDK/services/sx_fatfs/sx_diskio.c **** #define FLASH_SECTOR_SIZE_BYTES 0x2000UL        /* 8 KB  */
  10:SynaptiX_FDK/services/sx_fatfs/sx_diskio.c **** #define FAT_BLOCKS_PER_SECTOR   (FLASH_SECTOR_SIZE_BYTES / SX_FLASHDISK_BLOCK_SIZE)  /* 16 */
  11:SynaptiX_FDK/services/sx_fatfs/sx_diskio.c **** 
  12:SynaptiX_FDK/services/sx_fatfs/sx_diskio.c **** static uint8_t  s_cache_buf[FLASH_SECTOR_SIZE_BYTES];
  13:SynaptiX_FDK/services/sx_fatfs/sx_diskio.c **** static int32_t  s_cache_sector = -1;    
  14:SynaptiX_FDK/services/sx_fatfs/sx_diskio.c **** static bool     s_cache_dirty  = false;
  15:SynaptiX_FDK/services/sx_fatfs/sx_diskio.c **** static bool     s_initialized  = false;
  16:SynaptiX_FDK/services/sx_fatfs/sx_diskio.c **** 
  17:SynaptiX_FDK/services/sx_fatfs/sx_diskio.c **** static uint32_t s_last_write_tick = 0;
  18:SynaptiX_FDK/services/sx_fatfs/sx_diskio.c **** static bool     s_pending_flush   = false;
  19:SynaptiX_FDK/services/sx_fatfs/sx_diskio.c **** 
  20:SynaptiX_FDK/services/sx_fatfs/sx_diskio.c **** static inline uint32_t _lba_to_addr(LBA_t lba)
  21:SynaptiX_FDK/services/sx_fatfs/sx_diskio.c **** {
  22:SynaptiX_FDK/services/sx_fatfs/sx_diskio.c ****     return FLASH_STORAGE_BASE + (uint32_t)lba * SX_FLASHDISK_BLOCK_SIZE;
  23:SynaptiX_FDK/services/sx_fatfs/sx_diskio.c **** }
  24:SynaptiX_FDK/services/sx_fatfs/sx_diskio.c **** 
  25:SynaptiX_FDK/services/sx_fatfs/sx_diskio.c **** static inline int32_t _lba_to_flash_sector(LBA_t lba)
  26:SynaptiX_FDK/services/sx_fatfs/sx_diskio.c **** {
  27:SynaptiX_FDK/services/sx_fatfs/sx_diskio.c ****     return (int32_t)(lba / FAT_BLOCKS_PER_SECTOR);
  28:SynaptiX_FDK/services/sx_fatfs/sx_diskio.c **** }
  29:SynaptiX_FDK/services/sx_fatfs/sx_diskio.c **** 
ARM GAS  C:\Users\DELL\AppData\Local\Temp\ccDIjahM.s 			page 2


  30:SynaptiX_FDK/services/sx_fatfs/sx_diskio.c **** /** Load a flash sector into the RAM cache */
  31:SynaptiX_FDK/services/sx_fatfs/sx_diskio.c **** static void _cache_load(int32_t flash_sector)
  32:SynaptiX_FDK/services/sx_fatfs/sx_diskio.c **** {
  30              		.loc 1 32 1 view -0
  31              		.cfi_startproc
  32              		@ args = 0, pretend = 0, frame = 0
  33              		@ frame_needed = 0, uses_anonymous_args = 0
  34              		.loc 1 32 1 is_stmt 0 view .LVU1
  35 0000 10B5     		push	{r4, lr}
  36              	.LCFI0:
  37              		.cfi_def_cfa_offset 8
  38              		.cfi_offset 4, -8
  39              		.cfi_offset 14, -4
  40 0002 0446     		mov	r4, r0
  33:SynaptiX_FDK/services/sx_fatfs/sx_diskio.c ****     uint32_t addr = FLASH_STORAGE_BASE + (uint32_t)flash_sector * FLASH_SECTOR_SIZE_BYTES;
  41              		.loc 1 33 5 is_stmt 1 view .LVU2
  42              		.loc 1 33 40 is_stmt 0 view .LVU3
  43 0004 00F58140 		add	r0, r0, #16512
  44              	.LVL1:
  45              		.loc 1 33 40 view .LVU4
  46 0008 6030     		adds	r0, r0, #96
  47              	.LVL2:
  34:SynaptiX_FDK/services/sx_fatfs/sx_diskio.c ****     sx_flash_read(addr, s_cache_buf, FLASH_SECTOR_SIZE_BYTES);
  48              		.loc 1 34 5 is_stmt 1 view .LVU5
  49 000a 4FF40052 		mov	r2, #8192
  50 000e 0549     		ldr	r1, .L3
  51 0010 4003     		lsls	r0, r0, #13
  52              	.LVL3:
  53              		.loc 1 34 5 is_stmt 0 view .LVU6
  54 0012 FFF7FEFF 		bl	sx_flash_read
  55              	.LVL4:
  35:SynaptiX_FDK/services/sx_fatfs/sx_diskio.c ****     s_cache_sector = flash_sector;
  56              		.loc 1 35 5 is_stmt 1 view .LVU7
  57              		.loc 1 35 20 is_stmt 0 view .LVU8
  58 0016 044B     		ldr	r3, .L3+4
  59 0018 1C60     		str	r4, [r3]
  36:SynaptiX_FDK/services/sx_fatfs/sx_diskio.c ****     s_cache_dirty  = false;
  60              		.loc 1 36 5 is_stmt 1 view .LVU9
  61              		.loc 1 36 20 is_stmt 0 view .LVU10
  62 001a 044B     		ldr	r3, .L3+8
  63 001c 0022     		movs	r2, #0
  64 001e 1A70     		strb	r2, [r3]
  37:SynaptiX_FDK/services/sx_fatfs/sx_diskio.c **** }
  65              		.loc 1 37 1 view .LVU11
  66 0020 10BD     		pop	{r4, pc}
  67              	.LVL5:
  68              	.L4:
  69              		.loc 1 37 1 view .LVU12
  70 0022 00BF     		.align	2
  71              	.L3:
  72 0024 00000000 		.word	s_cache_buf
  73 0028 00000000 		.word	s_cache_sector
  74 002c 00000000 		.word	s_cache_dirty
  75              		.cfi_endproc
  76              	.LFE337:
  78              		.section	.rodata._cache_flush.str1.4,"aMS",%progbits,1
  79              		.align	2
ARM GAS  C:\Users\DELL\AppData\Local\Temp\ccDIjahM.s 			page 3


  80              	.LC0:
  81 0000 666C7573 		.ascii	"flush sector=%ld addr=0x%08lX\000"
  81      68207365 
  81      63746F72 
  81      3D256C64 
  81      20616464 
  82 001e 0000     		.align	2
  83              	.LC1:
  84 0020 4449534B 		.ascii	"DISKIO\000"
  84      494F00
  85 0027 00       		.align	2
  86              	.LC2:
  87 0028 3E3E3E20 		.ascii	">>> FLASH WRITE sector=%ld addr=0x%08lX\000"
  87      464C4153 
  87      48205752 
  87      49544520 
  87      73656374 
  88              		.align	2
  89              	.LC3:
  90 0050 65726173 		.ascii	"erase start\000"
  90      65207374 
  90      61727400 
  91              		.align	2
  92              	.LC4:
  93 005c 65726173 		.ascii	"erase done, write start\000"
  93      6520646F 
  93      6E652C20 
  93      77726974 
  93      65207374 
  94              		.align	2
  95              	.LC5:
  96 0074 77726974 		.ascii	"write done\000"
  96      6520646F 
  96      6E6500
  97              		.section	.text._cache_flush,"ax",%progbits
  98              		.align	1
  99              		.syntax unified
 100              		.thumb
 101              		.thumb_func
 103              	_cache_flush:
 104              	.LFB338:
  38:SynaptiX_FDK/services/sx_fatfs/sx_diskio.c **** 
  39:SynaptiX_FDK/services/sx_fatfs/sx_diskio.c **** static void _cache_flush(void)
  40:SynaptiX_FDK/services/sx_fatfs/sx_diskio.c **** {
 105              		.loc 1 40 1 is_stmt 1 view -0
 106              		.cfi_startproc
 107              		@ args = 0, pretend = 0, frame = 0
 108              		@ frame_needed = 0, uses_anonymous_args = 0
  41:SynaptiX_FDK/services/sx_fatfs/sx_diskio.c ****     if (!s_cache_dirty || s_cache_sector < 0) return;
 109              		.loc 1 41 5 view .LVU14
 110              		.loc 1 41 9 is_stmt 0 view .LVU15
 111 0000 204B     		ldr	r3, .L11
 112 0002 1B78     		ldrb	r3, [r3]	@ zero_extendqisi2
 113              		.loc 1 41 8 view .LVU16
 114 0004 002B     		cmp	r3, #0
 115 0006 3BD0     		beq	.L8
 116              		.loc 1 41 42 discriminator 2 view .LVU17
ARM GAS  C:\Users\DELL\AppData\Local\Temp\ccDIjahM.s 			page 4


 117 0008 1F4B     		ldr	r3, .L11+4
 118 000a 1B68     		ldr	r3, [r3]
 119              		.loc 1 41 24 discriminator 2 view .LVU18
 120 000c 002B     		cmp	r3, #0
 121 000e 37DB     		blt	.L8
  40:SynaptiX_FDK/services/sx_fatfs/sx_diskio.c ****     if (!s_cache_dirty || s_cache_sector < 0) return;
 122              		.loc 1 40 1 view .LVU19
 123 0010 30B5     		push	{r4, r5, lr}
 124              	.LCFI1:
 125              		.cfi_def_cfa_offset 12
 126              		.cfi_offset 4, -12
 127              		.cfi_offset 5, -8
 128              		.cfi_offset 14, -4
 129 0012 83B0     		sub	sp, sp, #12
 130              	.LCFI2:
 131              		.cfi_def_cfa_offset 24
  42:SynaptiX_FDK/services/sx_fatfs/sx_diskio.c **** 
  43:SynaptiX_FDK/services/sx_fatfs/sx_diskio.c ****     uint32_t addr = FLASH_STORAGE_BASE + (uint32_t)s_cache_sector * FLASH_SECTOR_SIZE_BYTES;
 132              		.loc 1 43 5 is_stmt 1 view .LVU20
 133              		.loc 1 43 40 is_stmt 0 view .LVU21
 134 0014 03F58144 		add	r4, r3, #16512
 135 0018 6034     		adds	r4, r4, #96
 136              		.loc 1 43 14 view .LVU22
 137 001a 6403     		lsls	r4, r4, #13
 138              	.LVL6:
  44:SynaptiX_FDK/services/sx_fatfs/sx_diskio.c **** 
  45:SynaptiX_FDK/services/sx_fatfs/sx_diskio.c ****     log_info("DISKIO", "flush sector=%ld addr=0x%08lX", s_cache_sector, addr);
 139              		.loc 1 45 5 is_stmt 1 view .LVU23
 140 001c 1B4D     		ldr	r5, .L11+8
 141 001e 0094     		str	r4, [sp]
 142 0020 1B4A     		ldr	r2, .L11+12
 143 0022 2946     		mov	r1, r5
 144 0024 0320     		movs	r0, #3
 145 0026 FFF7FEFF 		bl	log_func
 146              	.LVL7:
  46:SynaptiX_FDK/services/sx_fatfs/sx_diskio.c ****     log_info("DISKIO", ">>> FLASH WRITE sector=%ld addr=0x%08lX", 
 147              		.loc 1 46 5 view .LVU24
 148 002a 0094     		str	r4, [sp]
 149 002c 164B     		ldr	r3, .L11+4
 150 002e 1B68     		ldr	r3, [r3]
 151 0030 184A     		ldr	r2, .L11+16
 152 0032 2946     		mov	r1, r5
 153 0034 0320     		movs	r0, #3
 154 0036 FFF7FEFF 		bl	log_func
 155              	.LVL8:
  47:SynaptiX_FDK/services/sx_fatfs/sx_diskio.c ****              s_cache_sector, addr);
  48:SynaptiX_FDK/services/sx_fatfs/sx_diskio.c **** 
  49:SynaptiX_FDK/services/sx_fatfs/sx_diskio.c ****     sx_flash_unlock();
 156              		.loc 1 49 5 view .LVU25
 157 003a FFF7FEFF 		bl	sx_flash_unlock
 158              	.LVL9:
  50:SynaptiX_FDK/services/sx_fatfs/sx_diskio.c ****     log_info("DISKIO", "erase start");
 159              		.loc 1 50 5 view .LVU26
 160 003e 164A     		ldr	r2, .L11+20
 161 0040 2946     		mov	r1, r5
 162 0042 0320     		movs	r0, #3
 163 0044 FFF7FEFF 		bl	log_func
ARM GAS  C:\Users\DELL\AppData\Local\Temp\ccDIjahM.s 			page 5


 164              	.LVL10:
  51:SynaptiX_FDK/services/sx_fatfs/sx_diskio.c ****     sx_flash_erase(addr, FLASH_SECTOR_SIZE_BYTES);
 165              		.loc 1 51 5 view .LVU27
 166 0048 4FF40051 		mov	r1, #8192
 167 004c 2046     		mov	r0, r4
 168 004e FFF7FEFF 		bl	sx_flash_erase
 169              	.LVL11:
  52:SynaptiX_FDK/services/sx_fatfs/sx_diskio.c ****     log_info("DISKIO", "erase done, write start");
 170              		.loc 1 52 5 view .LVU28
 171 0052 124A     		ldr	r2, .L11+24
 172 0054 2946     		mov	r1, r5
 173 0056 0320     		movs	r0, #3
 174 0058 FFF7FEFF 		bl	log_func
 175              	.LVL12:
  53:SynaptiX_FDK/services/sx_fatfs/sx_diskio.c ****     sx_flash_write(addr, s_cache_buf, FLASH_SECTOR_SIZE_BYTES);
 176              		.loc 1 53 5 view .LVU29
 177 005c 4FF40052 		mov	r2, #8192
 178 0060 0F49     		ldr	r1, .L11+28
 179 0062 2046     		mov	r0, r4
 180 0064 FFF7FEFF 		bl	sx_flash_write
 181              	.LVL13:
  54:SynaptiX_FDK/services/sx_fatfs/sx_diskio.c ****     log_info("DISKIO", "write done");
 182              		.loc 1 54 5 view .LVU30
 183 0068 0E4A     		ldr	r2, .L11+32
 184 006a 2946     		mov	r1, r5
 185 006c 0320     		movs	r0, #3
 186 006e FFF7FEFF 		bl	log_func
 187              	.LVL14:
  55:SynaptiX_FDK/services/sx_fatfs/sx_diskio.c ****     sx_flash_lock();
 188              		.loc 1 55 5 view .LVU31
 189 0072 FFF7FEFF 		bl	sx_flash_lock
 190              	.LVL15:
  56:SynaptiX_FDK/services/sx_fatfs/sx_diskio.c **** 
  57:SynaptiX_FDK/services/sx_fatfs/sx_diskio.c ****     s_cache_dirty = false;
 191              		.loc 1 57 5 view .LVU32
 192              		.loc 1 57 19 is_stmt 0 view .LVU33
 193 0076 034B     		ldr	r3, .L11
 194 0078 0022     		movs	r2, #0
 195 007a 1A70     		strb	r2, [r3]
  58:SynaptiX_FDK/services/sx_fatfs/sx_diskio.c **** }
 196              		.loc 1 58 1 view .LVU34
 197 007c 03B0     		add	sp, sp, #12
 198              	.LCFI3:
 199              		.cfi_def_cfa_offset 12
 200              		@ sp needed
 201 007e 30BD     		pop	{r4, r5, pc}
 202              	.LVL16:
 203              	.L8:
 204              	.LCFI4:
 205              		.cfi_def_cfa_offset 0
 206              		.cfi_restore 4
 207              		.cfi_restore 5
 208              		.cfi_restore 14
 209              		.loc 1 58 1 view .LVU35
 210 0080 7047     		bx	lr
 211              	.L12:
 212 0082 00BF     		.align	2
ARM GAS  C:\Users\DELL\AppData\Local\Temp\ccDIjahM.s 			page 6


 213              	.L11:
 214 0084 00000000 		.word	s_cache_dirty
 215 0088 00000000 		.word	s_cache_sector
 216 008c 20000000 		.word	.LC1
 217 0090 00000000 		.word	.LC0
 218 0094 28000000 		.word	.LC2
 219 0098 50000000 		.word	.LC3
 220 009c 5C000000 		.word	.LC4
 221 00a0 00000000 		.word	s_cache_buf
 222 00a4 74000000 		.word	.LC5
 223              		.cfi_endproc
 224              	.LFE338:
 226              		.section	.text.sx_diskio_get_block_count,"ax",%progbits
 227              		.align	1
 228              		.global	sx_diskio_get_block_count
 229              		.syntax unified
 230              		.thumb
 231              		.thumb_func
 233              	sx_diskio_get_block_count:
 234              	.LFB339:
  59:SynaptiX_FDK/services/sx_fatfs/sx_diskio.c **** 
  60:SynaptiX_FDK/services/sx_fatfs/sx_diskio.c **** uint32_t sx_diskio_get_block_count(void)
  61:SynaptiX_FDK/services/sx_fatfs/sx_diskio.c **** {
 235              		.loc 1 61 1 is_stmt 1 view -0
 236              		.cfi_startproc
 237              		@ args = 0, pretend = 0, frame = 0
 238              		@ frame_needed = 0, uses_anonymous_args = 0
 239              		@ link register save eliminated.
  62:SynaptiX_FDK/services/sx_fatfs/sx_diskio.c ****     return SX_FLASHDISK_BLOCK_COUNT;
 240              		.loc 1 62 5 view .LVU37
  63:SynaptiX_FDK/services/sx_fatfs/sx_diskio.c **** }
 241              		.loc 1 63 1 is_stmt 0 view .LVU38
 242 0000 4FF40070 		mov	r0, #512
 243 0004 7047     		bx	lr
 244              		.cfi_endproc
 245              	.LFE339:
 247              		.section	.text.sx_diskio_get_buffer,"ax",%progbits
 248              		.align	1
 249              		.global	sx_diskio_get_buffer
 250              		.syntax unified
 251              		.thumb
 252              		.thumb_func
 254              	sx_diskio_get_buffer:
 255              	.LFB340:
  64:SynaptiX_FDK/services/sx_fatfs/sx_diskio.c **** 
  65:SynaptiX_FDK/services/sx_fatfs/sx_diskio.c **** uint8_t *sx_diskio_get_buffer(void)
  66:SynaptiX_FDK/services/sx_fatfs/sx_diskio.c **** {
 256              		.loc 1 66 1 is_stmt 1 view -0
 257              		.cfi_startproc
 258              		@ args = 0, pretend = 0, frame = 0
 259              		@ frame_needed = 0, uses_anonymous_args = 0
 260              		@ link register save eliminated.
  67:SynaptiX_FDK/services/sx_fatfs/sx_diskio.c ****     return NULL;
 261              		.loc 1 67 5 view .LVU40
  68:SynaptiX_FDK/services/sx_fatfs/sx_diskio.c **** }
 262              		.loc 1 68 1 is_stmt 0 view .LVU41
 263 0000 0020     		movs	r0, #0
ARM GAS  C:\Users\DELL\AppData\Local\Temp\ccDIjahM.s 			page 7


 264 0002 7047     		bx	lr
 265              		.cfi_endproc
 266              	.LFE340:
 268              		.section	.text.disk_initialize,"ax",%progbits
 269              		.align	1
 270              		.global	disk_initialize
 271              		.syntax unified
 272              		.thumb
 273              		.thumb_func
 275              	disk_initialize:
 276              	.LVL17:
 277              	.LFB341:
  69:SynaptiX_FDK/services/sx_fatfs/sx_diskio.c **** 
  70:SynaptiX_FDK/services/sx_fatfs/sx_diskio.c **** 
  71:SynaptiX_FDK/services/sx_fatfs/sx_diskio.c **** DSTATUS disk_initialize(BYTE pdrv)
  72:SynaptiX_FDK/services/sx_fatfs/sx_diskio.c **** {
 278              		.loc 1 72 1 is_stmt 1 view -0
 279              		.cfi_startproc
 280              		@ args = 0, pretend = 0, frame = 0
 281              		@ frame_needed = 0, uses_anonymous_args = 0
 282              		@ link register save eliminated.
  73:SynaptiX_FDK/services/sx_fatfs/sx_diskio.c ****     if (pdrv != 0) return STA_NOINIT;
 283              		.loc 1 73 5 view .LVU43
 284              		.loc 1 73 8 is_stmt 0 view .LVU44
 285 0000 50B9     		cbnz	r0, .L17
  74:SynaptiX_FDK/services/sx_fatfs/sx_diskio.c ****     s_cache_sector = -1;
 286              		.loc 1 74 5 is_stmt 1 view .LVU45
 287              		.loc 1 74 20 is_stmt 0 view .LVU46
 288 0002 064A     		ldr	r2, .L18
 289 0004 4FF0FF31 		mov	r1, #-1
 290 0008 1160     		str	r1, [r2]
  75:SynaptiX_FDK/services/sx_fatfs/sx_diskio.c ****     s_cache_dirty  = false;
 291              		.loc 1 75 5 is_stmt 1 view .LVU47
 292              		.loc 1 75 20 is_stmt 0 view .LVU48
 293 000a 054A     		ldr	r2, .L18+4
 294 000c 0021     		movs	r1, #0
 295 000e 1170     		strb	r1, [r2]
  76:SynaptiX_FDK/services/sx_fatfs/sx_diskio.c ****     s_initialized  = true;
 296              		.loc 1 76 5 is_stmt 1 view .LVU49
 297              		.loc 1 76 20 is_stmt 0 view .LVU50
 298 0010 044A     		ldr	r2, .L18+8
 299 0012 0121     		movs	r1, #1
 300 0014 1170     		strb	r1, [r2]
  77:SynaptiX_FDK/services/sx_fatfs/sx_diskio.c ****     return 0;
 301              		.loc 1 77 5 is_stmt 1 view .LVU51
 302              		.loc 1 77 12 is_stmt 0 view .LVU52
 303 0016 7047     		bx	lr
 304              	.L17:
  73:SynaptiX_FDK/services/sx_fatfs/sx_diskio.c ****     s_cache_sector = -1;
 305              		.loc 1 73 27 discriminator 1 view .LVU53
 306 0018 0120     		movs	r0, #1
 307              	.LVL18:
  78:SynaptiX_FDK/services/sx_fatfs/sx_diskio.c **** }
 308              		.loc 1 78 1 view .LVU54
 309 001a 7047     		bx	lr
 310              	.L19:
 311              		.align	2
ARM GAS  C:\Users\DELL\AppData\Local\Temp\ccDIjahM.s 			page 8


 312              	.L18:
 313 001c 00000000 		.word	s_cache_sector
 314 0020 00000000 		.word	s_cache_dirty
 315 0024 00000000 		.word	s_initialized
 316              		.cfi_endproc
 317              	.LFE341:
 319              		.section	.text.disk_status,"ax",%progbits
 320              		.align	1
 321              		.global	disk_status
 322              		.syntax unified
 323              		.thumb
 324              		.thumb_func
 326              	disk_status:
 327              	.LVL19:
 328              	.LFB342:
  79:SynaptiX_FDK/services/sx_fatfs/sx_diskio.c **** 
  80:SynaptiX_FDK/services/sx_fatfs/sx_diskio.c **** DSTATUS disk_status(BYTE pdrv)
  81:SynaptiX_FDK/services/sx_fatfs/sx_diskio.c **** {
 329              		.loc 1 81 1 is_stmt 1 view -0
 330              		.cfi_startproc
 331              		@ args = 0, pretend = 0, frame = 0
 332              		@ frame_needed = 0, uses_anonymous_args = 0
 333              		@ link register save eliminated.
  82:SynaptiX_FDK/services/sx_fatfs/sx_diskio.c ****     if (pdrv != 0) return STA_NOINIT;
 334              		.loc 1 82 5 view .LVU56
 335              		.loc 1 82 8 is_stmt 0 view .LVU57
 336 0000 20B9     		cbnz	r0, .L22
  83:SynaptiX_FDK/services/sx_fatfs/sx_diskio.c ****     return s_initialized ? 0 : STA_NOINIT;
 337              		.loc 1 83 5 is_stmt 1 view .LVU58
 338              		.loc 1 83 30 is_stmt 0 view .LVU59
 339 0002 034B     		ldr	r3, .L23
 340 0004 1878     		ldrb	r0, [r3]	@ zero_extendqisi2
 341              	.LVL20:
 342              		.loc 1 83 30 view .LVU60
 343 0006 80F00100 		eor	r0, r0, #1
 344 000a 7047     		bx	lr
 345              	.LVL21:
 346              	.L22:
  82:SynaptiX_FDK/services/sx_fatfs/sx_diskio.c ****     if (pdrv != 0) return STA_NOINIT;
 347              		.loc 1 82 27 discriminator 1 view .LVU61
 348 000c 0120     		movs	r0, #1
 349              	.LVL22:
  84:SynaptiX_FDK/services/sx_fatfs/sx_diskio.c **** }
 350              		.loc 1 84 1 view .LVU62
 351 000e 7047     		bx	lr
 352              	.L24:
 353              		.align	2
 354              	.L23:
 355 0010 00000000 		.word	s_initialized
 356              		.cfi_endproc
 357              	.LFE342:
 359              		.section	.text.disk_read,"ax",%progbits
 360              		.align	1
 361              		.global	disk_read
 362              		.syntax unified
 363              		.thumb
 364              		.thumb_func
ARM GAS  C:\Users\DELL\AppData\Local\Temp\ccDIjahM.s 			page 9


 366              	disk_read:
 367              	.LVL23:
 368              	.LFB343:
  85:SynaptiX_FDK/services/sx_fatfs/sx_diskio.c **** 
  86:SynaptiX_FDK/services/sx_fatfs/sx_diskio.c **** DRESULT disk_read(BYTE pdrv, BYTE *buff, LBA_t sector, UINT count)
  87:SynaptiX_FDK/services/sx_fatfs/sx_diskio.c **** {
 369              		.loc 1 87 1 is_stmt 1 view -0
 370              		.cfi_startproc
 371              		@ args = 0, pretend = 0, frame = 0
 372              		@ frame_needed = 0, uses_anonymous_args = 0
  88:SynaptiX_FDK/services/sx_fatfs/sx_diskio.c ****     if (pdrv != 0)                                   return RES_PARERR;
 373              		.loc 1 88 5 view .LVU64
 374              		.loc 1 88 8 is_stmt 0 view .LVU65
 375 0000 A0BB     		cbnz	r0, .L31
  87:SynaptiX_FDK/services/sx_fatfs/sx_diskio.c ****     if (pdrv != 0)                                   return RES_PARERR;
 376              		.loc 1 87 1 view .LVU66
 377 0002 2DE9F041 		push	{r4, r5, r6, r7, r8, lr}
 378              	.LCFI5:
 379              		.cfi_def_cfa_offset 24
 380              		.cfi_offset 4, -24
 381              		.cfi_offset 5, -20
 382              		.cfi_offset 6, -16
 383              		.cfi_offset 7, -12
 384              		.cfi_offset 8, -8
 385              		.cfi_offset 14, -4
 386 0006 0F46     		mov	r7, r1
 387 0008 1646     		mov	r6, r2
 388 000a 1D46     		mov	r5, r3
 389 000c 8046     		mov	r8, r0
  89:SynaptiX_FDK/services/sx_fatfs/sx_diskio.c ****     if (!s_initialized)                              return RES_NOTRDY;
 390              		.loc 1 89 5 is_stmt 1 view .LVU67
 391              		.loc 1 89 9 is_stmt 0 view .LVU68
 392 000e 1A4B     		ldr	r3, .L40
 393              	.LVL24:
 394              		.loc 1 89 9 view .LVU69
 395 0010 1B78     		ldrb	r3, [r3]	@ zero_extendqisi2
 396              		.loc 1 89 8 view .LVU70
 397 0012 6BB3     		cbz	r3, .L32
  90:SynaptiX_FDK/services/sx_fatfs/sx_diskio.c ****     if (sector + count > SX_FLASHDISK_BLOCK_COUNT)   return RES_PARERR;
 398              		.loc 1 90 5 is_stmt 1 view .LVU71
 399              		.loc 1 90 16 is_stmt 0 view .LVU72
 400 0014 5319     		adds	r3, r2, r5
 401              		.loc 1 90 8 view .LVU73
 402 0016 B3F5007F 		cmp	r3, #512
 403 001a 2BD8     		bhi	.L33
 404              	.LBB12:
  91:SynaptiX_FDK/services/sx_fatfs/sx_diskio.c **** 
  92:SynaptiX_FDK/services/sx_fatfs/sx_diskio.c ****     for (UINT i = 0; i < count; i++) {
 405              		.loc 1 92 15 view .LVU74
 406 001c 0024     		movs	r4, #0
 407 001e 08E0     		b	.L27
 408              	.LVL25:
 409              	.L39:
 410              	.LBB13:
  93:SynaptiX_FDK/services/sx_fatfs/sx_diskio.c ****         LBA_t    lba        = sector + i;
  94:SynaptiX_FDK/services/sx_fatfs/sx_diskio.c ****         int32_t  fsect      = _lba_to_flash_sector(lba);
  95:SynaptiX_FDK/services/sx_fatfs/sx_diskio.c ****         uint32_t buf_offset = (uint32_t)(lba % FAT_BLOCKS_PER_SECTOR) * SX_FLASHDISK_BLOCK_SIZE;
ARM GAS  C:\Users\DELL\AppData\Local\Temp\ccDIjahM.s 			page 10


  96:SynaptiX_FDK/services/sx_fatfs/sx_diskio.c **** 
  97:SynaptiX_FDK/services/sx_fatfs/sx_diskio.c ****         if (s_cache_sector == fsect) {
  98:SynaptiX_FDK/services/sx_fatfs/sx_diskio.c ****             /* Cache hit */
  99:SynaptiX_FDK/services/sx_fatfs/sx_diskio.c ****             memcpy(buff + i * SX_FLASHDISK_BLOCK_SIZE,
 411              		.loc 1 99 13 is_stmt 1 view .LVU75
 412 0020 4FF40072 		mov	r2, #512
 413 0024 1549     		ldr	r1, .L40+4
 414 0026 7144     		add	r1, r1, lr
 415 0028 07EB4420 		add	r0, r7, r4, lsl #9
 416 002c FFF7FEFF 		bl	memcpy
 417              	.LVL26:
 418              	.L29:
 419              		.loc 1 99 13 is_stmt 0 view .LVU76
 420              	.LBE13:
  92:SynaptiX_FDK/services/sx_fatfs/sx_diskio.c ****         LBA_t    lba        = sector + i;
 421              		.loc 1 92 34 is_stmt 1 discriminator 2 view .LVU77
 422 0030 0134     		adds	r4, r4, #1
 423              	.LVL27:
 424              	.L27:
  92:SynaptiX_FDK/services/sx_fatfs/sx_diskio.c ****         LBA_t    lba        = sector + i;
 425              		.loc 1 92 24 discriminator 1 view .LVU78
 426 0032 AC42     		cmp	r4, r5
 427 0034 17D2     		bcs	.L38
 428              	.LBB18:
  93:SynaptiX_FDK/services/sx_fatfs/sx_diskio.c ****         LBA_t    lba        = sector + i;
 429              		.loc 1 93 9 view .LVU79
  93:SynaptiX_FDK/services/sx_fatfs/sx_diskio.c ****         LBA_t    lba        = sector + i;
 430              		.loc 1 93 18 is_stmt 0 view .LVU80
 431 0036 04EB060C 		add	ip, r4, r6
 432              	.LVL28:
  94:SynaptiX_FDK/services/sx_fatfs/sx_diskio.c ****         uint32_t buf_offset = (uint32_t)(lba % FAT_BLOCKS_PER_SECTOR) * SX_FLASHDISK_BLOCK_SIZE;
 433              		.loc 1 94 9 is_stmt 1 view .LVU81
 434              	.LBB14:
 435              	.LBI14:
  25:SynaptiX_FDK/services/sx_fatfs/sx_diskio.c **** {
 436              		.loc 1 25 23 view .LVU82
 437              	.LBB15:
  27:SynaptiX_FDK/services/sx_fatfs/sx_diskio.c **** }
 438              		.loc 1 27 5 view .LVU83
  27:SynaptiX_FDK/services/sx_fatfs/sx_diskio.c **** }
 439              		.loc 1 27 5 is_stmt 0 view .LVU84
 440              	.LBE15:
 441              	.LBE14:
  95:SynaptiX_FDK/services/sx_fatfs/sx_diskio.c **** 
 442              		.loc 1 95 9 is_stmt 1 view .LVU85
  95:SynaptiX_FDK/services/sx_fatfs/sx_diskio.c **** 
 443              		.loc 1 95 31 is_stmt 0 view .LVU86
 444 003a 0CF00F0E 		and	lr, ip, #15
  95:SynaptiX_FDK/services/sx_fatfs/sx_diskio.c **** 
 445              		.loc 1 95 18 view .LVU87
 446 003e 4FEA4E2E 		lsl	lr, lr, #9
 447              	.LVL29:
  97:SynaptiX_FDK/services/sx_fatfs/sx_diskio.c ****             /* Cache hit */
 448              		.loc 1 97 9 is_stmt 1 view .LVU88
  97:SynaptiX_FDK/services/sx_fatfs/sx_diskio.c ****             /* Cache hit */
 449              		.loc 1 97 28 is_stmt 0 view .LVU89
 450 0042 0F4B     		ldr	r3, .L40+8
ARM GAS  C:\Users\DELL\AppData\Local\Temp\ccDIjahM.s 			page 11


 451 0044 1B68     		ldr	r3, [r3]
  97:SynaptiX_FDK/services/sx_fatfs/sx_diskio.c ****             /* Cache hit */
 452              		.loc 1 97 12 view .LVU90
 453 0046 B3EB1C1F 		cmp	r3, ip, lsr #4
 454 004a E9D0     		beq	.L39
 100:SynaptiX_FDK/services/sx_fatfs/sx_diskio.c ****                    s_cache_buf + buf_offset,
 101:SynaptiX_FDK/services/sx_fatfs/sx_diskio.c ****                    SX_FLASHDISK_BLOCK_SIZE);
 102:SynaptiX_FDK/services/sx_fatfs/sx_diskio.c ****         } else {
 103:SynaptiX_FDK/services/sx_fatfs/sx_diskio.c ****             sx_flash_read(_lba_to_addr(lba),
 455              		.loc 1 103 13 is_stmt 1 view .LVU91
 456              	.LVL30:
 457              	.LBB16:
 458              	.LBI16:
  20:SynaptiX_FDK/services/sx_fatfs/sx_diskio.c **** {
 459              		.loc 1 20 24 view .LVU92
 460              	.LBB17:
  22:SynaptiX_FDK/services/sx_fatfs/sx_diskio.c **** }
 461              		.loc 1 22 5 view .LVU93
  22:SynaptiX_FDK/services/sx_fatfs/sx_diskio.c **** }
 462              		.loc 1 22 31 is_stmt 0 view .LVU94
 463 004c 0CF5812C 		add	ip, ip, #264192
 464              	.LVL31:
  22:SynaptiX_FDK/services/sx_fatfs/sx_diskio.c **** }
 465              		.loc 1 22 31 view .LVU95
 466 0050 0CF5C06C 		add	ip, ip, #1536
 467              	.LVL32:
  22:SynaptiX_FDK/services/sx_fatfs/sx_diskio.c **** }
 468              		.loc 1 22 31 view .LVU96
 469              	.LBE17:
 470              	.LBE16:
 471              		.loc 1 103 13 view .LVU97
 472 0054 4FF40072 		mov	r2, #512
 473 0058 07EB4421 		add	r1, r7, r4, lsl #9
 474 005c 4FEA4C20 		lsl	r0, ip, #9
 475 0060 FFF7FEFF 		bl	sx_flash_read
 476              	.LVL33:
 477              		.loc 1 103 13 view .LVU98
 478 0064 E4E7     		b	.L29
 479              	.LVL34:
 480              	.L38:
 481              		.loc 1 103 13 view .LVU99
 482              	.LBE18:
 483              	.LBE12:
 104:SynaptiX_FDK/services/sx_fatfs/sx_diskio.c ****                           buff + i * SX_FLASHDISK_BLOCK_SIZE,
 105:SynaptiX_FDK/services/sx_fatfs/sx_diskio.c ****                           SX_FLASHDISK_BLOCK_SIZE);
 106:SynaptiX_FDK/services/sx_fatfs/sx_diskio.c ****         }
 107:SynaptiX_FDK/services/sx_fatfs/sx_diskio.c ****     }
 108:SynaptiX_FDK/services/sx_fatfs/sx_diskio.c ****     return RES_OK;
 484              		.loc 1 108 12 view .LVU100
 485 0066 4046     		mov	r0, r8
 486              	.LVL35:
 487              	.L26:
 109:SynaptiX_FDK/services/sx_fatfs/sx_diskio.c **** }
 488              		.loc 1 109 1 view .LVU101
 489 0068 BDE8F081 		pop	{r4, r5, r6, r7, r8, pc}
 490              	.LVL36:
 491              	.L31:
ARM GAS  C:\Users\DELL\AppData\Local\Temp\ccDIjahM.s 			page 12


 492              	.LCFI6:
 493              		.cfi_def_cfa_offset 0
 494              		.cfi_restore 4
 495              		.cfi_restore 5
 496              		.cfi_restore 6
 497              		.cfi_restore 7
 498              		.cfi_restore 8
 499              		.cfi_restore 14
  88:SynaptiX_FDK/services/sx_fatfs/sx_diskio.c ****     if (!s_initialized)                              return RES_NOTRDY;
 500              		.loc 1 88 61 discriminator 1 view .LVU102
 501 006c 0420     		movs	r0, #4
 502              	.LVL37:
 503              		.loc 1 109 1 view .LVU103
 504 006e 7047     		bx	lr
 505              	.LVL38:
 506              	.L32:
 507              	.LCFI7:
 508              		.cfi_def_cfa_offset 24
 509              		.cfi_offset 4, -24
 510              		.cfi_offset 5, -20
 511              		.cfi_offset 6, -16
 512              		.cfi_offset 7, -12
 513              		.cfi_offset 8, -8
 514              		.cfi_offset 14, -4
  89:SynaptiX_FDK/services/sx_fatfs/sx_diskio.c ****     if (sector + count > SX_FLASHDISK_BLOCK_COUNT)   return RES_PARERR;
 515              		.loc 1 89 61 discriminator 1 view .LVU104
 516 0070 0320     		movs	r0, #3
 517              	.LVL39:
  89:SynaptiX_FDK/services/sx_fatfs/sx_diskio.c ****     if (sector + count > SX_FLASHDISK_BLOCK_COUNT)   return RES_PARERR;
 518              		.loc 1 89 61 discriminator 1 view .LVU105
 519 0072 F9E7     		b	.L26
 520              	.LVL40:
 521              	.L33:
  90:SynaptiX_FDK/services/sx_fatfs/sx_diskio.c **** 
 522              		.loc 1 90 61 discriminator 1 view .LVU106
 523 0074 0420     		movs	r0, #4
 524              	.LVL41:
  90:SynaptiX_FDK/services/sx_fatfs/sx_diskio.c **** 
 525              		.loc 1 90 61 discriminator 1 view .LVU107
 526 0076 F7E7     		b	.L26
 527              	.L41:
 528              		.align	2
 529              	.L40:
 530 0078 00000000 		.word	s_initialized
 531 007c 00000000 		.word	s_cache_buf
 532 0080 00000000 		.word	s_cache_sector
 533              		.cfi_endproc
 534              	.LFE343:
 536              		.section	.text.disk_write,"ax",%progbits
 537              		.align	1
 538              		.global	disk_write
 539              		.syntax unified
 540              		.thumb
 541              		.thumb_func
 543              	disk_write:
 544              	.LVL42:
 545              	.LFB344:
ARM GAS  C:\Users\DELL\AppData\Local\Temp\ccDIjahM.s 			page 13


 110:SynaptiX_FDK/services/sx_fatfs/sx_diskio.c **** 
 111:SynaptiX_FDK/services/sx_fatfs/sx_diskio.c **** DRESULT disk_write(BYTE pdrv, const BYTE *buff, LBA_t sector, UINT count)
 112:SynaptiX_FDK/services/sx_fatfs/sx_diskio.c **** {
 546              		.loc 1 112 1 is_stmt 1 view -0
 547              		.cfi_startproc
 548              		@ args = 0, pretend = 0, frame = 0
 549              		@ frame_needed = 0, uses_anonymous_args = 0
 113:SynaptiX_FDK/services/sx_fatfs/sx_diskio.c ****     if (pdrv != 0)                                   return RES_PARERR;
 550              		.loc 1 113 5 view .LVU109
 551              		.loc 1 113 8 is_stmt 0 view .LVU110
 552 0000 0028     		cmp	r0, #0
 553 0002 38D1     		bne	.L47
 112:SynaptiX_FDK/services/sx_fatfs/sx_diskio.c ****     if (pdrv != 0)                                   return RES_PARERR;
 554              		.loc 1 112 1 view .LVU111
 555 0004 2DE9F047 		push	{r4, r5, r6, r7, r8, r9, r10, lr}
 556              	.LCFI8:
 557              		.cfi_def_cfa_offset 32
 558              		.cfi_offset 4, -32
 559              		.cfi_offset 5, -28
 560              		.cfi_offset 6, -24
 561              		.cfi_offset 7, -20
 562              		.cfi_offset 8, -16
 563              		.cfi_offset 9, -12
 564              		.cfi_offset 10, -8
 565              		.cfi_offset 14, -4
 566 0008 8846     		mov	r8, r1
 567 000a 1746     		mov	r7, r2
 568 000c 1E46     		mov	r6, r3
 569 000e 8146     		mov	r9, r0
 114:SynaptiX_FDK/services/sx_fatfs/sx_diskio.c ****     if (!s_initialized)                              return RES_NOTRDY;
 570              		.loc 1 114 5 is_stmt 1 view .LVU112
 571              		.loc 1 114 9 is_stmt 0 view .LVU113
 572 0010 1C4B     		ldr	r3, .L55
 573              	.LVL43:
 574              		.loc 1 114 9 view .LVU114
 575 0012 1B78     		ldrb	r3, [r3]	@ zero_extendqisi2
 576              		.loc 1 114 8 view .LVU115
 577 0014 8BB3     		cbz	r3, .L48
 115:SynaptiX_FDK/services/sx_fatfs/sx_diskio.c ****     if (sector + count > SX_FLASHDISK_BLOCK_COUNT)   return RES_PARERR;
 578              		.loc 1 115 5 is_stmt 1 view .LVU116
 579              		.loc 1 115 16 is_stmt 0 view .LVU117
 580 0016 9319     		adds	r3, r2, r6
 581              		.loc 1 115 8 view .LVU118
 582 0018 B3F5007F 		cmp	r3, #512
 583 001c 2FD8     		bhi	.L49
 584              	.LBB19:
 116:SynaptiX_FDK/services/sx_fatfs/sx_diskio.c **** 
 117:SynaptiX_FDK/services/sx_fatfs/sx_diskio.c ****     for (UINT i = 0; i < count; i++) {
 585              		.loc 1 117 15 view .LVU119
 586 001e 0024     		movs	r4, #0
 587 0020 0BE0     		b	.L44
 588              	.LVL44:
 589              	.L45:
 590              	.LBB20:
 118:SynaptiX_FDK/services/sx_fatfs/sx_diskio.c ****         LBA_t    lba        = sector + i;
 119:SynaptiX_FDK/services/sx_fatfs/sx_diskio.c ****         int32_t  fsect      = _lba_to_flash_sector(lba);
 120:SynaptiX_FDK/services/sx_fatfs/sx_diskio.c ****         uint32_t buf_offset = (uint32_t)(lba % FAT_BLOCKS_PER_SECTOR) * SX_FLASHDISK_BLOCK_SIZE;
ARM GAS  C:\Users\DELL\AppData\Local\Temp\ccDIjahM.s 			page 14


 121:SynaptiX_FDK/services/sx_fatfs/sx_diskio.c **** 
 122:SynaptiX_FDK/services/sx_fatfs/sx_diskio.c ****         if (s_cache_sector != fsect) {
 123:SynaptiX_FDK/services/sx_fatfs/sx_diskio.c ****             _cache_flush();
 124:SynaptiX_FDK/services/sx_fatfs/sx_diskio.c ****             _cache_load(fsect);
 125:SynaptiX_FDK/services/sx_fatfs/sx_diskio.c ****         }
 126:SynaptiX_FDK/services/sx_fatfs/sx_diskio.c **** 
 127:SynaptiX_FDK/services/sx_fatfs/sx_diskio.c ****         memcpy(s_cache_buf + buf_offset,
 591              		.loc 1 127 9 is_stmt 1 view .LVU120
 592 0022 4FF40072 		mov	r2, #512
 593 0026 08EB4421 		add	r1, r8, r4, lsl #9
 594 002a 1748     		ldr	r0, .L55+4
 595 002c 2844     		add	r0, r0, r5
 596 002e FFF7FEFF 		bl	memcpy
 597              	.LVL45:
 128:SynaptiX_FDK/services/sx_fatfs/sx_diskio.c ****                buff + i * SX_FLASHDISK_BLOCK_SIZE,
 129:SynaptiX_FDK/services/sx_fatfs/sx_diskio.c ****                SX_FLASHDISK_BLOCK_SIZE);
 130:SynaptiX_FDK/services/sx_fatfs/sx_diskio.c ****         s_cache_dirty = true;
 598              		.loc 1 130 9 view .LVU121
 599              		.loc 1 130 23 is_stmt 0 view .LVU122
 600 0032 164B     		ldr	r3, .L55+8
 601 0034 0122     		movs	r2, #1
 602 0036 1A70     		strb	r2, [r3]
 603              	.LBE20:
 117:SynaptiX_FDK/services/sx_fatfs/sx_diskio.c ****         LBA_t    lba        = sector + i;
 604              		.loc 1 117 34 is_stmt 1 discriminator 2 view .LVU123
 605 0038 1444     		add	r4, r4, r2
 606              	.LVL46:
 607              	.L44:
 117:SynaptiX_FDK/services/sx_fatfs/sx_diskio.c ****         LBA_t    lba        = sector + i;
 608              		.loc 1 117 24 discriminator 1 view .LVU124
 609 003a B442     		cmp	r4, r6
 610 003c 11D2     		bcs	.L54
 611              	.LBB23:
 118:SynaptiX_FDK/services/sx_fatfs/sx_diskio.c ****         LBA_t    lba        = sector + i;
 612              		.loc 1 118 9 view .LVU125
 118:SynaptiX_FDK/services/sx_fatfs/sx_diskio.c ****         LBA_t    lba        = sector + i;
 613              		.loc 1 118 18 is_stmt 0 view .LVU126
 614 003e 04EB070C 		add	ip, r4, r7
 615              	.LVL47:
 119:SynaptiX_FDK/services/sx_fatfs/sx_diskio.c ****         uint32_t buf_offset = (uint32_t)(lba % FAT_BLOCKS_PER_SECTOR) * SX_FLASHDISK_BLOCK_SIZE;
 616              		.loc 1 119 9 is_stmt 1 view .LVU127
 617              	.LBB21:
 618              	.LBI21:
  25:SynaptiX_FDK/services/sx_fatfs/sx_diskio.c **** {
 619              		.loc 1 25 23 view .LVU128
 620              	.LBB22:
  27:SynaptiX_FDK/services/sx_fatfs/sx_diskio.c **** }
 621              		.loc 1 27 5 view .LVU129
  27:SynaptiX_FDK/services/sx_fatfs/sx_diskio.c **** }
 622              		.loc 1 27 26 is_stmt 0 view .LVU130
 623 0042 4FEA1C1A 		lsr	r10, ip, #4
 624              	.LVL48:
  27:SynaptiX_FDK/services/sx_fatfs/sx_diskio.c **** }
 625              		.loc 1 27 26 view .LVU131
 626              	.LBE22:
 627              	.LBE21:
 120:SynaptiX_FDK/services/sx_fatfs/sx_diskio.c **** 
ARM GAS  C:\Users\DELL\AppData\Local\Temp\ccDIjahM.s 			page 15


 628              		.loc 1 120 9 is_stmt 1 view .LVU132
 120:SynaptiX_FDK/services/sx_fatfs/sx_diskio.c **** 
 629              		.loc 1 120 31 is_stmt 0 view .LVU133
 630 0046 0CF00F05 		and	r5, ip, #15
 120:SynaptiX_FDK/services/sx_fatfs/sx_diskio.c **** 
 631              		.loc 1 120 18 view .LVU134
 632 004a 6D02     		lsls	r5, r5, #9
 633              	.LVL49:
 122:SynaptiX_FDK/services/sx_fatfs/sx_diskio.c ****             _cache_flush();
 634              		.loc 1 122 9 is_stmt 1 view .LVU135
 122:SynaptiX_FDK/services/sx_fatfs/sx_diskio.c ****             _cache_flush();
 635              		.loc 1 122 28 is_stmt 0 view .LVU136
 636 004c 104B     		ldr	r3, .L55+12
 637 004e 1B68     		ldr	r3, [r3]
 122:SynaptiX_FDK/services/sx_fatfs/sx_diskio.c ****             _cache_flush();
 638              		.loc 1 122 12 view .LVU137
 639 0050 B3EB1C1F 		cmp	r3, ip, lsr #4
 640 0054 E5D0     		beq	.L45
 123:SynaptiX_FDK/services/sx_fatfs/sx_diskio.c ****             _cache_load(fsect);
 641              		.loc 1 123 13 is_stmt 1 view .LVU138
 642 0056 FFF7FEFF 		bl	_cache_flush
 643              	.LVL50:
 124:SynaptiX_FDK/services/sx_fatfs/sx_diskio.c ****         }
 644              		.loc 1 124 13 view .LVU139
 645 005a 5046     		mov	r0, r10
 646 005c FFF7FEFF 		bl	_cache_load
 647              	.LVL51:
 648 0060 DFE7     		b	.L45
 649              	.LVL52:
 650              	.L54:
 124:SynaptiX_FDK/services/sx_fatfs/sx_diskio.c ****         }
 651              		.loc 1 124 13 is_stmt 0 view .LVU140
 652              	.LBE23:
 653              	.LBE19:
 131:SynaptiX_FDK/services/sx_fatfs/sx_diskio.c ****     }
 132:SynaptiX_FDK/services/sx_fatfs/sx_diskio.c ****     s_pending_flush   = true;        
 654              		.loc 1 132 5 is_stmt 1 view .LVU141
 655              		.loc 1 132 23 is_stmt 0 view .LVU142
 656 0062 0C4B     		ldr	r3, .L55+16
 657 0064 0122     		movs	r2, #1
 658 0066 1A70     		strb	r2, [r3]
 133:SynaptiX_FDK/services/sx_fatfs/sx_diskio.c ****     s_last_write_tick = HAL_GetTick();
 659              		.loc 1 133 5 is_stmt 1 view .LVU143
 660              		.loc 1 133 25 is_stmt 0 view .LVU144
 661 0068 FFF7FEFF 		bl	HAL_GetTick
 662              	.LVL53:
 663              		.loc 1 133 23 discriminator 1 view .LVU145
 664 006c 0A4B     		ldr	r3, .L55+20
 665 006e 1860     		str	r0, [r3]
 134:SynaptiX_FDK/services/sx_fatfs/sx_diskio.c ****     return RES_OK;
 666              		.loc 1 134 5 is_stmt 1 view .LVU146
 667              		.loc 1 134 12 is_stmt 0 view .LVU147
 668 0070 4846     		mov	r0, r9
 669              	.LVL54:
 670              	.L43:
 135:SynaptiX_FDK/services/sx_fatfs/sx_diskio.c **** }
 671              		.loc 1 135 1 view .LVU148
ARM GAS  C:\Users\DELL\AppData\Local\Temp\ccDIjahM.s 			page 16


 672 0072 BDE8F087 		pop	{r4, r5, r6, r7, r8, r9, r10, pc}
 673              	.LVL55:
 674              	.L47:
 675              	.LCFI9:
 676              		.cfi_def_cfa_offset 0
 677              		.cfi_restore 4
 678              		.cfi_restore 5
 679              		.cfi_restore 6
 680              		.cfi_restore 7
 681              		.cfi_restore 8
 682              		.cfi_restore 9
 683              		.cfi_restore 10
 684              		.cfi_restore 14
 113:SynaptiX_FDK/services/sx_fatfs/sx_diskio.c ****     if (!s_initialized)                              return RES_NOTRDY;
 685              		.loc 1 113 61 discriminator 1 view .LVU149
 686 0076 0420     		movs	r0, #4
 687              	.LVL56:
 688              		.loc 1 135 1 view .LVU150
 689 0078 7047     		bx	lr
 690              	.LVL57:
 691              	.L48:
 692              	.LCFI10:
 693              		.cfi_def_cfa_offset 32
 694              		.cfi_offset 4, -32
 695              		.cfi_offset 5, -28
 696              		.cfi_offset 6, -24
 697              		.cfi_offset 7, -20
 698              		.cfi_offset 8, -16
 699              		.cfi_offset 9, -12
 700              		.cfi_offset 10, -8
 701              		.cfi_offset 14, -4
 114:SynaptiX_FDK/services/sx_fatfs/sx_diskio.c ****     if (sector + count > SX_FLASHDISK_BLOCK_COUNT)   return RES_PARERR;
 702              		.loc 1 114 61 discriminator 1 view .LVU151
 703 007a 0320     		movs	r0, #3
 704              	.LVL58:
 114:SynaptiX_FDK/services/sx_fatfs/sx_diskio.c ****     if (sector + count > SX_FLASHDISK_BLOCK_COUNT)   return RES_PARERR;
 705              		.loc 1 114 61 discriminator 1 view .LVU152
 706 007c F9E7     		b	.L43
 707              	.LVL59:
 708              	.L49:
 115:SynaptiX_FDK/services/sx_fatfs/sx_diskio.c **** 
 709              		.loc 1 115 61 discriminator 1 view .LVU153
 710 007e 0420     		movs	r0, #4
 711              	.LVL60:
 115:SynaptiX_FDK/services/sx_fatfs/sx_diskio.c **** 
 712              		.loc 1 115 61 discriminator 1 view .LVU154
 713 0080 F7E7     		b	.L43
 714              	.L56:
 715 0082 00BF     		.align	2
 716              	.L55:
 717 0084 00000000 		.word	s_initialized
 718 0088 00000000 		.word	s_cache_buf
 719 008c 00000000 		.word	s_cache_dirty
 720 0090 00000000 		.word	s_cache_sector
 721 0094 00000000 		.word	s_pending_flush
 722 0098 00000000 		.word	s_last_write_tick
 723              		.cfi_endproc
ARM GAS  C:\Users\DELL\AppData\Local\Temp\ccDIjahM.s 			page 17


 724              	.LFE344:
 726              		.section	.text.sx_diskio_process,"ax",%progbits
 727              		.align	1
 728              		.global	sx_diskio_process
 729              		.syntax unified
 730              		.thumb
 731              		.thumb_func
 733              	sx_diskio_process:
 734              	.LFB345:
 136:SynaptiX_FDK/services/sx_fatfs/sx_diskio.c **** 
 137:SynaptiX_FDK/services/sx_fatfs/sx_diskio.c **** void sx_diskio_process(void)
 138:SynaptiX_FDK/services/sx_fatfs/sx_diskio.c **** {
 735              		.loc 1 138 1 is_stmt 1 view -0
 736              		.cfi_startproc
 737              		@ args = 0, pretend = 0, frame = 0
 738              		@ frame_needed = 0, uses_anonymous_args = 0
 739 0000 08B5     		push	{r3, lr}
 740              	.LCFI11:
 741              		.cfi_def_cfa_offset 8
 742              		.cfi_offset 3, -8
 743              		.cfi_offset 14, -4
 139:SynaptiX_FDK/services/sx_fatfs/sx_diskio.c ****     if (!s_pending_flush) return;
 744              		.loc 1 139 5 view .LVU156
 745              		.loc 1 139 9 is_stmt 0 view .LVU157
 746 0002 094B     		ldr	r3, .L61
 747 0004 1B78     		ldrb	r3, [r3]	@ zero_extendqisi2
 748              		.loc 1 139 8 view .LVU158
 749 0006 03B9     		cbnz	r3, .L60
 750              	.L57:
 140:SynaptiX_FDK/services/sx_fatfs/sx_diskio.c ****     if ((HAL_GetTick() - s_last_write_tick) < 500) return; 
 141:SynaptiX_FDK/services/sx_fatfs/sx_diskio.c **** 
 142:SynaptiX_FDK/services/sx_fatfs/sx_diskio.c ****     _cache_flush();
 143:SynaptiX_FDK/services/sx_fatfs/sx_diskio.c ****     s_pending_flush = false;
 144:SynaptiX_FDK/services/sx_fatfs/sx_diskio.c **** }
 751              		.loc 1 144 1 view .LVU159
 752 0008 08BD     		pop	{r3, pc}
 753              	.L60:
 140:SynaptiX_FDK/services/sx_fatfs/sx_diskio.c ****     if ((HAL_GetTick() - s_last_write_tick) < 500) return; 
 754              		.loc 1 140 5 is_stmt 1 view .LVU160
 140:SynaptiX_FDK/services/sx_fatfs/sx_diskio.c ****     if ((HAL_GetTick() - s_last_write_tick) < 500) return; 
 755              		.loc 1 140 10 is_stmt 0 view .LVU161
 756 000a FFF7FEFF 		bl	HAL_GetTick
 757              	.LVL61:
 140:SynaptiX_FDK/services/sx_fatfs/sx_diskio.c ****     if ((HAL_GetTick() - s_last_write_tick) < 500) return; 
 758              		.loc 1 140 24 discriminator 1 view .LVU162
 759 000e 074B     		ldr	r3, .L61+4
 760 0010 1B68     		ldr	r3, [r3]
 761 0012 C01A     		subs	r0, r0, r3
 140:SynaptiX_FDK/services/sx_fatfs/sx_diskio.c ****     if ((HAL_GetTick() - s_last_write_tick) < 500) return; 
 762              		.loc 1 140 8 discriminator 1 view .LVU163
 763 0014 B0F5FA7F 		cmp	r0, #500
 764 0018 F6D3     		bcc	.L57
 142:SynaptiX_FDK/services/sx_fatfs/sx_diskio.c ****     s_pending_flush = false;
 765              		.loc 1 142 5 is_stmt 1 view .LVU164
 766 001a FFF7FEFF 		bl	_cache_flush
 767              	.LVL62:
 143:SynaptiX_FDK/services/sx_fatfs/sx_diskio.c **** }
ARM GAS  C:\Users\DELL\AppData\Local\Temp\ccDIjahM.s 			page 18


 768              		.loc 1 143 5 view .LVU165
 143:SynaptiX_FDK/services/sx_fatfs/sx_diskio.c **** }
 769              		.loc 1 143 21 is_stmt 0 view .LVU166
 770 001e 024B     		ldr	r3, .L61
 771 0020 0022     		movs	r2, #0
 772 0022 1A70     		strb	r2, [r3]
 773 0024 F0E7     		b	.L57
 774              	.L62:
 775 0026 00BF     		.align	2
 776              	.L61:
 777 0028 00000000 		.word	s_pending_flush
 778 002c 00000000 		.word	s_last_write_tick
 779              		.cfi_endproc
 780              	.LFE345:
 782              		.section	.text.disk_ioctl,"ax",%progbits
 783              		.align	1
 784              		.global	disk_ioctl
 785              		.syntax unified
 786              		.thumb
 787              		.thumb_func
 789              	disk_ioctl:
 790              	.LVL63:
 791              	.LFB346:
 145:SynaptiX_FDK/services/sx_fatfs/sx_diskio.c **** 
 146:SynaptiX_FDK/services/sx_fatfs/sx_diskio.c **** DRESULT disk_ioctl(BYTE pdrv, BYTE cmd, void *buff)
 147:SynaptiX_FDK/services/sx_fatfs/sx_diskio.c **** {
 792              		.loc 1 147 1 is_stmt 1 view -0
 793              		.cfi_startproc
 794              		@ args = 0, pretend = 0, frame = 0
 795              		@ frame_needed = 0, uses_anonymous_args = 0
 148:SynaptiX_FDK/services/sx_fatfs/sx_diskio.c ****     if (pdrv != 0)      return RES_PARERR;
 796              		.loc 1 148 5 view .LVU168
 797              		.loc 1 148 8 is_stmt 0 view .LVU169
 798 0000 C8B9     		cbnz	r0, .L70
 147:SynaptiX_FDK/services/sx_fatfs/sx_diskio.c ****     if (pdrv != 0)      return RES_PARERR;
 799              		.loc 1 147 1 view .LVU170
 800 0002 10B5     		push	{r4, lr}
 801              	.LCFI12:
 802              		.cfi_def_cfa_offset 8
 803              		.cfi_offset 4, -8
 804              		.cfi_offset 14, -4
 805 0004 0C46     		mov	r4, r1
 149:SynaptiX_FDK/services/sx_fatfs/sx_diskio.c ****     if (!s_initialized) return RES_NOTRDY;
 806              		.loc 1 149 5 is_stmt 1 view .LVU171
 807              		.loc 1 149 9 is_stmt 0 view .LVU172
 808 0006 0F49     		ldr	r1, .L77
 809              	.LVL64:
 810              		.loc 1 149 9 view .LVU173
 811 0008 0978     		ldrb	r1, [r1]	@ zero_extendqisi2
 812              		.loc 1 149 8 view .LVU174
 813 000a B1B1     		cbz	r1, .L71
 150:SynaptiX_FDK/services/sx_fatfs/sx_diskio.c **** 
 151:SynaptiX_FDK/services/sx_fatfs/sx_diskio.c ****     switch (cmd) {
 814              		.loc 1 151 5 is_stmt 1 view .LVU175
 815 000c 032C     		cmp	r4, #3
 816 000e 16D8     		bhi	.L72
 817 0010 DFE804F0 		tbb	[pc, r4]
ARM GAS  C:\Users\DELL\AppData\Local\Temp\ccDIjahM.s 			page 19


 818              	.L66:
 819 0014 02       		.byte	(.L69-.L66)/2
 820 0015 06       		.byte	(.L68-.L66)/2
 821 0016 0A       		.byte	(.L67-.L66)/2
 822 0017 0E       		.byte	(.L65-.L66)/2
 823              		.p2align 1
 824              	.L69:
 152:SynaptiX_FDK/services/sx_fatfs/sx_diskio.c ****         case CTRL_SYNC:
 153:SynaptiX_FDK/services/sx_fatfs/sx_diskio.c ****             _cache_flush();
 825              		.loc 1 153 13 view .LVU176
 826 0018 FFF7FEFF 		bl	_cache_flush
 827              	.LVL65:
 154:SynaptiX_FDK/services/sx_fatfs/sx_diskio.c ****             return RES_OK;
 828              		.loc 1 154 13 view .LVU177
 829              		.loc 1 154 20 is_stmt 0 view .LVU178
 830 001c 2046     		mov	r0, r4
 831 001e 0DE0     		b	.L64
 832              	.LVL66:
 833              	.L68:
 155:SynaptiX_FDK/services/sx_fatfs/sx_diskio.c **** 
 156:SynaptiX_FDK/services/sx_fatfs/sx_diskio.c ****         case GET_SECTOR_COUNT:
 157:SynaptiX_FDK/services/sx_fatfs/sx_diskio.c ****             *(LBA_t *)buff = SX_FLASHDISK_BLOCK_COUNT;
 834              		.loc 1 157 13 is_stmt 1 view .LVU179
 835              		.loc 1 157 28 is_stmt 0 view .LVU180
 836 0020 4FF40071 		mov	r1, #512
 837 0024 1160     		str	r1, [r2]
 158:SynaptiX_FDK/services/sx_fatfs/sx_diskio.c ****             return RES_OK;
 838              		.loc 1 158 13 is_stmt 1 view .LVU181
 839              		.loc 1 158 20 is_stmt 0 view .LVU182
 840 0026 09E0     		b	.L64
 841              	.L67:
 159:SynaptiX_FDK/services/sx_fatfs/sx_diskio.c **** 
 160:SynaptiX_FDK/services/sx_fatfs/sx_diskio.c ****         case GET_SECTOR_SIZE:
 161:SynaptiX_FDK/services/sx_fatfs/sx_diskio.c ****             *(WORD *)buff = SX_FLASHDISK_BLOCK_SIZE;
 842              		.loc 1 161 13 is_stmt 1 view .LVU183
 843              		.loc 1 161 27 is_stmt 0 view .LVU184
 844 0028 4FF40071 		mov	r1, #512
 845 002c 1180     		strh	r1, [r2]	@ movhi
 162:SynaptiX_FDK/services/sx_fatfs/sx_diskio.c ****             return RES_OK;
 846              		.loc 1 162 13 is_stmt 1 view .LVU185
 847              		.loc 1 162 20 is_stmt 0 view .LVU186
 848 002e 05E0     		b	.L64
 849              	.L65:
 163:SynaptiX_FDK/services/sx_fatfs/sx_diskio.c **** 
 164:SynaptiX_FDK/services/sx_fatfs/sx_diskio.c ****         case GET_BLOCK_SIZE:
 165:SynaptiX_FDK/services/sx_fatfs/sx_diskio.c ****             *(DWORD *)buff = FAT_BLOCKS_PER_SECTOR;
 850              		.loc 1 165 13 is_stmt 1 view .LVU187
 851              		.loc 1 165 28 is_stmt 0 view .LVU188
 852 0030 1021     		movs	r1, #16
 853 0032 1160     		str	r1, [r2]
 166:SynaptiX_FDK/services/sx_fatfs/sx_diskio.c ****             return RES_OK;
 854              		.loc 1 166 13 is_stmt 1 view .LVU189
 855              		.loc 1 166 20 is_stmt 0 view .LVU190
 856 0034 02E0     		b	.L64
 857              	.LVL67:
 858              	.L70:
 859              	.LCFI13:
ARM GAS  C:\Users\DELL\AppData\Local\Temp\ccDIjahM.s 			page 20


 860              		.cfi_def_cfa_offset 0
 861              		.cfi_restore 4
 862              		.cfi_restore 14
 148:SynaptiX_FDK/services/sx_fatfs/sx_diskio.c ****     if (!s_initialized) return RES_NOTRDY;
 863              		.loc 1 148 32 discriminator 1 view .LVU191
 864 0036 0420     		movs	r0, #4
 865              	.LVL68:
 167:SynaptiX_FDK/services/sx_fatfs/sx_diskio.c **** 
 168:SynaptiX_FDK/services/sx_fatfs/sx_diskio.c ****         default:
 169:SynaptiX_FDK/services/sx_fatfs/sx_diskio.c ****             return RES_PARERR;
 170:SynaptiX_FDK/services/sx_fatfs/sx_diskio.c ****     }
 171:SynaptiX_FDK/services/sx_fatfs/sx_diskio.c **** }...
 866              		.loc 1 171 1 view .LVU192
 867 0038 7047     		bx	lr
 868              	.LVL69:
 869              	.L71:
 870              	.LCFI14:
 871              		.cfi_def_cfa_offset 8
 872              		.cfi_offset 4, -8
 873              		.cfi_offset 14, -4
 149:SynaptiX_FDK/services/sx_fatfs/sx_diskio.c ****     if (!s_initialized) return RES_NOTRDY;
 874              		.loc 1 149 32 discriminator 1 view .LVU193
 875 003a 0320     		movs	r0, #3
 876              	.LVL70:
 877              	.L64:
 878              		.loc 1 171 1 view .LVU194
 879 003c 10BD     		pop	{r4, pc}
 880              	.LVL71:
 881              	.L72:
 151:SynaptiX_FDK/services/sx_fatfs/sx_diskio.c ****     switch (cmd) {
 882              		.loc 1 151 5 view .LVU195
 883 003e 0420     		movs	r0, #4
 884              	.LVL72:
 151:SynaptiX_FDK/services/sx_fatfs/sx_diskio.c ****     switch (cmd) {
 885              		.loc 1 151 5 view .LVU196
 886 0040 FCE7     		b	.L64
 887              	.L78:
 888 0042 00BF     		.align	2
 889              	.L77:
 890 0044 00000000 		.word	s_initialized
 891              		.cfi_endproc
 892              	.LFE346:
 894              		.section	.bss.s_pending_flush,"aw",%nobits
 897              	s_pending_flush:
 898 0000 00       		.space	1
 899              		.section	.bss.s_last_write_tick,"aw",%nobits
 900              		.align	2
 903              	s_last_write_tick:
 904 0000 00000000 		.space	4
 905              		.section	.bss.s_initialized,"aw",%nobits
 908              	s_initialized:
 909 0000 00       		.space	1
 910              		.section	.bss.s_cache_dirty,"aw",%nobits
 913              	s_cache_dirty:
 914 0000 00       		.space	1
 915              		.section	.data.s_cache_sector,"aw"
 916              		.align	2
ARM GAS  C:\Users\DELL\AppData\Local\Temp\ccDIjahM.s 			page 21


 919              	s_cache_sector:
 920 0000 FFFFFFFF 		.word	-1
 921              		.section	.bss.s_cache_buf,"aw",%nobits
 922              		.align	2
 925              	s_cache_buf:
 926 0000 00000000 		.space	8192
 926      00000000 
 926      00000000 
 926      00000000 
 926      00000000 
 927              		.text
 928              	.Letext0:
 929              		.file 2 "D:\\stm32cubeclt\\STM32CubeCLT_1.21.0\\GNU-tools-for-STM32\\bin\\../lib/gcc/arm-none-eabi
 930              		.file 3 "D:\\stm32cubeclt\\STM32CubeCLT_1.21.0\\GNU-tools-for-STM32\\bin\\../lib/gcc/arm-none-eabi
 931              		.file 4 "SynaptiX_FDK/services/fatfs/ff.h"
 932              		.file 5 "SynaptiX_FDK/services/fatfs/diskio.h"
 933              		.file 6 "Drivers/STM32H5xx_HAL_Driver/Inc/stm32h5xx_ll_lptim.h"
 934              		.file 7 "SynaptiX_FDK/services/logger/logger.h"
 935              		.file 8 "SynaptiX_FDK/components/peripherals/flash/sx_flash.h"
 936              		.file 9 "Drivers/STM32H5xx_HAL_Driver/Inc/stm32h5xx_hal.h"
 937              		.file 10 "D:\\stm32cubeclt\\STM32CubeCLT_1.21.0\\GNU-tools-for-STM32\\bin\\../lib/gcc/arm-none-eab
 938              		.file 11 "<built-in>"
ARM GAS  C:\Users\DELL\AppData\Local\Temp\ccDIjahM.s 			page 22


DEFINED SYMBOLS
                            *ABS*:00000000 sx_diskio.c
C:\Users\DELL\AppData\Local\Temp\ccDIjahM.s:22     .text._cache_load:00000000 $t
C:\Users\DELL\AppData\Local\Temp\ccDIjahM.s:27     .text._cache_load:00000000 _cache_load
C:\Users\DELL\AppData\Local\Temp\ccDIjahM.s:72     .text._cache_load:00000024 $d
C:\Users\DELL\AppData\Local\Temp\ccDIjahM.s:925    .bss.s_cache_buf:00000000 s_cache_buf
C:\Users\DELL\AppData\Local\Temp\ccDIjahM.s:919    .data.s_cache_sector:00000000 s_cache_sector
C:\Users\DELL\AppData\Local\Temp\ccDIjahM.s:913    .bss.s_cache_dirty:00000000 s_cache_dirty
C:\Users\DELL\AppData\Local\Temp\ccDIjahM.s:79     .rodata._cache_flush.str1.4:00000000 $d
C:\Users\DELL\AppData\Local\Temp\ccDIjahM.s:98     .text._cache_flush:00000000 $t
C:\Users\DELL\AppData\Local\Temp\ccDIjahM.s:103    .text._cache_flush:00000000 _cache_flush
C:\Users\DELL\AppData\Local\Temp\ccDIjahM.s:214    .text._cache_flush:00000084 $d
C:\Users\DELL\AppData\Local\Temp\ccDIjahM.s:227    .text.sx_diskio_get_block_count:00000000 $t
C:\Users\DELL\AppData\Local\Temp\ccDIjahM.s:233    .text.sx_diskio_get_block_count:00000000 sx_diskio_get_block_count
C:\Users\DELL\AppData\Local\Temp\ccDIjahM.s:248    .text.sx_diskio_get_buffer:00000000 $t
C:\Users\DELL\AppData\Local\Temp\ccDIjahM.s:254    .text.sx_diskio_get_buffer:00000000 sx_diskio_get_buffer
C:\Users\DELL\AppData\Local\Temp\ccDIjahM.s:269    .text.disk_initialize:00000000 $t
C:\Users\DELL\AppData\Local\Temp\ccDIjahM.s:275    .text.disk_initialize:00000000 disk_initialize
C:\Users\DELL\AppData\Local\Temp\ccDIjahM.s:313    .text.disk_initialize:0000001c $d
C:\Users\DELL\AppData\Local\Temp\ccDIjahM.s:908    .bss.s_initialized:00000000 s_initialized
C:\Users\DELL\AppData\Local\Temp\ccDIjahM.s:320    .text.disk_status:00000000 $t
C:\Users\DELL\AppData\Local\Temp\ccDIjahM.s:326    .text.disk_status:00000000 disk_status
C:\Users\DELL\AppData\Local\Temp\ccDIjahM.s:355    .text.disk_status:00000010 $d
C:\Users\DELL\AppData\Local\Temp\ccDIjahM.s:360    .text.disk_read:00000000 $t
C:\Users\DELL\AppData\Local\Temp\ccDIjahM.s:366    .text.disk_read:00000000 disk_read
C:\Users\DELL\AppData\Local\Temp\ccDIjahM.s:530    .text.disk_read:00000078 $d
C:\Users\DELL\AppData\Local\Temp\ccDIjahM.s:537    .text.disk_write:00000000 $t
C:\Users\DELL\AppData\Local\Temp\ccDIjahM.s:543    .text.disk_write:00000000 disk_write
C:\Users\DELL\AppData\Local\Temp\ccDIjahM.s:717    .text.disk_write:00000084 $d
C:\Users\DELL\AppData\Local\Temp\ccDIjahM.s:897    .bss.s_pending_flush:00000000 s_pending_flush
C:\Users\DELL\AppData\Local\Temp\ccDIjahM.s:903    .bss.s_last_write_tick:00000000 s_last_write_tick
C:\Users\DELL\AppData\Local\Temp\ccDIjahM.s:727    .text.sx_diskio_process:00000000 $t
C:\Users\DELL\AppData\Local\Temp\ccDIjahM.s:733    .text.sx_diskio_process:00000000 sx_diskio_process
C:\Users\DELL\AppData\Local\Temp\ccDIjahM.s:777    .text.sx_diskio_process:00000028 $d
C:\Users\DELL\AppData\Local\Temp\ccDIjahM.s:783    .text.disk_ioctl:00000000 $t
C:\Users\DELL\AppData\Local\Temp\ccDIjahM.s:789    .text.disk_ioctl:00000000 disk_ioctl
C:\Users\DELL\AppData\Local\Temp\ccDIjahM.s:819    .text.disk_ioctl:00000014 $d
C:\Users\DELL\AppData\Local\Temp\ccDIjahM.s:823    .text.disk_ioctl:00000018 $t
C:\Users\DELL\AppData\Local\Temp\ccDIjahM.s:890    .text.disk_ioctl:00000044 $d
C:\Users\DELL\AppData\Local\Temp\ccDIjahM.s:898    .bss.s_pending_flush:00000000 $d
C:\Users\DELL\AppData\Local\Temp\ccDIjahM.s:900    .bss.s_last_write_tick:00000000 $d
C:\Users\DELL\AppData\Local\Temp\ccDIjahM.s:909    .bss.s_initialized:00000000 $d
C:\Users\DELL\AppData\Local\Temp\ccDIjahM.s:914    .bss.s_cache_dirty:00000000 $d
C:\Users\DELL\AppData\Local\Temp\ccDIjahM.s:916    .data.s_cache_sector:00000000 $d
C:\Users\DELL\AppData\Local\Temp\ccDIjahM.s:922    .bss.s_cache_buf:00000000 $d

UNDEFINED SYMBOLS
sx_flash_read
log_func
sx_flash_unlock
sx_flash_erase
sx_flash_write
sx_flash_lock
memcpy
HAL_GetTick
