ARM GAS  C:\Users\DELL\AppData\Local\Temp\cceGSfGX.s 			page 1


   1              		.cpu cortex-m33
   2              		.arch armv8-m.main
   3              		.fpu fpv5-sp-d16
   4              		.arch_extension dsp
   5              		.eabi_attribute 27, 1
   6              		.eabi_attribute 28, 1
   7              		.eabi_attribute 20, 1
   8              		.eabi_attribute 21, 1
   9              		.eabi_attribute 23, 3
  10              		.eabi_attribute 24, 1
  11              		.eabi_attribute 25, 1
  12              		.eabi_attribute 26, 1
  13              		.eabi_attribute 30, 1
  14              		.eabi_attribute 34, 1
  15              		.eabi_attribute 18, 4
  16              		.file	"sx_filter.c"
  17              		.text
  18              	.Ltext0:
  19              		.cfi_sections	.debug_frame
  20              		.file 1 "SynaptiX_FDK/utils/filter/sx_filter.c"
  21              		.section	.text.lpf_init,"ax",%progbits
  22              		.align	1
  23              		.global	lpf_init
  24              		.syntax unified
  25              		.thumb
  26              		.thumb_func
  28              	lpf_init:
  29              	.LVL0:
  30              	.LFB0:
   1:SynaptiX_FDK/utils/filter/sx_filter.c **** #include "sx_filter.h"
   2:SynaptiX_FDK/utils/filter/sx_filter.c **** /* ---------- LPF ---------- */
   3:SynaptiX_FDK/utils/filter/sx_filter.c **** 
   4:SynaptiX_FDK/utils/filter/sx_filter.c **** void lpf_init(lpf_t *f, float alpha)
   5:SynaptiX_FDK/utils/filter/sx_filter.c **** {
  31              		.loc 1 5 1 view -0
  32              		.cfi_startproc
  33              		@ args = 0, pretend = 0, frame = 0
  34              		@ frame_needed = 0, uses_anonymous_args = 0
  35              		@ link register save eliminated.
   6:SynaptiX_FDK/utils/filter/sx_filter.c ****     if (!f) return;
  36              		.loc 1 6 5 view .LVU1
  37              		.loc 1 6 8 is_stmt 0 view .LVU2
  38 0000 0346     		mov	r3, r0
  39 0002 B0B1     		cbz	r0, .L1
   7:SynaptiX_FDK/utils/filter/sx_filter.c ****     f->alpha       = (alpha > 0.0f && alpha <= 1.0f) ? alpha : 0.1f;
  40              		.loc 1 7 5 is_stmt 1 view .LVU3
  41              		.loc 1 7 62 is_stmt 0 view .LVU4
  42 0004 B5EEC00A 		vcmpe.f32	s0, #0
  43 0008 F1EE10FA 		vmrs	APSR_nzcv, FPSCR
  44 000c 09DD     		ble	.L7
  45              		.loc 1 7 36 discriminator 1 view .LVU5
  46 000e F7EE007A 		vmov.f32	s15, #1.0e+0
  47 0012 B4EEE70A 		vcmpe.f32	s0, s15
  48 0016 F1EE10FA 		vmrs	APSR_nzcv, FPSCR
  49 001a 04D9     		bls	.L3
  50              		.loc 1 7 62 discriminator 4 view .LVU6
  51 001c 9FED050A 		vldr.32	s0, .L8
ARM GAS  C:\Users\DELL\AppData\Local\Temp\cceGSfGX.s 			page 2


  52              	.LVL1:
  53              		.loc 1 7 62 discriminator 4 view .LVU7
  54 0020 01E0     		b	.L3
  55              	.LVL2:
  56              	.L7:
  57              		.loc 1 7 62 discriminator 4 view .LVU8
  58 0022 9FED040A 		vldr.32	s0, .L8
  59              	.LVL3:
  60              	.L3:
  61              		.loc 1 7 20 discriminator 6 view .LVU9
  62 0026 83ED000A 		vstr.32	s0, [r3]
   8:SynaptiX_FDK/utils/filter/sx_filter.c ****     f->value       = 0.0f;
  63              		.loc 1 8 5 is_stmt 1 view .LVU10
  64              		.loc 1 8 20 is_stmt 0 view .LVU11
  65 002a 0022     		movs	r2, #0
  66 002c 5A60     		str	r2, [r3, #4]	@ float
   9:SynaptiX_FDK/utils/filter/sx_filter.c ****     f->initialized = false;
  67              		.loc 1 9 5 is_stmt 1 view .LVU12
  68              		.loc 1 9 20 is_stmt 0 view .LVU13
  69 002e 0022     		movs	r2, #0
  70 0030 1A72     		strb	r2, [r3, #8]
  71              	.L1:
  10:SynaptiX_FDK/utils/filter/sx_filter.c **** }
  72              		.loc 1 10 1 view .LVU14
  73 0032 7047     		bx	lr
  74              	.L9:
  75              		.align	2
  76              	.L8:
  77 0034 CDCCCC3D 		.word	1036831949
  78              		.cfi_endproc
  79              	.LFE0:
  81              		.section	.text.lpf_update,"ax",%progbits
  82              		.align	1
  83              		.global	lpf_update
  84              		.syntax unified
  85              		.thumb
  86              		.thumb_func
  88              	lpf_update:
  89              	.LVL4:
  90              	.LFB1:
  11:SynaptiX_FDK/utils/filter/sx_filter.c **** 
  12:SynaptiX_FDK/utils/filter/sx_filter.c **** float lpf_update(lpf_t *f, float input)
  13:SynaptiX_FDK/utils/filter/sx_filter.c **** {
  91              		.loc 1 13 1 is_stmt 1 view -0
  92              		.cfi_startproc
  93              		@ args = 0, pretend = 0, frame = 0
  94              		@ frame_needed = 0, uses_anonymous_args = 0
  95              		@ link register save eliminated.
  14:SynaptiX_FDK/utils/filter/sx_filter.c ****     if (!f) return input;
  96              		.loc 1 14 5 view .LVU16
  97              		.loc 1 14 8 is_stmt 0 view .LVU17
  98 0000 88B1     		cbz	r0, .L10
  15:SynaptiX_FDK/utils/filter/sx_filter.c ****     if (!f->initialized) {
  99              		.loc 1 15 5 is_stmt 1 view .LVU18
 100              		.loc 1 15 11 is_stmt 0 view .LVU19
 101 0002 027A     		ldrb	r2, [r0, #8]	@ zero_extendqisi2
 102              		.loc 1 15 8 view .LVU20
ARM GAS  C:\Users\DELL\AppData\Local\Temp\cceGSfGX.s 			page 3


 103 0004 82B1     		cbz	r2, .L14
  16:SynaptiX_FDK/utils/filter/sx_filter.c ****         f->value       = input;
  17:SynaptiX_FDK/utils/filter/sx_filter.c ****         f->initialized = true;
  18:SynaptiX_FDK/utils/filter/sx_filter.c ****         return f->value;
  19:SynaptiX_FDK/utils/filter/sx_filter.c ****     }
  20:SynaptiX_FDK/utils/filter/sx_filter.c ****     f->value = f->alpha * input + (1.0f - f->alpha) * f->value;
 104              		.loc 1 20 5 is_stmt 1 view .LVU21
 105              		.loc 1 20 17 is_stmt 0 view .LVU22
 106 0006 90ED007A 		vldr.32	s14, [r0]
 107              		.loc 1 20 25 view .LVU23
 108 000a 27EE000A 		vmul.f32	s0, s14, s0
 109              	.LVL5:
 110              		.loc 1 20 41 view .LVU24
 111 000e F7EE007A 		vmov.f32	s15, #1.0e+0
 112 0012 77EEC77A 		vsub.f32	s15, s15, s14
 113              		.loc 1 20 56 view .LVU25
 114 0016 90ED017A 		vldr.32	s14, [r0, #4]
 115              		.loc 1 20 53 view .LVU26
 116 001a 67EE877A 		vmul.f32	s15, s15, s14
 117              		.loc 1 20 33 view .LVU27
 118 001e 30EE270A 		vadd.f32	s0, s0, s15
 119              		.loc 1 20 14 view .LVU28
 120 0022 80ED010A 		vstr.32	s0, [r0, #4]
  21:SynaptiX_FDK/utils/filter/sx_filter.c ****     return f->value;
 121              		.loc 1 21 5 is_stmt 1 view .LVU29
 122              	.L10:
  22:SynaptiX_FDK/utils/filter/sx_filter.c **** }
 123              		.loc 1 22 1 is_stmt 0 view .LVU30
 124 0026 7047     		bx	lr
 125              	.LVL6:
 126              	.L14:
  16:SynaptiX_FDK/utils/filter/sx_filter.c ****         f->value       = input;
 127              		.loc 1 16 9 is_stmt 1 view .LVU31
  16:SynaptiX_FDK/utils/filter/sx_filter.c ****         f->value       = input;
 128              		.loc 1 16 24 is_stmt 0 view .LVU32
 129 0028 80ED010A 		vstr.32	s0, [r0, #4]
  17:SynaptiX_FDK/utils/filter/sx_filter.c ****         return f->value;
 130              		.loc 1 17 9 is_stmt 1 view .LVU33
  17:SynaptiX_FDK/utils/filter/sx_filter.c ****         return f->value;
 131              		.loc 1 17 24 is_stmt 0 view .LVU34
 132 002c 0122     		movs	r2, #1
 133 002e 0272     		strb	r2, [r0, #8]
  18:SynaptiX_FDK/utils/filter/sx_filter.c ****     }
 134              		.loc 1 18 9 is_stmt 1 view .LVU35
  18:SynaptiX_FDK/utils/filter/sx_filter.c ****     }
 135              		.loc 1 18 17 is_stmt 0 view .LVU36
 136 0030 7047     		bx	lr
 137              		.cfi_endproc
 138              	.LFE1:
 140              		.section	.text.lpf_reset,"ax",%progbits
 141              		.align	1
 142              		.global	lpf_reset
 143              		.syntax unified
 144              		.thumb
 145              		.thumb_func
 147              	lpf_reset:
 148              	.LVL7:
ARM GAS  C:\Users\DELL\AppData\Local\Temp\cceGSfGX.s 			page 4


 149              	.LFB2:
  23:SynaptiX_FDK/utils/filter/sx_filter.c **** 
  24:SynaptiX_FDK/utils/filter/sx_filter.c **** void lpf_reset(lpf_t *f)
  25:SynaptiX_FDK/utils/filter/sx_filter.c **** {
 150              		.loc 1 25 1 is_stmt 1 view -0
 151              		.cfi_startproc
 152              		@ args = 0, pretend = 0, frame = 0
 153              		@ frame_needed = 0, uses_anonymous_args = 0
 154              		@ link register save eliminated.
  26:SynaptiX_FDK/utils/filter/sx_filter.c ****     if (!f) return;
 155              		.loc 1 26 5 view .LVU38
 156              		.loc 1 26 8 is_stmt 0 view .LVU39
 157 0000 18B1     		cbz	r0, .L15
  27:SynaptiX_FDK/utils/filter/sx_filter.c ****     f->value       = 0.0f;
 158              		.loc 1 27 5 is_stmt 1 view .LVU40
 159              		.loc 1 27 20 is_stmt 0 view .LVU41
 160 0002 0022     		movs	r2, #0
 161 0004 4260     		str	r2, [r0, #4]	@ float
  28:SynaptiX_FDK/utils/filter/sx_filter.c ****     f->initialized = false;
 162              		.loc 1 28 5 is_stmt 1 view .LVU42
 163              		.loc 1 28 20 is_stmt 0 view .LVU43
 164 0006 0022     		movs	r2, #0
 165 0008 0272     		strb	r2, [r0, #8]
 166              	.L15:
  29:SynaptiX_FDK/utils/filter/sx_filter.c **** }
 167              		.loc 1 29 1 view .LVU44
 168 000a 7047     		bx	lr
 169              		.cfi_endproc
 170              	.LFE2:
 172              		.section	.text.kalman1d_init,"ax",%progbits
 173              		.align	1
 174              		.global	kalman1d_init
 175              		.syntax unified
 176              		.thumb
 177              		.thumb_func
 179              	kalman1d_init:
 180              	.LVL8:
 181              	.LFB3:
  30:SynaptiX_FDK/utils/filter/sx_filter.c **** 
  31:SynaptiX_FDK/utils/filter/sx_filter.c **** /* ---------- Kalman 1D ---------- */
  32:SynaptiX_FDK/utils/filter/sx_filter.c **** 
  33:SynaptiX_FDK/utils/filter/sx_filter.c **** void kalman1d_init(kalman1d_t *k, float Q, float R, float x0)
  34:SynaptiX_FDK/utils/filter/sx_filter.c **** {
 182              		.loc 1 34 1 is_stmt 1 view -0
 183              		.cfi_startproc
 184              		@ args = 0, pretend = 0, frame = 0
 185              		@ frame_needed = 0, uses_anonymous_args = 0
 186              		@ link register save eliminated.
  35:SynaptiX_FDK/utils/filter/sx_filter.c ****     if (!k) return;
 187              		.loc 1 35 5 view .LVU46
 188              		.loc 1 35 8 is_stmt 0 view .LVU47
 189 0000 40B1     		cbz	r0, .L17
  36:SynaptiX_FDK/utils/filter/sx_filter.c ****     k->x = x0;
 190              		.loc 1 36 5 is_stmt 1 view .LVU48
 191              		.loc 1 36 10 is_stmt 0 view .LVU49
 192 0002 80ED001A 		vstr.32	s2, [r0]
  37:SynaptiX_FDK/utils/filter/sx_filter.c ****     k->P = 1.0f;
ARM GAS  C:\Users\DELL\AppData\Local\Temp\cceGSfGX.s 			page 5


 193              		.loc 1 37 5 is_stmt 1 view .LVU50
 194              		.loc 1 37 10 is_stmt 0 view .LVU51
 195 0006 4FF07E52 		mov	r2, #1065353216
 196 000a 4260     		str	r2, [r0, #4]	@ float
  38:SynaptiX_FDK/utils/filter/sx_filter.c ****     k->Q = Q;
 197              		.loc 1 38 5 is_stmt 1 view .LVU52
 198              		.loc 1 38 10 is_stmt 0 view .LVU53
 199 000c 80ED020A 		vstr.32	s0, [r0, #8]
  39:SynaptiX_FDK/utils/filter/sx_filter.c ****     k->R = R;
 200              		.loc 1 39 5 is_stmt 1 view .LVU54
 201              		.loc 1 39 10 is_stmt 0 view .LVU55
 202 0010 C0ED030A 		vstr.32	s1, [r0, #12]
 203              	.L17:
  40:SynaptiX_FDK/utils/filter/sx_filter.c **** }
 204              		.loc 1 40 1 view .LVU56
 205 0014 7047     		bx	lr
 206              		.cfi_endproc
 207              	.LFE3:
 209              		.section	.text.kalman1d_predict,"ax",%progbits
 210              		.align	1
 211              		.global	kalman1d_predict
 212              		.syntax unified
 213              		.thumb
 214              		.thumb_func
 216              	kalman1d_predict:
 217              	.LVL9:
 218              	.LFB4:
  41:SynaptiX_FDK/utils/filter/sx_filter.c **** 
  42:SynaptiX_FDK/utils/filter/sx_filter.c **** void kalman1d_predict(kalman1d_t *k, float u)
  43:SynaptiX_FDK/utils/filter/sx_filter.c **** {
 219              		.loc 1 43 1 is_stmt 1 view -0
 220              		.cfi_startproc
 221              		@ args = 0, pretend = 0, frame = 0
 222              		@ frame_needed = 0, uses_anonymous_args = 0
 223              		@ link register save eliminated.
  44:SynaptiX_FDK/utils/filter/sx_filter.c ****     if (!k) return;
 224              		.loc 1 44 5 view .LVU58
 225              		.loc 1 44 8 is_stmt 0 view .LVU59
 226 0000 68B1     		cbz	r0, .L19
  45:SynaptiX_FDK/utils/filter/sx_filter.c ****     k->x += u;
 227              		.loc 1 45 5 is_stmt 1 view .LVU60
 228              		.loc 1 45 6 is_stmt 0 view .LVU61
 229 0002 D0ED007A 		vldr.32	s15, [r0]
 230              		.loc 1 45 10 view .LVU62
 231 0006 77EE807A 		vadd.f32	s15, s15, s0
 232 000a C0ED007A 		vstr.32	s15, [r0]
  46:SynaptiX_FDK/utils/filter/sx_filter.c ****     k->P += k->Q;
 233              		.loc 1 46 5 is_stmt 1 view .LVU63
 234              		.loc 1 46 6 is_stmt 0 view .LVU64
 235 000e D0ED017A 		vldr.32	s15, [r0, #4]
 236              		.loc 1 46 14 view .LVU65
 237 0012 90ED027A 		vldr.32	s14, [r0, #8]
 238              		.loc 1 46 10 view .LVU66
 239 0016 77EE877A 		vadd.f32	s15, s15, s14
 240 001a C0ED017A 		vstr.32	s15, [r0, #4]
 241              	.L19:
  47:SynaptiX_FDK/utils/filter/sx_filter.c **** }
ARM GAS  C:\Users\DELL\AppData\Local\Temp\cceGSfGX.s 			page 6


 242              		.loc 1 47 1 view .LVU67
 243 001e 7047     		bx	lr
 244              		.cfi_endproc
 245              	.LFE4:
 247              		.section	.text.kalman1d_update,"ax",%progbits
 248              		.align	1
 249              		.global	kalman1d_update
 250              		.syntax unified
 251              		.thumb
 252              		.thumb_func
 254              	kalman1d_update:
 255              	.LVL10:
 256              	.LFB5:
  48:SynaptiX_FDK/utils/filter/sx_filter.c **** 
  49:SynaptiX_FDK/utils/filter/sx_filter.c **** void kalman1d_update(kalman1d_t *k, float z)
  50:SynaptiX_FDK/utils/filter/sx_filter.c **** {
 257              		.loc 1 50 1 is_stmt 1 view -0
 258              		.cfi_startproc
 259              		@ args = 0, pretend = 0, frame = 0
 260              		@ frame_needed = 0, uses_anonymous_args = 0
 261              		@ link register save eliminated.
  51:SynaptiX_FDK/utils/filter/sx_filter.c ****     if (!k) return;
 262              		.loc 1 51 5 view .LVU69
 263              		.loc 1 51 8 is_stmt 0 view .LVU70
 264 0000 C8B1     		cbz	r0, .L21
  52:SynaptiX_FDK/utils/filter/sx_filter.c ****     float K = k->P / (k->P + k->R);
 265              		.loc 1 52 5 is_stmt 1 view .LVU71
 266              		.loc 1 52 16 is_stmt 0 view .LVU72
 267 0002 D0ED017A 		vldr.32	s15, [r0, #4]
 268              		.loc 1 52 31 view .LVU73
 269 0006 90ED037A 		vldr.32	s14, [r0, #12]
 270              		.loc 1 52 28 view .LVU74
 271 000a 37EE877A 		vadd.f32	s14, s15, s14
 272              		.loc 1 52 11 view .LVU75
 273 000e C7EE876A 		vdiv.f32	s13, s15, s14
 274              	.LVL11:
  53:SynaptiX_FDK/utils/filter/sx_filter.c ****     k->x   += K * (z - k->x);
 275              		.loc 1 53 5 is_stmt 1 view .LVU76
 276              		.loc 1 53 6 is_stmt 0 view .LVU77
 277 0012 90ED007A 		vldr.32	s14, [r0]
 278              		.loc 1 53 22 view .LVU78
 279 0016 30EE470A 		vsub.f32	s0, s0, s14
 280              	.LVL12:
 281              		.loc 1 53 17 view .LVU79
 282 001a 20EE260A 		vmul.f32	s0, s0, s13
 283              		.loc 1 53 12 view .LVU80
 284 001e 37EE007A 		vadd.f32	s14, s14, s0
 285 0022 80ED007A 		vstr.32	s14, [r0]
  54:SynaptiX_FDK/utils/filter/sx_filter.c ****     k->P    = (1.0f - K) * k->P;
 286              		.loc 1 54 5 is_stmt 1 view .LVU81
 287              		.loc 1 54 21 is_stmt 0 view .LVU82
 288 0026 B7EE007A 		vmov.f32	s14, #1.0e+0
 289 002a 37EE667A 		vsub.f32	s14, s14, s13
 290              		.loc 1 54 26 view .LVU83
 291 002e 67EE877A 		vmul.f32	s15, s15, s14
 292              		.loc 1 54 13 view .LVU84
 293 0032 C0ED017A 		vstr.32	s15, [r0, #4]
ARM GAS  C:\Users\DELL\AppData\Local\Temp\cceGSfGX.s 			page 7


 294              	.LVL13:
 295              	.L21:
  55:SynaptiX_FDK/utils/filter/sx_filter.c **** }
 296              		.loc 1 55 1 view .LVU85
 297 0036 7047     		bx	lr
 298              		.cfi_endproc
 299              	.LFE5:
 301              		.section	.text.kalman1d_get,"ax",%progbits
 302              		.align	1
 303              		.global	kalman1d_get
 304              		.syntax unified
 305              		.thumb
 306              		.thumb_func
 308              	kalman1d_get:
 309              	.LVL14:
 310              	.LFB6:
  56:SynaptiX_FDK/utils/filter/sx_filter.c **** 
  57:SynaptiX_FDK/utils/filter/sx_filter.c **** float kalman1d_get(const kalman1d_t *k)
  58:SynaptiX_FDK/utils/filter/sx_filter.c **** {
 311              		.loc 1 58 1 is_stmt 1 view -0
 312              		.cfi_startproc
 313              		@ args = 0, pretend = 0, frame = 0
 314              		@ frame_needed = 0, uses_anonymous_args = 0
 315              		@ link register save eliminated.
  59:SynaptiX_FDK/utils/filter/sx_filter.c ****     if (!k) return 0.0f;
 316              		.loc 1 59 5 view .LVU87
 317              		.loc 1 59 8 is_stmt 0 view .LVU88
 318 0000 10B1     		cbz	r0, .L25
  60:SynaptiX_FDK/utils/filter/sx_filter.c ****     return k->x;
 319              		.loc 1 60 5 is_stmt 1 view .LVU89
 320              		.loc 1 60 13 is_stmt 0 view .LVU90
 321 0002 90ED000A 		vldr.32	s0, [r0]
 322 0006 7047     		bx	lr
 323              	.L25:
  59:SynaptiX_FDK/utils/filter/sx_filter.c ****     if (!k) return 0.0f;
 324              		.loc 1 59 20 discriminator 1 view .LVU91
 325 0008 9FED010A 		vldr.32	s0, .L26
  61:SynaptiX_FDK/utils/filter/sx_filter.c **** }
 326              		.loc 1 61 1 view .LVU92
 327 000c 7047     		bx	lr
 328              	.L27:
 329 000e 00BF     		.align	2
 330              	.L26:
 331 0010 00000000 		.word	0
 332              		.cfi_endproc
 333              	.LFE6:
 335              		.section	.text.kalman1d_reset,"ax",%progbits
 336              		.align	1
 337              		.global	kalman1d_reset
 338              		.syntax unified
 339              		.thumb
 340              		.thumb_func
 342              	kalman1d_reset:
 343              	.LVL15:
 344              	.LFB7:
  62:SynaptiX_FDK/utils/filter/sx_filter.c **** 
  63:SynaptiX_FDK/utils/filter/sx_filter.c **** void kalman1d_reset(kalman1d_t *k)
ARM GAS  C:\Users\DELL\AppData\Local\Temp\cceGSfGX.s 			page 8


  64:SynaptiX_FDK/utils/filter/sx_filter.c **** {
 345              		.loc 1 64 1 is_stmt 1 view -0
 346              		.cfi_startproc
 347              		@ args = 0, pretend = 0, frame = 0
 348              		@ frame_needed = 0, uses_anonymous_args = 0
 349              		@ link register save eliminated.
  65:SynaptiX_FDK/utils/filter/sx_filter.c ****     if (!k) return;
 350              		.loc 1 65 5 view .LVU94
 351              		.loc 1 65 8 is_stmt 0 view .LVU95
 352 0000 20B1     		cbz	r0, .L28
  66:SynaptiX_FDK/utils/filter/sx_filter.c ****     k->x = 0.0f;
 353              		.loc 1 66 5 is_stmt 1 view .LVU96
 354              		.loc 1 66 10 is_stmt 0 view .LVU97
 355 0002 0022     		movs	r2, #0
 356 0004 0260     		str	r2, [r0]	@ float
  67:SynaptiX_FDK/utils/filter/sx_filter.c ****     k->P = 1.0f;
 357              		.loc 1 67 5 is_stmt 1 view .LVU98
 358              		.loc 1 67 10 is_stmt 0 view .LVU99
 359 0006 4FF07E52 		mov	r2, #1065353216
 360 000a 4260     		str	r2, [r0, #4]	@ float
 361              	.L28:
  68:SynaptiX_FDK/utils/filter/sx_filter.c **** }...
 362              		.loc 1 68 1 view .LVU100
 363 000c 7047     		bx	lr
 364              		.cfi_endproc
 365              	.LFE7:
 367              		.text
 368              	.Letext0:
 369              		.file 2 "SynaptiX_FDK/utils/filter/sx_filter.h"
ARM GAS  C:\Users\DELL\AppData\Local\Temp\cceGSfGX.s 			page 9


DEFINED SYMBOLS
                            *ABS*:00000000 sx_filter.c
C:\Users\DELL\AppData\Local\Temp\cceGSfGX.s:22     .text.lpf_init:00000000 $t
C:\Users\DELL\AppData\Local\Temp\cceGSfGX.s:28     .text.lpf_init:00000000 lpf_init
C:\Users\DELL\AppData\Local\Temp\cceGSfGX.s:77     .text.lpf_init:00000034 $d
C:\Users\DELL\AppData\Local\Temp\cceGSfGX.s:82     .text.lpf_update:00000000 $t
C:\Users\DELL\AppData\Local\Temp\cceGSfGX.s:88     .text.lpf_update:00000000 lpf_update
C:\Users\DELL\AppData\Local\Temp\cceGSfGX.s:141    .text.lpf_reset:00000000 $t
C:\Users\DELL\AppData\Local\Temp\cceGSfGX.s:147    .text.lpf_reset:00000000 lpf_reset
C:\Users\DELL\AppData\Local\Temp\cceGSfGX.s:173    .text.kalman1d_init:00000000 $t
C:\Users\DELL\AppData\Local\Temp\cceGSfGX.s:179    .text.kalman1d_init:00000000 kalman1d_init
C:\Users\DELL\AppData\Local\Temp\cceGSfGX.s:210    .text.kalman1d_predict:00000000 $t
C:\Users\DELL\AppData\Local\Temp\cceGSfGX.s:216    .text.kalman1d_predict:00000000 kalman1d_predict
C:\Users\DELL\AppData\Local\Temp\cceGSfGX.s:248    .text.kalman1d_update:00000000 $t
C:\Users\DELL\AppData\Local\Temp\cceGSfGX.s:254    .text.kalman1d_update:00000000 kalman1d_update
C:\Users\DELL\AppData\Local\Temp\cceGSfGX.s:302    .text.kalman1d_get:00000000 $t
C:\Users\DELL\AppData\Local\Temp\cceGSfGX.s:308    .text.kalman1d_get:00000000 kalman1d_get
C:\Users\DELL\AppData\Local\Temp\cceGSfGX.s:331    .text.kalman1d_get:00000010 $d
C:\Users\DELL\AppData\Local\Temp\cceGSfGX.s:336    .text.kalman1d_reset:00000000 $t
C:\Users\DELL\AppData\Local\Temp\cceGSfGX.s:342    .text.kalman1d_reset:00000000 kalman1d_reset

NO UNDEFINED SYMBOLS
