ARM GAS  C:\Users\DELL\AppData\Local\Temp\ccpJXMyc.s 			page 1


   1              		.cpu cortex-m33
   2              		.arch armv8-m.main
   3              		.fpu fpv5-sp-d16
   4              		.arch_extension dsp
   5              		.eabi_attribute 27, 1
   6              		.eabi_attribute 28, 1
   7              		.eabi_attribute 20, 1
   8              		.eabi_attribute 21, 1
   9              		.eabi_attribute 23, 3
  10              		.eabi_attribute 24, 1
  11              		.eabi_attribute 25, 1
  12              		.eabi_attribute 26, 1
  13              		.eabi_attribute 30, 1
  14              		.eabi_attribute 34, 1
  15              		.eabi_attribute 18, 4
  16              		.file	"sx_fatfs.c"
  17              		.text
  18              	.Ltext0:
  19              		.cfi_sections	.debug_frame
  20              		.file 1 "SynaptiX_FDK/services/sx_fatfs/sx_fatfs.c"
  21              		.section	.rodata.sx_fatfs_mount.str1.4,"aMS",%progbits,1
  22              		.align	2
  23              	.LC1:
  24 0000 6469736B 		.ascii	"disk_initialize status: %d\000"
  24      5F696E69 
  24      7469616C 
  24      697A6520 
  24      73746174 
  25 001b 00       		.align	2
  26              	.LC2:
  27 001c 53585F46 		.ascii	"SX_FATFS\000"
  27      41544653 
  27      00
  28 0025 000000   		.align	2
  29              	.LC3:
  30 0028 303A00   		.ascii	"0:\000"
  31 002b 00       		.align	2
  32              	.LC4:
  33 002c 466C6173 		.ascii	"Flash FAT valid \342\200\224 skipping format\000"
  33      68204641 
  33      54207661 
  33      6C696420 
  33      E2809420 
  34              		.align	2
  35              	.LC5:
  36 0050 4E6F2076 		.ascii	"No valid FAT \342\200\224 formatting...\000"
  36      616C6964 
  36      20464154 
  36      20E28094 
  36      20666F72 
  37 006f 00       		.align	2
  38              	.LC6:
  39 0070 665F6D6B 		.ascii	"f_mkfs failed: %d\000"
  39      66732066 
  39      61696C65 
  39      643A2025 
  39      6400
ARM GAS  C:\Users\DELL\AppData\Local\Temp\ccpJXMyc.s 			page 2


  40 0082 0000     		.align	2
  41              	.LC7:
  42 0084 665F6D6F 		.ascii	"f_mount failed: %d\000"
  42      756E7420 
  42      6661696C 
  42      65643A20 
  42      256400
  43 0097 00       		.align	2
  44              	.LC8:
  45 0098 466C6173 		.ascii	"Flash FAT formatted and mounted\000"
  45      68204641 
  45      5420666F 
  45      726D6174 
  45      74656420 
  46              		.section	.text.sx_fatfs_mount,"ax",%progbits
  47              		.align	1
  48              		.global	sx_fatfs_mount
  49              		.syntax unified
  50              		.thumb
  51              		.thumb_func
  53              	sx_fatfs_mount:
  54              	.LFB0:
   1:SynaptiX_FDK/services/sx_fatfs/sx_fatfs.c **** #include "sx_fatfs.h"
   2:SynaptiX_FDK/services/sx_fatfs/sx_fatfs.c **** #include "sx_diskio.h"
   3:SynaptiX_FDK/services/sx_fatfs/sx_fatfs.c **** #include "logger.h"
   4:SynaptiX_FDK/services/sx_fatfs/sx_fatfs.c **** #include <string.h>
   5:SynaptiX_FDK/services/sx_fatfs/sx_fatfs.c **** 
   6:SynaptiX_FDK/services/sx_fatfs/sx_fatfs.c **** static const char *TAG = "SX_FATFS";
   7:SynaptiX_FDK/services/sx_fatfs/sx_fatfs.c **** 
   8:SynaptiX_FDK/services/sx_fatfs/sx_fatfs.c **** static FATFS s_fatfs;
   9:SynaptiX_FDK/services/sx_fatfs/sx_fatfs.c **** static bool s_mounted = false;
  10:SynaptiX_FDK/services/sx_fatfs/sx_fatfs.c **** 
  11:SynaptiX_FDK/services/sx_fatfs/sx_fatfs.c **** #define WORK_SIZE   2048
  12:SynaptiX_FDK/services/sx_fatfs/sx_fatfs.c **** 
  13:SynaptiX_FDK/services/sx_fatfs/sx_fatfs.c **** /*  API */
  14:SynaptiX_FDK/services/sx_fatfs/sx_fatfs.c **** int sx_fatfs_mount(void)
  15:SynaptiX_FDK/services/sx_fatfs/sx_fatfs.c **** {
  55              		.loc 1 15 1 view -0
  56              		.cfi_startproc
  57              		@ args = 0, pretend = 0, frame = 16
  58              		@ frame_needed = 0, uses_anonymous_args = 0
  59 0000 00B5     		push	{lr}
  60              	.LCFI0:
  61              		.cfi_def_cfa_offset 4
  62              		.cfi_offset 14, -4
  63 0002 85B0     		sub	sp, sp, #20
  64              	.LCFI1:
  65              		.cfi_def_cfa_offset 24
  16:SynaptiX_FDK/services/sx_fatfs/sx_fatfs.c ****     FRESULT res;
  66              		.loc 1 16 5 view .LVU1
  17:SynaptiX_FDK/services/sx_fatfs/sx_fatfs.c ****     static BYTE work[WORK_SIZE];
  67              		.loc 1 17 5 view .LVU2
  18:SynaptiX_FDK/services/sx_fatfs/sx_fatfs.c **** 
  19:SynaptiX_FDK/services/sx_fatfs/sx_fatfs.c ****     DSTATUS st = disk_initialize(0);
  68              		.loc 1 19 5 view .LVU3
  69              		.loc 1 19 18 is_stmt 0 view .LVU4
  70 0004 0020     		movs	r0, #0
ARM GAS  C:\Users\DELL\AppData\Local\Temp\ccpJXMyc.s 			page 3


  71 0006 FFF7FEFF 		bl	disk_initialize
  72              	.LVL0:
  73 000a 0346     		mov	r3, r0
  74              	.LVL1:
  20:SynaptiX_FDK/services/sx_fatfs/sx_fatfs.c ****     log_info(TAG, "disk_initialize status: %d", st);
  75              		.loc 1 20 5 is_stmt 1 view .LVU5
  76 000c 264A     		ldr	r2, .L10
  77 000e 2749     		ldr	r1, .L10+4
  78 0010 0320     		movs	r0, #3
  79 0012 FFF7FEFF 		bl	log_func
  80              	.LVL2:
  21:SynaptiX_FDK/services/sx_fatfs/sx_fatfs.c **** 
  22:SynaptiX_FDK/services/sx_fatfs/sx_fatfs.c ****     res = f_mount(&s_fatfs, "0:", 1);
  81              		.loc 1 22 5 view .LVU6
  82              		.loc 1 22 11 is_stmt 0 view .LVU7
  83 0016 0122     		movs	r2, #1
  84 0018 2549     		ldr	r1, .L10+8
  85 001a 2648     		ldr	r0, .L10+12
  86 001c FFF7FEFF 		bl	f_mount
  87              	.LVL3:
  23:SynaptiX_FDK/services/sx_fatfs/sx_fatfs.c ****     if (res == FR_OK) {
  88              		.loc 1 23 5 is_stmt 1 view .LVU8
  89              		.loc 1 23 8 is_stmt 0 view .LVU9
  90 0020 40B3     		cbz	r0, .L7
  24:SynaptiX_FDK/services/sx_fatfs/sx_fatfs.c ****         s_mounted = true;
  25:SynaptiX_FDK/services/sx_fatfs/sx_fatfs.c ****         log_info(TAG, "Flash FAT valid — skipping format");
  26:SynaptiX_FDK/services/sx_fatfs/sx_fatfs.c ****         return 0;
  27:SynaptiX_FDK/services/sx_fatfs/sx_fatfs.c ****     }
  28:SynaptiX_FDK/services/sx_fatfs/sx_fatfs.c **** 
  29:SynaptiX_FDK/services/sx_fatfs/sx_fatfs.c ****     log_info(TAG, "No valid FAT — formatting...");
  91              		.loc 1 29 5 is_stmt 1 view .LVU10
  92 0022 254A     		ldr	r2, .L10+16
  93 0024 2149     		ldr	r1, .L10+4
  94 0026 0320     		movs	r0, #3
  95              	.LVL4:
  96              		.loc 1 29 5 is_stmt 0 view .LVU11
  97 0028 FFF7FEFF 		bl	log_func
  98              	.LVL5:
  30:SynaptiX_FDK/services/sx_fatfs/sx_fatfs.c **** 
  31:SynaptiX_FDK/services/sx_fatfs/sx_fatfs.c ****     MKFS_PARM opt = {
  99              		.loc 1 31 5 is_stmt 1 view .LVU12
 100              		.loc 1 31 15 is_stmt 0 view .LVU13
 101 002c 234B     		ldr	r3, .L10+20
 102 002e 0FCB     		ldm	r3, {r0, r1, r2, r3}
 103 0030 8DE80F00 		stm	sp, {r0, r1, r2, r3}
  32:SynaptiX_FDK/services/sx_fatfs/sx_fatfs.c ****         .fmt     = FM_FAT | FM_SFD,
  33:SynaptiX_FDK/services/sx_fatfs/sx_fatfs.c ****         .n_fat   = 1,
  34:SynaptiX_FDK/services/sx_fatfs/sx_fatfs.c ****         .align   = 1,
  35:SynaptiX_FDK/services/sx_fatfs/sx_fatfs.c ****         .n_root  = 256,
  36:SynaptiX_FDK/services/sx_fatfs/sx_fatfs.c ****         .au_size = 512
  37:SynaptiX_FDK/services/sx_fatfs/sx_fatfs.c ****     };
  38:SynaptiX_FDK/services/sx_fatfs/sx_fatfs.c **** 
  39:SynaptiX_FDK/services/sx_fatfs/sx_fatfs.c ****     res = f_mkfs("0:", &opt, work, sizeof(work));
 104              		.loc 1 39 5 is_stmt 1 view .LVU14
 105              		.loc 1 39 11 is_stmt 0 view .LVU15
 106 0034 4FF40063 		mov	r3, #2048
 107 0038 214A     		ldr	r2, .L10+24
ARM GAS  C:\Users\DELL\AppData\Local\Temp\ccpJXMyc.s 			page 4


 108 003a 6946     		mov	r1, sp
 109 003c 1C48     		ldr	r0, .L10+8
 110 003e FFF7FEFF 		bl	f_mkfs
 111              	.LVL6:
  40:SynaptiX_FDK/services/sx_fatfs/sx_fatfs.c ****     if (res != FR_OK) {
 112              		.loc 1 40 5 is_stmt 1 view .LVU16
 113              		.loc 1 40 8 is_stmt 0 view .LVU17
 114 0042 0346     		mov	r3, r0
 115 0044 00BB     		cbnz	r0, .L8
  41:SynaptiX_FDK/services/sx_fatfs/sx_fatfs.c ****         log_error(TAG, "f_mkfs failed: %d", res);
  42:SynaptiX_FDK/services/sx_fatfs/sx_fatfs.c ****         return -1;
  43:SynaptiX_FDK/services/sx_fatfs/sx_fatfs.c ****     }
  44:SynaptiX_FDK/services/sx_fatfs/sx_fatfs.c **** 
  45:SynaptiX_FDK/services/sx_fatfs/sx_fatfs.c ****     disk_ioctl(0, CTRL_SYNC, NULL);
 116              		.loc 1 45 5 is_stmt 1 view .LVU18
 117 0046 0022     		movs	r2, #0
 118 0048 1146     		mov	r1, r2
 119 004a 1046     		mov	r0, r2
 120              	.LVL7:
 121              		.loc 1 45 5 is_stmt 0 view .LVU19
 122 004c FFF7FEFF 		bl	disk_ioctl
 123              	.LVL8:
  46:SynaptiX_FDK/services/sx_fatfs/sx_fatfs.c **** 
  47:SynaptiX_FDK/services/sx_fatfs/sx_fatfs.c ****     res = f_mount(&s_fatfs, "0:", 1);
 124              		.loc 1 47 5 is_stmt 1 view .LVU20
 125              		.loc 1 47 11 is_stmt 0 view .LVU21
 126 0050 0122     		movs	r2, #1
 127 0052 1749     		ldr	r1, .L10+8
 128 0054 1748     		ldr	r0, .L10+12
 129 0056 FFF7FEFF 		bl	f_mount
 130              	.LVL9:
  48:SynaptiX_FDK/services/sx_fatfs/sx_fatfs.c ****     if (res != FR_OK) {
 131              		.loc 1 48 5 is_stmt 1 view .LVU22
 132              		.loc 1 48 8 is_stmt 0 view .LVU23
 133 005a 0346     		mov	r3, r0
 134 005c E0B9     		cbnz	r0, .L9
  49:SynaptiX_FDK/services/sx_fatfs/sx_fatfs.c ****         log_error(TAG, "f_mount failed: %d", res);
  50:SynaptiX_FDK/services/sx_fatfs/sx_fatfs.c ****         return -2;
  51:SynaptiX_FDK/services/sx_fatfs/sx_fatfs.c ****     }
  52:SynaptiX_FDK/services/sx_fatfs/sx_fatfs.c **** 
  53:SynaptiX_FDK/services/sx_fatfs/sx_fatfs.c ****     s_mounted = true;
 135              		.loc 1 53 5 is_stmt 1 view .LVU24
 136              		.loc 1 53 15 is_stmt 0 view .LVU25
 137 005e 194B     		ldr	r3, .L10+28
 138 0060 0122     		movs	r2, #1
 139 0062 1A70     		strb	r2, [r3]
  54:SynaptiX_FDK/services/sx_fatfs/sx_fatfs.c ****     log_info(TAG, "Flash FAT formatted and mounted");
 140              		.loc 1 54 5 is_stmt 1 view .LVU26
 141 0064 184A     		ldr	r2, .L10+32
 142 0066 1149     		ldr	r1, .L10+4
 143 0068 0320     		movs	r0, #3
 144              	.LVL10:
 145              		.loc 1 54 5 is_stmt 0 view .LVU27
 146 006a FFF7FEFF 		bl	log_func
 147              	.LVL11:
  55:SynaptiX_FDK/services/sx_fatfs/sx_fatfs.c ****     return 0;
 148              		.loc 1 55 5 is_stmt 1 view .LVU28
ARM GAS  C:\Users\DELL\AppData\Local\Temp\ccpJXMyc.s 			page 5


 149              		.loc 1 55 12 is_stmt 0 view .LVU29
 150 006e 0020     		movs	r0, #0
 151              	.LVL12:
 152              	.L1:
  56:SynaptiX_FDK/services/sx_fatfs/sx_fatfs.c **** }
 153              		.loc 1 56 1 view .LVU30
 154 0070 05B0     		add	sp, sp, #20
 155              	.LCFI2:
 156              		.cfi_remember_state
 157              		.cfi_def_cfa_offset 4
 158              		@ sp needed
 159 0072 00BD     		pop	{pc}
 160              	.LVL13:
 161              	.L7:
 162              	.LCFI3:
 163              		.cfi_restore_state
  24:SynaptiX_FDK/services/sx_fatfs/sx_fatfs.c ****         log_info(TAG, "Flash FAT valid — skipping format");
 164              		.loc 1 24 9 is_stmt 1 view .LVU31
  24:SynaptiX_FDK/services/sx_fatfs/sx_fatfs.c ****         log_info(TAG, "Flash FAT valid — skipping format");
 165              		.loc 1 24 19 is_stmt 0 view .LVU32
 166 0074 134B     		ldr	r3, .L10+28
 167 0076 0122     		movs	r2, #1
 168 0078 1A70     		strb	r2, [r3]
  25:SynaptiX_FDK/services/sx_fatfs/sx_fatfs.c ****         return 0;
 169              		.loc 1 25 9 is_stmt 1 view .LVU33
 170 007a 144A     		ldr	r2, .L10+36
 171 007c 0B49     		ldr	r1, .L10+4
 172 007e 0320     		movs	r0, #3
 173              	.LVL14:
  25:SynaptiX_FDK/services/sx_fatfs/sx_fatfs.c ****         return 0;
 174              		.loc 1 25 9 is_stmt 0 view .LVU34
 175 0080 FFF7FEFF 		bl	log_func
 176              	.LVL15:
  26:SynaptiX_FDK/services/sx_fatfs/sx_fatfs.c ****     }
 177              		.loc 1 26 9 is_stmt 1 view .LVU35
  26:SynaptiX_FDK/services/sx_fatfs/sx_fatfs.c ****     }
 178              		.loc 1 26 16 is_stmt 0 view .LVU36
 179 0084 0020     		movs	r0, #0
 180 0086 F3E7     		b	.L1
 181              	.LVL16:
 182              	.L8:
  41:SynaptiX_FDK/services/sx_fatfs/sx_fatfs.c ****         return -1;
 183              		.loc 1 41 9 is_stmt 1 view .LVU37
 184 0088 114A     		ldr	r2, .L10+40
 185 008a 0849     		ldr	r1, .L10+4
 186 008c 0120     		movs	r0, #1
 187              	.LVL17:
  41:SynaptiX_FDK/services/sx_fatfs/sx_fatfs.c ****         return -1;
 188              		.loc 1 41 9 is_stmt 0 view .LVU38
 189 008e FFF7FEFF 		bl	log_func
 190              	.LVL18:
  42:SynaptiX_FDK/services/sx_fatfs/sx_fatfs.c ****     }
 191              		.loc 1 42 9 is_stmt 1 view .LVU39
  42:SynaptiX_FDK/services/sx_fatfs/sx_fatfs.c ****     }
 192              		.loc 1 42 16 is_stmt 0 view .LVU40
 193 0092 4FF0FF30 		mov	r0, #-1
 194 0096 EBE7     		b	.L1
ARM GAS  C:\Users\DELL\AppData\Local\Temp\ccpJXMyc.s 			page 6


 195              	.LVL19:
 196              	.L9:
  49:SynaptiX_FDK/services/sx_fatfs/sx_fatfs.c ****         return -2;
 197              		.loc 1 49 9 is_stmt 1 view .LVU41
 198 0098 0E4A     		ldr	r2, .L10+44
 199 009a 0449     		ldr	r1, .L10+4
 200 009c 0120     		movs	r0, #1
 201              	.LVL20:
  49:SynaptiX_FDK/services/sx_fatfs/sx_fatfs.c ****         return -2;
 202              		.loc 1 49 9 is_stmt 0 view .LVU42
 203 009e FFF7FEFF 		bl	log_func
 204              	.LVL21:
  50:SynaptiX_FDK/services/sx_fatfs/sx_fatfs.c ****     }
 205              		.loc 1 50 9 is_stmt 1 view .LVU43
  50:SynaptiX_FDK/services/sx_fatfs/sx_fatfs.c ****     }
 206              		.loc 1 50 16 is_stmt 0 view .LVU44
 207 00a2 6FF00100 		mvn	r0, #1
 208 00a6 E3E7     		b	.L1
 209              	.L11:
 210              		.align	2
 211              	.L10:
 212 00a8 00000000 		.word	.LC1
 213 00ac 1C000000 		.word	.LC2
 214 00b0 28000000 		.word	.LC3
 215 00b4 00000000 		.word	s_fatfs
 216 00b8 50000000 		.word	.LC5
 217 00bc 00000000 		.word	.LANCHOR0
 218 00c0 00000000 		.word	work.0
 219 00c4 00000000 		.word	s_mounted
 220 00c8 98000000 		.word	.LC8
 221 00cc 2C000000 		.word	.LC4
 222 00d0 70000000 		.word	.LC6
 223 00d4 84000000 		.word	.LC7
 224              		.cfi_endproc
 225              	.LFE0:
 227              		.section	.rodata.sx_fatfs_unmount.str1.4,"aMS",%progbits,1
 228              		.align	2
 229              	.LC9:
 230 0000 52414D20 		.ascii	"RAM disk unmounted\000"
 230      6469736B 
 230      20756E6D 
 230      6F756E74 
 230      656400
 231              		.section	.text.sx_fatfs_unmount,"ax",%progbits
 232              		.align	1
 233              		.global	sx_fatfs_unmount
 234              		.syntax unified
 235              		.thumb
 236              		.thumb_func
 238              	sx_fatfs_unmount:
 239              	.LFB1:
  57:SynaptiX_FDK/services/sx_fatfs/sx_fatfs.c **** void sx_fatfs_unmount(void)
  58:SynaptiX_FDK/services/sx_fatfs/sx_fatfs.c **** {
 240              		.loc 1 58 1 is_stmt 1 view -0
 241              		.cfi_startproc
 242              		@ args = 0, pretend = 0, frame = 0
 243              		@ frame_needed = 0, uses_anonymous_args = 0
ARM GAS  C:\Users\DELL\AppData\Local\Temp\ccpJXMyc.s 			page 7


 244 0000 08B5     		push	{r3, lr}
 245              	.LCFI4:
 246              		.cfi_def_cfa_offset 8
 247              		.cfi_offset 3, -8
 248              		.cfi_offset 14, -4
  59:SynaptiX_FDK/services/sx_fatfs/sx_fatfs.c ****     if (!s_mounted) return;
 249              		.loc 1 59 5 view .LVU46
 250              		.loc 1 59 9 is_stmt 0 view .LVU47
 251 0002 094B     		ldr	r3, .L16
 252 0004 1B78     		ldrb	r3, [r3]	@ zero_extendqisi2
 253              		.loc 1 59 8 view .LVU48
 254 0006 03B9     		cbnz	r3, .L15
 255              	.L12:
  60:SynaptiX_FDK/services/sx_fatfs/sx_fatfs.c ****     f_mount(NULL, "0:", 0);
  61:SynaptiX_FDK/services/sx_fatfs/sx_fatfs.c ****     s_mounted = false;
  62:SynaptiX_FDK/services/sx_fatfs/sx_fatfs.c ****     log_info(TAG, "RAM disk unmounted");
  63:SynaptiX_FDK/services/sx_fatfs/sx_fatfs.c **** }
 256              		.loc 1 63 1 view .LVU49
 257 0008 08BD     		pop	{r3, pc}
 258              	.L15:
  60:SynaptiX_FDK/services/sx_fatfs/sx_fatfs.c ****     f_mount(NULL, "0:", 0);
 259              		.loc 1 60 5 is_stmt 1 view .LVU50
 260 000a 0022     		movs	r2, #0
 261 000c 0749     		ldr	r1, .L16+4
 262 000e 1046     		mov	r0, r2
 263 0010 FFF7FEFF 		bl	f_mount
 264              	.LVL22:
  61:SynaptiX_FDK/services/sx_fatfs/sx_fatfs.c ****     log_info(TAG, "RAM disk unmounted");
 265              		.loc 1 61 5 view .LVU51
  61:SynaptiX_FDK/services/sx_fatfs/sx_fatfs.c ****     log_info(TAG, "RAM disk unmounted");
 266              		.loc 1 61 15 is_stmt 0 view .LVU52
 267 0014 044B     		ldr	r3, .L16
 268 0016 0022     		movs	r2, #0
 269 0018 1A70     		strb	r2, [r3]
  62:SynaptiX_FDK/services/sx_fatfs/sx_fatfs.c **** }
 270              		.loc 1 62 5 is_stmt 1 view .LVU53
 271 001a 054A     		ldr	r2, .L16+8
 272 001c 0549     		ldr	r1, .L16+12
 273 001e 0320     		movs	r0, #3
 274 0020 FFF7FEFF 		bl	log_func
 275              	.LVL23:
 276 0024 F0E7     		b	.L12
 277              	.L17:
 278 0026 00BF     		.align	2
 279              	.L16:
 280 0028 00000000 		.word	s_mounted
 281 002c 28000000 		.word	.LC3
 282 0030 00000000 		.word	.LC9
 283 0034 1C000000 		.word	.LC2
 284              		.cfi_endproc
 285              	.LFE1:
 287              		.section	.rodata.sx_fatfs_write_file.str1.4,"aMS",%progbits,1
 288              		.align	2
 289              	.LC10:
 290 0000 665F6F70 		.ascii	"f_open(%s) failed: %d\000"
 290      656E2825 
 290      73292066 
ARM GAS  C:\Users\DELL\AppData\Local\Temp\ccpJXMyc.s 			page 8


 290      61696C65 
 290      643A2025 
 291 0016 0000     		.align	2
 292              	.LC11:
 293 0018 665F7772 		.ascii	"f_write(%s) failed: %d\000"
 293      69746528 
 293      25732920 
 293      6661696C 
 293      65643A20 
 294 002f 00       		.align	2
 295              	.LC12:
 296 0030 77726974 		.ascii	"write %s: %lu bytes\000"
 296      65202573 
 296      3A20256C 
 296      75206279 
 296      74657300 
 297              		.section	.text.sx_fatfs_write_file,"ax",%progbits
 298              		.align	1
 299              		.global	sx_fatfs_write_file
 300              		.syntax unified
 301              		.thumb
 302              		.thumb_func
 304              	sx_fatfs_write_file:
 305              	.LVL24:
 306              	.LFB2:
  64:SynaptiX_FDK/services/sx_fatfs/sx_fatfs.c **** 
  65:SynaptiX_FDK/services/sx_fatfs/sx_fatfs.c **** int sx_fatfs_write_file(const char *path, const uint8_t *data, uint32_t len){
 307              		.loc 1 65 77 view -0
 308              		.cfi_startproc
 309              		@ args = 0, pretend = 0, frame = 560
 310              		@ frame_needed = 0, uses_anonymous_args = 0
  66:SynaptiX_FDK/services/sx_fatfs/sx_fatfs.c ****     if (!s_mounted || path == NULL || data == NULL || len == 0) 
 311              		.loc 1 66 5 view .LVU55
 312              		.loc 1 66 9 is_stmt 0 view .LVU56
 313 0000 274B     		ldr	r3, .L32
 314 0002 1B78     		ldrb	r3, [r3]	@ zero_extendqisi2
 315              		.loc 1 66 8 view .LVU57
 316 0004 002B     		cmp	r3, #0
 317 0006 3FD0     		beq	.L23
  65:SynaptiX_FDK/services/sx_fatfs/sx_fatfs.c ****     if (!s_mounted || path == NULL || data == NULL || len == 0) 
 318              		.loc 1 65 77 view .LVU58
 319 0008 F0B5     		push	{r4, r5, r6, r7, lr}
 320              	.LCFI5:
 321              		.cfi_def_cfa_offset 20
 322              		.cfi_offset 4, -20
 323              		.cfi_offset 5, -16
 324              		.cfi_offset 6, -12
 325              		.cfi_offset 7, -8
 326              		.cfi_offset 14, -4
 327 000a ADF50F7D 		sub	sp, sp, #572
 328              	.LCFI6:
 329              		.cfi_def_cfa_offset 592
 330 000e 0546     		mov	r5, r0
 331 0010 0E46     		mov	r6, r1
 332 0012 1446     		mov	r4, r2
 333              		.loc 1 66 20 discriminator 1 view .LVU59
 334 0014 0028     		cmp	r0, #0
ARM GAS  C:\Users\DELL\AppData\Local\Temp\ccpJXMyc.s 			page 9


 335 0016 3AD0     		beq	.L24
 336              		.loc 1 66 36 discriminator 2 view .LVU60
 337 0018 0029     		cmp	r1, #0
 338 001a 3BD0     		beq	.L25
 339              		.loc 1 66 52 discriminator 3 view .LVU61
 340 001c 002A     		cmp	r2, #0
 341 001e 3CD0     		beq	.L26
  67:SynaptiX_FDK/services/sx_fatfs/sx_fatfs.c ****         return -1;
  68:SynaptiX_FDK/services/sx_fatfs/sx_fatfs.c ****     FIL f;
 342              		.loc 1 68 5 is_stmt 1 view .LVU62
  69:SynaptiX_FDK/services/sx_fatfs/sx_fatfs.c ****     UINT bw;
 343              		.loc 1 69 5 view .LVU63
  70:SynaptiX_FDK/services/sx_fatfs/sx_fatfs.c ****     FRESULT res;
 344              		.loc 1 70 5 view .LVU64
  71:SynaptiX_FDK/services/sx_fatfs/sx_fatfs.c **** 
  72:SynaptiX_FDK/services/sx_fatfs/sx_fatfs.c ****     res = f_open(&f, path, FA_WRITE | FA_CREATE_ALWAYS);
 345              		.loc 1 72 5 view .LVU65
 346              		.loc 1 72 11 is_stmt 0 view .LVU66
 347 0020 0A22     		movs	r2, #10
 348              	.LVL25:
 349              		.loc 1 72 11 view .LVU67
 350 0022 0146     		mov	r1, r0
 351              	.LVL26:
 352              		.loc 1 72 11 view .LVU68
 353 0024 04A8     		add	r0, sp, #16
 354              	.LVL27:
 355              		.loc 1 72 11 view .LVU69
 356 0026 FFF7FEFF 		bl	f_open
 357              	.LVL28:
  73:SynaptiX_FDK/services/sx_fatfs/sx_fatfs.c ****     if(res != FR_OK){
 358              		.loc 1 73 5 is_stmt 1 view .LVU70
 359              		.loc 1 73 7 is_stmt 0 view .LVU71
 360 002a C8B9     		cbnz	r0, .L31
  74:SynaptiX_FDK/services/sx_fatfs/sx_fatfs.c ****         log_error(TAG, "f_open(%s) failed: %d", path, res);
  75:SynaptiX_FDK/services/sx_fatfs/sx_fatfs.c ****         return -1;
  76:SynaptiX_FDK/services/sx_fatfs/sx_fatfs.c ****     }
  77:SynaptiX_FDK/services/sx_fatfs/sx_fatfs.c **** 
  78:SynaptiX_FDK/services/sx_fatfs/sx_fatfs.c ****     res = f_write(&f, data, len, &bw);
 361              		.loc 1 78 5 is_stmt 1 view .LVU72
 362              		.loc 1 78 11 is_stmt 0 view .LVU73
 363 002c 04AF     		add	r7, sp, #16
 364 002e 03AB     		add	r3, sp, #12
 365 0030 2246     		mov	r2, r4
 366 0032 3146     		mov	r1, r6
 367 0034 3846     		mov	r0, r7
 368              	.LVL29:
 369              		.loc 1 78 11 view .LVU74
 370 0036 FFF7FEFF 		bl	f_write
 371              	.LVL30:
 372 003a 0646     		mov	r6, r0
 373              	.LVL31:
  79:SynaptiX_FDK/services/sx_fatfs/sx_fatfs.c ****     f_close(&f);
 374              		.loc 1 79 5 is_stmt 1 view .LVU75
 375 003c 3846     		mov	r0, r7
 376 003e FFF7FEFF 		bl	f_close
 377              	.LVL32:
  80:SynaptiX_FDK/services/sx_fatfs/sx_fatfs.c **** 
ARM GAS  C:\Users\DELL\AppData\Local\Temp\ccpJXMyc.s 			page 10


  81:SynaptiX_FDK/services/sx_fatfs/sx_fatfs.c ****     if(res != FR_OK || bw != len){
 378              		.loc 1 81 5 view .LVU76
 379              		.loc 1 81 7 is_stmt 0 view .LVU77
 380 0042 BEB9     		cbnz	r6, .L21
 381              		.loc 1 81 27 discriminator 1 view .LVU78
 382 0044 039B     		ldr	r3, [sp, #12]
 383              		.loc 1 81 21 discriminator 1 view .LVU79
 384 0046 A342     		cmp	r3, r4
 385 0048 14D1     		bne	.L21
  82:SynaptiX_FDK/services/sx_fatfs/sx_fatfs.c ****         log_error(TAG, "f_write(%s) failed: %d", path, res);
  83:SynaptiX_FDK/services/sx_fatfs/sx_fatfs.c ****         return -2;
  84:SynaptiX_FDK/services/sx_fatfs/sx_fatfs.c ****     }
  85:SynaptiX_FDK/services/sx_fatfs/sx_fatfs.c **** 
  86:SynaptiX_FDK/services/sx_fatfs/sx_fatfs.c ****     log_info(TAG, "write %s: %lu bytes", path, len);
 386              		.loc 1 86 5 is_stmt 1 view .LVU80
 387 004a 0094     		str	r4, [sp]
 388 004c 2B46     		mov	r3, r5
 389 004e 154A     		ldr	r2, .L32+4
 390 0050 1549     		ldr	r1, .L32+8
 391 0052 0320     		movs	r0, #3
 392 0054 FFF7FEFF 		bl	log_func
 393              	.LVL33:
  87:SynaptiX_FDK/services/sx_fatfs/sx_fatfs.c ****     return 0;
 394              		.loc 1 87 5 view .LVU81
 395              		.loc 1 87 12 is_stmt 0 view .LVU82
 396 0058 0020     		movs	r0, #0
 397              	.LVL34:
 398              	.L18:
  88:SynaptiX_FDK/services/sx_fatfs/sx_fatfs.c **** }
 399              		.loc 1 88 1 view .LVU83
 400 005a 0DF50F7D 		add	sp, sp, #572
 401              	.LCFI7:
 402              		.cfi_remember_state
 403              		.cfi_def_cfa_offset 20
 404              		@ sp needed
 405 005e F0BD     		pop	{r4, r5, r6, r7, pc}
 406              	.LVL35:
 407              	.L31:
 408              	.LCFI8:
 409              		.cfi_restore_state
  74:SynaptiX_FDK/services/sx_fatfs/sx_fatfs.c ****         return -1;
 410              		.loc 1 74 9 is_stmt 1 view .LVU84
 411 0060 0090     		str	r0, [sp]
 412 0062 2B46     		mov	r3, r5
 413 0064 114A     		ldr	r2, .L32+12
 414 0066 1049     		ldr	r1, .L32+8
 415 0068 0120     		movs	r0, #1
 416              	.LVL36:
  74:SynaptiX_FDK/services/sx_fatfs/sx_fatfs.c ****         return -1;
 417              		.loc 1 74 9 is_stmt 0 view .LVU85
 418 006a FFF7FEFF 		bl	log_func
 419              	.LVL37:
  75:SynaptiX_FDK/services/sx_fatfs/sx_fatfs.c ****     }
 420              		.loc 1 75 9 is_stmt 1 view .LVU86
  75:SynaptiX_FDK/services/sx_fatfs/sx_fatfs.c ****     }
 421              		.loc 1 75 16 is_stmt 0 view .LVU87
 422 006e 4FF0FF30 		mov	r0, #-1
ARM GAS  C:\Users\DELL\AppData\Local\Temp\ccpJXMyc.s 			page 11


 423 0072 F2E7     		b	.L18
 424              	.LVL38:
 425              	.L21:
  82:SynaptiX_FDK/services/sx_fatfs/sx_fatfs.c ****         return -2;
 426              		.loc 1 82 9 is_stmt 1 view .LVU88
 427 0074 0096     		str	r6, [sp]
 428 0076 2B46     		mov	r3, r5
 429 0078 0D4A     		ldr	r2, .L32+16
 430 007a 0B49     		ldr	r1, .L32+8
 431 007c 0120     		movs	r0, #1
 432 007e FFF7FEFF 		bl	log_func
 433              	.LVL39:
  83:SynaptiX_FDK/services/sx_fatfs/sx_fatfs.c ****     }
 434              		.loc 1 83 9 view .LVU89
  83:SynaptiX_FDK/services/sx_fatfs/sx_fatfs.c ****     }
 435              		.loc 1 83 16 is_stmt 0 view .LVU90
 436 0082 6FF00100 		mvn	r0, #1
 437 0086 E8E7     		b	.L18
 438              	.LVL40:
 439              	.L23:
 440              	.LCFI9:
 441              		.cfi_def_cfa_offset 0
 442              		.cfi_restore 4
 443              		.cfi_restore 5
 444              		.cfi_restore 6
 445              		.cfi_restore 7
 446              		.cfi_restore 14
  67:SynaptiX_FDK/services/sx_fatfs/sx_fatfs.c ****     FIL f;
 447              		.loc 1 67 16 view .LVU91
 448 0088 4FF0FF30 		mov	r0, #-1
 449              	.LVL41:
 450              		.loc 1 88 1 view .LVU92
 451 008c 7047     		bx	lr
 452              	.LVL42:
 453              	.L24:
 454              	.LCFI10:
 455              		.cfi_def_cfa_offset 592
 456              		.cfi_offset 4, -20
 457              		.cfi_offset 5, -16
 458              		.cfi_offset 6, -12
 459              		.cfi_offset 7, -8
 460              		.cfi_offset 14, -4
  67:SynaptiX_FDK/services/sx_fatfs/sx_fatfs.c ****     FIL f;
 461              		.loc 1 67 16 view .LVU93
 462 008e 4FF0FF30 		mov	r0, #-1
 463              	.LVL43:
  67:SynaptiX_FDK/services/sx_fatfs/sx_fatfs.c ****     FIL f;
 464              		.loc 1 67 16 view .LVU94
 465 0092 E2E7     		b	.L18
 466              	.LVL44:
 467              	.L25:
  67:SynaptiX_FDK/services/sx_fatfs/sx_fatfs.c ****     FIL f;
 468              		.loc 1 67 16 view .LVU95
 469 0094 4FF0FF30 		mov	r0, #-1
 470              	.LVL45:
  67:SynaptiX_FDK/services/sx_fatfs/sx_fatfs.c ****     FIL f;
 471              		.loc 1 67 16 view .LVU96
ARM GAS  C:\Users\DELL\AppData\Local\Temp\ccpJXMyc.s 			page 12


 472 0098 DFE7     		b	.L18
 473              	.LVL46:
 474              	.L26:
  67:SynaptiX_FDK/services/sx_fatfs/sx_fatfs.c ****     FIL f;
 475              		.loc 1 67 16 view .LVU97
 476 009a 4FF0FF30 		mov	r0, #-1
 477              	.LVL47:
  67:SynaptiX_FDK/services/sx_fatfs/sx_fatfs.c ****     FIL f;
 478              		.loc 1 67 16 view .LVU98
 479 009e DCE7     		b	.L18
 480              	.L33:
 481              		.align	2
 482              	.L32:
 483 00a0 00000000 		.word	s_mounted
 484 00a4 30000000 		.word	.LC12
 485 00a8 1C000000 		.word	.LC2
 486 00ac 00000000 		.word	.LC10
 487 00b0 18000000 		.word	.LC11
 488              		.cfi_endproc
 489              	.LFE2:
 491              		.section	.rodata.sx_fatfs_read_file.str1.4,"aMS",%progbits,1
 492              		.align	2
 493              	.LC13:
 494 0000 665F7265 		.ascii	"f_read(%s) failed: %d\000"
 494      61642825 
 494      73292066 
 494      61696C65 
 494      643A2025 
 495 0016 0000     		.align	2
 496              	.LC14:
 497 0018 72656164 		.ascii	"read %s: %lu bytes\000"
 497      2025733A 
 497      20256C75 
 497      20627974 
 497      657300
 498              		.section	.text.sx_fatfs_read_file,"ax",%progbits
 499              		.align	1
 500              		.global	sx_fatfs_read_file
 501              		.syntax unified
 502              		.thumb
 503              		.thumb_func
 505              	sx_fatfs_read_file:
 506              	.LVL48:
 507              	.LFB3:
  89:SynaptiX_FDK/services/sx_fatfs/sx_fatfs.c **** 
  90:SynaptiX_FDK/services/sx_fatfs/sx_fatfs.c **** int sx_fatfs_read_file(const char *path, uint8_t *buf, uint32_t len, uint32_t *out_len){
 508              		.loc 1 90 88 is_stmt 1 view -0
 509              		.cfi_startproc
 510              		@ args = 0, pretend = 0, frame = 560
 511              		@ frame_needed = 0, uses_anonymous_args = 0
 512              		.loc 1 90 88 is_stmt 0 view .LVU100
 513 0000 2DE9F041 		push	{r4, r5, r6, r7, r8, lr}
 514              	.LCFI11:
 515              		.cfi_def_cfa_offset 24
 516              		.cfi_offset 4, -24
 517              		.cfi_offset 5, -20
 518              		.cfi_offset 6, -16
ARM GAS  C:\Users\DELL\AppData\Local\Temp\ccpJXMyc.s 			page 13


 519              		.cfi_offset 7, -12
 520              		.cfi_offset 8, -8
 521              		.cfi_offset 14, -4
 522 0004 ADF50E7D 		sub	sp, sp, #568
 523              	.LCFI12:
 524              		.cfi_def_cfa_offset 592
 525 0008 1F46     		mov	r7, r3
  91:SynaptiX_FDK/services/sx_fatfs/sx_fatfs.c ****     if (!s_mounted || path == NULL || buf == NULL || len == 0) return -1;
 526              		.loc 1 91 5 is_stmt 1 view .LVU101
 527              		.loc 1 91 9 is_stmt 0 view .LVU102
 528 000a 284B     		ldr	r3, .L46
 529              	.LVL49:
 530              		.loc 1 91 9 view .LVU103
 531 000c 1B78     		ldrb	r3, [r3]	@ zero_extendqisi2
 532              		.loc 1 91 8 view .LVU104
 533 000e 002B     		cmp	r3, #0
 534 0010 3FD0     		beq	.L39
 535 0012 0446     		mov	r4, r0
 536 0014 0D46     		mov	r5, r1
 537 0016 1646     		mov	r6, r2
 538              		.loc 1 91 20 discriminator 2 view .LVU105
 539 0018 0028     		cmp	r0, #0
 540 001a 3DD0     		beq	.L40
 541              		.loc 1 91 36 discriminator 4 view .LVU106
 542 001c 0029     		cmp	r1, #0
 543 001e 3ED0     		beq	.L41
 544              		.loc 1 91 51 discriminator 6 view .LVU107
 545 0020 002A     		cmp	r2, #0
 546 0022 3FD0     		beq	.L42
  92:SynaptiX_FDK/services/sx_fatfs/sx_fatfs.c **** 
  93:SynaptiX_FDK/services/sx_fatfs/sx_fatfs.c ****     FIL     f;
 547              		.loc 1 93 5 is_stmt 1 view .LVU108
  94:SynaptiX_FDK/services/sx_fatfs/sx_fatfs.c ****     UINT    br;
 548              		.loc 1 94 5 view .LVU109
  95:SynaptiX_FDK/services/sx_fatfs/sx_fatfs.c ****     FRESULT res;
 549              		.loc 1 95 5 view .LVU110
  96:SynaptiX_FDK/services/sx_fatfs/sx_fatfs.c **** 
  97:SynaptiX_FDK/services/sx_fatfs/sx_fatfs.c ****     res = f_open(&f, path, FA_READ);
 550              		.loc 1 97 5 view .LVU111
 551              		.loc 1 97 11 is_stmt 0 view .LVU112
 552 0024 0122     		movs	r2, #1
 553              	.LVL50:
 554              		.loc 1 97 11 view .LVU113
 555 0026 0146     		mov	r1, r0
 556              	.LVL51:
 557              		.loc 1 97 11 view .LVU114
 558 0028 04A8     		add	r0, sp, #16
 559              	.LVL52:
 560              		.loc 1 97 11 view .LVU115
 561 002a FFF7FEFF 		bl	f_open
 562              	.LVL53:
  98:SynaptiX_FDK/services/sx_fatfs/sx_fatfs.c ****     if (res != FR_OK) {
 563              		.loc 1 98 5 is_stmt 1 view .LVU116
 564              		.loc 1 98 8 is_stmt 0 view .LVU117
 565 002e E0B9     		cbnz	r0, .L44
  99:SynaptiX_FDK/services/sx_fatfs/sx_fatfs.c ****         log_error(TAG, "f_open(%s) failed: %d", path, res);
 100:SynaptiX_FDK/services/sx_fatfs/sx_fatfs.c ****         return -1;
ARM GAS  C:\Users\DELL\AppData\Local\Temp\ccpJXMyc.s 			page 14


 101:SynaptiX_FDK/services/sx_fatfs/sx_fatfs.c ****     }
 102:SynaptiX_FDK/services/sx_fatfs/sx_fatfs.c **** 
 103:SynaptiX_FDK/services/sx_fatfs/sx_fatfs.c ****     res = f_read(&f, buf, len, &br);
 566              		.loc 1 103 5 is_stmt 1 view .LVU118
 567              		.loc 1 103 11 is_stmt 0 view .LVU119
 568 0030 0DF11008 		add	r8, sp, #16
 569 0034 03AB     		add	r3, sp, #12
 570 0036 3246     		mov	r2, r6
 571 0038 2946     		mov	r1, r5
 572 003a 4046     		mov	r0, r8
 573              	.LVL54:
 574              		.loc 1 103 11 view .LVU120
 575 003c FFF7FEFF 		bl	f_read
 576              	.LVL55:
 577 0040 0546     		mov	r5, r0
 578              	.LVL56:
 104:SynaptiX_FDK/services/sx_fatfs/sx_fatfs.c ****     f_close(&f);
 579              		.loc 1 104 5 is_stmt 1 view .LVU121
 580 0042 4046     		mov	r0, r8
 581 0044 FFF7FEFF 		bl	f_close
 582              	.LVL57:
 105:SynaptiX_FDK/services/sx_fatfs/sx_fatfs.c **** 
 106:SynaptiX_FDK/services/sx_fatfs/sx_fatfs.c ****     if (res != FR_OK) {
 583              		.loc 1 106 5 view .LVU122
 584              		.loc 1 106 8 is_stmt 0 view .LVU123
 585 0048 CDB9     		cbnz	r5, .L45
 107:SynaptiX_FDK/services/sx_fatfs/sx_fatfs.c ****         log_error(TAG, "f_read(%s) failed: %d", path, res);
 108:SynaptiX_FDK/services/sx_fatfs/sx_fatfs.c ****         return -2;
 109:SynaptiX_FDK/services/sx_fatfs/sx_fatfs.c ****     }
 110:SynaptiX_FDK/services/sx_fatfs/sx_fatfs.c **** 
 111:SynaptiX_FDK/services/sx_fatfs/sx_fatfs.c ****     if (out_len != NULL) *out_len = (uint32_t)br;
 586              		.loc 1 111 5 is_stmt 1 view .LVU124
 587              		.loc 1 111 8 is_stmt 0 view .LVU125
 588 004a 0FB1     		cbz	r7, .L38
 589              		.loc 1 111 26 is_stmt 1 discriminator 1 view .LVU126
 590              		.loc 1 111 35 is_stmt 0 discriminator 1 view .LVU127
 591 004c 039B     		ldr	r3, [sp, #12]
 592 004e 3B60     		str	r3, [r7]
 593              	.L38:
 112:SynaptiX_FDK/services/sx_fatfs/sx_fatfs.c ****     log_info(TAG, "read %s: %lu bytes", path, (uint32_t)br);
 594              		.loc 1 112 5 is_stmt 1 view .LVU128
 595 0050 039B     		ldr	r3, [sp, #12]
 596 0052 0093     		str	r3, [sp]
 597 0054 2346     		mov	r3, r4
 598 0056 164A     		ldr	r2, .L46+4
 599 0058 1649     		ldr	r1, .L46+8
 600 005a 0320     		movs	r0, #3
 601 005c FFF7FEFF 		bl	log_func
 602              	.LVL58:
 113:SynaptiX_FDK/services/sx_fatfs/sx_fatfs.c ****     return 0;
 603              		.loc 1 113 5 view .LVU129
 604              		.loc 1 113 12 is_stmt 0 view .LVU130
 605 0060 0020     		movs	r0, #0
 606              	.LVL59:
 607              	.L34:
 114:SynaptiX_FDK/services/sx_fatfs/sx_fatfs.c **** }
 608              		.loc 1 114 1 view .LVU131
ARM GAS  C:\Users\DELL\AppData\Local\Temp\ccpJXMyc.s 			page 15


 609 0062 0DF50E7D 		add	sp, sp, #568
 610              	.LCFI13:
 611              		.cfi_remember_state
 612              		.cfi_def_cfa_offset 24
 613              		@ sp needed
 614 0066 BDE8F081 		pop	{r4, r5, r6, r7, r8, pc}
 615              	.LVL60:
 616              	.L44:
 617              	.LCFI14:
 618              		.cfi_restore_state
  99:SynaptiX_FDK/services/sx_fatfs/sx_fatfs.c ****         return -1;
 619              		.loc 1 99 9 is_stmt 1 view .LVU132
 620 006a 0090     		str	r0, [sp]
 621 006c 2346     		mov	r3, r4
 622 006e 124A     		ldr	r2, .L46+12
 623 0070 1049     		ldr	r1, .L46+8
 624 0072 0120     		movs	r0, #1
 625              	.LVL61:
  99:SynaptiX_FDK/services/sx_fatfs/sx_fatfs.c ****         return -1;
 626              		.loc 1 99 9 is_stmt 0 view .LVU133
 627 0074 FFF7FEFF 		bl	log_func
 628              	.LVL62:
 100:SynaptiX_FDK/services/sx_fatfs/sx_fatfs.c ****     }
 629              		.loc 1 100 9 is_stmt 1 view .LVU134
 100:SynaptiX_FDK/services/sx_fatfs/sx_fatfs.c ****     }
 630              		.loc 1 100 16 is_stmt 0 view .LVU135
 631 0078 4FF0FF30 		mov	r0, #-1
 632 007c F1E7     		b	.L34
 633              	.LVL63:
 634              	.L45:
 107:SynaptiX_FDK/services/sx_fatfs/sx_fatfs.c ****         return -2;
 635              		.loc 1 107 9 is_stmt 1 view .LVU136
 636 007e 0095     		str	r5, [sp]
 637 0080 2346     		mov	r3, r4
 638 0082 0E4A     		ldr	r2, .L46+16
 639 0084 0B49     		ldr	r1, .L46+8
 640 0086 0120     		movs	r0, #1
 641 0088 FFF7FEFF 		bl	log_func
 642              	.LVL64:
 108:SynaptiX_FDK/services/sx_fatfs/sx_fatfs.c ****     }
 643              		.loc 1 108 9 view .LVU137
 108:SynaptiX_FDK/services/sx_fatfs/sx_fatfs.c ****     }
 644              		.loc 1 108 16 is_stmt 0 view .LVU138
 645 008c 6FF00100 		mvn	r0, #1
 646 0090 E7E7     		b	.L34
 647              	.LVL65:
 648              	.L39:
  91:SynaptiX_FDK/services/sx_fatfs/sx_fatfs.c **** 
 649              		.loc 1 91 71 discriminator 7 view .LVU139
 650 0092 4FF0FF30 		mov	r0, #-1
 651              	.LVL66:
  91:SynaptiX_FDK/services/sx_fatfs/sx_fatfs.c **** 
 652              		.loc 1 91 71 discriminator 7 view .LVU140
 653 0096 E4E7     		b	.L34
 654              	.LVL67:
 655              	.L40:
  91:SynaptiX_FDK/services/sx_fatfs/sx_fatfs.c **** 
ARM GAS  C:\Users\DELL\AppData\Local\Temp\ccpJXMyc.s 			page 16


 656              		.loc 1 91 71 discriminator 7 view .LVU141
 657 0098 4FF0FF30 		mov	r0, #-1
 658              	.LVL68:
  91:SynaptiX_FDK/services/sx_fatfs/sx_fatfs.c **** 
 659              		.loc 1 91 71 discriminator 7 view .LVU142
 660 009c E1E7     		b	.L34
 661              	.LVL69:
 662              	.L41:
  91:SynaptiX_FDK/services/sx_fatfs/sx_fatfs.c **** 
 663              		.loc 1 91 71 discriminator 7 view .LVU143
 664 009e 4FF0FF30 		mov	r0, #-1
 665              	.LVL70:
  91:SynaptiX_FDK/services/sx_fatfs/sx_fatfs.c **** 
 666              		.loc 1 91 71 discriminator 7 view .LVU144
 667 00a2 DEE7     		b	.L34
 668              	.LVL71:
 669              	.L42:
  91:SynaptiX_FDK/services/sx_fatfs/sx_fatfs.c **** 
 670              		.loc 1 91 71 discriminator 7 view .LVU145
 671 00a4 4FF0FF30 		mov	r0, #-1
 672              	.LVL72:
  91:SynaptiX_FDK/services/sx_fatfs/sx_fatfs.c **** 
 673              		.loc 1 91 71 discriminator 7 view .LVU146
 674 00a8 DBE7     		b	.L34
 675              	.L47:
 676 00aa 00BF     		.align	2
 677              	.L46:
 678 00ac 00000000 		.word	s_mounted
 679 00b0 18000000 		.word	.LC14
 680 00b4 1C000000 		.word	.LC2
 681 00b8 00000000 		.word	.LC10
 682 00bc 00000000 		.word	.LC13
 683              		.cfi_endproc
 684              	.LFE3:
 686              		.section	.text.sx_fatfs_get_disk_buffer,"ax",%progbits
 687              		.align	1
 688              		.global	sx_fatfs_get_disk_buffer
 689              		.syntax unified
 690              		.thumb
 691              		.thumb_func
 693              	sx_fatfs_get_disk_buffer:
 694              	.LFB4:
 115:SynaptiX_FDK/services/sx_fatfs/sx_fatfs.c **** 
 116:SynaptiX_FDK/services/sx_fatfs/sx_fatfs.c **** uint8_t *sx_fatfs_get_disk_buffer(void){
 695              		.loc 1 116 40 is_stmt 1 view -0
 696              		.cfi_startproc
 697              		@ args = 0, pretend = 0, frame = 0
 698              		@ frame_needed = 0, uses_anonymous_args = 0
 699 0000 08B5     		push	{r3, lr}
 700              	.LCFI15:
 701              		.cfi_def_cfa_offset 8
 702              		.cfi_offset 3, -8
 703              		.cfi_offset 14, -4
 117:SynaptiX_FDK/services/sx_fatfs/sx_fatfs.c ****     return sx_diskio_get_buffer();
 704              		.loc 1 117 5 view .LVU148
 705              		.loc 1 117 12 is_stmt 0 view .LVU149
 706 0002 FFF7FEFF 		bl	sx_diskio_get_buffer
ARM GAS  C:\Users\DELL\AppData\Local\Temp\ccpJXMyc.s 			page 17


 707              	.LVL73:
 118:SynaptiX_FDK/services/sx_fatfs/sx_fatfs.c **** }
 708              		.loc 1 118 1 view .LVU150
 709 0006 08BD     		pop	{r3, pc}
 710              		.cfi_endproc
 711              	.LFE4:
 713              		.section	.text.sx_fatfs_get_block_count,"ax",%progbits
 714              		.align	1
 715              		.global	sx_fatfs_get_block_count
 716              		.syntax unified
 717              		.thumb
 718              		.thumb_func
 720              	sx_fatfs_get_block_count:
 721              	.LFB5:
 119:SynaptiX_FDK/services/sx_fatfs/sx_fatfs.c **** 
 120:SynaptiX_FDK/services/sx_fatfs/sx_fatfs.c **** uint32_t sx_fatfs_get_block_count(void){
 722              		.loc 1 120 40 is_stmt 1 view -0
 723              		.cfi_startproc
 724              		@ args = 0, pretend = 0, frame = 0
 725              		@ frame_needed = 0, uses_anonymous_args = 0
 726 0000 08B5     		push	{r3, lr}
 727              	.LCFI16:
 728              		.cfi_def_cfa_offset 8
 729              		.cfi_offset 3, -8
 730              		.cfi_offset 14, -4
 121:SynaptiX_FDK/services/sx_fatfs/sx_fatfs.c ****     return sx_diskio_get_block_count();
 731              		.loc 1 121 5 view .LVU152
 732              		.loc 1 121 12 is_stmt 0 view .LVU153
 733 0002 FFF7FEFF 		bl	sx_diskio_get_block_count
 734              	.LVL74:
 122:SynaptiX_FDK/services/sx_fatfs/sx_fatfs.c **** }
 735              		.loc 1 122 1 view .LVU154
 736 0006 08BD     		pop	{r3, pc}
 737              		.cfi_endproc
 738              	.LFE5:
 740              		.section	.rodata.sx_fatfs_remount.str1.4,"aMS",%progbits,1
 741              		.align	2
 742              	.LC15:
 743 0000 53594E43 		.ascii	"SYNC done \342\200\224 remounting...\000"
 743      20646F6E 
 743      6520E280 
 743      94207265 
 743      6D6F756E 
 744              		.align	2
 745              	.LC16:
 746 001c 665F6D6F 		.ascii	"f_mount result: %d\000"
 746      756E7420 
 746      72657375 
 746      6C743A20 
 746      256400
 747              		.section	.text.sx_fatfs_remount,"ax",%progbits
 748              		.align	1
 749              		.global	sx_fatfs_remount
 750              		.syntax unified
 751              		.thumb
 752              		.thumb_func
 754              	sx_fatfs_remount:
ARM GAS  C:\Users\DELL\AppData\Local\Temp\ccpJXMyc.s 			page 18


 755              	.LFB6:
 123:SynaptiX_FDK/services/sx_fatfs/sx_fatfs.c **** 
 124:SynaptiX_FDK/services/sx_fatfs/sx_fatfs.c **** int sx_fatfs_remount(void)
 125:SynaptiX_FDK/services/sx_fatfs/sx_fatfs.c **** {
 756              		.loc 1 125 1 is_stmt 1 view -0
 757              		.cfi_startproc
 758              		@ args = 0, pretend = 0, frame = 0
 759              		@ frame_needed = 0, uses_anonymous_args = 0
 760 0000 70B5     		push	{r4, r5, r6, lr}
 761              	.LCFI17:
 762              		.cfi_def_cfa_offset 16
 763              		.cfi_offset 4, -16
 764              		.cfi_offset 5, -12
 765              		.cfi_offset 6, -8
 766              		.cfi_offset 14, -4
 126:SynaptiX_FDK/services/sx_fatfs/sx_fatfs.c ****     f_mount(NULL, "0:", 0);
 767              		.loc 1 126 5 view .LVU156
 768 0002 154C     		ldr	r4, .L56
 769 0004 0022     		movs	r2, #0
 770 0006 2146     		mov	r1, r4
 771 0008 1046     		mov	r0, r2
 772 000a FFF7FEFF 		bl	f_mount
 773              	.LVL75:
 127:SynaptiX_FDK/services/sx_fatfs/sx_fatfs.c ****     s_mounted = false;
 774              		.loc 1 127 5 view .LVU157
 775              		.loc 1 127 15 is_stmt 0 view .LVU158
 776 000e 134D     		ldr	r5, .L56+4
 777 0010 0020     		movs	r0, #0
 778 0012 2870     		strb	r0, [r5]
 128:SynaptiX_FDK/services/sx_fatfs/sx_fatfs.c **** 
 129:SynaptiX_FDK/services/sx_fatfs/sx_fatfs.c ****     disk_ioctl(0, CTRL_SYNC, NULL);
 779              		.loc 1 129 5 is_stmt 1 view .LVU159
 780 0014 0246     		mov	r2, r0
 781 0016 0146     		mov	r1, r0
 782 0018 FFF7FEFF 		bl	disk_ioctl
 783              	.LVL76:
 130:SynaptiX_FDK/services/sx_fatfs/sx_fatfs.c ****     log_info(TAG, "SYNC done — remounting...");
 784              		.loc 1 130 5 view .LVU160
 785 001c 104E     		ldr	r6, .L56+8
 786 001e 114A     		ldr	r2, .L56+12
 787 0020 3146     		mov	r1, r6
 788 0022 0320     		movs	r0, #3
 789 0024 FFF7FEFF 		bl	log_func
 790              	.LVL77:
 131:SynaptiX_FDK/services/sx_fatfs/sx_fatfs.c **** 
 132:SynaptiX_FDK/services/sx_fatfs/sx_fatfs.c ****     FRESULT res = f_mount(&s_fatfs, "0:", 1);
 791              		.loc 1 132 5 view .LVU161
 792              		.loc 1 132 19 is_stmt 0 view .LVU162
 793 0028 0122     		movs	r2, #1
 794 002a 2146     		mov	r1, r4
 795 002c 0E48     		ldr	r0, .L56+16
 796 002e FFF7FEFF 		bl	f_mount
 797              	.LVL78:
 798 0032 0446     		mov	r4, r0
 799              	.LVL79:
 133:SynaptiX_FDK/services/sx_fatfs/sx_fatfs.c ****     log_info(TAG, "f_mount result: %d", res);
 800              		.loc 1 133 5 is_stmt 1 view .LVU163
ARM GAS  C:\Users\DELL\AppData\Local\Temp\ccpJXMyc.s 			page 19


 801 0034 0346     		mov	r3, r0
 802 0036 0D4A     		ldr	r2, .L56+20
 803 0038 3146     		mov	r1, r6
 804 003a 0320     		movs	r0, #3
 805              	.LVL80:
 806              		.loc 1 133 5 is_stmt 0 view .LVU164
 807 003c FFF7FEFF 		bl	log_func
 808              	.LVL81:
 134:SynaptiX_FDK/services/sx_fatfs/sx_fatfs.c ****     s_mounted = (res == FR_OK);
 809              		.loc 1 134 5 is_stmt 1 view .LVU165
 810 0040 002C     		cmp	r4, #0
 811 0042 0CBF     		ite	eq
 812 0044 0123     		moveq	r3, #1
 813 0046 0023     		movne	r3, #0
 814              		.loc 1 134 15 is_stmt 0 view .LVU166
 815 0048 2B70     		strb	r3, [r5]
 135:SynaptiX_FDK/services/sx_fatfs/sx_fatfs.c ****     return (res == FR_OK) ? 0 : -1;
 816              		.loc 1 135 5 is_stmt 1 view .LVU167
 817              		.loc 1 135 31 is_stmt 0 view .LVU168
 818 004a 01D1     		bne	.L54
 819              		.loc 1 135 31 discriminator 1 view .LVU169
 820 004c 0020     		movs	r0, #0
 821              	.L52:
 136:SynaptiX_FDK/services/sx_fatfs/sx_fatfs.c **** }
 822              		.loc 1 136 1 view .LVU170
 823 004e 70BD     		pop	{r4, r5, r6, pc}
 824              	.L54:
 135:SynaptiX_FDK/services/sx_fatfs/sx_fatfs.c ****     return (res == FR_OK) ? 0 : -1;
 825              		.loc 1 135 31 discriminator 2 view .LVU171
 826 0050 4FF0FF30 		mov	r0, #-1
 135:SynaptiX_FDK/services/sx_fatfs/sx_fatfs.c ****     return (res == FR_OK) ? 0 : -1;
 827              		.loc 1 135 31 view .LVU172
 828 0054 FBE7     		b	.L52
 829              	.L57:
 830 0056 00BF     		.align	2
 831              	.L56:
 832 0058 28000000 		.word	.LC3
 833 005c 00000000 		.word	s_mounted
 834 0060 1C000000 		.word	.LC2
 835 0064 00000000 		.word	.LC15
 836 0068 00000000 		.word	s_fatfs
 837 006c 1C000000 		.word	.LC16
 838              		.cfi_endproc
 839              	.LFE6:
 841              		.section	.rodata.sx_fatfs_debug_list.str1.4,"aMS",%progbits,1
 842              		.align	2
 843              	.LC17:
 844 0000 2F00     		.ascii	"/\000"
 845 0002 0000     		.align	2
 846              	.LC18:
 847 0004 665F6F70 		.ascii	"f_opendir failed: %d\000"
 847      656E6469 
 847      72206661 
 847      696C6564 
 847      3A202564 
 848 0019 000000   		.align	2
 849              	.LC19:
ARM GAS  C:\Users\DELL\AppData\Local\Temp\ccpJXMyc.s 			page 20


 850 001c 46415446 		.ascii	"FATFS_DBG\000"
 850      535F4442 
 850      4700
 851 0026 0000     		.align	2
 852              	.LC20:
 853 0028 3D3D3D20 		.ascii	"=== Root directory ===\000"
 853      526F6F74 
 853      20646972 
 853      6563746F 
 853      7279203D 
 854 003f 00       		.align	2
 855              	.LC21:
 856 0040 20205B25 		.ascii	"  [%s] %lu bytes\000"
 856      735D2025 
 856      6C752062 
 856      79746573 
 856      00
 857 0051 000000   		.align	2
 858              	.LC22:
 859 0054 3D3D3D20 		.ascii	"=== End ===\000"
 859      456E6420 
 859      3D3D3D00 
 860              		.section	.text.sx_fatfs_debug_list,"ax",%progbits
 861              		.align	1
 862              		.global	sx_fatfs_debug_list
 863              		.syntax unified
 864              		.thumb
 865              		.thumb_func
 867              	sx_fatfs_debug_list:
 868              	.LFB7:
 137:SynaptiX_FDK/services/sx_fatfs/sx_fatfs.c **** 
 138:SynaptiX_FDK/services/sx_fatfs/sx_fatfs.c **** void sx_fatfs_debug_list(void)
 139:SynaptiX_FDK/services/sx_fatfs/sx_fatfs.c **** {
 869              		.loc 1 139 1 is_stmt 1 view -0
 870              		.cfi_startproc
 871              		@ args = 0, pretend = 0, frame = 328
 872              		@ frame_needed = 0, uses_anonymous_args = 0
 873 0000 00B5     		push	{lr}
 874              	.LCFI18:
 875              		.cfi_def_cfa_offset 4
 876              		.cfi_offset 14, -4
 877 0002 D5B0     		sub	sp, sp, #340
 878              	.LCFI19:
 879              		.cfi_def_cfa_offset 344
 140:SynaptiX_FDK/services/sx_fatfs/sx_fatfs.c ****     DIR     dir;
 880              		.loc 1 140 5 view .LVU174
 141:SynaptiX_FDK/services/sx_fatfs/sx_fatfs.c ****     FILINFO fno;
 881              		.loc 1 141 5 view .LVU175
 142:SynaptiX_FDK/services/sx_fatfs/sx_fatfs.c **** 
 143:SynaptiX_FDK/services/sx_fatfs/sx_fatfs.c ****     FRESULT res = f_opendir(&dir, "/");
 882              		.loc 1 143 5 view .LVU176
 883              		.loc 1 143 19 is_stmt 0 view .LVU177
 884 0004 1649     		ldr	r1, .L65
 885 0006 48A8     		add	r0, sp, #288
 886 0008 FFF7FEFF 		bl	f_opendir
 887              	.LVL82:
 144:SynaptiX_FDK/services/sx_fatfs/sx_fatfs.c ****     if (res != FR_OK) {
ARM GAS  C:\Users\DELL\AppData\Local\Temp\ccpJXMyc.s 			page 21


 888              		.loc 1 144 5 is_stmt 1 view .LVU178
 889              		.loc 1 144 8 is_stmt 0 view .LVU179
 890 000c B0B9     		cbnz	r0, .L64
 145:SynaptiX_FDK/services/sx_fatfs/sx_fatfs.c ****         log_error("FATFS_DBG", "f_opendir failed: %d", res);
 146:SynaptiX_FDK/services/sx_fatfs/sx_fatfs.c ****         return;
 147:SynaptiX_FDK/services/sx_fatfs/sx_fatfs.c ****     }
 148:SynaptiX_FDK/services/sx_fatfs/sx_fatfs.c **** 
 149:SynaptiX_FDK/services/sx_fatfs/sx_fatfs.c ****     log_info("FATFS_DBG", "=== Root directory ===");
 891              		.loc 1 149 5 is_stmt 1 view .LVU180
 892 000e 154A     		ldr	r2, .L65+4
 893 0010 1549     		ldr	r1, .L65+8
 894 0012 0320     		movs	r0, #3
 895              	.LVL83:
 896              		.loc 1 149 5 is_stmt 0 view .LVU181
 897 0014 FFF7FEFF 		bl	log_func
 898              	.LVL84:
 899              	.L62:
 150:SynaptiX_FDK/services/sx_fatfs/sx_fatfs.c ****     while (1) {
 900              		.loc 1 150 5 is_stmt 1 view .LVU182
 151:SynaptiX_FDK/services/sx_fatfs/sx_fatfs.c ****         res = f_readdir(&dir, &fno);
 901              		.loc 1 151 9 view .LVU183
 902              		.loc 1 151 15 is_stmt 0 view .LVU184
 903 0018 02A9     		add	r1, sp, #8
 904 001a 48A8     		add	r0, sp, #288
 905 001c FFF7FEFF 		bl	f_readdir
 906              	.LVL85:
 152:SynaptiX_FDK/services/sx_fatfs/sx_fatfs.c ****         if (res != FR_OK || fno.fname[0] == 0) break;
 907              		.loc 1 152 9 is_stmt 1 view .LVU185
 908              		.loc 1 152 12 is_stmt 0 view .LVU186
 909 0020 98B9     		cbnz	r0, .L61
 910              		.loc 1 152 38 discriminator 1 view .LVU187
 911 0022 9DF81E30 		ldrb	r3, [sp, #30]	@ zero_extendqisi2
 912              		.loc 1 152 26 discriminator 1 view .LVU188
 913 0026 83B1     		cbz	r3, .L61
 153:SynaptiX_FDK/services/sx_fatfs/sx_fatfs.c ****         log_info("FATFS_DBG", "  [%s] %lu bytes", fno.fname, fno.fsize);
 914              		.loc 1 153 9 is_stmt 1 view .LVU189
 915 0028 029B     		ldr	r3, [sp, #8]
 916 002a 0093     		str	r3, [sp]
 917 002c 0DF11E03 		add	r3, sp, #30
 918 0030 0E4A     		ldr	r2, .L65+12
 919 0032 0D49     		ldr	r1, .L65+8
 920 0034 0320     		movs	r0, #3
 921              	.LVL86:
 922              		.loc 1 153 9 is_stmt 0 view .LVU190
 923 0036 FFF7FEFF 		bl	log_func
 924              	.LVL87:
 150:SynaptiX_FDK/services/sx_fatfs/sx_fatfs.c ****         res = f_readdir(&dir, &fno);
 925              		.loc 1 150 11 is_stmt 1 view .LVU191
 151:SynaptiX_FDK/services/sx_fatfs/sx_fatfs.c ****         if (res != FR_OK || fno.fname[0] == 0) break;
 926              		.loc 1 151 13 is_stmt 0 view .LVU192
 927 003a EDE7     		b	.L62
 928              	.LVL88:
 929              	.L64:
 151:SynaptiX_FDK/services/sx_fatfs/sx_fatfs.c ****         if (res != FR_OK || fno.fname[0] == 0) break;
 930              		.loc 1 151 13 view .LVU193
 931 003c 0346     		mov	r3, r0
 145:SynaptiX_FDK/services/sx_fatfs/sx_fatfs.c ****         return;
ARM GAS  C:\Users\DELL\AppData\Local\Temp\ccpJXMyc.s 			page 22


 932              		.loc 1 145 9 is_stmt 1 view .LVU194
 933 003e 0C4A     		ldr	r2, .L65+16
 934 0040 0949     		ldr	r1, .L65+8
 935 0042 0120     		movs	r0, #1
 936              	.LVL89:
 145:SynaptiX_FDK/services/sx_fatfs/sx_fatfs.c ****         return;
 937              		.loc 1 145 9 is_stmt 0 view .LVU195
 938 0044 FFF7FEFF 		bl	log_func
 939              	.LVL90:
 146:SynaptiX_FDK/services/sx_fatfs/sx_fatfs.c ****     }
 940              		.loc 1 146 9 is_stmt 1 view .LVU196
 941 0048 07E0     		b	.L58
 942              	.LVL91:
 943              	.L61:
 154:SynaptiX_FDK/services/sx_fatfs/sx_fatfs.c ****     }
 155:SynaptiX_FDK/services/sx_fatfs/sx_fatfs.c ****     f_closedir(&dir);
 944              		.loc 1 155 5 view .LVU197
 945 004a 48A8     		add	r0, sp, #288
 946              	.LVL92:
 947              		.loc 1 155 5 is_stmt 0 view .LVU198
 948 004c FFF7FEFF 		bl	f_closedir
 949              	.LVL93:
 156:SynaptiX_FDK/services/sx_fatfs/sx_fatfs.c ****     log_info("FATFS_DBG", "=== End ===");
 950              		.loc 1 156 5 is_stmt 1 view .LVU199
 951 0050 084A     		ldr	r2, .L65+20
 952 0052 0549     		ldr	r1, .L65+8
 953 0054 0320     		movs	r0, #3
 954 0056 FFF7FEFF 		bl	log_func
 955              	.LVL94:
 956              	.L58:
 157:SynaptiX_FDK/services/sx_fatfs/sx_fatfs.c **** }...
 957              		.loc 1 157 1 is_stmt 0 view .LVU200
 958 005a 55B0     		add	sp, sp, #340
 959              	.LCFI20:
 960              		.cfi_def_cfa_offset 4
 961              		@ sp needed
 962 005c 00BD     		pop	{pc}
 963              	.L66:
 964 005e 00BF     		.align	2
 965              	.L65:
 966 0060 00000000 		.word	.LC17
 967 0064 28000000 		.word	.LC20
 968 0068 1C000000 		.word	.LC19
 969 006c 40000000 		.word	.LC21
 970 0070 04000000 		.word	.LC18
 971 0074 54000000 		.word	.LC22
 972              		.cfi_endproc
 973              	.LFE7:
 975              		.section	.bss.work.0,"aw",%nobits
 976              		.align	2
 979              	work.0:
 980 0000 00000000 		.space	2048
 980      00000000 
 980      00000000 
 980      00000000 
 980      00000000 
 981              		.section	.bss.s_mounted,"aw",%nobits
ARM GAS  C:\Users\DELL\AppData\Local\Temp\ccpJXMyc.s 			page 23


 984              	s_mounted:
 985 0000 00       		.space	1
 986              		.section	.bss.s_fatfs,"aw",%nobits
 987              		.align	2
 990              	s_fatfs:
 991 0000 00000000 		.space	564
 991      00000000 
 991      00000000 
 991      00000000 
 991      00000000 
 992              		.section	.rodata
 993              		.align	2
 994              		.set	.LANCHOR0,. + 0
 995              	.LC0:
 996 0000 09       		.byte	9
 997 0001 01       		.byte	1
 998 0002 0000     		.space	2
 999 0004 01000000 		.word	1
 1000 0008 00010000 		.word	256
 1001 000c 00020000 		.word	512
 1002              		.text
 1003              	.Letext0:
 1004              		.file 2 "D:\\stm32cubeclt\\STM32CubeCLT_1.21.0\\GNU-tools-for-STM32\\bin\\../lib/gcc/arm-none-eabi
 1005              		.file 3 "D:\\stm32cubeclt\\STM32CubeCLT_1.21.0\\GNU-tools-for-STM32\\bin\\../lib/gcc/arm-none-eabi
 1006              		.file 4 "SynaptiX_FDK/services/fatfs/ff.h"
 1007              		.file 5 "SynaptiX_FDK/services/fatfs/diskio.h"
 1008              		.file 6 "SynaptiX_FDK/services/logger/logger.h"
 1009              		.file 7 "SynaptiX_FDK/services/sx_fatfs/sx_diskio.h"
ARM GAS  C:\Users\DELL\AppData\Local\Temp\ccpJXMyc.s 			page 24


DEFINED SYMBOLS
                            *ABS*:00000000 sx_fatfs.c
C:\Users\DELL\AppData\Local\Temp\ccpJXMyc.s:22     .rodata.sx_fatfs_mount.str1.4:00000000 $d
C:\Users\DELL\AppData\Local\Temp\ccpJXMyc.s:47     .text.sx_fatfs_mount:00000000 $t
C:\Users\DELL\AppData\Local\Temp\ccpJXMyc.s:53     .text.sx_fatfs_mount:00000000 sx_fatfs_mount
C:\Users\DELL\AppData\Local\Temp\ccpJXMyc.s:212    .text.sx_fatfs_mount:000000a8 $d
C:\Users\DELL\AppData\Local\Temp\ccpJXMyc.s:990    .bss.s_fatfs:00000000 s_fatfs
C:\Users\DELL\AppData\Local\Temp\ccpJXMyc.s:979    .bss.work.0:00000000 work.0
C:\Users\DELL\AppData\Local\Temp\ccpJXMyc.s:984    .bss.s_mounted:00000000 s_mounted
C:\Users\DELL\AppData\Local\Temp\ccpJXMyc.s:228    .rodata.sx_fatfs_unmount.str1.4:00000000 $d
C:\Users\DELL\AppData\Local\Temp\ccpJXMyc.s:232    .text.sx_fatfs_unmount:00000000 $t
C:\Users\DELL\AppData\Local\Temp\ccpJXMyc.s:238    .text.sx_fatfs_unmount:00000000 sx_fatfs_unmount
C:\Users\DELL\AppData\Local\Temp\ccpJXMyc.s:280    .text.sx_fatfs_unmount:00000028 $d
C:\Users\DELL\AppData\Local\Temp\ccpJXMyc.s:288    .rodata.sx_fatfs_write_file.str1.4:00000000 $d
C:\Users\DELL\AppData\Local\Temp\ccpJXMyc.s:298    .text.sx_fatfs_write_file:00000000 $t
C:\Users\DELL\AppData\Local\Temp\ccpJXMyc.s:304    .text.sx_fatfs_write_file:00000000 sx_fatfs_write_file
C:\Users\DELL\AppData\Local\Temp\ccpJXMyc.s:483    .text.sx_fatfs_write_file:000000a0 $d
C:\Users\DELL\AppData\Local\Temp\ccpJXMyc.s:492    .rodata.sx_fatfs_read_file.str1.4:00000000 $d
C:\Users\DELL\AppData\Local\Temp\ccpJXMyc.s:499    .text.sx_fatfs_read_file:00000000 $t
C:\Users\DELL\AppData\Local\Temp\ccpJXMyc.s:505    .text.sx_fatfs_read_file:00000000 sx_fatfs_read_file
C:\Users\DELL\AppData\Local\Temp\ccpJXMyc.s:678    .text.sx_fatfs_read_file:000000ac $d
C:\Users\DELL\AppData\Local\Temp\ccpJXMyc.s:687    .text.sx_fatfs_get_disk_buffer:00000000 $t
C:\Users\DELL\AppData\Local\Temp\ccpJXMyc.s:693    .text.sx_fatfs_get_disk_buffer:00000000 sx_fatfs_get_disk_buffer
C:\Users\DELL\AppData\Local\Temp\ccpJXMyc.s:714    .text.sx_fatfs_get_block_count:00000000 $t
C:\Users\DELL\AppData\Local\Temp\ccpJXMyc.s:720    .text.sx_fatfs_get_block_count:00000000 sx_fatfs_get_block_count
C:\Users\DELL\AppData\Local\Temp\ccpJXMyc.s:741    .rodata.sx_fatfs_remount.str1.4:00000000 $d
C:\Users\DELL\AppData\Local\Temp\ccpJXMyc.s:748    .text.sx_fatfs_remount:00000000 $t
C:\Users\DELL\AppData\Local\Temp\ccpJXMyc.s:754    .text.sx_fatfs_remount:00000000 sx_fatfs_remount
C:\Users\DELL\AppData\Local\Temp\ccpJXMyc.s:832    .text.sx_fatfs_remount:00000058 $d
C:\Users\DELL\AppData\Local\Temp\ccpJXMyc.s:842    .rodata.sx_fatfs_debug_list.str1.4:00000000 $d
C:\Users\DELL\AppData\Local\Temp\ccpJXMyc.s:861    .text.sx_fatfs_debug_list:00000000 $t
C:\Users\DELL\AppData\Local\Temp\ccpJXMyc.s:867    .text.sx_fatfs_debug_list:00000000 sx_fatfs_debug_list
C:\Users\DELL\AppData\Local\Temp\ccpJXMyc.s:966    .text.sx_fatfs_debug_list:00000060 $d
C:\Users\DELL\AppData\Local\Temp\ccpJXMyc.s:976    .bss.work.0:00000000 $d
C:\Users\DELL\AppData\Local\Temp\ccpJXMyc.s:985    .bss.s_mounted:00000000 $d
C:\Users\DELL\AppData\Local\Temp\ccpJXMyc.s:987    .bss.s_fatfs:00000000 $d
C:\Users\DELL\AppData\Local\Temp\ccpJXMyc.s:993    .rodata:00000000 $d

UNDEFINED SYMBOLS
disk_initialize
log_func
f_mount
f_mkfs
disk_ioctl
f_open
f_write
f_close
f_read
sx_diskio_get_buffer
sx_diskio_get_block_count
f_opendir
f_readdir
f_closedir
