ARM GAS  C:\Users\DELL\AppData\Local\Temp\ccHjgZVc.s 			page 1


   1              		.cpu cortex-m33
   2              		.arch armv8-m.main
   3              		.fpu fpv5-sp-d16
   4              		.arch_extension dsp
   5              		.eabi_attribute 27, 1
   6              		.eabi_attribute 28, 1
   7              		.eabi_attribute 20, 1
   8              		.eabi_attribute 21, 1
   9              		.eabi_attribute 23, 3
  10              		.eabi_attribute 24, 1
  11              		.eabi_attribute 25, 1
  12              		.eabi_attribute 26, 1
  13              		.eabi_attribute 30, 1
  14              		.eabi_attribute 34, 1
  15              		.eabi_attribute 18, 4
  16              		.file	"sx_gpio.c"
  17              		.text
  18              	.Ltext0:
  19              		.cfi_sections	.debug_frame
  20              		.file 1 "SynaptiX_FDK/components/peripherals/gpio/sx_gpio.c"
  21              		.section	.text._sx_gpio_toggle,"ax",%progbits
  22              		.align	1
  23              		.syntax unified
  24              		.thumb
  25              		.thumb_func
  27              	_sx_gpio_toggle:
  28              	.LVL0:
  29              	.LFB303:
   1:SynaptiX_FDK/components/peripherals/gpio/sx_gpio.c **** #include "sx_config.h"
   2:SynaptiX_FDK/components/peripherals/gpio/sx_gpio.c **** #include "sx_gpio.h"
   3:SynaptiX_FDK/components/peripherals/gpio/sx_gpio.c **** 
   4:SynaptiX_FDK/components/peripherals/gpio/sx_gpio.c **** #if SX_PLATFORM == SX_PLATFORM_STM32H5 
   5:SynaptiX_FDK/components/peripherals/gpio/sx_gpio.c ****     #include "stm32h5xx_hal.h"
   6:SynaptiX_FDK/components/peripherals/gpio/sx_gpio.c **** #elif SX_PLATFORM == SX_PLATFORM_STM32H7
   7:SynaptiX_FDK/components/peripherals/gpio/sx_gpio.c ****     #include "stm32h7xx_hal.h"
   8:SynaptiX_FDK/components/peripherals/gpio/sx_gpio.c **** #elif SX_PLATFORM == SX_PLATFORM_STM32F4
   9:SynaptiX_FDK/components/peripherals/gpio/sx_gpio.c ****     #include "stm32f4xx_hal.h"
  10:SynaptiX_FDK/components/peripherals/gpio/sx_gpio.c **** #elif SX_PLATFORM == SX_PLATFORM_STM32F1
  11:SynaptiX_FDK/components/peripherals/gpio/sx_gpio.c ****     #include "stm32f1xx_hal.h"
  12:SynaptiX_FDK/components/peripherals/gpio/sx_gpio.c **** #endif
  13:SynaptiX_FDK/components/peripherals/gpio/sx_gpio.c **** 
  14:SynaptiX_FDK/components/peripherals/gpio/sx_gpio.c **** static int _sx_gpio_write(sx_gpio_t *gpio, SX_GPIO_VALUE value) {
  15:SynaptiX_FDK/components/peripherals/gpio/sx_gpio.c ****     sx_gpio_pin_t *pin = (sx_gpio_pin_t *)gpio->pDriver;
  16:SynaptiX_FDK/components/peripherals/gpio/sx_gpio.c ****     HAL_GPIO_WritePin((GPIO_TypeDef *)pin->port, pin->pin,
  17:SynaptiX_FDK/components/peripherals/gpio/sx_gpio.c ****                       value == SX_GPIO_HIGH ? GPIO_PIN_SET : GPIO_PIN_RESET);
  18:SynaptiX_FDK/components/peripherals/gpio/sx_gpio.c ****     return 0;
  19:SynaptiX_FDK/components/peripherals/gpio/sx_gpio.c **** }
  20:SynaptiX_FDK/components/peripherals/gpio/sx_gpio.c **** 
  21:SynaptiX_FDK/components/peripherals/gpio/sx_gpio.c **** static int _sx_gpio_read(sx_gpio_t *gpio, SX_GPIO_VALUE *value) {
  22:SynaptiX_FDK/components/peripherals/gpio/sx_gpio.c ****     sx_gpio_pin_t *pin = (sx_gpio_pin_t *)gpio->pDriver;
  23:SynaptiX_FDK/components/peripherals/gpio/sx_gpio.c ****     *value = (HAL_GPIO_ReadPin((GPIO_TypeDef *)pin->port, pin->pin) == GPIO_PIN_SET)
  24:SynaptiX_FDK/components/peripherals/gpio/sx_gpio.c ****              ? SX_GPIO_HIGH : SX_GPIO_LOW;
  25:SynaptiX_FDK/components/peripherals/gpio/sx_gpio.c ****     return 0;
  26:SynaptiX_FDK/components/peripherals/gpio/sx_gpio.c **** }
  27:SynaptiX_FDK/components/peripherals/gpio/sx_gpio.c **** 
  28:SynaptiX_FDK/components/peripherals/gpio/sx_gpio.c **** static int _sx_gpio_toggle(sx_gpio_t *gpio) {
  30              		.loc 1 28 45 view -0
ARM GAS  C:\Users\DELL\AppData\Local\Temp\ccHjgZVc.s 			page 2


  31              		.cfi_startproc
  32              		@ args = 0, pretend = 0, frame = 0
  33              		@ frame_needed = 0, uses_anonymous_args = 0
  34              		.loc 1 28 45 is_stmt 0 view .LVU1
  35 0000 08B5     		push	{r3, lr}
  36              	.LCFI0:
  37              		.cfi_def_cfa_offset 8
  38              		.cfi_offset 3, -8
  39              		.cfi_offset 14, -4
  29:SynaptiX_FDK/components/peripherals/gpio/sx_gpio.c ****     sx_gpio_pin_t *pin = (sx_gpio_pin_t *)gpio->pDriver;
  40              		.loc 1 29 5 is_stmt 1 view .LVU2
  41              		.loc 1 29 20 is_stmt 0 view .LVU3
  42 0002 4368     		ldr	r3, [r0, #4]
  43              	.LVL1:
  30:SynaptiX_FDK/components/peripherals/gpio/sx_gpio.c ****     HAL_GPIO_TogglePin((GPIO_TypeDef *)pin->port, pin->pin);
  44              		.loc 1 30 5 is_stmt 1 view .LVU4
  45 0004 9988     		ldrh	r1, [r3, #4]
  46 0006 1868     		ldr	r0, [r3]
  47              	.LVL2:
  48              		.loc 1 30 5 is_stmt 0 view .LVU5
  49 0008 FFF7FEFF 		bl	HAL_GPIO_TogglePin
  50              	.LVL3:
  31:SynaptiX_FDK/components/peripherals/gpio/sx_gpio.c ****     return 0;
  51              		.loc 1 31 5 is_stmt 1 view .LVU6
  32:SynaptiX_FDK/components/peripherals/gpio/sx_gpio.c **** }
  52              		.loc 1 32 1 is_stmt 0 view .LVU7
  53 000c 0020     		movs	r0, #0
  54 000e 08BD     		pop	{r3, pc}
  55              		.cfi_endproc
  56              	.LFE303:
  58              		.section	.text._sx_gpio_read,"ax",%progbits
  59              		.align	1
  60              		.syntax unified
  61              		.thumb
  62              		.thumb_func
  64              	_sx_gpio_read:
  65              	.LVL4:
  66              	.LFB302:
  21:SynaptiX_FDK/components/peripherals/gpio/sx_gpio.c ****     sx_gpio_pin_t *pin = (sx_gpio_pin_t *)gpio->pDriver;
  67              		.loc 1 21 65 is_stmt 1 view -0
  68              		.cfi_startproc
  69              		@ args = 0, pretend = 0, frame = 0
  70              		@ frame_needed = 0, uses_anonymous_args = 0
  21:SynaptiX_FDK/components/peripherals/gpio/sx_gpio.c ****     sx_gpio_pin_t *pin = (sx_gpio_pin_t *)gpio->pDriver;
  71              		.loc 1 21 65 is_stmt 0 view .LVU9
  72 0000 10B5     		push	{r4, lr}
  73              	.LCFI1:
  74              		.cfi_def_cfa_offset 8
  75              		.cfi_offset 4, -8
  76              		.cfi_offset 14, -4
  77 0002 0C46     		mov	r4, r1
  22:SynaptiX_FDK/components/peripherals/gpio/sx_gpio.c ****     *value = (HAL_GPIO_ReadPin((GPIO_TypeDef *)pin->port, pin->pin) == GPIO_PIN_SET)
  78              		.loc 1 22 5 is_stmt 1 view .LVU10
  22:SynaptiX_FDK/components/peripherals/gpio/sx_gpio.c ****     *value = (HAL_GPIO_ReadPin((GPIO_TypeDef *)pin->port, pin->pin) == GPIO_PIN_SET)
  79              		.loc 1 22 20 is_stmt 0 view .LVU11
  80 0004 4368     		ldr	r3, [r0, #4]
  81              	.LVL5:
ARM GAS  C:\Users\DELL\AppData\Local\Temp\ccHjgZVc.s 			page 3


  23:SynaptiX_FDK/components/peripherals/gpio/sx_gpio.c ****              ? SX_GPIO_HIGH : SX_GPIO_LOW;
  82              		.loc 1 23 5 is_stmt 1 view .LVU12
  23:SynaptiX_FDK/components/peripherals/gpio/sx_gpio.c ****              ? SX_GPIO_HIGH : SX_GPIO_LOW;
  83              		.loc 1 23 15 is_stmt 0 view .LVU13
  84 0006 9988     		ldrh	r1, [r3, #4]
  85              	.LVL6:
  23:SynaptiX_FDK/components/peripherals/gpio/sx_gpio.c ****              ? SX_GPIO_HIGH : SX_GPIO_LOW;
  86              		.loc 1 23 15 view .LVU14
  87 0008 1868     		ldr	r0, [r3]
  88              	.LVL7:
  23:SynaptiX_FDK/components/peripherals/gpio/sx_gpio.c ****              ? SX_GPIO_HIGH : SX_GPIO_LOW;
  89              		.loc 1 23 15 view .LVU15
  90 000a FFF7FEFF 		bl	HAL_GPIO_ReadPin
  91              	.LVL8:
  24:SynaptiX_FDK/components/peripherals/gpio/sx_gpio.c ****     return 0;
  92              		.loc 1 24 29 view .LVU16
  93 000e 0128     		cmp	r0, #1
  94 0010 14BF     		ite	ne
  95 0012 0020     		movne	r0, #0
  96 0014 0120     		moveq	r0, #1
  23:SynaptiX_FDK/components/peripherals/gpio/sx_gpio.c ****              ? SX_GPIO_HIGH : SX_GPIO_LOW;
  97              		.loc 1 23 12 view .LVU17
  98 0016 2070     		strb	r0, [r4]
  25:SynaptiX_FDK/components/peripherals/gpio/sx_gpio.c **** }
  99              		.loc 1 25 5 is_stmt 1 view .LVU18
  26:SynaptiX_FDK/components/peripherals/gpio/sx_gpio.c **** 
 100              		.loc 1 26 1 is_stmt 0 view .LVU19
 101 0018 0020     		movs	r0, #0
 102 001a 10BD     		pop	{r4, pc}
  26:SynaptiX_FDK/components/peripherals/gpio/sx_gpio.c **** 
 103              		.loc 1 26 1 view .LVU20
 104              		.cfi_endproc
 105              	.LFE302:
 107              		.section	.text._sx_gpio_write,"ax",%progbits
 108              		.align	1
 109              		.syntax unified
 110              		.thumb
 111              		.thumb_func
 113              	_sx_gpio_write:
 114              	.LVL9:
 115              	.LFB301:
  14:SynaptiX_FDK/components/peripherals/gpio/sx_gpio.c ****     sx_gpio_pin_t *pin = (sx_gpio_pin_t *)gpio->pDriver;
 116              		.loc 1 14 65 is_stmt 1 view -0
 117              		.cfi_startproc
 118              		@ args = 0, pretend = 0, frame = 0
 119              		@ frame_needed = 0, uses_anonymous_args = 0
  14:SynaptiX_FDK/components/peripherals/gpio/sx_gpio.c ****     sx_gpio_pin_t *pin = (sx_gpio_pin_t *)gpio->pDriver;
 120              		.loc 1 14 65 is_stmt 0 view .LVU22
 121 0000 08B5     		push	{r3, lr}
 122              	.LCFI2:
 123              		.cfi_def_cfa_offset 8
 124              		.cfi_offset 3, -8
 125              		.cfi_offset 14, -4
  15:SynaptiX_FDK/components/peripherals/gpio/sx_gpio.c ****     HAL_GPIO_WritePin((GPIO_TypeDef *)pin->port, pin->pin,
 126              		.loc 1 15 5 is_stmt 1 view .LVU23
  15:SynaptiX_FDK/components/peripherals/gpio/sx_gpio.c ****     HAL_GPIO_WritePin((GPIO_TypeDef *)pin->port, pin->pin,
 127              		.loc 1 15 20 is_stmt 0 view .LVU24
ARM GAS  C:\Users\DELL\AppData\Local\Temp\ccHjgZVc.s 			page 4


 128 0002 4368     		ldr	r3, [r0, #4]
 129              	.LVL10:
  16:SynaptiX_FDK/components/peripherals/gpio/sx_gpio.c ****                       value == SX_GPIO_HIGH ? GPIO_PIN_SET : GPIO_PIN_RESET);
 130              		.loc 1 16 5 is_stmt 1 view .LVU25
 131 0004 0129     		cmp	r1, #1
 132 0006 14BF     		ite	ne
 133 0008 0022     		movne	r2, #0
 134 000a 0122     		moveq	r2, #1
 135 000c 9988     		ldrh	r1, [r3, #4]
 136              	.LVL11:
  16:SynaptiX_FDK/components/peripherals/gpio/sx_gpio.c ****                       value == SX_GPIO_HIGH ? GPIO_PIN_SET : GPIO_PIN_RESET);
 137              		.loc 1 16 5 is_stmt 0 view .LVU26
 138 000e 1868     		ldr	r0, [r3]
 139              	.LVL12:
  16:SynaptiX_FDK/components/peripherals/gpio/sx_gpio.c ****                       value == SX_GPIO_HIGH ? GPIO_PIN_SET : GPIO_PIN_RESET);
 140              		.loc 1 16 5 view .LVU27
 141 0010 FFF7FEFF 		bl	HAL_GPIO_WritePin
 142              	.LVL13:
  18:SynaptiX_FDK/components/peripherals/gpio/sx_gpio.c **** }
 143              		.loc 1 18 5 is_stmt 1 view .LVU28
  19:SynaptiX_FDK/components/peripherals/gpio/sx_gpio.c **** 
 144              		.loc 1 19 1 is_stmt 0 view .LVU29
 145 0014 0020     		movs	r0, #0
 146 0016 08BD     		pop	{r3, pc}
 147              		.cfi_endproc
 148              	.LFE301:
 150              		.global	sx_gpio_ops
 151              		.section	.data.sx_gpio_ops,"aw"
 152              		.align	2
 155              	sx_gpio_ops:
 156 0000 00000000 		.word	_sx_gpio_write
 157 0004 00000000 		.word	_sx_gpio_read
 158 0008 00000000 		.word	_sx_gpio_toggle
 159              		.text
 160              	.Letext0:
 161              		.file 2 "D:\\stm32cubeclt\\STM32CubeCLT_1.21.0\\GNU-tools-for-STM32\\bin\\../lib/gcc/arm-none-eabi
 162              		.file 3 "D:\\stm32cubeclt\\STM32CubeCLT_1.21.0\\GNU-tools-for-STM32\\bin\\../lib/gcc/arm-none-eabi
 163              		.file 4 "SynaptiX_FDK/components/peripherals/gpio/sx_gpio.h"
 164              		.file 5 "Drivers/CMSIS/Device/ST/STM32H5xx/Include/stm32h563xx.h"
 165              		.file 6 "Drivers/STM32H5xx_HAL_Driver/Inc/stm32h5xx_hal_gpio.h"
 166              		.file 7 "Drivers/STM32H5xx_HAL_Driver/Inc/stm32h5xx_ll_lptim.h"
ARM GAS  C:\Users\DELL\AppData\Local\Temp\ccHjgZVc.s 			page 5


DEFINED SYMBOLS
                            *ABS*:00000000 sx_gpio.c
C:\Users\DELL\AppData\Local\Temp\ccHjgZVc.s:22     .text._sx_gpio_toggle:00000000 $t
C:\Users\DELL\AppData\Local\Temp\ccHjgZVc.s:27     .text._sx_gpio_toggle:00000000 _sx_gpio_toggle
C:\Users\DELL\AppData\Local\Temp\ccHjgZVc.s:59     .text._sx_gpio_read:00000000 $t
C:\Users\DELL\AppData\Local\Temp\ccHjgZVc.s:64     .text._sx_gpio_read:00000000 _sx_gpio_read
C:\Users\DELL\AppData\Local\Temp\ccHjgZVc.s:108    .text._sx_gpio_write:00000000 $t
C:\Users\DELL\AppData\Local\Temp\ccHjgZVc.s:113    .text._sx_gpio_write:00000000 _sx_gpio_write
C:\Users\DELL\AppData\Local\Temp\ccHjgZVc.s:155    .data.sx_gpio_ops:00000000 sx_gpio_ops
C:\Users\DELL\AppData\Local\Temp\ccHjgZVc.s:152    .data.sx_gpio_ops:00000000 $d

UNDEFINED SYMBOLS
HAL_GPIO_TogglePin
HAL_GPIO_ReadPin
HAL_GPIO_WritePin
