ARM GAS  C:\Users\DELL\AppData\Local\Temp\ccIZ4z2T.s 			page 1


   1              		.cpu cortex-m33
   2              		.arch armv8-m.main
   3              		.fpu fpv5-sp-d16
   4              		.arch_extension dsp
   5              		.eabi_attribute 27, 1
   6              		.eabi_attribute 28, 1
   7              		.eabi_attribute 20, 1
   8              		.eabi_attribute 21, 1
   9              		.eabi_attribute 23, 3
  10              		.eabi_attribute 24, 1
  11              		.eabi_attribute 25, 1
  12              		.eabi_attribute 26, 1
  13              		.eabi_attribute 30, 1
  14              		.eabi_attribute 34, 1
  15              		.eabi_attribute 18, 4
  16              		.file	"sx_sleep.c"
  17              		.text
  18              	.Ltext0:
  19              		.cfi_sections	.debug_frame
  20              		.file 1 "SynaptiX_FDK/components/peripherals/sleep/sx_sleep.c"
  21              		.section	.text._cancel_rtc,"ax",%progbits
  22              		.align	1
  23              		.syntax unified
  24              		.thumb
  25              		.thumb_func
  27              	_cancel_rtc:
  28              	.LVL0:
  29              	.LFB304:
   1:SynaptiX_FDK/components/peripherals/sleep/sx_sleep.c **** #include "sx_sleep.h"
   2:SynaptiX_FDK/components/peripherals/sleep/sx_sleep.c **** #include "sx_config.h"
   3:SynaptiX_FDK/components/peripherals/sleep/sx_sleep.c **** #include "rtc.h"
   4:SynaptiX_FDK/components/peripherals/sleep/sx_sleep.c **** #include "usart.h"
   5:SynaptiX_FDK/components/peripherals/sleep/sx_sleep.c **** #include "logger.h"
   6:SynaptiX_FDK/components/peripherals/sleep/sx_sleep.c **** 
   7:SynaptiX_FDK/components/peripherals/sleep/sx_sleep.c **** #if SX_PLATFORM == SX_PLATFORM_STM32H5
   8:SynaptiX_FDK/components/peripherals/sleep/sx_sleep.c ****     #include "stm32h5xx_hal.h"
   9:SynaptiX_FDK/components/peripherals/sleep/sx_sleep.c ****     #include "stm32h5xx_hal_pwr_ex.h"
  10:SynaptiX_FDK/components/peripherals/sleep/sx_sleep.c ****     #include "stm32h5xx_hal_rtc_ex.h"
  11:SynaptiX_FDK/components/peripherals/sleep/sx_sleep.c **** #elif SX_PLATFORM == SX_PLATFORM_STM32H7
  12:SynaptiX_FDK/components/peripherals/sleep/sx_sleep.c ****     #include "stm32h7xx_hal.h"
  13:SynaptiX_FDK/components/peripherals/sleep/sx_sleep.c ****     #include "stm32h7xx_hal_pwr_ex.h"
  14:SynaptiX_FDK/components/peripherals/sleep/sx_sleep.c ****     #include "stm32h7xx_hal_rtc_ex.h"
  15:SynaptiX_FDK/components/peripherals/sleep/sx_sleep.c **** #elif SX_PLATFORM == SX_PLATFORM_STM32F4
  16:SynaptiX_FDK/components/peripherals/sleep/sx_sleep.c ****     #include "stm32f4xx_hal.h"
  17:SynaptiX_FDK/components/peripherals/sleep/sx_sleep.c ****     #include "stm32f4xx_hal_pwr_ex.h"
  18:SynaptiX_FDK/components/peripherals/sleep/sx_sleep.c ****     #include "stm32f4xx_hal_rtc_ex.h"
  19:SynaptiX_FDK/components/peripherals/sleep/sx_sleep.c **** #elif SX_PLATFORM == SX_PLATFORM_STM32F1
  20:SynaptiX_FDK/components/peripherals/sleep/sx_sleep.c ****     #include "stm32f1xx_hal.h"
  21:SynaptiX_FDK/components/peripherals/sleep/sx_sleep.c ****     #include "stm32f1xx_hal_pwr.h"
  22:SynaptiX_FDK/components/peripherals/sleep/sx_sleep.c ****     #include "stm32f1xx_hal_rtc_ex.h"
  23:SynaptiX_FDK/components/peripherals/sleep/sx_sleep.c **** #endif
  24:SynaptiX_FDK/components/peripherals/sleep/sx_sleep.c **** 
  25:SynaptiX_FDK/components/peripherals/sleep/sx_sleep.c **** #define SX_SUSPEND_TICS()          HAL_SuspendTick()
  26:SynaptiX_FDK/components/peripherals/sleep/sx_sleep.c **** #define SX_RESUME_TICS()           HAL_ResumeTick()
  27:SynaptiX_FDK/components/peripherals/sleep/sx_sleep.c **** 
  28:SynaptiX_FDK/components/peripherals/sleep/sx_sleep.c **** static const char *TAG = "SX_SLEEP";
  29:SynaptiX_FDK/components/peripherals/sleep/sx_sleep.c **** static sx_sleep_t *s_instance = NULL;
ARM GAS  C:\Users\DELL\AppData\Local\Temp\ccIZ4z2T.s 			page 2


  30:SynaptiX_FDK/components/peripherals/sleep/sx_sleep.c **** 
  31:SynaptiX_FDK/components/peripherals/sleep/sx_sleep.c **** typedef void (*pwr_enter_stop_fn_t) (uint32_t Regulator, uint8_t STOPEntry);
  32:SynaptiX_FDK/components/peripherals/sleep/sx_sleep.c **** typedef HAL_StatusTypeDef (*rtc_set_wakeup_fn_t)(RTC_HandleTypeDef *hrtc, uint32_t WakeUpCounter, u
  33:SynaptiX_FDK/components/peripherals/sleep/sx_sleep.c **** typedef HAL_StatusTypeDef (*rtc_cancel_wakeup_fn_t)(RTC_HandleTypeDef *hrtc);
  34:SynaptiX_FDK/components/peripherals/sleep/sx_sleep.c **** 
  35:SynaptiX_FDK/components/peripherals/sleep/sx_sleep.c **** static pwr_enter_stop_fn_t    s_enter_stop    = HAL_PWR_EnterSTOPMode;
  36:SynaptiX_FDK/components/peripherals/sleep/sx_sleep.c **** static rtc_set_wakeup_fn_t    s_set_wakeup    = HAL_RTCEx_SetWakeUpTimer_IT;
  37:SynaptiX_FDK/components/peripherals/sleep/sx_sleep.c **** static rtc_cancel_wakeup_fn_t s_cancel_wakeup = HAL_RTCEx_DeactivateWakeUpTimer;
  38:SynaptiX_FDK/components/peripherals/sleep/sx_sleep.c **** 
  39:SynaptiX_FDK/components/peripherals/sleep/sx_sleep.c **** static void _enter_stop  (sx_sleep_t *mgr);
  40:SynaptiX_FDK/components/peripherals/sleep/sx_sleep.c **** static void _set_rtc_wake(sx_sleep_t *mgr, uint32_t period_sec);
  41:SynaptiX_FDK/components/peripherals/sleep/sx_sleep.c **** static void _cancel_rtc  (sx_sleep_t *mgr);
  42:SynaptiX_FDK/components/peripherals/sleep/sx_sleep.c **** 
  43:SynaptiX_FDK/components/peripherals/sleep/sx_sleep.c **** sx_sleep_ops_t sx_sleep_ops = {
  44:SynaptiX_FDK/components/peripherals/sleep/sx_sleep.c ****     .enter_stop   = _enter_stop,
  45:SynaptiX_FDK/components/peripherals/sleep/sx_sleep.c ****     .set_rtc_wake = _set_rtc_wake,
  46:SynaptiX_FDK/components/peripherals/sleep/sx_sleep.c ****     .cancel_rtc   = _cancel_rtc,
  47:SynaptiX_FDK/components/peripherals/sleep/sx_sleep.c **** };
  48:SynaptiX_FDK/components/peripherals/sleep/sx_sleep.c **** 
  49:SynaptiX_FDK/components/peripherals/sleep/sx_sleep.c **** // static void _enter_stop(sx_sleep_t *mgr){
  50:SynaptiX_FDK/components/peripherals/sleep/sx_sleep.c **** //     s_instance = mgr;
  51:SynaptiX_FDK/components/peripherals/sleep/sx_sleep.c **** //     SX_SUSPEND_TICS();
  52:SynaptiX_FDK/components/peripherals/sleep/sx_sleep.c **** //     s_enter_stop(PWR_LOWPOWERREGULATOR_ON, PWR_STOPENTRY_WFI);
  53:SynaptiX_FDK/components/peripherals/sleep/sx_sleep.c **** //     extern void SystemClock_Config(void);
  54:SynaptiX_FDK/components/peripherals/sleep/sx_sleep.c **** //     SystemClock_Config();
  55:SynaptiX_FDK/components/peripherals/sleep/sx_sleep.c **** //     SX_RESUME_TICS();
  56:SynaptiX_FDK/components/peripherals/sleep/sx_sleep.c **** // }
  57:SynaptiX_FDK/components/peripherals/sleep/sx_sleep.c **** 
  58:SynaptiX_FDK/components/peripherals/sleep/sx_sleep.c **** static void _enter_stop(sx_sleep_t *mgr)
  59:SynaptiX_FDK/components/peripherals/sleep/sx_sleep.c **** {
  60:SynaptiX_FDK/components/peripherals/sleep/sx_sleep.c ****     s_instance = mgr;
  61:SynaptiX_FDK/components/peripherals/sleep/sx_sleep.c ****     if (s_instance) {
  62:SynaptiX_FDK/components/peripherals/sleep/sx_sleep.c ****         s_instance->wake_reason = WAKE_REASON_UNKNOWN;
  63:SynaptiX_FDK/components/peripherals/sleep/sx_sleep.c ****     }
  64:SynaptiX_FDK/components/peripherals/sleep/sx_sleep.c **** 
  65:SynaptiX_FDK/components/peripherals/sleep/sx_sleep.c ****     HAL_UART_Abort(&huart1);   // LTE
  66:SynaptiX_FDK/components/peripherals/sleep/sx_sleep.c ****     HAL_UART_Abort(&huart2);   // GPS
  67:SynaptiX_FDK/components/peripherals/sleep/sx_sleep.c ****     __HAL_UART_CLEAR_IT(&huart1, UART_CLEAR_OREF | UART_CLEAR_NEF | UART_CLEAR_PEF);
  68:SynaptiX_FDK/components/peripherals/sleep/sx_sleep.c ****     __HAL_UART_CLEAR_IT(&huart2, UART_CLEAR_OREF | UART_CLEAR_NEF | UART_CLEAR_PEF);
  69:SynaptiX_FDK/components/peripherals/sleep/sx_sleep.c ****     HAL_NVIC_ClearPendingIRQ(USART1_IRQn);
  70:SynaptiX_FDK/components/peripherals/sleep/sx_sleep.c ****     HAL_NVIC_ClearPendingIRQ(USART2_IRQn);
  71:SynaptiX_FDK/components/peripherals/sleep/sx_sleep.c **** 
  72:SynaptiX_FDK/components/peripherals/sleep/sx_sleep.c ****     HAL_NVIC_DisableIRQ(USB_DRD_FS_IRQn);
  73:SynaptiX_FDK/components/peripherals/sleep/sx_sleep.c ****     HAL_NVIC_ClearPendingIRQ(USB_DRD_FS_IRQn);
  74:SynaptiX_FDK/components/peripherals/sleep/sx_sleep.c **** 
  75:SynaptiX_FDK/components/peripherals/sleep/sx_sleep.c ****     SCB->ICSR = SCB_ICSR_PENDSTCLR_Msk;
  76:SynaptiX_FDK/components/peripherals/sleep/sx_sleep.c **** 
  77:SynaptiX_FDK/components/peripherals/sleep/sx_sleep.c ****     __DSB();
  78:SynaptiX_FDK/components/peripherals/sleep/sx_sleep.c ****     __ISB();
  79:SynaptiX_FDK/components/peripherals/sleep/sx_sleep.c **** 
  80:SynaptiX_FDK/components/peripherals/sleep/sx_sleep.c ****     SX_SUSPEND_TICS();
  81:SynaptiX_FDK/components/peripherals/sleep/sx_sleep.c ****     s_enter_stop(PWR_LOWPOWERREGULATOR_ON, PWR_STOPENTRY_WFI);
  82:SynaptiX_FDK/components/peripherals/sleep/sx_sleep.c **** 
  83:SynaptiX_FDK/components/peripherals/sleep/sx_sleep.c ****     /* ── Sau wake: restore ── */
  84:SynaptiX_FDK/components/peripherals/sleep/sx_sleep.c ****     extern void SystemClock_Config(void);
  85:SynaptiX_FDK/components/peripherals/sleep/sx_sleep.c ****     SystemClock_Config();
  86:SynaptiX_FDK/components/peripherals/sleep/sx_sleep.c ****     SX_RESUME_TICS();
ARM GAS  C:\Users\DELL\AppData\Local\Temp\ccIZ4z2T.s 			page 3


  87:SynaptiX_FDK/components/peripherals/sleep/sx_sleep.c **** 
  88:SynaptiX_FDK/components/peripherals/sleep/sx_sleep.c ****     HAL_NVIC_EnableIRQ(USB_DRD_FS_IRQn);
  89:SynaptiX_FDK/components/peripherals/sleep/sx_sleep.c **** }
  90:SynaptiX_FDK/components/peripherals/sleep/sx_sleep.c **** static void _set_rtc_wake(sx_sleep_t *mgr, uint32_t period_sec){
  91:SynaptiX_FDK/components/peripherals/sleep/sx_sleep.c ****     // (void)mgr;
  92:SynaptiX_FDK/components/peripherals/sleep/sx_sleep.c ****     // s_cancel_wakeup(&hrtc);
  93:SynaptiX_FDK/components/peripherals/sleep/sx_sleep.c ****     // s_set_wakeup(&hrtc, period_sec - 1, RTC_WAKEUPCLOCK_CK_SPRE_16BITS, 0);
  94:SynaptiX_FDK/components/peripherals/sleep/sx_sleep.c ****     (void)mgr;
  95:SynaptiX_FDK/components/peripherals/sleep/sx_sleep.c ****     HAL_StatusTypeDef ret1, ret2;
  96:SynaptiX_FDK/components/peripherals/sleep/sx_sleep.c ****     
  97:SynaptiX_FDK/components/peripherals/sleep/sx_sleep.c ****     ret1 = HAL_RTCEx_DeactivateWakeUpTimer(&hrtc);
  98:SynaptiX_FDK/components/peripherals/sleep/sx_sleep.c ****     ret2 = HAL_RTCEx_SetWakeUpTimer_IT(&hrtc, period_sec - 1, RTC_WAKEUPCLOCK_CK_SPRE_16BITS, 0);
  99:SynaptiX_FDK/components/peripherals/sleep/sx_sleep.c ****     
 100:SynaptiX_FDK/components/peripherals/sleep/sx_sleep.c ****     log_info("RTC", "DeactivateWakeUpTimer ret=%d", ret1);  
 101:SynaptiX_FDK/components/peripherals/sleep/sx_sleep.c ****     log_info("RTC", "SetWakeUpTimer ret=%d counter=%lu",    
 102:SynaptiX_FDK/components/peripherals/sleep/sx_sleep.c ****              ret2, period_sec - 1);
 103:SynaptiX_FDK/components/peripherals/sleep/sx_sleep.c **** }
 104:SynaptiX_FDK/components/peripherals/sleep/sx_sleep.c **** 
 105:SynaptiX_FDK/components/peripherals/sleep/sx_sleep.c **** static void _cancel_rtc(sx_sleep_t *mgr){
  30              		.loc 1 105 41 view -0
  31              		.cfi_startproc
  32              		@ args = 0, pretend = 0, frame = 0
  33              		@ frame_needed = 0, uses_anonymous_args = 0
  34              		.loc 1 105 41 is_stmt 0 view .LVU1
  35 0000 08B5     		push	{r3, lr}
  36              	.LCFI0:
  37              		.cfi_def_cfa_offset 8
  38              		.cfi_offset 3, -8
  39              		.cfi_offset 14, -4
 106:SynaptiX_FDK/components/peripherals/sleep/sx_sleep.c ****     (void)mgr;
  40              		.loc 1 106 5 is_stmt 1 view .LVU2
 107:SynaptiX_FDK/components/peripherals/sleep/sx_sleep.c ****     s_cancel_wakeup(&hrtc);
  41              		.loc 1 107 5 view .LVU3
  42 0002 0248     		ldr	r0, .L3
  43              	.LVL1:
  44              		.loc 1 107 5 is_stmt 0 view .LVU4
  45 0004 FFF7FEFF 		bl	HAL_RTCEx_DeactivateWakeUpTimer
  46              	.LVL2:
 108:SynaptiX_FDK/components/peripherals/sleep/sx_sleep.c **** }
  47              		.loc 1 108 1 view .LVU5
  48 0008 08BD     		pop	{r3, pc}
  49              	.L4:
  50 000a 00BF     		.align	2
  51              	.L3:
  52 000c 00000000 		.word	hrtc
  53              		.cfi_endproc
  54              	.LFE304:
  56              		.section	.rodata._set_rtc_wake.str1.4,"aMS",%progbits,1
  57              		.align	2
  58              	.LC0:
  59 0000 44656163 		.ascii	"DeactivateWakeUpTimer ret=%d\000"
  59      74697661 
  59      74655761 
  59      6B655570 
  59      54696D65 
  60 001d 000000   		.align	2
  61              	.LC1:
ARM GAS  C:\Users\DELL\AppData\Local\Temp\ccIZ4z2T.s 			page 4


  62 0020 52544300 		.ascii	"RTC\000"
  63              		.align	2
  64              	.LC2:
  65 0024 53657457 		.ascii	"SetWakeUpTimer ret=%d counter=%lu\000"
  65      616B6555 
  65      7054696D 
  65      65722072 
  65      65743D25 
  66              		.section	.text._set_rtc_wake,"ax",%progbits
  67              		.align	1
  68              		.syntax unified
  69              		.thumb
  70              		.thumb_func
  72              	_set_rtc_wake:
  73              	.LVL3:
  74              	.LFB303:
  90:SynaptiX_FDK/components/peripherals/sleep/sx_sleep.c ****     // (void)mgr;
  75              		.loc 1 90 64 is_stmt 1 view -0
  76              		.cfi_startproc
  77              		@ args = 0, pretend = 0, frame = 0
  78              		@ frame_needed = 0, uses_anonymous_args = 0
  90:SynaptiX_FDK/components/peripherals/sleep/sx_sleep.c ****     // (void)mgr;
  79              		.loc 1 90 64 is_stmt 0 view .LVU7
  80 0000 F0B5     		push	{r4, r5, r6, r7, lr}
  81              	.LCFI1:
  82              		.cfi_def_cfa_offset 20
  83              		.cfi_offset 4, -20
  84              		.cfi_offset 5, -16
  85              		.cfi_offset 6, -12
  86              		.cfi_offset 7, -8
  87              		.cfi_offset 14, -4
  88 0002 83B0     		sub	sp, sp, #12
  89              	.LCFI2:
  90              		.cfi_def_cfa_offset 32
  91 0004 0C46     		mov	r4, r1
  94:SynaptiX_FDK/components/peripherals/sleep/sx_sleep.c ****     HAL_StatusTypeDef ret1, ret2;
  92              		.loc 1 94 5 is_stmt 1 view .LVU8
  95:SynaptiX_FDK/components/peripherals/sleep/sx_sleep.c ****     
  93              		.loc 1 95 5 view .LVU9
  97:SynaptiX_FDK/components/peripherals/sleep/sx_sleep.c ****     ret2 = HAL_RTCEx_SetWakeUpTimer_IT(&hrtc, period_sec - 1, RTC_WAKEUPCLOCK_CK_SPRE_16BITS, 0);
  94              		.loc 1 97 5 view .LVU10
  97:SynaptiX_FDK/components/peripherals/sleep/sx_sleep.c ****     ret2 = HAL_RTCEx_SetWakeUpTimer_IT(&hrtc, period_sec - 1, RTC_WAKEUPCLOCK_CK_SPRE_16BITS, 0);
  95              		.loc 1 97 12 is_stmt 0 view .LVU11
  96 0006 0E4D     		ldr	r5, .L7
  97 0008 2846     		mov	r0, r5
  98              	.LVL4:
  97:SynaptiX_FDK/components/peripherals/sleep/sx_sleep.c ****     ret2 = HAL_RTCEx_SetWakeUpTimer_IT(&hrtc, period_sec - 1, RTC_WAKEUPCLOCK_CK_SPRE_16BITS, 0);
  99              		.loc 1 97 12 view .LVU12
 100 000a FFF7FEFF 		bl	HAL_RTCEx_DeactivateWakeUpTimer
 101              	.LVL5:
  97:SynaptiX_FDK/components/peripherals/sleep/sx_sleep.c ****     ret2 = HAL_RTCEx_SetWakeUpTimer_IT(&hrtc, period_sec - 1, RTC_WAKEUPCLOCK_CK_SPRE_16BITS, 0);
 102              		.loc 1 97 12 view .LVU13
 103 000e 0646     		mov	r6, r0
 104              	.LVL6:
  98:SynaptiX_FDK/components/peripherals/sleep/sx_sleep.c ****     
 105              		.loc 1 98 5 is_stmt 1 view .LVU14
  98:SynaptiX_FDK/components/peripherals/sleep/sx_sleep.c ****     
ARM GAS  C:\Users\DELL\AppData\Local\Temp\ccIZ4z2T.s 			page 5


 106              		.loc 1 98 58 is_stmt 0 view .LVU15
 107 0010 013C     		subs	r4, r4, #1
 108              	.LVL7:
  98:SynaptiX_FDK/components/peripherals/sleep/sx_sleep.c ****     
 109              		.loc 1 98 12 view .LVU16
 110 0012 0023     		movs	r3, #0
 111 0014 0422     		movs	r2, #4
 112 0016 2146     		mov	r1, r4
 113 0018 2846     		mov	r0, r5
 114 001a FFF7FEFF 		bl	HAL_RTCEx_SetWakeUpTimer_IT
 115              	.LVL8:
 116 001e 0546     		mov	r5, r0
 117              	.LVL9:
 100:SynaptiX_FDK/components/peripherals/sleep/sx_sleep.c ****     log_info("RTC", "SetWakeUpTimer ret=%d counter=%lu",    
 118              		.loc 1 100 5 is_stmt 1 view .LVU17
 119 0020 084F     		ldr	r7, .L7+4
 120 0022 3346     		mov	r3, r6
 121 0024 084A     		ldr	r2, .L7+8
 122 0026 3946     		mov	r1, r7
 123 0028 0320     		movs	r0, #3
 124 002a FFF7FEFF 		bl	log_func
 125              	.LVL10:
 101:SynaptiX_FDK/components/peripherals/sleep/sx_sleep.c ****              ret2, period_sec - 1);
 126              		.loc 1 101 5 view .LVU18
 127 002e 0094     		str	r4, [sp]
 128 0030 2B46     		mov	r3, r5
 129 0032 064A     		ldr	r2, .L7+12
 130 0034 3946     		mov	r1, r7
 131 0036 0320     		movs	r0, #3
 132 0038 FFF7FEFF 		bl	log_func
 133              	.LVL11:
 103:SynaptiX_FDK/components/peripherals/sleep/sx_sleep.c **** 
 134              		.loc 1 103 1 is_stmt 0 view .LVU19
 135 003c 03B0     		add	sp, sp, #12
 136              	.LCFI3:
 137              		.cfi_def_cfa_offset 20
 138              		@ sp needed
 139 003e F0BD     		pop	{r4, r5, r6, r7, pc}
 140              	.LVL12:
 141              	.L8:
 103:SynaptiX_FDK/components/peripherals/sleep/sx_sleep.c **** 
 142              		.loc 1 103 1 view .LVU20
 143              		.align	2
 144              	.L7:
 145 0040 00000000 		.word	hrtc
 146 0044 20000000 		.word	.LC1
 147 0048 00000000 		.word	.LC0
 148 004c 24000000 		.word	.LC2
 149              		.cfi_endproc
 150              	.LFE303:
 152              		.section	.text._enter_stop,"ax",%progbits
 153              		.align	1
 154              		.syntax unified
 155              		.thumb
 156              		.thumb_func
 158              	_enter_stop:
 159              	.LVL13:
ARM GAS  C:\Users\DELL\AppData\Local\Temp\ccIZ4z2T.s 			page 6


 160              	.LFB302:
  59:SynaptiX_FDK/components/peripherals/sleep/sx_sleep.c ****     s_instance = mgr;
 161              		.loc 1 59 1 is_stmt 1 view -0
 162              		.cfi_startproc
 163              		@ args = 0, pretend = 0, frame = 0
 164              		@ frame_needed = 0, uses_anonymous_args = 0
  59:SynaptiX_FDK/components/peripherals/sleep/sx_sleep.c ****     s_instance = mgr;
 165              		.loc 1 59 1 is_stmt 0 view .LVU22
 166 0000 38B5     		push	{r3, r4, r5, lr}
 167              	.LCFI4:
 168              		.cfi_def_cfa_offset 16
 169              		.cfi_offset 3, -16
 170              		.cfi_offset 4, -12
 171              		.cfi_offset 5, -8
 172              		.cfi_offset 14, -4
  60:SynaptiX_FDK/components/peripherals/sleep/sx_sleep.c ****     if (s_instance) {
 173              		.loc 1 60 5 is_stmt 1 view .LVU23
  60:SynaptiX_FDK/components/peripherals/sleep/sx_sleep.c ****     if (s_instance) {
 174              		.loc 1 60 16 is_stmt 0 view .LVU24
 175 0002 1A4B     		ldr	r3, .L12
 176 0004 1860     		str	r0, [r3]
  61:SynaptiX_FDK/components/peripherals/sleep/sx_sleep.c ****         s_instance->wake_reason = WAKE_REASON_UNKNOWN;
 177              		.loc 1 61 5 is_stmt 1 view .LVU25
  61:SynaptiX_FDK/components/peripherals/sleep/sx_sleep.c ****         s_instance->wake_reason = WAKE_REASON_UNKNOWN;
 178              		.loc 1 61 8 is_stmt 0 view .LVU26
 179 0006 08B1     		cbz	r0, .L10
  62:SynaptiX_FDK/components/peripherals/sleep/sx_sleep.c ****     }
 180              		.loc 1 62 9 is_stmt 1 view .LVU27
  62:SynaptiX_FDK/components/peripherals/sleep/sx_sleep.c ****     }
 181              		.loc 1 62 33 is_stmt 0 view .LVU28
 182 0008 0023     		movs	r3, #0
 183 000a 0372     		strb	r3, [r0, #8]
 184              	.L10:
  65:SynaptiX_FDK/components/peripherals/sleep/sx_sleep.c ****     HAL_UART_Abort(&huart2);   // GPS
 185              		.loc 1 65 5 is_stmt 1 view .LVU29
 186 000c 184D     		ldr	r5, .L12+4
 187 000e 2846     		mov	r0, r5
 188              	.LVL14:
  65:SynaptiX_FDK/components/peripherals/sleep/sx_sleep.c ****     HAL_UART_Abort(&huart2);   // GPS
 189              		.loc 1 65 5 is_stmt 0 view .LVU30
 190 0010 FFF7FEFF 		bl	HAL_UART_Abort
 191              	.LVL15:
  66:SynaptiX_FDK/components/peripherals/sleep/sx_sleep.c ****     __HAL_UART_CLEAR_IT(&huart1, UART_CLEAR_OREF | UART_CLEAR_NEF | UART_CLEAR_PEF);
 192              		.loc 1 66 5 is_stmt 1 view .LVU31
 193 0014 174C     		ldr	r4, .L12+8
 194 0016 2046     		mov	r0, r4
 195 0018 FFF7FEFF 		bl	HAL_UART_Abort
 196              	.LVL16:
  67:SynaptiX_FDK/components/peripherals/sleep/sx_sleep.c ****     __HAL_UART_CLEAR_IT(&huart2, UART_CLEAR_OREF | UART_CLEAR_NEF | UART_CLEAR_PEF);
 197              		.loc 1 67 5 view .LVU32
 198 001c 2A68     		ldr	r2, [r5]
 199 001e 0D23     		movs	r3, #13
 200 0020 1362     		str	r3, [r2, #32]
  68:SynaptiX_FDK/components/peripherals/sleep/sx_sleep.c ****     HAL_NVIC_ClearPendingIRQ(USART1_IRQn);
 201              		.loc 1 68 5 view .LVU33
 202 0022 2268     		ldr	r2, [r4]
 203 0024 1362     		str	r3, [r2, #32]
ARM GAS  C:\Users\DELL\AppData\Local\Temp\ccIZ4z2T.s 			page 7


  69:SynaptiX_FDK/components/peripherals/sleep/sx_sleep.c ****     HAL_NVIC_ClearPendingIRQ(USART2_IRQn);
 204              		.loc 1 69 5 view .LVU34
 205 0026 3A20     		movs	r0, #58
 206 0028 FFF7FEFF 		bl	HAL_NVIC_ClearPendingIRQ
 207              	.LVL17:
  70:SynaptiX_FDK/components/peripherals/sleep/sx_sleep.c **** 
 208              		.loc 1 70 5 view .LVU35
 209 002c 3B20     		movs	r0, #59
 210 002e FFF7FEFF 		bl	HAL_NVIC_ClearPendingIRQ
 211              	.LVL18:
  72:SynaptiX_FDK/components/peripherals/sleep/sx_sleep.c ****     HAL_NVIC_ClearPendingIRQ(USB_DRD_FS_IRQn);
 212              		.loc 1 72 5 view .LVU36
 213 0032 4A20     		movs	r0, #74
 214 0034 FFF7FEFF 		bl	HAL_NVIC_DisableIRQ
 215              	.LVL19:
  73:SynaptiX_FDK/components/peripherals/sleep/sx_sleep.c **** 
 216              		.loc 1 73 5 view .LVU37
 217 0038 4A20     		movs	r0, #74
 218 003a FFF7FEFF 		bl	HAL_NVIC_ClearPendingIRQ
 219              	.LVL20:
  75:SynaptiX_FDK/components/peripherals/sleep/sx_sleep.c **** 
 220              		.loc 1 75 5 view .LVU38
  75:SynaptiX_FDK/components/peripherals/sleep/sx_sleep.c **** 
 221              		.loc 1 75 15 is_stmt 0 view .LVU39
 222 003e 0E4B     		ldr	r3, .L12+12
 223 0040 4FF00072 		mov	r2, #33554432
 224 0044 5A60     		str	r2, [r3, #4]
  77:SynaptiX_FDK/components/peripherals/sleep/sx_sleep.c ****     __ISB();
 225              		.loc 1 77 5 is_stmt 1 view .LVU40
 226              	.LBB6:
 227              	.LBI6:
 228              		.file 2 "Drivers/CMSIS/Include/cmsis_gcc.h"
   1:Drivers/CMSIS/Include/cmsis_gcc.h **** /**************************************************************************//**
   2:Drivers/CMSIS/Include/cmsis_gcc.h ****  * @file     cmsis_gcc.h
   3:Drivers/CMSIS/Include/cmsis_gcc.h ****  * @brief    CMSIS compiler GCC header file
   4:Drivers/CMSIS/Include/cmsis_gcc.h ****  * @version  V5.4.1
   5:Drivers/CMSIS/Include/cmsis_gcc.h ****  * @date     27. May 2021
   6:Drivers/CMSIS/Include/cmsis_gcc.h ****  ******************************************************************************/
   7:Drivers/CMSIS/Include/cmsis_gcc.h **** /*
   8:Drivers/CMSIS/Include/cmsis_gcc.h ****  * Copyright (c) 2009-2021 Arm Limited. All rights reserved.
   9:Drivers/CMSIS/Include/cmsis_gcc.h ****  *
  10:Drivers/CMSIS/Include/cmsis_gcc.h ****  * SPDX-License-Identifier: Apache-2.0
  11:Drivers/CMSIS/Include/cmsis_gcc.h ****  *
  12:Drivers/CMSIS/Include/cmsis_gcc.h ****  * Licensed under the Apache License, Version 2.0 (the License); you may
  13:Drivers/CMSIS/Include/cmsis_gcc.h ****  * not use this file except in compliance with the License.
  14:Drivers/CMSIS/Include/cmsis_gcc.h ****  * You may obtain a copy of the License at
  15:Drivers/CMSIS/Include/cmsis_gcc.h ****  *
  16:Drivers/CMSIS/Include/cmsis_gcc.h ****  * www.apache.org/licenses/LICENSE-2.0
  17:Drivers/CMSIS/Include/cmsis_gcc.h ****  *
  18:Drivers/CMSIS/Include/cmsis_gcc.h ****  * Unless required by applicable law or agreed to in writing, software
  19:Drivers/CMSIS/Include/cmsis_gcc.h ****  * distributed under the License is distributed on an AS IS BASIS, WITHOUT
  20:Drivers/CMSIS/Include/cmsis_gcc.h ****  * WARRANTIES OR CONDITIONS OF ANY KIND, either express or implied.
  21:Drivers/CMSIS/Include/cmsis_gcc.h ****  * See the License for the specific language governing permissions and
  22:Drivers/CMSIS/Include/cmsis_gcc.h ****  * limitations under the License.
  23:Drivers/CMSIS/Include/cmsis_gcc.h ****  */
  24:Drivers/CMSIS/Include/cmsis_gcc.h **** 
  25:Drivers/CMSIS/Include/cmsis_gcc.h **** #ifndef __CMSIS_GCC_H
ARM GAS  C:\Users\DELL\AppData\Local\Temp\ccIZ4z2T.s 			page 8


  26:Drivers/CMSIS/Include/cmsis_gcc.h **** #define __CMSIS_GCC_H
  27:Drivers/CMSIS/Include/cmsis_gcc.h **** 
  28:Drivers/CMSIS/Include/cmsis_gcc.h **** /* ignore some GCC warnings */
  29:Drivers/CMSIS/Include/cmsis_gcc.h **** #pragma GCC diagnostic push
  30:Drivers/CMSIS/Include/cmsis_gcc.h **** #pragma GCC diagnostic ignored "-Wsign-conversion"
  31:Drivers/CMSIS/Include/cmsis_gcc.h **** #pragma GCC diagnostic ignored "-Wconversion"
  32:Drivers/CMSIS/Include/cmsis_gcc.h **** #pragma GCC diagnostic ignored "-Wunused-parameter"
  33:Drivers/CMSIS/Include/cmsis_gcc.h **** 
  34:Drivers/CMSIS/Include/cmsis_gcc.h **** /* Fallback for __has_builtin */
  35:Drivers/CMSIS/Include/cmsis_gcc.h **** #ifndef __has_builtin
  36:Drivers/CMSIS/Include/cmsis_gcc.h ****   #define __has_builtin(x) (0)
  37:Drivers/CMSIS/Include/cmsis_gcc.h **** #endif
  38:Drivers/CMSIS/Include/cmsis_gcc.h **** 
  39:Drivers/CMSIS/Include/cmsis_gcc.h **** /* CMSIS compiler specific defines */
  40:Drivers/CMSIS/Include/cmsis_gcc.h **** #ifndef   __ASM
  41:Drivers/CMSIS/Include/cmsis_gcc.h ****   #define __ASM                                  __asm
  42:Drivers/CMSIS/Include/cmsis_gcc.h **** #endif
  43:Drivers/CMSIS/Include/cmsis_gcc.h **** #ifndef   __INLINE
  44:Drivers/CMSIS/Include/cmsis_gcc.h ****   #define __INLINE                               inline
  45:Drivers/CMSIS/Include/cmsis_gcc.h **** #endif
  46:Drivers/CMSIS/Include/cmsis_gcc.h **** #ifndef   __STATIC_INLINE
  47:Drivers/CMSIS/Include/cmsis_gcc.h ****   #define __STATIC_INLINE                        static inline
  48:Drivers/CMSIS/Include/cmsis_gcc.h **** #endif
  49:Drivers/CMSIS/Include/cmsis_gcc.h **** #ifndef   __STATIC_FORCEINLINE
  50:Drivers/CMSIS/Include/cmsis_gcc.h ****   #define __STATIC_FORCEINLINE                   __attribute__((always_inline)) static inline
  51:Drivers/CMSIS/Include/cmsis_gcc.h **** #endif
  52:Drivers/CMSIS/Include/cmsis_gcc.h **** #ifndef   __NO_RETURN
  53:Drivers/CMSIS/Include/cmsis_gcc.h ****   #define __NO_RETURN                            __attribute__((__noreturn__))
  54:Drivers/CMSIS/Include/cmsis_gcc.h **** #endif
  55:Drivers/CMSIS/Include/cmsis_gcc.h **** #ifndef   __USED
  56:Drivers/CMSIS/Include/cmsis_gcc.h ****   #define __USED                                 __attribute__((used))
  57:Drivers/CMSIS/Include/cmsis_gcc.h **** #endif
  58:Drivers/CMSIS/Include/cmsis_gcc.h **** #ifndef   __WEAK
  59:Drivers/CMSIS/Include/cmsis_gcc.h ****   #define __WEAK                                 __attribute__((weak))
  60:Drivers/CMSIS/Include/cmsis_gcc.h **** #endif
  61:Drivers/CMSIS/Include/cmsis_gcc.h **** #ifndef   __PACKED
  62:Drivers/CMSIS/Include/cmsis_gcc.h ****   #define __PACKED                               __attribute__((packed, aligned(1)))
  63:Drivers/CMSIS/Include/cmsis_gcc.h **** #endif
  64:Drivers/CMSIS/Include/cmsis_gcc.h **** #ifndef   __PACKED_STRUCT
  65:Drivers/CMSIS/Include/cmsis_gcc.h ****   #define __PACKED_STRUCT                        struct __attribute__((packed, aligned(1)))
  66:Drivers/CMSIS/Include/cmsis_gcc.h **** #endif
  67:Drivers/CMSIS/Include/cmsis_gcc.h **** #ifndef   __PACKED_UNION
  68:Drivers/CMSIS/Include/cmsis_gcc.h ****   #define __PACKED_UNION                         union __attribute__((packed, aligned(1)))
  69:Drivers/CMSIS/Include/cmsis_gcc.h **** #endif
  70:Drivers/CMSIS/Include/cmsis_gcc.h **** #ifndef   __UNALIGNED_UINT32        /* deprecated */
  71:Drivers/CMSIS/Include/cmsis_gcc.h ****   #pragma GCC diagnostic push
  72:Drivers/CMSIS/Include/cmsis_gcc.h ****   #pragma GCC diagnostic ignored "-Wpacked"
  73:Drivers/CMSIS/Include/cmsis_gcc.h ****   #pragma GCC diagnostic ignored "-Wattributes"
  74:Drivers/CMSIS/Include/cmsis_gcc.h ****   struct __attribute__((packed)) T_UINT32 { uint32_t v; };
  75:Drivers/CMSIS/Include/cmsis_gcc.h ****   #pragma GCC diagnostic pop
  76:Drivers/CMSIS/Include/cmsis_gcc.h ****   #define __UNALIGNED_UINT32(x)                  (((struct T_UINT32 *)(x))->v)
  77:Drivers/CMSIS/Include/cmsis_gcc.h **** #endif
  78:Drivers/CMSIS/Include/cmsis_gcc.h **** #ifndef   __UNALIGNED_UINT16_WRITE
  79:Drivers/CMSIS/Include/cmsis_gcc.h ****   #pragma GCC diagnostic push
  80:Drivers/CMSIS/Include/cmsis_gcc.h ****   #pragma GCC diagnostic ignored "-Wpacked"
  81:Drivers/CMSIS/Include/cmsis_gcc.h ****   #pragma GCC diagnostic ignored "-Wattributes"
  82:Drivers/CMSIS/Include/cmsis_gcc.h ****   __PACKED_STRUCT T_UINT16_WRITE { uint16_t v; };
ARM GAS  C:\Users\DELL\AppData\Local\Temp\ccIZ4z2T.s 			page 9


  83:Drivers/CMSIS/Include/cmsis_gcc.h ****   #pragma GCC diagnostic pop
  84:Drivers/CMSIS/Include/cmsis_gcc.h ****   #define __UNALIGNED_UINT16_WRITE(addr, val)    (void)((((struct T_UINT16_WRITE *)(void *)(addr))-
  85:Drivers/CMSIS/Include/cmsis_gcc.h **** #endif
  86:Drivers/CMSIS/Include/cmsis_gcc.h **** #ifndef   __UNALIGNED_UINT16_READ
  87:Drivers/CMSIS/Include/cmsis_gcc.h ****   #pragma GCC diagnostic push
  88:Drivers/CMSIS/Include/cmsis_gcc.h ****   #pragma GCC diagnostic ignored "-Wpacked"
  89:Drivers/CMSIS/Include/cmsis_gcc.h ****   #pragma GCC diagnostic ignored "-Wattributes"
  90:Drivers/CMSIS/Include/cmsis_gcc.h ****   __PACKED_STRUCT T_UINT16_READ { uint16_t v; };
  91:Drivers/CMSIS/Include/cmsis_gcc.h ****   #pragma GCC diagnostic pop
  92:Drivers/CMSIS/Include/cmsis_gcc.h ****   #define __UNALIGNED_UINT16_READ(addr)          (((const struct T_UINT16_READ *)(const void *)(add
  93:Drivers/CMSIS/Include/cmsis_gcc.h **** #endif
  94:Drivers/CMSIS/Include/cmsis_gcc.h **** #ifndef   __UNALIGNED_UINT32_WRITE
  95:Drivers/CMSIS/Include/cmsis_gcc.h ****   #pragma GCC diagnostic push
  96:Drivers/CMSIS/Include/cmsis_gcc.h ****   #pragma GCC diagnostic ignored "-Wpacked"
  97:Drivers/CMSIS/Include/cmsis_gcc.h ****   #pragma GCC diagnostic ignored "-Wattributes"
  98:Drivers/CMSIS/Include/cmsis_gcc.h ****   __PACKED_STRUCT T_UINT32_WRITE { uint32_t v; };
  99:Drivers/CMSIS/Include/cmsis_gcc.h ****   #pragma GCC diagnostic pop
 100:Drivers/CMSIS/Include/cmsis_gcc.h ****   #define __UNALIGNED_UINT32_WRITE(addr, val)    (void)((((struct T_UINT32_WRITE *)(void *)(addr))-
 101:Drivers/CMSIS/Include/cmsis_gcc.h **** #endif
 102:Drivers/CMSIS/Include/cmsis_gcc.h **** #ifndef   __UNALIGNED_UINT32_READ
 103:Drivers/CMSIS/Include/cmsis_gcc.h ****   #pragma GCC diagnostic push
 104:Drivers/CMSIS/Include/cmsis_gcc.h ****   #pragma GCC diagnostic ignored "-Wpacked"
 105:Drivers/CMSIS/Include/cmsis_gcc.h ****   #pragma GCC diagnostic ignored "-Wattributes"
 106:Drivers/CMSIS/Include/cmsis_gcc.h ****   __PACKED_STRUCT T_UINT32_READ { uint32_t v; };
 107:Drivers/CMSIS/Include/cmsis_gcc.h ****   #pragma GCC diagnostic pop
 108:Drivers/CMSIS/Include/cmsis_gcc.h ****   #define __UNALIGNED_UINT32_READ(addr)          (((const struct T_UINT32_READ *)(const void *)(add
 109:Drivers/CMSIS/Include/cmsis_gcc.h **** #endif
 110:Drivers/CMSIS/Include/cmsis_gcc.h **** #ifndef   __ALIGNED
 111:Drivers/CMSIS/Include/cmsis_gcc.h ****   #define __ALIGNED(x)                           __attribute__((aligned(x)))
 112:Drivers/CMSIS/Include/cmsis_gcc.h **** #endif
 113:Drivers/CMSIS/Include/cmsis_gcc.h **** #ifndef   __RESTRICT
 114:Drivers/CMSIS/Include/cmsis_gcc.h ****   #define __RESTRICT                             __restrict
 115:Drivers/CMSIS/Include/cmsis_gcc.h **** #endif
 116:Drivers/CMSIS/Include/cmsis_gcc.h **** #ifndef   __COMPILER_BARRIER
 117:Drivers/CMSIS/Include/cmsis_gcc.h ****   #define __COMPILER_BARRIER()                   __ASM volatile("":::"memory")
 118:Drivers/CMSIS/Include/cmsis_gcc.h **** #endif
 119:Drivers/CMSIS/Include/cmsis_gcc.h **** 
 120:Drivers/CMSIS/Include/cmsis_gcc.h **** /* #########################  Startup and Lowlevel Init  ######################## */
 121:Drivers/CMSIS/Include/cmsis_gcc.h **** 
 122:Drivers/CMSIS/Include/cmsis_gcc.h **** #ifndef __PROGRAM_START
 123:Drivers/CMSIS/Include/cmsis_gcc.h **** 
 124:Drivers/CMSIS/Include/cmsis_gcc.h **** /**
 125:Drivers/CMSIS/Include/cmsis_gcc.h ****   \brief   Initializes data and bss sections
 126:Drivers/CMSIS/Include/cmsis_gcc.h ****   \details This default implementations initialized all data and additional bss
 127:Drivers/CMSIS/Include/cmsis_gcc.h ****            sections relying on .copy.table and .zero.table specified properly
 128:Drivers/CMSIS/Include/cmsis_gcc.h ****            in the used linker script.
 129:Drivers/CMSIS/Include/cmsis_gcc.h **** 
 130:Drivers/CMSIS/Include/cmsis_gcc.h ****  */
 131:Drivers/CMSIS/Include/cmsis_gcc.h **** __STATIC_FORCEINLINE __NO_RETURN void __cmsis_start(void)
 132:Drivers/CMSIS/Include/cmsis_gcc.h **** {
 133:Drivers/CMSIS/Include/cmsis_gcc.h ****   extern void _start(void) __NO_RETURN;
 134:Drivers/CMSIS/Include/cmsis_gcc.h **** 
 135:Drivers/CMSIS/Include/cmsis_gcc.h ****   typedef struct {
 136:Drivers/CMSIS/Include/cmsis_gcc.h ****     uint32_t const* src;
 137:Drivers/CMSIS/Include/cmsis_gcc.h ****     uint32_t* dest;
 138:Drivers/CMSIS/Include/cmsis_gcc.h ****     uint32_t  wlen;
 139:Drivers/CMSIS/Include/cmsis_gcc.h ****   } __copy_table_t;
ARM GAS  C:\Users\DELL\AppData\Local\Temp\ccIZ4z2T.s 			page 10


 140:Drivers/CMSIS/Include/cmsis_gcc.h **** 
 141:Drivers/CMSIS/Include/cmsis_gcc.h ****   typedef struct {
 142:Drivers/CMSIS/Include/cmsis_gcc.h ****     uint32_t* dest;
 143:Drivers/CMSIS/Include/cmsis_gcc.h ****     uint32_t  wlen;
 144:Drivers/CMSIS/Include/cmsis_gcc.h ****   } __zero_table_t;
 145:Drivers/CMSIS/Include/cmsis_gcc.h **** 
 146:Drivers/CMSIS/Include/cmsis_gcc.h ****   extern const __copy_table_t __copy_table_start__;
 147:Drivers/CMSIS/Include/cmsis_gcc.h ****   extern const __copy_table_t __copy_table_end__;
 148:Drivers/CMSIS/Include/cmsis_gcc.h ****   extern const __zero_table_t __zero_table_start__;
 149:Drivers/CMSIS/Include/cmsis_gcc.h ****   extern const __zero_table_t __zero_table_end__;
 150:Drivers/CMSIS/Include/cmsis_gcc.h **** 
 151:Drivers/CMSIS/Include/cmsis_gcc.h ****   for (__copy_table_t const* pTable = &__copy_table_start__; pTable < &__copy_table_end__; ++pTable
 152:Drivers/CMSIS/Include/cmsis_gcc.h ****     for(uint32_t i=0u; i<pTable->wlen; ++i) {
 153:Drivers/CMSIS/Include/cmsis_gcc.h ****       pTable->dest[i] = pTable->src[i];
 154:Drivers/CMSIS/Include/cmsis_gcc.h ****     }
 155:Drivers/CMSIS/Include/cmsis_gcc.h ****   }
 156:Drivers/CMSIS/Include/cmsis_gcc.h **** 
 157:Drivers/CMSIS/Include/cmsis_gcc.h ****   for (__zero_table_t const* pTable = &__zero_table_start__; pTable < &__zero_table_end__; ++pTable
 158:Drivers/CMSIS/Include/cmsis_gcc.h ****     for(uint32_t i=0u; i<pTable->wlen; ++i) {
 159:Drivers/CMSIS/Include/cmsis_gcc.h ****       pTable->dest[i] = 0u;
 160:Drivers/CMSIS/Include/cmsis_gcc.h ****     }
 161:Drivers/CMSIS/Include/cmsis_gcc.h ****   }
 162:Drivers/CMSIS/Include/cmsis_gcc.h **** 
 163:Drivers/CMSIS/Include/cmsis_gcc.h ****   _start();
 164:Drivers/CMSIS/Include/cmsis_gcc.h **** }
 165:Drivers/CMSIS/Include/cmsis_gcc.h **** 
 166:Drivers/CMSIS/Include/cmsis_gcc.h **** #define __PROGRAM_START           __cmsis_start
 167:Drivers/CMSIS/Include/cmsis_gcc.h **** #endif
 168:Drivers/CMSIS/Include/cmsis_gcc.h **** 
 169:Drivers/CMSIS/Include/cmsis_gcc.h **** #ifndef __INITIAL_SP
 170:Drivers/CMSIS/Include/cmsis_gcc.h **** #define __INITIAL_SP              __StackTop
 171:Drivers/CMSIS/Include/cmsis_gcc.h **** #endif
 172:Drivers/CMSIS/Include/cmsis_gcc.h **** 
 173:Drivers/CMSIS/Include/cmsis_gcc.h **** #ifndef __STACK_LIMIT
 174:Drivers/CMSIS/Include/cmsis_gcc.h **** #define __STACK_LIMIT             __StackLimit
 175:Drivers/CMSIS/Include/cmsis_gcc.h **** #endif
 176:Drivers/CMSIS/Include/cmsis_gcc.h **** 
 177:Drivers/CMSIS/Include/cmsis_gcc.h **** #ifndef __VECTOR_TABLE
 178:Drivers/CMSIS/Include/cmsis_gcc.h **** #define __VECTOR_TABLE            __Vectors
 179:Drivers/CMSIS/Include/cmsis_gcc.h **** #endif
 180:Drivers/CMSIS/Include/cmsis_gcc.h **** 
 181:Drivers/CMSIS/Include/cmsis_gcc.h **** #ifndef __VECTOR_TABLE_ATTRIBUTE
 182:Drivers/CMSIS/Include/cmsis_gcc.h **** #define __VECTOR_TABLE_ATTRIBUTE  __attribute__((used, section(".vectors")))
 183:Drivers/CMSIS/Include/cmsis_gcc.h **** #endif
 184:Drivers/CMSIS/Include/cmsis_gcc.h **** 
 185:Drivers/CMSIS/Include/cmsis_gcc.h **** #if defined (__ARM_FEATURE_CMSE) && (__ARM_FEATURE_CMSE == 3U)
 186:Drivers/CMSIS/Include/cmsis_gcc.h **** #ifndef __STACK_SEAL
 187:Drivers/CMSIS/Include/cmsis_gcc.h **** #define __STACK_SEAL              __StackSeal
 188:Drivers/CMSIS/Include/cmsis_gcc.h **** #endif
 189:Drivers/CMSIS/Include/cmsis_gcc.h **** 
 190:Drivers/CMSIS/Include/cmsis_gcc.h **** #ifndef __TZ_STACK_SEAL_SIZE
 191:Drivers/CMSIS/Include/cmsis_gcc.h **** #define __TZ_STACK_SEAL_SIZE      8U
 192:Drivers/CMSIS/Include/cmsis_gcc.h **** #endif
 193:Drivers/CMSIS/Include/cmsis_gcc.h **** 
 194:Drivers/CMSIS/Include/cmsis_gcc.h **** #ifndef __TZ_STACK_SEAL_VALUE
 195:Drivers/CMSIS/Include/cmsis_gcc.h **** #define __TZ_STACK_SEAL_VALUE     0xFEF5EDA5FEF5EDA5ULL
 196:Drivers/CMSIS/Include/cmsis_gcc.h **** #endif
ARM GAS  C:\Users\DELL\AppData\Local\Temp\ccIZ4z2T.s 			page 11


 197:Drivers/CMSIS/Include/cmsis_gcc.h **** 
 198:Drivers/CMSIS/Include/cmsis_gcc.h **** 
 199:Drivers/CMSIS/Include/cmsis_gcc.h **** __STATIC_FORCEINLINE void __TZ_set_STACKSEAL_S (uint32_t* stackTop) {
 200:Drivers/CMSIS/Include/cmsis_gcc.h ****   *((uint64_t *)stackTop) = __TZ_STACK_SEAL_VALUE;
 201:Drivers/CMSIS/Include/cmsis_gcc.h **** }
 202:Drivers/CMSIS/Include/cmsis_gcc.h **** #endif
 203:Drivers/CMSIS/Include/cmsis_gcc.h **** 
 204:Drivers/CMSIS/Include/cmsis_gcc.h **** 
 205:Drivers/CMSIS/Include/cmsis_gcc.h **** /* ##########################  Core Instruction Access  ######################### */
 206:Drivers/CMSIS/Include/cmsis_gcc.h **** /** \defgroup CMSIS_Core_InstructionInterface CMSIS Core Instruction Interface
 207:Drivers/CMSIS/Include/cmsis_gcc.h ****   Access to dedicated instructions
 208:Drivers/CMSIS/Include/cmsis_gcc.h ****   @{
 209:Drivers/CMSIS/Include/cmsis_gcc.h **** */
 210:Drivers/CMSIS/Include/cmsis_gcc.h **** 
 211:Drivers/CMSIS/Include/cmsis_gcc.h **** /* Define macros for porting to both thumb1 and thumb2.
 212:Drivers/CMSIS/Include/cmsis_gcc.h ****  * For thumb1, use low register (r0-r7), specified by constraint "l"
 213:Drivers/CMSIS/Include/cmsis_gcc.h ****  * Otherwise, use general registers, specified by constraint "r" */
 214:Drivers/CMSIS/Include/cmsis_gcc.h **** #if defined (__thumb__) && !defined (__thumb2__)
 215:Drivers/CMSIS/Include/cmsis_gcc.h **** #define __CMSIS_GCC_OUT_REG(r) "=l" (r)
 216:Drivers/CMSIS/Include/cmsis_gcc.h **** #define __CMSIS_GCC_RW_REG(r) "+l" (r)
 217:Drivers/CMSIS/Include/cmsis_gcc.h **** #define __CMSIS_GCC_USE_REG(r) "l" (r)
 218:Drivers/CMSIS/Include/cmsis_gcc.h **** #else
 219:Drivers/CMSIS/Include/cmsis_gcc.h **** #define __CMSIS_GCC_OUT_REG(r) "=r" (r)
 220:Drivers/CMSIS/Include/cmsis_gcc.h **** #define __CMSIS_GCC_RW_REG(r) "+r" (r)
 221:Drivers/CMSIS/Include/cmsis_gcc.h **** #define __CMSIS_GCC_USE_REG(r) "r" (r)
 222:Drivers/CMSIS/Include/cmsis_gcc.h **** #endif
 223:Drivers/CMSIS/Include/cmsis_gcc.h **** 
 224:Drivers/CMSIS/Include/cmsis_gcc.h **** /**
 225:Drivers/CMSIS/Include/cmsis_gcc.h ****   \brief   No Operation
 226:Drivers/CMSIS/Include/cmsis_gcc.h ****   \details No Operation does nothing. This instruction can be used for code alignment purposes.
 227:Drivers/CMSIS/Include/cmsis_gcc.h ****  */
 228:Drivers/CMSIS/Include/cmsis_gcc.h **** #define __NOP()                             __ASM volatile ("nop")
 229:Drivers/CMSIS/Include/cmsis_gcc.h **** 
 230:Drivers/CMSIS/Include/cmsis_gcc.h **** /**
 231:Drivers/CMSIS/Include/cmsis_gcc.h ****   \brief   Wait For Interrupt
 232:Drivers/CMSIS/Include/cmsis_gcc.h ****   \details Wait For Interrupt is a hint instruction that suspends execution until one of a number o
 233:Drivers/CMSIS/Include/cmsis_gcc.h ****  */
 234:Drivers/CMSIS/Include/cmsis_gcc.h **** #define __WFI()                             __ASM volatile ("wfi":::"memory")
 235:Drivers/CMSIS/Include/cmsis_gcc.h **** 
 236:Drivers/CMSIS/Include/cmsis_gcc.h **** 
 237:Drivers/CMSIS/Include/cmsis_gcc.h **** /**
 238:Drivers/CMSIS/Include/cmsis_gcc.h ****   \brief   Wait For Event
 239:Drivers/CMSIS/Include/cmsis_gcc.h ****   \details Wait For Event is a hint instruction that permits the processor to enter
 240:Drivers/CMSIS/Include/cmsis_gcc.h ****            a low-power state until one of a number of events occurs.
 241:Drivers/CMSIS/Include/cmsis_gcc.h ****  */
 242:Drivers/CMSIS/Include/cmsis_gcc.h **** #define __WFE()                             __ASM volatile ("wfe":::"memory")
 243:Drivers/CMSIS/Include/cmsis_gcc.h **** 
 244:Drivers/CMSIS/Include/cmsis_gcc.h **** 
 245:Drivers/CMSIS/Include/cmsis_gcc.h **** /**
 246:Drivers/CMSIS/Include/cmsis_gcc.h ****   \brief   Send Event
 247:Drivers/CMSIS/Include/cmsis_gcc.h ****   \details Send Event is a hint instruction. It causes an event to be signaled to the CPU.
 248:Drivers/CMSIS/Include/cmsis_gcc.h ****  */
 249:Drivers/CMSIS/Include/cmsis_gcc.h **** #define __SEV()                             __ASM volatile ("sev")
 250:Drivers/CMSIS/Include/cmsis_gcc.h **** 
 251:Drivers/CMSIS/Include/cmsis_gcc.h **** 
 252:Drivers/CMSIS/Include/cmsis_gcc.h **** /**
 253:Drivers/CMSIS/Include/cmsis_gcc.h ****   \brief   Instruction Synchronization Barrier
ARM GAS  C:\Users\DELL\AppData\Local\Temp\ccIZ4z2T.s 			page 12


 254:Drivers/CMSIS/Include/cmsis_gcc.h ****   \details Instruction Synchronization Barrier flushes the pipeline in the processor,
 255:Drivers/CMSIS/Include/cmsis_gcc.h ****            so that all instructions following the ISB are fetched from cache or memory,
 256:Drivers/CMSIS/Include/cmsis_gcc.h ****            after the instruction has been completed.
 257:Drivers/CMSIS/Include/cmsis_gcc.h ****  */
 258:Drivers/CMSIS/Include/cmsis_gcc.h **** __STATIC_FORCEINLINE void __ISB(void)
 259:Drivers/CMSIS/Include/cmsis_gcc.h **** {
 260:Drivers/CMSIS/Include/cmsis_gcc.h ****   __ASM volatile ("isb 0xF":::"memory");
 261:Drivers/CMSIS/Include/cmsis_gcc.h **** }
 262:Drivers/CMSIS/Include/cmsis_gcc.h **** 
 263:Drivers/CMSIS/Include/cmsis_gcc.h **** 
 264:Drivers/CMSIS/Include/cmsis_gcc.h **** /**
 265:Drivers/CMSIS/Include/cmsis_gcc.h ****   \brief   Data Synchronization Barrier
 266:Drivers/CMSIS/Include/cmsis_gcc.h ****   \details Acts as a special kind of Data Memory Barrier.
 267:Drivers/CMSIS/Include/cmsis_gcc.h ****            It completes when all explicit memory accesses before this instruction complete.
 268:Drivers/CMSIS/Include/cmsis_gcc.h ****  */
 269:Drivers/CMSIS/Include/cmsis_gcc.h **** __STATIC_FORCEINLINE void __DSB(void)
 229              		.loc 2 269 27 view .LVU41
 230              	.LBB7:
 270:Drivers/CMSIS/Include/cmsis_gcc.h **** {
 271:Drivers/CMSIS/Include/cmsis_gcc.h ****   __ASM volatile ("dsb 0xF":::"memory");
 231              		.loc 2 271 3 view .LVU42
 232              		.syntax unified
 233              	@ 271 "Drivers/CMSIS/Include/cmsis_gcc.h" 1
 234 0046 BFF34F8F 		dsb 0xF
 235              	@ 0 "" 2
 236              		.thumb
 237              		.syntax unified
 238              	.LBE7:
 239              	.LBE6:
  78:SynaptiX_FDK/components/peripherals/sleep/sx_sleep.c **** 
 240              		.loc 1 78 5 view .LVU43
 241              	.LBB8:
 242              	.LBI8:
 258:Drivers/CMSIS/Include/cmsis_gcc.h **** {
 243              		.loc 2 258 27 view .LVU44
 244              	.LBB9:
 260:Drivers/CMSIS/Include/cmsis_gcc.h **** }
 245              		.loc 2 260 3 view .LVU45
 246              		.syntax unified
 247              	@ 260 "Drivers/CMSIS/Include/cmsis_gcc.h" 1
 248 004a BFF36F8F 		isb 0xF
 249              	@ 0 "" 2
 250              		.thumb
 251              		.syntax unified
 252              	.LBE9:
 253              	.LBE8:
  80:SynaptiX_FDK/components/peripherals/sleep/sx_sleep.c ****     s_enter_stop(PWR_LOWPOWERREGULATOR_ON, PWR_STOPENTRY_WFI);
 254              		.loc 1 80 5 view .LVU46
 255 004e FFF7FEFF 		bl	HAL_SuspendTick
 256              	.LVL21:
  81:SynaptiX_FDK/components/peripherals/sleep/sx_sleep.c **** 
 257              		.loc 1 81 5 view .LVU47
 258 0052 0121     		movs	r1, #1
 259 0054 0020     		movs	r0, #0
 260 0056 FFF7FEFF 		bl	HAL_PWR_EnterSTOPMode
 261              	.LVL22:
  84:SynaptiX_FDK/components/peripherals/sleep/sx_sleep.c ****     SystemClock_Config();
ARM GAS  C:\Users\DELL\AppData\Local\Temp\ccIZ4z2T.s 			page 13


 262              		.loc 1 84 5 view .LVU48
  85:SynaptiX_FDK/components/peripherals/sleep/sx_sleep.c ****     SX_RESUME_TICS();
 263              		.loc 1 85 5 view .LVU49
 264 005a FFF7FEFF 		bl	SystemClock_Config
 265              	.LVL23:
  86:SynaptiX_FDK/components/peripherals/sleep/sx_sleep.c **** 
 266              		.loc 1 86 5 view .LVU50
 267 005e FFF7FEFF 		bl	HAL_ResumeTick
 268              	.LVL24:
  88:SynaptiX_FDK/components/peripherals/sleep/sx_sleep.c **** }
 269              		.loc 1 88 5 view .LVU51
 270 0062 4A20     		movs	r0, #74
 271 0064 FFF7FEFF 		bl	HAL_NVIC_EnableIRQ
 272              	.LVL25:
  89:SynaptiX_FDK/components/peripherals/sleep/sx_sleep.c **** static void _set_rtc_wake(sx_sleep_t *mgr, uint32_t period_sec){
 273              		.loc 1 89 1 is_stmt 0 view .LVU52
 274 0068 38BD     		pop	{r3, r4, r5, pc}
 275              	.L13:
 276 006a 00BF     		.align	2
 277              	.L12:
 278 006c 00000000 		.word	s_instance
 279 0070 00000000 		.word	huart1
 280 0074 00000000 		.word	huart2
 281 0078 00ED00E0 		.word	-536810240
 282              		.cfi_endproc
 283              	.LFE302:
 285              		.section	.rodata.HAL_RTCEx_WakeUpTimerEventCallback.str1.4,"aMS",%progbits,1
 286              		.align	2
 287              	.LC3:
 288 0000 52544320 		.ascii	"RTC WakeUp callback triggered!\000"
 288      57616B65 
 288      55702063 
 288      616C6C62 
 288      61636B20 
 289 001f 00       		.align	2
 290              	.LC4:
 291 0020 53585F53 		.ascii	"SX_SLEEP\000"
 291      4C454550 
 291      00
 292 0029 000000   		.align	2
 293              	.LC5:
 294 002c 5B525443 		.ascii	"[RTC CB] Set wake_reason = WAKE_REASON_RTC\000"
 294      2043425D 
 294      20536574 
 294      2077616B 
 294      655F7265 
 295 0057 00       		.align	2
 296              	.LC6:
 297 0058 5B525443 		.ascii	"[RTC CB] ERROR: s_instance is NULL!\000"
 297      2043425D 
 297      20455252 
 297      4F523A20 
 297      735F696E 
 298              		.section	.text.HAL_RTCEx_WakeUpTimerEventCallback,"ax",%progbits
 299              		.align	1
 300              		.global	HAL_RTCEx_WakeUpTimerEventCallback
 301              		.syntax unified
ARM GAS  C:\Users\DELL\AppData\Local\Temp\ccIZ4z2T.s 			page 14


 302              		.thumb
 303              		.thumb_func
 305              	HAL_RTCEx_WakeUpTimerEventCallback:
 306              	.LVL26:
 307              	.LFB305:
 109:SynaptiX_FDK/components/peripherals/sleep/sx_sleep.c **** 
 110:SynaptiX_FDK/components/peripherals/sleep/sx_sleep.c **** void HAL_RTCEx_WakeUpTimerEventCallback(RTC_HandleTypeDef *hrtc_cb){
 308              		.loc 1 110 68 is_stmt 1 view -0
 309              		.cfi_startproc
 310              		@ args = 0, pretend = 0, frame = 0
 311              		@ frame_needed = 0, uses_anonymous_args = 0
 312              		.loc 1 110 68 is_stmt 0 view .LVU54
 313 0000 08B5     		push	{r3, lr}
 314              	.LCFI5:
 315              		.cfi_def_cfa_offset 8
 316              		.cfi_offset 3, -8
 317              		.cfi_offset 14, -4
 111:SynaptiX_FDK/components/peripherals/sleep/sx_sleep.c ****     (void)hrtc_cb;
 318              		.loc 1 111 5 is_stmt 1 view .LVU55
 112:SynaptiX_FDK/components/peripherals/sleep/sx_sleep.c ****     log_debug(TAG, "RTC WakeUp callback triggered!");
 319              		.loc 1 112 5 view .LVU56
 320 0002 0B4A     		ldr	r2, .L18
 321 0004 0B49     		ldr	r1, .L18+4
 322 0006 0420     		movs	r0, #4
 323              	.LVL27:
 324              		.loc 1 112 5 is_stmt 0 view .LVU57
 325 0008 FFF7FEFF 		bl	log_func
 326              	.LVL28:
 113:SynaptiX_FDK/components/peripherals/sleep/sx_sleep.c ****     if (s_instance) {
 327              		.loc 1 113 5 is_stmt 1 view .LVU58
 328              		.loc 1 113 9 is_stmt 0 view .LVU59
 329 000c 0A4B     		ldr	r3, .L18+8
 330 000e 1B68     		ldr	r3, [r3]
 331              		.loc 1 113 8 view .LVU60
 332 0010 3BB1     		cbz	r3, .L15
 114:SynaptiX_FDK/components/peripherals/sleep/sx_sleep.c ****         s_instance->wake_reason = WAKE_REASON_RTC;
 333              		.loc 1 114 9 is_stmt 1 view .LVU61
 334              		.loc 1 114 33 is_stmt 0 view .LVU62
 335 0012 0122     		movs	r2, #1
 336 0014 1A72     		strb	r2, [r3, #8]
 115:SynaptiX_FDK/components/peripherals/sleep/sx_sleep.c ****         log_info(TAG, "[RTC CB] Set wake_reason = WAKE_REASON_RTC");
 337              		.loc 1 115 9 is_stmt 1 view .LVU63
 338 0016 094A     		ldr	r2, .L18+12
 339 0018 0649     		ldr	r1, .L18+4
 340 001a 0320     		movs	r0, #3
 341 001c FFF7FEFF 		bl	log_func
 342              	.LVL29:
 343              	.L14:
 116:SynaptiX_FDK/components/peripherals/sleep/sx_sleep.c ****     } else {
 117:SynaptiX_FDK/components/peripherals/sleep/sx_sleep.c ****         log_error(TAG, "[RTC CB] ERROR: s_instance is NULL!");
 118:SynaptiX_FDK/components/peripherals/sleep/sx_sleep.c ****     }
 119:SynaptiX_FDK/components/peripherals/sleep/sx_sleep.c **** }
 344              		.loc 1 119 1 is_stmt 0 view .LVU64
 345 0020 08BD     		pop	{r3, pc}
 346              	.L15:
 117:SynaptiX_FDK/components/peripherals/sleep/sx_sleep.c ****     }
 347              		.loc 1 117 9 is_stmt 1 view .LVU65
ARM GAS  C:\Users\DELL\AppData\Local\Temp\ccIZ4z2T.s 			page 15


 348 0022 074A     		ldr	r2, .L18+16
 349 0024 0349     		ldr	r1, .L18+4
 350 0026 0120     		movs	r0, #1
 351 0028 FFF7FEFF 		bl	log_func
 352              	.LVL30:
 353              		.loc 1 119 1 is_stmt 0 view .LVU66
 354 002c F8E7     		b	.L14
 355              	.L19:
 356 002e 00BF     		.align	2
 357              	.L18:
 358 0030 00000000 		.word	.LC3
 359 0034 20000000 		.word	.LC4
 360 0038 00000000 		.word	s_instance
 361 003c 2C000000 		.word	.LC5
 362 0040 58000000 		.word	.LC6
 363              		.cfi_endproc
 364              	.LFE305:
 366              		.section	.text.sx_sleep_get_instance,"ax",%progbits
 367              		.align	1
 368              		.global	sx_sleep_get_instance
 369              		.syntax unified
 370              		.thumb
 371              		.thumb_func
 373              	sx_sleep_get_instance:
 374              	.LFB306:
 120:SynaptiX_FDK/components/peripherals/sleep/sx_sleep.c **** 
 121:SynaptiX_FDK/components/peripherals/sleep/sx_sleep.c **** 
 122:SynaptiX_FDK/components/peripherals/sleep/sx_sleep.c **** sx_sleep_t* sx_sleep_get_instance(void)
 123:SynaptiX_FDK/components/peripherals/sleep/sx_sleep.c **** {
 375              		.loc 1 123 1 is_stmt 1 view -0
 376              		.cfi_startproc
 377              		@ args = 0, pretend = 0, frame = 0
 378              		@ frame_needed = 0, uses_anonymous_args = 0
 379              		@ link register save eliminated.
 124:SynaptiX_FDK/components/peripherals/sleep/sx_sleep.c ****     return s_instance;
 380              		.loc 1 124 5 view .LVU68
 125:SynaptiX_FDK/components/peripherals/sleep/sx_sleep.c **** }
 381              		.loc 1 125 1 is_stmt 0 view .LVU69
 382 0000 014B     		ldr	r3, .L21
 383 0002 1868     		ldr	r0, [r3]
 384 0004 7047     		bx	lr
 385              	.L22:
 386 0006 00BF     		.align	2
 387              	.L21:
 388 0008 00000000 		.word	s_instance
 389              		.cfi_endproc
 390              	.LFE306:
 392              		.section	.rodata.sx_sleep_set_exti_wake.str1.4,"aMS",%progbits,1
 393              		.align	2
 394              	.LC7:
 395 0000 73785F73 		.ascii	"sx_sleep_set_exti_wake() called!\000"
 395      6C656570 
 395      5F736574 
 395      5F657874 
 395      695F7761 
 396 0021 000000   		.align	2
 397              	.LC8:
ARM GAS  C:\Users\DELL\AppData\Local\Temp\ccIZ4z2T.s 			page 16


 398 0024 5B455854 		.ascii	"[EXTI] Set wake_reason = WAKE_REASON_EXTI\000"
 398      495D2053 
 398      65742077 
 398      616B655F 
 398      72656173 
 399 004e 0000     		.align	2
 400              	.LC9:
 401 0050 5B455854 		.ascii	"[EXTI] ERROR: s_instance is NULL!\000"
 401      495D2045 
 401      52524F52 
 401      3A20735F 
 401      696E7374 
 402              		.section	.text.sx_sleep_set_exti_wake,"ax",%progbits
 403              		.align	1
 404              		.global	sx_sleep_set_exti_wake
 405              		.syntax unified
 406              		.thumb
 407              		.thumb_func
 409              	sx_sleep_set_exti_wake:
 410              	.LFB307:
 126:SynaptiX_FDK/components/peripherals/sleep/sx_sleep.c **** 
 127:SynaptiX_FDK/components/peripherals/sleep/sx_sleep.c **** 
 128:SynaptiX_FDK/components/peripherals/sleep/sx_sleep.c **** void sx_sleep_set_exti_wake(void)
 129:SynaptiX_FDK/components/peripherals/sleep/sx_sleep.c **** {
 411              		.loc 1 129 1 is_stmt 1 view -0
 412              		.cfi_startproc
 413              		@ args = 0, pretend = 0, frame = 0
 414              		@ frame_needed = 0, uses_anonymous_args = 0
 415 0000 08B5     		push	{r3, lr}
 416              	.LCFI6:
 417              		.cfi_def_cfa_offset 8
 418              		.cfi_offset 3, -8
 419              		.cfi_offset 14, -4
 130:SynaptiX_FDK/components/peripherals/sleep/sx_sleep.c ****     log_debug(TAG, "sx_sleep_set_exti_wake() called!");
 420              		.loc 1 130 5 view .LVU71
 421 0002 0B4A     		ldr	r2, .L27
 422 0004 0B49     		ldr	r1, .L27+4
 423 0006 0420     		movs	r0, #4
 424 0008 FFF7FEFF 		bl	log_func
 425              	.LVL31:
 131:SynaptiX_FDK/components/peripherals/sleep/sx_sleep.c ****     if (s_instance) {
 426              		.loc 1 131 5 view .LVU72
 427              		.loc 1 131 9 is_stmt 0 view .LVU73
 428 000c 0A4B     		ldr	r3, .L27+8
 429 000e 1B68     		ldr	r3, [r3]
 430              		.loc 1 131 8 view .LVU74
 431 0010 3BB1     		cbz	r3, .L24
 132:SynaptiX_FDK/components/peripherals/sleep/sx_sleep.c ****         s_instance->wake_reason = WAKE_REASON_EXTI;
 432              		.loc 1 132 9 is_stmt 1 view .LVU75
 433              		.loc 1 132 33 is_stmt 0 view .LVU76
 434 0012 0222     		movs	r2, #2
 435 0014 1A72     		strb	r2, [r3, #8]
 133:SynaptiX_FDK/components/peripherals/sleep/sx_sleep.c ****         log_info(TAG, "[EXTI] Set wake_reason = WAKE_REASON_EXTI");
 436              		.loc 1 133 9 is_stmt 1 view .LVU77
 437 0016 094A     		ldr	r2, .L27+12
 438 0018 0649     		ldr	r1, .L27+4
 439 001a 0320     		movs	r0, #3
ARM GAS  C:\Users\DELL\AppData\Local\Temp\ccIZ4z2T.s 			page 17


 440 001c FFF7FEFF 		bl	log_func
 441              	.LVL32:
 442              	.L23:
 134:SynaptiX_FDK/components/peripherals/sleep/sx_sleep.c ****     } else {
 135:SynaptiX_FDK/components/peripherals/sleep/sx_sleep.c ****         log_error(TAG, "[EXTI] ERROR: s_instance is NULL!");
 136:SynaptiX_FDK/components/peripherals/sleep/sx_sleep.c ****     }
 137:SynaptiX_FDK/components/peripherals/sleep/sx_sleep.c **** }...
 443              		.loc 1 137 1 is_stmt 0 view .LVU78
 444 0020 08BD     		pop	{r3, pc}
 445              	.L24:
 135:SynaptiX_FDK/components/peripherals/sleep/sx_sleep.c ****         log_error(TAG, "[EXTI] ERROR: s_instance is NULL!");
 446              		.loc 1 135 9 is_stmt 1 view .LVU79
 447 0022 074A     		ldr	r2, .L27+16
 448 0024 0349     		ldr	r1, .L27+4
 449 0026 0120     		movs	r0, #1
 450 0028 FFF7FEFF 		bl	log_func
 451              	.LVL33:
 452              		.loc 1 137 1 is_stmt 0 view .LVU80
 453 002c F8E7     		b	.L23
 454              	.L28:
 455 002e 00BF     		.align	2
 456              	.L27:
 457 0030 00000000 		.word	.LC7
 458 0034 20000000 		.word	.LC4
 459 0038 00000000 		.word	s_instance
 460 003c 24000000 		.word	.LC8
 461 0040 50000000 		.word	.LC9
 462              		.cfi_endproc
 463              	.LFE307:
 465              		.global	sx_sleep_ops
 466              		.section	.data.sx_sleep_ops,"aw"
 467              		.align	2
 470              	sx_sleep_ops:
 471 0000 00000000 		.word	_enter_stop
 472 0004 00000000 		.word	_set_rtc_wake
 473 0008 00000000 		.word	_cancel_rtc
 474              		.section	.bss.s_instance,"aw",%nobits
 475              		.align	2
 478              	s_instance:
 479 0000 00000000 		.space	4
 480              		.text
 481              	.Letext0:
 482              		.file 3 "D:\\stm32cubeclt\\STM32CubeCLT_1.21.0\\GNU-tools-for-STM32\\bin\\../lib/gcc/arm-none-eabi
 483              		.file 4 "D:\\stm32cubeclt\\STM32CubeCLT_1.21.0\\GNU-tools-for-STM32\\bin\\../lib/gcc/arm-none-eabi
 484              		.file 5 "SynaptiX_FDK/components/peripherals/sleep/sx_sleep.h"
 485              		.file 6 "Drivers/CMSIS/Device/ST/STM32H5xx/Include/stm32h563xx.h"
 486              		.file 7 "Drivers/CMSIS/Include/core_cm33.h"
 487              		.file 8 "Drivers/STM32H5xx_HAL_Driver/Inc/stm32h5xx_hal_def.h"
 488              		.file 9 "Drivers/STM32H5xx_HAL_Driver/Inc/stm32h5xx_hal_dma.h"
 489              		.file 10 "Drivers/STM32H5xx_HAL_Driver/Inc/stm32h5xx_hal_dma_ex.h"
 490              		.file 11 "Drivers/STM32H5xx_HAL_Driver/Inc/stm32h5xx_ll_lptim.h"
 491              		.file 12 "Drivers/STM32H5xx_HAL_Driver/Inc/stm32h5xx_hal_rtc.h"
 492              		.file 13 "Drivers/STM32H5xx_HAL_Driver/Inc/stm32h5xx_hal_uart.h"
 493              		.file 14 "Core/Inc/rtc.h"
 494              		.file 15 "Core/Inc/usart.h"
 495              		.file 16 "SynaptiX_FDK/services/logger/logger.h"
 496              		.file 17 "Drivers/STM32H5xx_HAL_Driver/Inc/stm32h5xx_hal_pwr.h"
ARM GAS  C:\Users\DELL\AppData\Local\Temp\ccIZ4z2T.s 			page 18


 497              		.file 18 "Drivers/STM32H5xx_HAL_Driver/Inc/stm32h5xx_hal_cortex.h"
 498              		.file 19 "Drivers/STM32H5xx_HAL_Driver/Inc/stm32h5xx_hal.h"
 499              		.file 20 "Drivers/STM32H5xx_HAL_Driver/Inc/stm32h5xx_hal_rtc_ex.h"
ARM GAS  C:\Users\DELL\AppData\Local\Temp\ccIZ4z2T.s 			page 19


DEFINED SYMBOLS
                            *ABS*:00000000 sx_sleep.c
C:\Users\DELL\AppData\Local\Temp\ccIZ4z2T.s:22     .text._cancel_rtc:00000000 $t
C:\Users\DELL\AppData\Local\Temp\ccIZ4z2T.s:27     .text._cancel_rtc:00000000 _cancel_rtc
C:\Users\DELL\AppData\Local\Temp\ccIZ4z2T.s:52     .text._cancel_rtc:0000000c $d
C:\Users\DELL\AppData\Local\Temp\ccIZ4z2T.s:57     .rodata._set_rtc_wake.str1.4:00000000 $d
C:\Users\DELL\AppData\Local\Temp\ccIZ4z2T.s:67     .text._set_rtc_wake:00000000 $t
C:\Users\DELL\AppData\Local\Temp\ccIZ4z2T.s:72     .text._set_rtc_wake:00000000 _set_rtc_wake
C:\Users\DELL\AppData\Local\Temp\ccIZ4z2T.s:145    .text._set_rtc_wake:00000040 $d
C:\Users\DELL\AppData\Local\Temp\ccIZ4z2T.s:153    .text._enter_stop:00000000 $t
C:\Users\DELL\AppData\Local\Temp\ccIZ4z2T.s:158    .text._enter_stop:00000000 _enter_stop
C:\Users\DELL\AppData\Local\Temp\ccIZ4z2T.s:278    .text._enter_stop:0000006c $d
C:\Users\DELL\AppData\Local\Temp\ccIZ4z2T.s:478    .bss.s_instance:00000000 s_instance
C:\Users\DELL\AppData\Local\Temp\ccIZ4z2T.s:286    .rodata.HAL_RTCEx_WakeUpTimerEventCallback.str1.4:00000000 $d
C:\Users\DELL\AppData\Local\Temp\ccIZ4z2T.s:299    .text.HAL_RTCEx_WakeUpTimerEventCallback:00000000 $t
C:\Users\DELL\AppData\Local\Temp\ccIZ4z2T.s:305    .text.HAL_RTCEx_WakeUpTimerEventCallback:00000000 HAL_RTCEx_WakeUpTimerEventCallback
C:\Users\DELL\AppData\Local\Temp\ccIZ4z2T.s:358    .text.HAL_RTCEx_WakeUpTimerEventCallback:00000030 $d
C:\Users\DELL\AppData\Local\Temp\ccIZ4z2T.s:367    .text.sx_sleep_get_instance:00000000 $t
C:\Users\DELL\AppData\Local\Temp\ccIZ4z2T.s:373    .text.sx_sleep_get_instance:00000000 sx_sleep_get_instance
C:\Users\DELL\AppData\Local\Temp\ccIZ4z2T.s:388    .text.sx_sleep_get_instance:00000008 $d
C:\Users\DELL\AppData\Local\Temp\ccIZ4z2T.s:393    .rodata.sx_sleep_set_exti_wake.str1.4:00000000 $d
C:\Users\DELL\AppData\Local\Temp\ccIZ4z2T.s:403    .text.sx_sleep_set_exti_wake:00000000 $t
C:\Users\DELL\AppData\Local\Temp\ccIZ4z2T.s:409    .text.sx_sleep_set_exti_wake:00000000 sx_sleep_set_exti_wake
C:\Users\DELL\AppData\Local\Temp\ccIZ4z2T.s:457    .text.sx_sleep_set_exti_wake:00000030 $d
C:\Users\DELL\AppData\Local\Temp\ccIZ4z2T.s:470    .data.sx_sleep_ops:00000000 sx_sleep_ops
C:\Users\DELL\AppData\Local\Temp\ccIZ4z2T.s:467    .data.sx_sleep_ops:00000000 $d
C:\Users\DELL\AppData\Local\Temp\ccIZ4z2T.s:475    .bss.s_instance:00000000 $d

UNDEFINED SYMBOLS
HAL_RTCEx_DeactivateWakeUpTimer
hrtc
HAL_RTCEx_SetWakeUpTimer_IT
log_func
HAL_UART_Abort
HAL_NVIC_ClearPendingIRQ
HAL_NVIC_DisableIRQ
HAL_SuspendTick
HAL_PWR_EnterSTOPMode
SystemClock_Config
HAL_ResumeTick
HAL_NVIC_EnableIRQ
huart1
huart2
