ARM GAS  C:\Users\DELL\AppData\Local\Temp\ccUuf91c.s 			page 1


   1              		.cpu cortex-m33
   2              		.arch armv8-m.main
   3              		.fpu fpv5-sp-d16
   4              		.arch_extension dsp
   5              		.eabi_attribute 27, 1
   6              		.eabi_attribute 28, 1
   7              		.eabi_attribute 20, 1
   8              		.eabi_attribute 21, 1
   9              		.eabi_attribute 23, 3
  10              		.eabi_attribute 24, 1
  11              		.eabi_attribute 25, 1
  12              		.eabi_attribute 26, 1
  13              		.eabi_attribute 30, 1
  14              		.eabi_attribute 34, 1
  15              		.eabi_attribute 18, 4
  16              		.file	"sx_timer.c"
  17              		.text
  18              	.Ltext0:
  19              		.cfi_sections	.debug_frame
  20              		.file 1 "SynaptiX_FDK/components/peripherals/timer/sx_timer.c"
  21              		.section	.text.sx_timer_init,"ax",%progbits
  22              		.align	1
  23              		.global	sx_timer_init
  24              		.syntax unified
  25              		.thumb
  26              		.thumb_func
  28              	sx_timer_init:
  29              	.LVL0:
  30              	.LFB3:
   1:SynaptiX_FDK/components/peripherals/timer/sx_timer.c **** #include "sx_timer.h"
   2:SynaptiX_FDK/components/peripherals/timer/sx_timer.c **** 
   3:SynaptiX_FDK/components/peripherals/timer/sx_timer.c **** void sx_timer_init(sx_timer_t *timer, sx_timer_ops_t *ops, uint32_t timeout_ms, sx_timer_callback_t
  31              		.loc 1 3 121 view -0
  32              		.cfi_startproc
  33              		@ args = 4, pretend = 0, frame = 0
  34              		@ frame_needed = 0, uses_anonymous_args = 0
  35              		@ link register save eliminated.
   4:SynaptiX_FDK/components/peripherals/timer/sx_timer.c ****     timer->ops = ops;
  36              		.loc 1 4 5 view .LVU1
  37              		.loc 1 4 16 is_stmt 0 view .LVU2
  38 0000 C160     		str	r1, [r0, #12]
   5:SynaptiX_FDK/components/peripherals/timer/sx_timer.c ****     timer->timeout_ms = timeout_ms;
  39              		.loc 1 5 5 is_stmt 1 view .LVU3
  40              		.loc 1 5 23 is_stmt 0 view .LVU4
  41 0002 0260     		str	r2, [r0]
   6:SynaptiX_FDK/components/peripherals/timer/sx_timer.c ****     timer->callback = callback;
  42              		.loc 1 6 5 is_stmt 1 view .LVU5
  43              		.loc 1 6 21 is_stmt 0 view .LVU6
  44 0004 4360     		str	r3, [r0, #4]
   7:SynaptiX_FDK/components/peripherals/timer/sx_timer.c ****     timer->arg = arg;
  45              		.loc 1 7 5 is_stmt 1 view .LVU7
  46              		.loc 1 7 16 is_stmt 0 view .LVU8
  47 0006 009B     		ldr	r3, [sp]
  48              	.LVL1:
  49              		.loc 1 7 16 view .LVU9
  50 0008 8360     		str	r3, [r0, #8]
   8:SynaptiX_FDK/components/peripherals/timer/sx_timer.c **** }...
ARM GAS  C:\Users\DELL\AppData\Local\Temp\ccUuf91c.s 			page 2


  51              		.loc 1 8 1 view .LVU10
  52 000a 7047     		bx	lr
  53              		.cfi_endproc
  54              	.LFE3:
  56              		.text
  57              	.Letext0:
  58              		.file 2 "D:\\stm32cubeclt\\STM32CubeCLT_1.21.0\\GNU-tools-for-STM32\\bin\\../lib/gcc/arm-none-eabi
  59              		.file 3 "D:\\stm32cubeclt\\STM32CubeCLT_1.21.0\\GNU-tools-for-STM32\\bin\\../lib/gcc/arm-none-eabi
  60              		.file 4 "SynaptiX_FDK/components/peripherals/timer/sx_timer.h"
ARM GAS  C:\Users\DELL\AppData\Local\Temp\ccUuf91c.s 			page 3


DEFINED SYMBOLS
                            *ABS*:00000000 sx_timer.c
C:\Users\DELL\AppData\Local\Temp\ccUuf91c.s:22     .text.sx_timer_init:00000000 $t
C:\Users\DELL\AppData\Local\Temp\ccUuf91c.s:28     .text.sx_timer_init:00000000 sx_timer_init

NO UNDEFINED SYMBOLS
