ARM GAS  C:\Users\DELL\AppData\Local\Temp\cchxKwxg.s 			page 1


   1              		.cpu cortex-m33
   2              		.arch armv8-m.main
   3              		.fpu fpv5-sp-d16
   4              		.arch_extension dsp
   5              		.eabi_attribute 27, 1
   6              		.eabi_attribute 28, 1
   7              		.eabi_attribute 20, 1
   8              		.eabi_attribute 21, 1
   9              		.eabi_attribute 23, 3
  10              		.eabi_attribute 24, 1
  11              		.eabi_attribute 25, 1
  12              		.eabi_attribute 26, 1
  13              		.eabi_attribute 30, 1
  14              		.eabi_attribute 34, 1
  15              		.eabi_attribute 18, 4
  16              		.file	"tim.c"
  17              		.text
  18              	.Ltext0:
  19              		.cfi_sections	.debug_frame
  20              		.file 1 "Core/Src/tim.c"
  21              		.section	.text.MX_TIM1_Init,"ax",%progbits
  22              		.align	1
  23              		.global	MX_TIM1_Init
  24              		.syntax unified
  25              		.thumb
  26              		.thumb_func
  28              	MX_TIM1_Init:
  29              	.LFB297:
   1:Core/Src/tim.c **** /* USER CODE BEGIN Header */
   2:Core/Src/tim.c **** /**
   3:Core/Src/tim.c ****   ******************************************************************************
   4:Core/Src/tim.c ****   * @file    tim.c
   5:Core/Src/tim.c ****   * @brief   This file provides code for the configuration
   6:Core/Src/tim.c ****   *          of the TIM instances.
   7:Core/Src/tim.c ****   ******************************************************************************
   8:Core/Src/tim.c ****   * @attention
   9:Core/Src/tim.c ****   *
  10:Core/Src/tim.c ****   * Copyright (c) 2026 STMicroelectronics.
  11:Core/Src/tim.c ****   * All rights reserved.
  12:Core/Src/tim.c ****   *
  13:Core/Src/tim.c ****   * This software is licensed under terms that can be found in the LICENSE file
  14:Core/Src/tim.c ****   * in the root directory of this software component.
  15:Core/Src/tim.c ****   * If no LICENSE file comes with this software, it is provided AS-IS.
  16:Core/Src/tim.c ****   *
  17:Core/Src/tim.c ****   ******************************************************************************
  18:Core/Src/tim.c ****   */
  19:Core/Src/tim.c **** /* USER CODE END Header */
  20:Core/Src/tim.c **** /* Includes ------------------------------------------------------------------*/
  21:Core/Src/tim.c **** #include "tim.h"
  22:Core/Src/tim.c **** 
  23:Core/Src/tim.c **** /* USER CODE BEGIN 0 */
  24:Core/Src/tim.c **** 
  25:Core/Src/tim.c **** /* USER CODE END 0 */
  26:Core/Src/tim.c **** 
  27:Core/Src/tim.c **** TIM_HandleTypeDef htim1;
  28:Core/Src/tim.c **** 
  29:Core/Src/tim.c **** /* TIM1 init function */
ARM GAS  C:\Users\DELL\AppData\Local\Temp\cchxKwxg.s 			page 2


  30:Core/Src/tim.c **** void MX_TIM1_Init(void)
  31:Core/Src/tim.c **** {
  30              		.loc 1 31 1 view -0
  31              		.cfi_startproc
  32              		@ args = 0, pretend = 0, frame = 32
  33              		@ frame_needed = 0, uses_anonymous_args = 0
  34 0000 00B5     		push	{lr}
  35              	.LCFI0:
  36              		.cfi_def_cfa_offset 4
  37              		.cfi_offset 14, -4
  38 0002 89B0     		sub	sp, sp, #36
  39              	.LCFI1:
  40              		.cfi_def_cfa_offset 40
  32:Core/Src/tim.c **** 
  33:Core/Src/tim.c ****   /* USER CODE BEGIN TIM1_Init 0 */
  34:Core/Src/tim.c **** 
  35:Core/Src/tim.c ****   /* USER CODE END TIM1_Init 0 */
  36:Core/Src/tim.c **** 
  37:Core/Src/tim.c ****   TIM_ClockConfigTypeDef sClockSourceConfig = {0};
  41              		.loc 1 37 3 view .LVU1
  42              		.loc 1 37 26 is_stmt 0 view .LVU2
  43 0004 0023     		movs	r3, #0
  44 0006 0493     		str	r3, [sp, #16]
  45 0008 0593     		str	r3, [sp, #20]
  46 000a 0693     		str	r3, [sp, #24]
  47 000c 0793     		str	r3, [sp, #28]
  38:Core/Src/tim.c ****   TIM_MasterConfigTypeDef sMasterConfig = {0};
  48              		.loc 1 38 3 is_stmt 1 view .LVU3
  49              		.loc 1 38 27 is_stmt 0 view .LVU4
  50 000e 0193     		str	r3, [sp, #4]
  51 0010 0293     		str	r3, [sp, #8]
  52 0012 0393     		str	r3, [sp, #12]
  39:Core/Src/tim.c **** 
  40:Core/Src/tim.c ****   /* USER CODE BEGIN TIM1_Init 1 */
  41:Core/Src/tim.c **** 
  42:Core/Src/tim.c ****   /* USER CODE END TIM1_Init 1 */
  43:Core/Src/tim.c ****   htim1.Instance = TIM1;
  53              		.loc 1 43 3 is_stmt 1 view .LVU5
  54              		.loc 1 43 18 is_stmt 0 view .LVU6
  55 0014 1448     		ldr	r0, .L9
  56 0016 154A     		ldr	r2, .L9+4
  57 0018 0260     		str	r2, [r0]
  44:Core/Src/tim.c ****   htim1.Init.Prescaler = 0;
  58              		.loc 1 44 3 is_stmt 1 view .LVU7
  59              		.loc 1 44 24 is_stmt 0 view .LVU8
  60 001a 4360     		str	r3, [r0, #4]
  45:Core/Src/tim.c ****   htim1.Init.CounterMode = TIM_COUNTERMODE_UP;
  61              		.loc 1 45 3 is_stmt 1 view .LVU9
  62              		.loc 1 45 26 is_stmt 0 view .LVU10
  63 001c 8360     		str	r3, [r0, #8]
  46:Core/Src/tim.c ****   htim1.Init.Period = 65535;
  64              		.loc 1 46 3 is_stmt 1 view .LVU11
  65              		.loc 1 46 21 is_stmt 0 view .LVU12
  66 001e 4FF6FF72 		movw	r2, #65535
  67 0022 C260     		str	r2, [r0, #12]
  47:Core/Src/tim.c ****   htim1.Init.ClockDivision = TIM_CLOCKDIVISION_DIV1;
  68              		.loc 1 47 3 is_stmt 1 view .LVU13
ARM GAS  C:\Users\DELL\AppData\Local\Temp\cchxKwxg.s 			page 3


  69              		.loc 1 47 28 is_stmt 0 view .LVU14
  70 0024 0361     		str	r3, [r0, #16]
  48:Core/Src/tim.c ****   htim1.Init.RepetitionCounter = 0;
  71              		.loc 1 48 3 is_stmt 1 view .LVU15
  72              		.loc 1 48 32 is_stmt 0 view .LVU16
  73 0026 4361     		str	r3, [r0, #20]
  49:Core/Src/tim.c ****   htim1.Init.AutoReloadPreload = TIM_AUTORELOAD_PRELOAD_DISABLE;
  74              		.loc 1 49 3 is_stmt 1 view .LVU17
  75              		.loc 1 49 32 is_stmt 0 view .LVU18
  76 0028 8361     		str	r3, [r0, #24]
  50:Core/Src/tim.c ****   if (HAL_TIM_Base_Init(&htim1) != HAL_OK)
  77              		.loc 1 50 3 is_stmt 1 view .LVU19
  78              		.loc 1 50 7 is_stmt 0 view .LVU20
  79 002a FFF7FEFF 		bl	HAL_TIM_Base_Init
  80              	.LVL0:
  81              		.loc 1 50 6 discriminator 1 view .LVU21
  82 002e 90B9     		cbnz	r0, .L6
  83              	.L2:
  51:Core/Src/tim.c ****   {
  52:Core/Src/tim.c ****     Error_Handler();
  53:Core/Src/tim.c ****   }
  54:Core/Src/tim.c ****   sClockSourceConfig.ClockSource = TIM_CLOCKSOURCE_INTERNAL;
  84              		.loc 1 54 3 is_stmt 1 view .LVU22
  85              		.loc 1 54 34 is_stmt 0 view .LVU23
  86 0030 4FF48053 		mov	r3, #4096
  87 0034 0493     		str	r3, [sp, #16]
  55:Core/Src/tim.c ****   if (HAL_TIM_ConfigClockSource(&htim1, &sClockSourceConfig) != HAL_OK)
  88              		.loc 1 55 3 is_stmt 1 view .LVU24
  89              		.loc 1 55 7 is_stmt 0 view .LVU25
  90 0036 04A9     		add	r1, sp, #16
  91 0038 0B48     		ldr	r0, .L9
  92 003a FFF7FEFF 		bl	HAL_TIM_ConfigClockSource
  93              	.LVL1:
  94              		.loc 1 55 6 discriminator 1 view .LVU26
  95 003e 68B9     		cbnz	r0, .L7
  96              	.L3:
  56:Core/Src/tim.c ****   {
  57:Core/Src/tim.c ****     Error_Handler();
  58:Core/Src/tim.c ****   }
  59:Core/Src/tim.c ****   sMasterConfig.MasterOutputTrigger = TIM_TRGO_RESET;
  97              		.loc 1 59 3 is_stmt 1 view .LVU27
  98              		.loc 1 59 37 is_stmt 0 view .LVU28
  99 0040 0023     		movs	r3, #0
 100 0042 0193     		str	r3, [sp, #4]
  60:Core/Src/tim.c ****   sMasterConfig.MasterOutputTrigger2 = TIM_TRGO2_RESET;
 101              		.loc 1 60 3 is_stmt 1 view .LVU29
 102              		.loc 1 60 38 is_stmt 0 view .LVU30
 103 0044 0293     		str	r3, [sp, #8]
  61:Core/Src/tim.c ****   sMasterConfig.MasterSlaveMode = TIM_MASTERSLAVEMODE_DISABLE;
 104              		.loc 1 61 3 is_stmt 1 view .LVU31
 105              		.loc 1 61 33 is_stmt 0 view .LVU32
 106 0046 0393     		str	r3, [sp, #12]
  62:Core/Src/tim.c ****   if (HAL_TIMEx_MasterConfigSynchronization(&htim1, &sMasterConfig) != HAL_OK)
 107              		.loc 1 62 3 is_stmt 1 view .LVU33
 108              		.loc 1 62 7 is_stmt 0 view .LVU34
 109 0048 01A9     		add	r1, sp, #4
 110 004a 0748     		ldr	r0, .L9
ARM GAS  C:\Users\DELL\AppData\Local\Temp\cchxKwxg.s 			page 4


 111 004c FFF7FEFF 		bl	HAL_TIMEx_MasterConfigSynchronization
 112              	.LVL2:
 113              		.loc 1 62 6 discriminator 1 view .LVU35
 114 0050 38B9     		cbnz	r0, .L8
 115              	.L1:
  63:Core/Src/tim.c ****   {
  64:Core/Src/tim.c ****     Error_Handler();
  65:Core/Src/tim.c ****   }
  66:Core/Src/tim.c ****   /* USER CODE BEGIN TIM1_Init 2 */
  67:Core/Src/tim.c **** 
  68:Core/Src/tim.c ****   /* USER CODE END TIM1_Init 2 */
  69:Core/Src/tim.c **** 
  70:Core/Src/tim.c **** }
 116              		.loc 1 70 1 view .LVU36
 117 0052 09B0     		add	sp, sp, #36
 118              	.LCFI2:
 119              		.cfi_remember_state
 120              		.cfi_def_cfa_offset 4
 121              		@ sp needed
 122 0054 00BD     		pop	{pc}
 123              	.L6:
 124              	.LCFI3:
 125              		.cfi_restore_state
  52:Core/Src/tim.c ****   }
 126              		.loc 1 52 5 is_stmt 1 view .LVU37
 127 0056 FFF7FEFF 		bl	Error_Handler
 128              	.LVL3:
 129 005a E9E7     		b	.L2
 130              	.L7:
  57:Core/Src/tim.c ****   }
 131              		.loc 1 57 5 view .LVU38
 132 005c FFF7FEFF 		bl	Error_Handler
 133              	.LVL4:
 134 0060 EEE7     		b	.L3
 135              	.L8:
  64:Core/Src/tim.c ****   }
 136              		.loc 1 64 5 view .LVU39
 137 0062 FFF7FEFF 		bl	Error_Handler
 138              	.LVL5:
 139              		.loc 1 70 1 is_stmt 0 view .LVU40
 140 0066 F4E7     		b	.L1
 141              	.L10:
 142              		.align	2
 143              	.L9:
 144 0068 00000000 		.word	htim1
 145 006c 002C0140 		.word	1073818624
 146              		.cfi_endproc
 147              	.LFE297:
 149              		.section	.text.HAL_TIM_Base_MspInit,"ax",%progbits
 150              		.align	1
 151              		.global	HAL_TIM_Base_MspInit
 152              		.syntax unified
 153              		.thumb
 154              		.thumb_func
 156              	HAL_TIM_Base_MspInit:
 157              	.LVL6:
 158              	.LFB298:
ARM GAS  C:\Users\DELL\AppData\Local\Temp\cchxKwxg.s 			page 5


  71:Core/Src/tim.c **** 
  72:Core/Src/tim.c **** void HAL_TIM_Base_MspInit(TIM_HandleTypeDef* tim_baseHandle)
  73:Core/Src/tim.c **** {
 159              		.loc 1 73 1 is_stmt 1 view -0
 160              		.cfi_startproc
 161              		@ args = 0, pretend = 0, frame = 8
 162              		@ frame_needed = 0, uses_anonymous_args = 0
  74:Core/Src/tim.c **** 
  75:Core/Src/tim.c ****   if(tim_baseHandle->Instance==TIM1)
 163              		.loc 1 75 3 view .LVU42
 164              		.loc 1 75 20 is_stmt 0 view .LVU43
 165 0000 0268     		ldr	r2, [r0]
 166              		.loc 1 75 5 view .LVU44
 167 0002 1A4B     		ldr	r3, .L18
 168 0004 9A42     		cmp	r2, r3
 169 0006 00D0     		beq	.L17
 170 0008 7047     		bx	lr
 171              	.L17:
  73:Core/Src/tim.c **** 
 172              		.loc 1 73 1 view .LVU45
 173 000a 00B5     		push	{lr}
 174              	.LCFI4:
 175              		.cfi_def_cfa_offset 4
 176              		.cfi_offset 14, -4
 177 000c 83B0     		sub	sp, sp, #12
 178              	.LCFI5:
 179              		.cfi_def_cfa_offset 16
  76:Core/Src/tim.c ****   {
  77:Core/Src/tim.c ****   /* USER CODE BEGIN TIM1_MspInit 0 */
  78:Core/Src/tim.c **** 
  79:Core/Src/tim.c ****   /* USER CODE END TIM1_MspInit 0 */
  80:Core/Src/tim.c ****     /* TIM1 clock enable */
  81:Core/Src/tim.c ****     __HAL_RCC_TIM1_CLK_ENABLE();
 180              		.loc 1 81 5 is_stmt 1 view .LVU46
 181              	.LBB2:
 182              		.loc 1 81 5 view .LVU47
 183              		.loc 1 81 5 view .LVU48
 184 000e 184B     		ldr	r3, .L18+4
 185 0010 D3F8A420 		ldr	r2, [r3, #164]
 186 0014 42F40062 		orr	r2, r2, #2048
 187 0018 C3F8A420 		str	r2, [r3, #164]
 188              		.loc 1 81 5 view .LVU49
 189 001c D3F8A430 		ldr	r3, [r3, #164]
 190 0020 03F40063 		and	r3, r3, #2048
 191 0024 0193     		str	r3, [sp, #4]
 192              		.loc 1 81 5 view .LVU50
 193 0026 019B     		ldr	r3, [sp, #4]
 194              	.LBE2:
 195              		.loc 1 81 5 view .LVU51
  82:Core/Src/tim.c **** 
  83:Core/Src/tim.c ****     /* TIM1 interrupt Init */
  84:Core/Src/tim.c ****     HAL_NVIC_SetPriority(TIM1_BRK_IRQn, 0, 0);
 196              		.loc 1 84 5 view .LVU52
 197 0028 0022     		movs	r2, #0
 198 002a 1146     		mov	r1, r2
 199 002c 2920     		movs	r0, #41
 200              	.LVL7:
ARM GAS  C:\Users\DELL\AppData\Local\Temp\cchxKwxg.s 			page 6


 201              		.loc 1 84 5 is_stmt 0 view .LVU53
 202 002e FFF7FEFF 		bl	HAL_NVIC_SetPriority
 203              	.LVL8:
  85:Core/Src/tim.c ****     HAL_NVIC_EnableIRQ(TIM1_BRK_IRQn);
 204              		.loc 1 85 5 is_stmt 1 view .LVU54
 205 0032 2920     		movs	r0, #41
 206 0034 FFF7FEFF 		bl	HAL_NVIC_EnableIRQ
 207              	.LVL9:
  86:Core/Src/tim.c ****     HAL_NVIC_SetPriority(TIM1_UP_IRQn, 0, 0);
 208              		.loc 1 86 5 view .LVU55
 209 0038 0022     		movs	r2, #0
 210 003a 1146     		mov	r1, r2
 211 003c 2A20     		movs	r0, #42
 212 003e FFF7FEFF 		bl	HAL_NVIC_SetPriority
 213              	.LVL10:
  87:Core/Src/tim.c ****     HAL_NVIC_EnableIRQ(TIM1_UP_IRQn);
 214              		.loc 1 87 5 view .LVU56
 215 0042 2A20     		movs	r0, #42
 216 0044 FFF7FEFF 		bl	HAL_NVIC_EnableIRQ
 217              	.LVL11:
  88:Core/Src/tim.c ****     HAL_NVIC_SetPriority(TIM1_TRG_COM_IRQn, 0, 0);
 218              		.loc 1 88 5 view .LVU57
 219 0048 0022     		movs	r2, #0
 220 004a 1146     		mov	r1, r2
 221 004c 2B20     		movs	r0, #43
 222 004e FFF7FEFF 		bl	HAL_NVIC_SetPriority
 223              	.LVL12:
  89:Core/Src/tim.c ****     HAL_NVIC_EnableIRQ(TIM1_TRG_COM_IRQn);
 224              		.loc 1 89 5 view .LVU58
 225 0052 2B20     		movs	r0, #43
 226 0054 FFF7FEFF 		bl	HAL_NVIC_EnableIRQ
 227              	.LVL13:
  90:Core/Src/tim.c ****     HAL_NVIC_SetPriority(TIM1_CC_IRQn, 0, 0);
 228              		.loc 1 90 5 view .LVU59
 229 0058 0022     		movs	r2, #0
 230 005a 1146     		mov	r1, r2
 231 005c 2C20     		movs	r0, #44
 232 005e FFF7FEFF 		bl	HAL_NVIC_SetPriority
 233              	.LVL14:
  91:Core/Src/tim.c ****     HAL_NVIC_EnableIRQ(TIM1_CC_IRQn);
 234              		.loc 1 91 5 view .LVU60
 235 0062 2C20     		movs	r0, #44
 236 0064 FFF7FEFF 		bl	HAL_NVIC_EnableIRQ
 237              	.LVL15:
  92:Core/Src/tim.c ****   /* USER CODE BEGIN TIM1_MspInit 1 */
  93:Core/Src/tim.c **** 
  94:Core/Src/tim.c ****   /* USER CODE END TIM1_MspInit 1 */
  95:Core/Src/tim.c ****   }
  96:Core/Src/tim.c **** }
 238              		.loc 1 96 1 is_stmt 0 view .LVU61
 239 0068 03B0     		add	sp, sp, #12
 240              	.LCFI6:
 241              		.cfi_def_cfa_offset 4
 242              		@ sp needed
 243 006a 00BD     		pop	{pc}
 244              	.L19:
 245              		.align	2
ARM GAS  C:\Users\DELL\AppData\Local\Temp\cchxKwxg.s 			page 7


 246              	.L18:
 247 006c 002C0140 		.word	1073818624
 248 0070 000C0244 		.word	1140984832
 249              		.cfi_endproc
 250              	.LFE298:
 252              		.section	.text.HAL_TIM_Base_MspDeInit,"ax",%progbits
 253              		.align	1
 254              		.global	HAL_TIM_Base_MspDeInit
 255              		.syntax unified
 256              		.thumb
 257              		.thumb_func
 259              	HAL_TIM_Base_MspDeInit:
 260              	.LVL16:
 261              	.LFB299:
  97:Core/Src/tim.c **** 
  98:Core/Src/tim.c **** void HAL_TIM_Base_MspDeInit(TIM_HandleTypeDef* tim_baseHandle)
  99:Core/Src/tim.c **** {
 262              		.loc 1 99 1 is_stmt 1 view -0
 263              		.cfi_startproc
 264              		@ args = 0, pretend = 0, frame = 0
 265              		@ frame_needed = 0, uses_anonymous_args = 0
 266              		.loc 1 99 1 is_stmt 0 view .LVU63
 267 0000 08B5     		push	{r3, lr}
 268              	.LCFI7:
 269              		.cfi_def_cfa_offset 8
 270              		.cfi_offset 3, -8
 271              		.cfi_offset 14, -4
 100:Core/Src/tim.c **** 
 101:Core/Src/tim.c ****   if(tim_baseHandle->Instance==TIM1)
 272              		.loc 1 101 3 is_stmt 1 view .LVU64
 273              		.loc 1 101 20 is_stmt 0 view .LVU65
 274 0002 0268     		ldr	r2, [r0]
 275              		.loc 1 101 5 view .LVU66
 276 0004 0B4B     		ldr	r3, .L24
 277 0006 9A42     		cmp	r2, r3
 278 0008 00D0     		beq	.L23
 279              	.LVL17:
 280              	.L20:
 102:Core/Src/tim.c ****   {
 103:Core/Src/tim.c ****   /* USER CODE BEGIN TIM1_MspDeInit 0 */
 104:Core/Src/tim.c **** 
 105:Core/Src/tim.c ****   /* USER CODE END TIM1_MspDeInit 0 */
 106:Core/Src/tim.c ****     /* Peripheral clock disable */
 107:Core/Src/tim.c ****     __HAL_RCC_TIM1_CLK_DISABLE();
 108:Core/Src/tim.c **** 
 109:Core/Src/tim.c ****     /* TIM1 interrupt Deinit */
 110:Core/Src/tim.c ****     HAL_NVIC_DisableIRQ(TIM1_BRK_IRQn);
 111:Core/Src/tim.c ****     HAL_NVIC_DisableIRQ(TIM1_UP_IRQn);
 112:Core/Src/tim.c ****     HAL_NVIC_DisableIRQ(TIM1_TRG_COM_IRQn);
 113:Core/Src/tim.c ****     HAL_NVIC_DisableIRQ(TIM1_CC_IRQn);
 114:Core/Src/tim.c ****   /* USER CODE BEGIN TIM1_MspDeInit 1 */
 115:Core/Src/tim.c **** 
 116:Core/Src/tim.c ****   /* USER CODE END TIM1_MspDeInit 1 */
 117:Core/Src/tim.c ****   }
 118:Core/Src/tim.c **** }
 281              		.loc 1 118 1 view .LVU67
 282 000a 08BD     		pop	{r3, pc}
ARM GAS  C:\Users\DELL\AppData\Local\Temp\cchxKwxg.s 			page 8


 283              	.LVL18:
 284              	.L23:
 107:Core/Src/tim.c **** 
 285              		.loc 1 107 5 is_stmt 1 view .LVU68
 286 000c 0A4A     		ldr	r2, .L24+4
 287 000e D2F8A430 		ldr	r3, [r2, #164]
 288 0012 23F40063 		bic	r3, r3, #2048
 289 0016 C2F8A430 		str	r3, [r2, #164]
 110:Core/Src/tim.c ****     HAL_NVIC_DisableIRQ(TIM1_UP_IRQn);
 290              		.loc 1 110 5 view .LVU69
 291 001a 2920     		movs	r0, #41
 292              	.LVL19:
 110:Core/Src/tim.c ****     HAL_NVIC_DisableIRQ(TIM1_UP_IRQn);
 293              		.loc 1 110 5 is_stmt 0 view .LVU70
 294 001c FFF7FEFF 		bl	HAL_NVIC_DisableIRQ
 295              	.LVL20:
 111:Core/Src/tim.c ****     HAL_NVIC_DisableIRQ(TIM1_TRG_COM_IRQn);
 296              		.loc 1 111 5 is_stmt 1 view .LVU71
 297 0020 2A20     		movs	r0, #42
 298 0022 FFF7FEFF 		bl	HAL_NVIC_DisableIRQ
 299              	.LVL21:
 112:Core/Src/tim.c ****     HAL_NVIC_DisableIRQ(TIM1_CC_IRQn);
 300              		.loc 1 112 5 view .LVU72
 301 0026 2B20     		movs	r0, #43
 302 0028 FFF7FEFF 		bl	HAL_NVIC_DisableIRQ
 303              	.LVL22:
 113:Core/Src/tim.c ****   /* USER CODE BEGIN TIM1_MspDeInit 1 */
 304              		.loc 1 113 5 view .LVU73
 305 002c 2C20     		movs	r0, #44
 306 002e FFF7FEFF 		bl	HAL_NVIC_DisableIRQ
 307              	.LVL23:
 308              		.loc 1 118 1 is_stmt 0 view .LVU74
 309 0032 EAE7     		b	.L20
 310              	.L25:
 311              		.align	2
 312              	.L24:
 313 0034 002C0140 		.word	1073818624
 314 0038 000C0244 		.word	1140984832
 315              		.cfi_endproc
 316              	.LFE299:
 318              		.global	htim1
 319              		.section	.bss.htim1,"aw",%nobits
 320              		.align	2
 323              	htim1:
 324 0000 00000000 		.space	76
 324      00000000 
 324      00000000 
 324      00000000 
 324      00000000 
 325              		.text
 326              	.Letext0:
 327              		.file 2 "D:\\stm32cubeclt\\STM32CubeCLT_1.21.0\\GNU-tools-for-STM32\\bin\\../lib/gcc/arm-none-eabi
 328              		.file 3 "Drivers/CMSIS/Device/ST/STM32H5xx/Include/stm32h563xx.h"
 329              		.file 4 "D:\\stm32cubeclt\\STM32CubeCLT_1.21.0\\GNU-tools-for-STM32\\bin\\../lib/gcc/arm-none-eabi
 330              		.file 5 "Drivers/STM32H5xx_HAL_Driver/Inc/stm32h5xx_hal_def.h"
 331              		.file 6 "Drivers/STM32H5xx_HAL_Driver/Inc/stm32h5xx_hal_dma.h"
 332              		.file 7 "Drivers/STM32H5xx_HAL_Driver/Inc/stm32h5xx_hal_dma_ex.h"
ARM GAS  C:\Users\DELL\AppData\Local\Temp\cchxKwxg.s 			page 9


 333              		.file 8 "Drivers/STM32H5xx_HAL_Driver/Inc/stm32h5xx_ll_lptim.h"
 334              		.file 9 "Drivers/STM32H5xx_HAL_Driver/Inc/stm32h5xx_hal_tim.h"
 335              		.file 10 "Drivers/STM32H5xx_HAL_Driver/Inc/stm32h5xx_hal_cortex.h"
 336              		.file 11 "Drivers/STM32H5xx_HAL_Driver/Inc/stm32h5xx_hal_tim_ex.h"
 337              		.file 12 "Core/Inc/tim.h"
 338              		.file 13 "Core/Inc/main.h"
ARM GAS  C:\Users\DELL\AppData\Local\Temp\cchxKwxg.s 			page 10


DEFINED SYMBOLS
                            *ABS*:00000000 tim.c
C:\Users\DELL\AppData\Local\Temp\cchxKwxg.s:22     .text.MX_TIM1_Init:00000000 $t
C:\Users\DELL\AppData\Local\Temp\cchxKwxg.s:28     .text.MX_TIM1_Init:00000000 MX_TIM1_Init
C:\Users\DELL\AppData\Local\Temp\cchxKwxg.s:144    .text.MX_TIM1_Init:00000068 $d
C:\Users\DELL\AppData\Local\Temp\cchxKwxg.s:323    .bss.htim1:00000000 htim1
C:\Users\DELL\AppData\Local\Temp\cchxKwxg.s:150    .text.HAL_TIM_Base_MspInit:00000000 $t
C:\Users\DELL\AppData\Local\Temp\cchxKwxg.s:156    .text.HAL_TIM_Base_MspInit:00000000 HAL_TIM_Base_MspInit
C:\Users\DELL\AppData\Local\Temp\cchxKwxg.s:247    .text.HAL_TIM_Base_MspInit:0000006c $d
C:\Users\DELL\AppData\Local\Temp\cchxKwxg.s:253    .text.HAL_TIM_Base_MspDeInit:00000000 $t
C:\Users\DELL\AppData\Local\Temp\cchxKwxg.s:259    .text.HAL_TIM_Base_MspDeInit:00000000 HAL_TIM_Base_MspDeInit
C:\Users\DELL\AppData\Local\Temp\cchxKwxg.s:313    .text.HAL_TIM_Base_MspDeInit:00000034 $d
C:\Users\DELL\AppData\Local\Temp\cchxKwxg.s:320    .bss.htim1:00000000 $d

UNDEFINED SYMBOLS
HAL_TIM_Base_Init
HAL_TIM_ConfigClockSource
HAL_TIMEx_MasterConfigSynchronization
Error_Handler
HAL_NVIC_SetPriority
HAL_NVIC_EnableIRQ
HAL_NVIC_DisableIRQ
